09-03-2018 01:24:02 1520587442895 BuildInfo[
                          Build=20180216
                          BuildNumber=20180216
                          Revision=539b124
                          Version=3.9.3
                          SerialVersion=1
                          Enterprise=false]
09-03-2018 01:24:02 1520587442895 ConfigProperties[]
09-03-2018 01:24:02 1520587442895 SystemProperties[
                          hazelcast.diagnostics.enabled=true
                          java.class.path=/Library/Java/JavaVirtualMachines/jdk1.8.0_161.jdk/Contents/Home/jre/lib/charsets.jar:/Library/Java/JavaVirtualMachines/jdk1.8.0_161.jdk/Contents/Home/jre/lib/deploy.jar:/Library/Java/JavaVirtualMachines/jdk1.8.0_161.jdk/Contents/Home/jre/lib/ext/cldrdata.jar:/Library/Java/JavaVirtualMachines/jdk1.8.0_161.jdk/Contents/Home/jre/lib/ext/dnsns.jar:/Library/Java/JavaVirtualMachines/jdk1.8.0_161.jdk/Contents/Home/jre/lib/ext/jaccess.jar:/Library/Java/JavaVirtualMachines/jdk1.8.0_161.jdk/Contents/Home/jre/lib/ext/jfxrt.jar:/Library/Java/JavaVirtualMachines/jdk1.8.0_161.jdk/Contents/Home/jre/lib/ext/localedata.jar:/Library/Java/JavaVirtualMachines/jdk1.8.0_161.jdk/Contents/Home/jre/lib/ext/nashorn.jar:/Library/Java/JavaVirtualMachines/jdk1.8.0_161.jdk/Contents/Home/jre/lib/ext/sunec.jar:/Library/Java/JavaVirtualMachines/jdk1.8.0_161.jdk/Contents/Home/jre/lib/ext/sunjce_provider.jar:/Library/Java/JavaVirtualMachines/jdk1.8.0_161.jdk/Contents/Home/jre/lib/ext/sunpkcs11.jar:/Library/Java/JavaVirtualMachines/jdk1.8.0_161.jdk/Contents/Home/jre/lib/ext/zipfs.jar:/Library/Java/JavaVirtualMachines/jdk1.8.0_161.jdk/Contents/Home/jre/lib/javaws.jar:/Library/Java/JavaVirtualMachines/jdk1.8.0_161.jdk/Contents/Home/jre/lib/jce.jar:/Library/Java/JavaVirtualMachines/jdk1.8.0_161.jdk/Contents/Home/jre/lib/jfr.jar:/Library/Java/JavaVirtualMachines/jdk1.8.0_161.jdk/Contents/Home/jre/lib/jfxswt.jar:/Library/Java/JavaVirtualMachines/jdk1.8.0_161.jdk/Contents/Home/jre/lib/jsse.jar:/Library/Java/JavaVirtualMachines/jdk1.8.0_161.jdk/Contents/Home/jre/lib/management-agent.jar:/Library/Java/JavaVirtualMachines/jdk1.8.0_161.jdk/Contents/Home/jre/lib/plugin.jar:/Library/Java/JavaVirtualMachines/jdk1.8.0_161.jdk/Contents/Home/jre/lib/resources.jar:/Library/Java/JavaVirtualMachines/jdk1.8.0_161.jdk/Contents/Home/jre/lib/rt.jar:/Library/Java/JavaVirtualMachines/jdk1.8.0_161.jdk/Contents/Home/lib/ant-javafx.jar:/Library/Java/JavaVirtualMachines/jdk1.8.0_161.jdk/Contents/Home/lib/dt.jar:/Library/Java/JavaVirtualMachines/jdk1.8.0_161.jdk/Contents/Home/lib/javafx-mx.jar:/Library/Java/JavaVirtualMachines/jdk1.8.0_161.jdk/Contents/Home/lib/jconsole.jar:/Library/Java/JavaVirtualMachines/jdk1.8.0_161.jdk/Contents/Home/lib/packager.jar:/Library/Java/JavaVirtualMachines/jdk1.8.0_161.jdk/Contents/Home/lib/sa-jdi.jar:/Library/Java/JavaVirtualMachines/jdk1.8.0_161.jdk/Contents/Home/lib/tools.jar:/Users/kpsoi/Downloads/ShinyProxyHA/target/classes:/Users/kpsoi/.m2/repository/org/springframework/boot/spring-boot-starter-thymeleaf/1.5.3.RELEASE/spring-boot-starter-thymeleaf-1.5.3.RELEASE.jar:/Users/kpsoi/.m2/repository/org/springframework/boot/spring-boot-starter/1.5.3.RELEASE/spring-boot-starter-1.5.3.RELEASE.jar:/Users/kpsoi/.m2/repository/org/springframework/boot/spring-boot-starter-logging/1.5.3.RELEASE/spring-boot-starter-logging-1.5.3.RELEASE.jar:/Users/kpsoi/.m2/repository/ch/qos/logback/logback-classic/1.1.11/logback-classic-1.1.11.jar:/Users/kpsoi/.m2/repository/ch/qos/logback/logback-core/1.1.11/logback-core-1.1.11.jar:/Users/kpsoi/.m2/repository/org/slf4j/jcl-over-slf4j/1.7.25/jcl-over-slf4j-1.7.25.jar:/Users/kpsoi/.m2/repository/org/slf4j/jul-to-slf4j/1.7.25/jul-to-slf4j-1.7.25.jar:/Users/kpsoi/.m2/repository/org/slf4j/log4j-over-slf4j/1.7.25/log4j-over-slf4j-1.7.25.jar:/Users/kpsoi/.m2/repository/org/yaml/snakeyaml/1.17/snakeyaml-1.17.jar:/Users/kpsoi/.m2/repository/org/springframework/boot/spring-boot-starter-web/1.5.3.RELEASE/spring-boot-starter-web-1.5.3.RELEASE.jar:/Users/kpsoi/.m2/repository/org/springframework/boot/spring-boot-starter-tomcat/1.5.3.RELEASE/spring-boot-starter-tomcat-1.5.3.RELEASE.jar:/Users/kpsoi/.m2/repository/org/apache/tomcat/embed/tomcat-embed-core/8.5.14/tomcat-embed-core-8.5.14.jar:/Users/kpsoi/.m2/repository/org/apache/tomcat/embed/tomcat-embed-el/8.5.14/tomcat-embed-el-8.5.14.jar:/Users/kpsoi/.m2/repository/org/apache/tomcat/embed/tomcat-embed-websocket/8.5.14/tomcat-embed-websocket-8.5.14.jar:/Users/kpsoi/.m2/repository/org/hibernate/hibernate-validator/5.3.5.Final/hibernate-validator-5.3.5.Final.jar:/Users/kpsoi/.m2/repository/javax/validation/validation-api/1.1.0.Final/validation-api-1.1.0.Final.jar:/Users/kpsoi/.m2/repository/org/jboss/logging/jboss-logging/3.3.1.Final/jboss-logging-3.3.1.Final.jar:/Users/kpsoi/.m2/repository/com/fasterxml/classmate/1.3.3/classmate-1.3.3.jar:/Users/kpsoi/.m2/repository/com/fasterxml/jackson/core/jackson-databind/2.8.8/jackson-databind-2.8.8.jar:/Users/kpsoi/.m2/repository/com/fasterxml/jackson/core/jackson-annotations/2.8.0/jackson-annotations-2.8.0.jar:/Users/kpsoi/.m2/repository/com/fasterxml/jackson/core/jackson-core/2.8.8/jackson-core-2.8.8.jar:/Users/kpsoi/.m2/repository/org/springframework/spring-web/4.3.8.RELEASE/spring-web-4.3.8.RELEASE.jar:/Users/kpsoi/.m2/repository/org/springframework/spring-webmvc/4.3.8.RELEASE/spring-webmvc-4.3.8.RELEASE.jar:/Users/kpsoi/.m2/repository/org/thymeleaf/thymeleaf-spring4/2.1.5.RELEASE/thymeleaf-spring4-2.1.5.RELEASE.jar:/Users/kpsoi/.m2/repository/org/thymeleaf/thymeleaf/2.1.5.RELEASE/thymeleaf-2.1.5.RELEASE.jar:/Users/kpsoi/.m2/repository/ognl/ognl/3.0.8/ognl-3.0.8.jar:/Users/kpsoi/.m2/repository/org/javassist/javassist/3.21.0-GA/javassist-3.21.0-GA.jar:/Users/kpsoi/.m2/repository/org/unbescape/unbescape/1.1.0.RELEASE/unbescape-1.1.0.RELEASE.jar:/Users/kpsoi/.m2/repository/nz/net/ultraq/thymeleaf/thymeleaf-layout-dialect/1.4.0/thymeleaf-layout-dialect-1.4.0.jar:/Users/kpsoi/.m2/repository/org/codehaus/groovy/groovy/2.4.10/groovy-2.4.10.jar:/Users/kpsoi/.m2/repository/org/springframework/boot/spring-boot-starter-security/1.5.3.RELEASE/spring-boot-starter-security-1.5.3.RELEASE.jar:/Users/kpsoi/.m2/repository/org/springframework/spring-aop/4.3.8.RELEASE/spring-aop-4.3.8.RELEASE.jar:/Users/kpsoi/.m2/repository/org/springframework/spring-beans/4.3.8.RELEASE/spring-beans-4.3.8.RELEASE.jar:/Users/kpsoi/.m2/repository/org/springframework/security/spring-security-config/4.2.2.RELEASE/spring-security-config-4.2.2.RELEASE.jar:/Users/kpsoi/.m2/repository/org/springframework/spring-context/4.3.8.RELEASE/spring-context-4.3.8.RELEASE.jar:/Users/kpsoi/.m2/repository/org/springframework/security/spring-security-web/4.2.2.RELEASE/spring-security-web-4.2.2.RELEASE.jar:/Users/kpsoi/.m2/repository/org/springframework/spring-expression/4.3.8.RELEASE/spring-expression-4.3.8.RELEASE.jar:/Users/kpsoi/.m2/repository/org/thymeleaf/extras/thymeleaf-extras-springsecurity4/2.1.3.RELEASE/thymeleaf-extras-springsecurity4-2.1.3.RELEASE.jar:/Users/kpsoi/.m2/repository/org/slf4j/slf4j-api/1.7.25/slf4j-api-1.7.25.jar:/Users/kpsoi/.m2/repository/org/springframework/boot/spring-boot-devtools/1.5.3.RELEASE/spring-boot-devtools-1.5.3.RELEASE.jar:/Users/kpsoi/.m2/repository/org/springframework/boot/spring-boot/1.5.3.RELEASE/spring-boot-1.5.3.RELEASE.jar:/Users/kpsoi/.m2/repository/org/springframework/boot/spring-boot-autoconfigure/1.5.3.RELEASE/spring-boot-autoconfigure-1.5.3.RELEASE.jar:/Users/kpsoi/.m2/repository/org/webjars/bootstrap/3.3.7/bootstrap-3.3.7.jar:/Users/kpsoi/.m2/repository/org/webjars/jquery/1.11.1/jquery-1.11.1.jar:/Users/kpsoi/.m2/repository/org/springframework/security/spring-security-test/4.2.2.RELEASE/spring-security-test-4.2.2.RELEASE.jar:/Users/kpsoi/.m2/repository/org/springframework/security/spring-security-core/4.2.2.RELEASE/spring-security-core-4.2.2.RELEASE.jar:/Users/kpsoi/.m2/repository/aopalliance/aopalliance/1.0/aopalliance-1.0.jar:/Users/kpsoi/.m2/repository/org/springframework/spring-core/4.3.8.RELEASE/spring-core-4.3.8.RELEASE.jar:/Users/kpsoi/.m2/repository/org/springframework/spring-test/4.3.8.RELEASE/spring-test-4.3.8.RELEASE.jar:/Users/kpsoi/.m2/repository/com/hazelcast/hazelcast/3.9.3/hazelcast-3.9.3.jar:/Users/kpsoi/.m2/repository/com/hazelcast/hazelcast-client/3.9.3/hazelcast-client-3.9.3.jar:/Users/kpsoi/.m2/repository/com/hazelcast/hazelcast-all/3.9.3/hazelcast-all-3.9.3.jar:/Applications/IntelliJ IDEA CE.app/Contents/lib/idea_rt.jar:/Users/kpsoi/Library/Caches/IdeaIC2017.3/captureAgent/debugger-agent.jar
                          java.class.version=52.0
                          java.endorsed.dirs=/Library/Java/JavaVirtualMachines/jdk1.8.0_161.jdk/Contents/Home/jre/lib/endorsed
                          java.ext.dirs=/Users/kpsoi/Library/Java/Extensions:/Library/Java/JavaVirtualMachines/jdk1.8.0_161.jdk/Contents/Home/jre/lib/ext:/Library/Java/Extensions:/Network/Library/Java/Extensions:/System/Library/Java/Extensions:/usr/lib/java
                          java.home=/Library/Java/JavaVirtualMachines/jdk1.8.0_161.jdk/Contents/Home/jre
                          java.io.tmpdir=/var/folders/d6/kjpx4pcd7mvc4ttwc5n6d0n80000gn/T/
                          java.library.path=/Users/kpsoi/Library/Java/Extensions:/Library/Java/Extensions:/Network/Library/Java/Extensions:/System/Library/Java/Extensions:/usr/lib/java:.
                          java.runtime.name=Java(TM) SE Runtime Environment
                          java.runtime.version=1.8.0_161-b12
                          java.specification.name=Java Platform API Specification
                          java.specification.vendor=Oracle Corporation
                          java.specification.version=1.8
                          java.vendor=Oracle Corporation
                          java.vendor.url=http://java.oracle.com/
                          java.vendor.url.bug=http://bugreport.sun.com/bugreport/
                          java.version=1.8.0_161
                          java.vm.args=-agentlib:jdwp=transport=dt_socket,address=127.0.0.1:57840,suspend=y,server=n -Dserver.port=9994 -Dhazelcast.diagnostics.enabled=true -javaagent:/Users/kpsoi/Library/Caches/IdeaIC2017.3/captureAgent/debugger-agent.jar=/private/var/folders/d6/kjpx4pcd7mvc4ttwc5n6d0n80000gn/T/capture.props -Dfile.encoding=UTF-8 
                          java.vm.info=mixed mode
                          java.vm.name=Java HotSpot(TM) 64-Bit Server VM
                          java.vm.specification.name=Java Virtual Machine Specification
                          java.vm.specification.vendor=Oracle Corporation
                          java.vm.specification.version=1.8
                          java.vm.vendor=Oracle Corporation
                          java.vm.version=25.161-b12
                          os.arch=x86_64
                          os.name=Mac OS X
                          os.version=10.12.6
                          sun.arch.data.model=64
                          sun.boot.class.path=/Library/Java/JavaVirtualMachines/jdk1.8.0_161.jdk/Contents/Home/jre/lib/resources.jar:/Library/Java/JavaVirtualMachines/jdk1.8.0_161.jdk/Contents/Home/jre/lib/rt.jar:/Library/Java/JavaVirtualMachines/jdk1.8.0_161.jdk/Contents/Home/jre/lib/sunrsasign.jar:/Library/Java/JavaVirtualMachines/jdk1.8.0_161.jdk/Contents/Home/jre/lib/jsse.jar:/Library/Java/JavaVirtualMachines/jdk1.8.0_161.jdk/Contents/Home/jre/lib/jce.jar:/Library/Java/JavaVirtualMachines/jdk1.8.0_161.jdk/Contents/Home/jre/lib/charsets.jar:/Library/Java/JavaVirtualMachines/jdk1.8.0_161.jdk/Contents/Home/jre/lib/jfr.jar:/Library/Java/JavaVirtualMachines/jdk1.8.0_161.jdk/Contents/Home/jre/classes:/Users/kpsoi/Library/Caches/IdeaIC2017.3/captureAgent/debugger-agent-storage.jar
                          sun.boot.library.path=/Library/Java/JavaVirtualMachines/jdk1.8.0_161.jdk/Contents/Home/jre/lib
                          sun.cpu.endian=little
                          sun.cpu.isalist=
                          sun.io.unicode.encoding=UnicodeBig
                          sun.java.command=org.kp.shiny.hazelcast.ShinyProxyHA.SpringBootWebApplication
                          sun.java.launcher=SUN_STANDARD
                          sun.jnu.encoding=UTF-8
                          sun.management.compiler=HotSpot 64-Bit Tiered Compilers
                          sun.os.patch.level=unknown]
09-03-2018 01:24:02 1520587442895 Metric[classloading.loadedClassesCount=7049]
09-03-2018 01:24:02 1520587442895 Metric[classloading.totalLoadedClassesCount=7049]
09-03-2018 01:24:02 1520587442895 Metric[classloading.unloadedClassCount=0]
09-03-2018 01:24:02 1520587442895 Metric[executionService.userExecutorQueueSize=0]
09-03-2018 01:24:02 1520587442895 Metric[file.partition[user.home].freeSpace=157601026048]
09-03-2018 01:24:02 1520587442895 Metric[file.partition[user.home].totalSpace=249664372736]
09-03-2018 01:24:02 1520587442895 Metric[file.partition[user.home].usableSpace=157338882048]
09-03-2018 01:24:02 1520587442895 Metric[gc.majorCount=2]
09-03-2018 01:24:02 1520587442895 Metric[gc.majorTime=91]
09-03-2018 01:24:02 1520587442895 Metric[gc.minorCount=9]
09-03-2018 01:24:02 1520587442895 Metric[gc.minorTime=62]
09-03-2018 01:24:02 1520587442895 Metric[gc.unknownCount=0]
09-03-2018 01:24:02 1520587442895 Metric[gc.unknownTime=0]
09-03-2018 01:24:02 1520587442895 Metric[invocations.pendingCalls=0]
09-03-2018 01:24:02 1520587442895 Metric[listeners.eventHandlerCount=2]
09-03-2018 01:24:02 1520587442895 Metric[listeners.eventQueueSize=0]
09-03-2018 01:24:02 1520587442895 Metric[listeners.eventsProcessed=7]
09-03-2018 01:24:02 1520587442895 Metric[os.committedVirtualMemorySize=8639078400]
09-03-2018 01:24:02 1520587442895 Metric[os.freePhysicalMemorySize=127299584]
09-03-2018 01:24:02 1520587442895 Metric[os.freeSwapSpaceSize=970457088]
09-03-2018 01:24:02 1520587442895 Metric[os.maxFileDescriptorCount=10240]
09-03-2018 01:24:02 1520587442895 Metric[os.openFileDescriptorCount=108]
09-03-2018 01:24:02 1520587442895 Metric[os.processCpuLoad=33.92512392381946]
09-03-2018 01:24:02 1520587442895 Metric[os.processCpuTime=13315416000]
09-03-2018 01:24:02 1520587442895 Metric[os.systemCpuLoad=50.0]
09-03-2018 01:24:02 1520587442895 Metric[os.systemLoadAverage=2.32958984375]
09-03-2018 01:24:02 1520587442895 Metric[os.totalPhysicalMemorySize=17179869184]
09-03-2018 01:24:02 1520587442895 Metric[os.totalSwapSpaceSize=1073741824]
09-03-2018 01:24:02 1520587442895 Metric[runtime.availableProcessors=8]
09-03-2018 01:24:02 1520587442895 Metric[runtime.freeMemory=585882728]
09-03-2018 01:24:02 1520587442895 Metric[runtime.maxMemory=3817865216]
09-03-2018 01:24:02 1520587442895 Metric[runtime.totalMemory=632815616]
09-03-2018 01:24:02 1520587442895 Metric[runtime.uptime=13863]
09-03-2018 01:24:02 1520587442895 Metric[runtime.usedMemory=46932888]
09-03-2018 01:24:02 1520587442895 Metric[thread.daemonThreadCount=27]
09-03-2018 01:24:02 1520587442895 Metric[thread.peakThreadCount=42]
09-03-2018 01:24:02 1520587442895 Metric[thread.threadCount=42]
09-03-2018 01:24:02 1520587442895 Metric[thread.totalStartedThreadCount=44]
09-03-2018 01:24:48 1520587488349 ConnectionAdded[
                          ClientConnection{alive=true, connectionId=2, channel=NioChannel{/192.168.0.210:58039->/192.168.0.210:5702}, remoteEndpoint=[192.168.0.210]:5702, lastReadTime=2018-03-09 01:24:46.815, lastWriteTime=2018-03-09 01:24:48.351, closedTime=never, lastHeartbeatRequested=never, lastHeartbeatReceived=never, connected server version=3.9.3}
                          type=JAVA_CLIENT
                          isAlive=true]
09-03-2018 01:25:04 1520587504836 Metric[classloading.loadedClassesCount=7134]
09-03-2018 01:25:04 1520587504836 Metric[classloading.totalLoadedClassesCount=7134]
09-03-2018 01:25:04 1520587504836 Metric[classloading.unloadedClassCount=0]
09-03-2018 01:25:04 1520587504836 Metric[executionService.userExecutorQueueSize=0]
09-03-2018 01:25:04 1520587504836 Metric[file.partition[user.home].freeSpace=157600956416]
09-03-2018 01:25:04 1520587504836 Metric[file.partition[user.home].totalSpace=249664372736]
09-03-2018 01:25:04 1520587504836 Metric[file.partition[user.home].usableSpace=157338812416]
09-03-2018 01:25:04 1520587504836 Metric[gc.majorCount=2]
09-03-2018 01:25:04 1520587504836 Metric[gc.majorTime=91]
09-03-2018 01:25:04 1520587504836 Metric[gc.minorCount=9]
09-03-2018 01:25:04 1520587504836 Metric[gc.minorTime=62]
09-03-2018 01:25:04 1520587504836 Metric[gc.unknownCount=0]
09-03-2018 01:25:04 1520587504836 Metric[gc.unknownTime=0]
09-03-2018 01:25:04 1520587504836 Metric[invocations.pendingCalls=1]
09-03-2018 01:25:04 1520587504836 Metric[listeners.eventHandlerCount=2]
09-03-2018 01:25:04 1520587504836 Metric[listeners.eventQueueSize=0]
09-03-2018 01:25:04 1520587504836 Metric[listeners.eventsProcessed=12]
09-03-2018 01:25:04 1520587504836 Metric[os.committedVirtualMemorySize=8652734464]
09-03-2018 01:25:04 1520587504836 Metric[os.freePhysicalMemorySize=107474944]
09-03-2018 01:25:04 1520587504836 Metric[os.freeSwapSpaceSize=970457088]
09-03-2018 01:25:04 1520587504836 Metric[os.maxFileDescriptorCount=10240]
09-03-2018 01:25:04 1520587504836 Metric[os.openFileDescriptorCount=110]
09-03-2018 01:25:04 1520587504836 Metric[os.processCpuLoad=0.892500310837684]
09-03-2018 01:25:04 1520587504836 Metric[os.processCpuTime=17800563000]
09-03-2018 01:25:04 1520587504836 Metric[os.systemCpuLoad=7.641030743209631]
09-03-2018 01:25:04 1520587504836 Metric[os.systemLoadAverage=2.5361328125]
09-03-2018 01:25:04 1520587504836 Metric[os.totalPhysicalMemorySize=17179869184]
09-03-2018 01:25:04 1520587504836 Metric[os.totalSwapSpaceSize=1073741824]
09-03-2018 01:25:04 1520587504836 Metric[runtime.availableProcessors=8]
09-03-2018 01:25:04 1520587504836 Metric[runtime.freeMemory=558590968]
09-03-2018 01:25:04 1520587504836 Metric[runtime.maxMemory=3817865216]
09-03-2018 01:25:04 1520587504836 Metric[runtime.totalMemory=632815616]
09-03-2018 01:25:04 1520587504836 Metric[runtime.uptime=77222]
09-03-2018 01:25:04 1520587504836 Metric[runtime.usedMemory=74224648]
09-03-2018 01:25:04 1520587504836 Metric[thread.daemonThreadCount=28]
09-03-2018 01:25:04 1520587504836 Metric[thread.peakThreadCount=43]
09-03-2018 01:25:04 1520587504836 Metric[thread.threadCount=43]
09-03-2018 01:25:04 1520587504836 Metric[thread.totalStartedThreadCount=45]
09-03-2018 01:28:48 1520587728349 Metric[classloading.loadedClassesCount=10799]
09-03-2018 01:28:48 1520587728349 Metric[classloading.totalLoadedClassesCount=10799]
09-03-2018 01:28:48 1520587728349 Metric[classloading.unloadedClassCount=0]
09-03-2018 01:28:48 1520587728349 Metric[executionService.userExecutorQueueSize=0]
09-03-2018 01:28:48 1520587728349 Metric[file.partition[user.home].freeSpace=157601177600]
09-03-2018 01:28:48 1520587728349 Metric[file.partition[user.home].totalSpace=249664372736]
09-03-2018 01:28:48 1520587728349 Metric[file.partition[user.home].usableSpace=157339033600]
09-03-2018 01:28:48 1520587728349 Metric[gc.majorCount=2]
09-03-2018 01:28:48 1520587728349 Metric[gc.majorTime=91]
09-03-2018 01:28:48 1520587728349 Metric[gc.minorCount=9]
09-03-2018 01:28:48 1520587728349 Metric[gc.minorTime=62]
09-03-2018 01:28:48 1520587728349 Metric[gc.unknownCount=0]
09-03-2018 01:28:48 1520587728349 Metric[gc.unknownTime=0]
09-03-2018 01:28:48 1520587728349 Metric[invocations.pendingCalls=0]
09-03-2018 01:28:48 1520587728349 Metric[listeners.eventHandlerCount=2]
09-03-2018 01:28:48 1520587728349 Metric[listeners.eventQueueSize=0]
09-03-2018 01:28:48 1520587728349 Metric[listeners.eventsProcessed=17]
09-03-2018 01:28:48 1520587728349 Metric[os.committedVirtualMemorySize=8745238528]
09-03-2018 01:28:48 1520587728349 Metric[os.freePhysicalMemorySize=145653760]
09-03-2018 01:28:48 1520587728349 Metric[os.freeSwapSpaceSize=970457088]
09-03-2018 01:28:48 1520587728349 Metric[os.maxFileDescriptorCount=10240]
09-03-2018 01:28:48 1520587728349 Metric[os.openFileDescriptorCount=150]
09-03-2018 01:28:48 1520587728349 Metric[os.processCpuLoad=62.14185883997205]
09-03-2018 01:28:48 1520587728349 Metric[os.processCpuTime=29201166000]
09-03-2018 01:28:48 1520587728349 Metric[os.systemCpuLoad=NaN]
09-03-2018 01:28:48 1520587728349 Metric[os.systemLoadAverage=2.2509765625]
09-03-2018 01:28:48 1520587728349 Metric[os.totalPhysicalMemorySize=17179869184]
09-03-2018 01:28:48 1520587728349 Metric[os.totalSwapSpaceSize=1073741824]
09-03-2018 01:28:48 1520587728349 Metric[runtime.availableProcessors=8]
09-03-2018 01:28:48 1520587728349 Metric[runtime.freeMemory=118753576]
09-03-2018 01:28:48 1520587728349 Metric[runtime.maxMemory=3817865216]
09-03-2018 01:28:48 1520587728349 Metric[runtime.totalMemory=632815616]
09-03-2018 01:28:48 1520587728349 Metric[runtime.uptime=299317]
09-03-2018 01:28:48 1520587728349 Metric[runtime.usedMemory=514062040]
09-03-2018 01:28:48 1520587728349 Metric[thread.daemonThreadCount=80]
09-03-2018 01:28:48 1520587728349 Metric[thread.peakThreadCount=109]
09-03-2018 01:28:48 1520587728349 Metric[thread.threadCount=107]
09-03-2018 01:28:48 1520587728349 Metric[thread.totalStartedThreadCount=118]
09-03-2018 01:28:48 1520587728351 Metric[classloading.loadedClassesCount=10801]
09-03-2018 01:28:48 1520587728351 Metric[classloading.totalLoadedClassesCount=10801]
09-03-2018 01:28:48 1520587728351 Metric[classloading.unloadedClassCount=0]
09-03-2018 01:28:48 1520587728351 Metric[executionService.userExecutorQueueSize=0]
09-03-2018 01:28:48 1520587728351 Metric[file.partition[user.home].freeSpace=157601169408]
09-03-2018 01:28:48 1520587728351 Metric[file.partition[user.home].totalSpace=249664372736]
09-03-2018 01:28:48 1520587728351 Metric[file.partition[user.home].usableSpace=157339025408]
09-03-2018 01:28:48 1520587728351 Metric[gc.majorCount=2]
09-03-2018 01:28:48 1520587728351 Metric[gc.majorTime=91]
09-03-2018 01:28:48 1520587728351 Metric[gc.minorCount=9]
09-03-2018 01:28:48 1520587728351 Metric[gc.minorTime=62]
09-03-2018 01:28:48 1520587728351 Metric[gc.unknownCount=0]
09-03-2018 01:28:48 1520587728351 Metric[gc.unknownTime=0]
09-03-2018 01:28:48 1520587728351 Metric[invocations.pendingCalls=1]
09-03-2018 01:28:48 1520587728351 Metric[listeners.eventHandlerCount=2]
09-03-2018 01:28:48 1520587728351 Metric[listeners.eventQueueSize=0]
09-03-2018 01:28:48 1520587728351 Metric[listeners.eventsProcessed=22]
09-03-2018 01:28:48 1520587728351 Metric[os.committedVirtualMemorySize=8745238528]
09-03-2018 01:28:48 1520587728351 Metric[os.freePhysicalMemorySize=145661952]
09-03-2018 01:28:48 1520587728351 Metric[os.freeSwapSpaceSize=970457088]
09-03-2018 01:28:48 1520587728351 Metric[os.maxFileDescriptorCount=10240]
09-03-2018 01:28:48 1520587728351 Metric[os.openFileDescriptorCount=150]
09-03-2018 01:28:48 1520587728351 Metric[os.processCpuLoad=66.96428571428571]
09-03-2018 01:28:48 1520587728351 Metric[os.processCpuTime=29215774000]
09-03-2018 01:28:48 1520587728351 Metric[os.systemCpuLoad=100.0]
09-03-2018 01:28:48 1520587728351 Metric[os.systemLoadAverage=2.2509765625]
09-03-2018 01:28:48 1520587728351 Metric[os.totalPhysicalMemorySize=17179869184]
09-03-2018 01:28:48 1520587728351 Metric[os.totalSwapSpaceSize=1073741824]
09-03-2018 01:28:48 1520587728351 Metric[runtime.availableProcessors=8]
09-03-2018 01:28:48 1520587728351 Metric[runtime.freeMemory=118753576]
09-03-2018 01:28:48 1520587728351 Metric[runtime.maxMemory=3817865216]
09-03-2018 01:28:48 1520587728351 Metric[runtime.totalMemory=632815616]
09-03-2018 01:28:48 1520587728351 Metric[runtime.uptime=299319]
09-03-2018 01:28:48 1520587728351 Metric[runtime.usedMemory=514062040]
09-03-2018 01:28:48 1520587728351 Metric[thread.daemonThreadCount=80]
09-03-2018 01:28:48 1520587728351 Metric[thread.peakThreadCount=109]
09-03-2018 01:28:48 1520587728351 Metric[thread.threadCount=103]
09-03-2018 01:28:48 1520587728351 Metric[thread.totalStartedThreadCount=118]
09-03-2018 01:28:48 1520587728353 Metric[classloading.loadedClassesCount=10805]
09-03-2018 01:28:48 1520587728353 Metric[classloading.totalLoadedClassesCount=10805]
09-03-2018 01:28:48 1520587728353 Metric[classloading.unloadedClassCount=0]
09-03-2018 01:28:48 1520587728353 Metric[executionService.userExecutorQueueSize=0]
09-03-2018 01:28:48 1520587728353 Metric[file.partition[user.home].freeSpace=157601161216]
09-03-2018 01:28:48 1520587728353 Metric[file.partition[user.home].totalSpace=249664372736]
09-03-2018 01:28:48 1520587728353 Metric[file.partition[user.home].usableSpace=157339017216]
09-03-2018 01:28:48 1520587728353 Metric[gc.majorCount=2]
09-03-2018 01:28:48 1520587728353 Metric[gc.majorTime=91]
09-03-2018 01:28:48 1520587728353 Metric[gc.minorCount=9]
09-03-2018 01:28:48 1520587728353 Metric[gc.minorTime=62]
09-03-2018 01:28:48 1520587728353 Metric[gc.unknownCount=0]
09-03-2018 01:28:48 1520587728353 Metric[gc.unknownTime=0]
09-03-2018 01:28:48 1520587728353 Metric[invocations.pendingCalls=1]
09-03-2018 01:28:48 1520587728353 Metric[listeners.eventHandlerCount=2]
09-03-2018 01:28:48 1520587728353 Metric[listeners.eventQueueSize=0]
09-03-2018 01:28:48 1520587728353 Metric[listeners.eventsProcessed=27]
09-03-2018 01:28:48 1520587728353 Metric[os.committedVirtualMemorySize=8745238528]
09-03-2018 01:28:48 1520587728353 Metric[os.freePhysicalMemorySize=145670144]
09-03-2018 01:28:48 1520587728353 Metric[os.freeSwapSpaceSize=970457088]
09-03-2018 01:28:48 1520587728353 Metric[os.maxFileDescriptorCount=10240]
09-03-2018 01:28:48 1520587728353 Metric[os.openFileDescriptorCount=150]
09-03-2018 01:28:48 1520587728353 Metric[os.processCpuLoad=89.82673267326733]
09-03-2018 01:28:48 1520587728353 Metric[os.processCpuTime=29229101000]
09-03-2018 01:28:48 1520587728353 Metric[os.systemCpuLoad=100.0]
09-03-2018 01:28:48 1520587728353 Metric[os.systemLoadAverage=2.2509765625]
09-03-2018 01:28:48 1520587728353 Metric[os.totalPhysicalMemorySize=17179869184]
09-03-2018 01:28:48 1520587728353 Metric[os.totalSwapSpaceSize=1073741824]
09-03-2018 01:28:48 1520587728353 Metric[runtime.availableProcessors=8]
09-03-2018 01:28:48 1520587728353 Metric[runtime.freeMemory=118753576]
09-03-2018 01:28:48 1520587728353 Metric[runtime.maxMemory=3817865216]
09-03-2018 01:28:48 1520587728353 Metric[runtime.totalMemory=632815616]
09-03-2018 01:28:48 1520587728353 Metric[runtime.uptime=299321]
09-03-2018 01:28:48 1520587728353 Metric[runtime.usedMemory=514062040]
09-03-2018 01:28:48 1520587728353 Metric[thread.daemonThreadCount=80]
09-03-2018 01:28:48 1520587728353 Metric[thread.peakThreadCount=109]
09-03-2018 01:28:48 1520587728353 Metric[thread.threadCount=103]
09-03-2018 01:28:48 1520587728353 Metric[thread.totalStartedThreadCount=118]
09-03-2018 01:28:48 1520587728898 ConnectionRemoved[
                          ClientConnection{alive=false, connectionId=1, channel=NioChannel{0.0.0.0/0.0.0.0:57914->null}, remoteEndpoint=[192.168.0.210]:5701, lastReadTime=2018-03-09 01:28:48.360, lastWriteTime=2018-03-09 01:28:48.450, closedTime=2018-03-09 01:28:48.356, lastHeartbeatRequested=2018-03-09 01:25:39.823, lastHeartbeatReceived=2018-03-09 01:25:39.828, connected server version=3.9.3}
                          type=JAVA_CLIENT
                          isAlive=false
                          closeReason=Heartbeat timed out to owner connection ClientConnection{alive=true, connectionId=1, channel=NioChannel{/127.0.0.1:57914->localhost/127.0.0.1:5701}, remoteEndpoint=[192.168.0.210]:5701, lastReadTime=2018-03-09 01:25:39.827, lastWriteTime=2018-03-09 01:28:48.353, closedTime=never, lastHeartbeatRequested=2018-03-09 01:25:39.823, lastHeartbeatReceived=2018-03-09 01:25:39.828, connected server version=3.9.3}
                          CloseCause[
                                  com.hazelcast.spi.exception.TargetDisconnectedException: Heartbeat timed out to owner connection ClientConnection{alive=true, connectionId=1, channel=NioChannel{/127.0.0.1:57914->localhost/127.0.0.1:5701}, remoteEndpoint=[192.168.0.210]:5701, lastReadTime=2018-03-09 01:25:39.827, lastWriteTime=2018-03-09 01:28:48.353, closedTime=never, lastHeartbeatRequested=2018-03-09 01:25:39.823, lastHeartbeatReceived=2018-03-09 01:25:39.828, connected server version=3.9.3}
                                  com.hazelcast.client.connection.nio.DefaultClientConnectionStrategy.onHeartbeatStopped(DefaultClientConnectionStrategy.java:119)
                                  com.hazelcast.client.connection.nio.ClientConnectionManagerImpl.heartbeatStopped(ClientConnectionManagerImpl.java:706)
                                  com.hazelcast.client.connection.nio.HeartbeatManager.fireHeartbeatStopped(HeartbeatManager.java:130)
                                  com.hazelcast.client.connection.nio.HeartbeatManager.run(HeartbeatManager.java:89)
                                  java.util.concurrent.Executors$RunnableAdapter.call$$$capture(Executors.java:511)
                                  java.util.concurrent.Executors$RunnableAdapter.call(Executors.java)
                                  java.util.concurrent.FutureTask.runAndReset(FutureTask.java:308)
                                  java.util.concurrent.ScheduledThreadPoolExecutor$ScheduledFutureTask.access$301(ScheduledThreadPoolExecutor.java:180)
                                  java.util.concurrent.ScheduledThreadPoolExecutor$ScheduledFutureTask.run(ScheduledThreadPoolExecutor.java:294)
                                  com.hazelcast.util.executor.LoggingScheduledExecutor$LoggingDelegatingFuture.run(LoggingScheduledExecutor.java:160)
                                  java.util.concurrent.ThreadPoolExecutor.runWorker(ThreadPoolExecutor.java:1149)
                                  java.util.concurrent.ThreadPoolExecutor$Worker.run(ThreadPoolExecutor.java:624)
                                  java.lang.Thread.run(Thread.java:748)
                                  com.hazelcast.util.executor.HazelcastManagedThread.executeRun(HazelcastManagedThread.java:64)
                                  com.hazelcast.util.executor.HazelcastManagedThread.run(HazelcastManagedThread.java:80)]]
09-03-2018 01:28:48 1520587728899 Lifecycle[
                          CLIENT_DISCONNECTED]
09-03-2018 01:28:48 1520587728899 ConnectionRemoved[
                          ClientConnection{alive=false, connectionId=2, channel=NioChannel{0.0.0.0/0.0.0.0:58039->null}, remoteEndpoint=[192.168.0.210]:5702, lastReadTime=2018-03-09 01:28:48.440, lastWriteTime=2018-03-09 01:28:48.459, closedTime=2018-03-09 01:28:48.457, lastHeartbeatRequested=2018-03-09 01:28:48.350, lastHeartbeatReceived=2018-03-09 01:28:48.441, connected server version=3.9.3}
                          type=JAVA_CLIENT
                          isAlive=false
                          closeReason=java.io.IOException: Packet not send to [192.168.0.210]:5702
                          CloseCause[
                                  java.util.concurrent.ExecutionException: java.io.IOException: Packet not send to [192.168.0.210]:5702
                                  com.hazelcast.client.spi.impl.ClientInvocationFuture.resolve(ClientInvocationFuture.java:73)
                                  com.hazelcast.spi.impl.AbstractInvocationFuture$1.run(AbstractInvocationFuture.java:243)
                                  java.util.concurrent.Executors$RunnableAdapter.call$$$capture(Executors.java:511)
                                  java.util.concurrent.Executors$RunnableAdapter.call(Executors.java)
                                  java.util.concurrent.FutureTask.run$$$capture(FutureTask.java:266)
                                  java.util.concurrent.FutureTask.run(FutureTask.java)
                                  java.util.concurrent.ScheduledThreadPoolExecutor$ScheduledFutureTask.access$201(ScheduledThreadPoolExecutor.java:180)
                                  java.util.concurrent.ScheduledThreadPoolExecutor$ScheduledFutureTask.run(ScheduledThreadPoolExecutor.java:293)
                                  com.hazelcast.util.executor.LoggingScheduledExecutor$LoggingDelegatingFuture.run(LoggingScheduledExecutor.java:160)
                                  java.util.concurrent.ThreadPoolExecutor.runWorker(ThreadPoolExecutor.java:1149)
                                  java.util.concurrent.ThreadPoolExecutor$Worker.run(ThreadPoolExecutor.java:624)
                                  java.lang.Thread.run(Thread.java:748)
                                  com.hazelcast.util.executor.HazelcastManagedThread.executeRun(HazelcastManagedThread.java:64)
                                  com.hazelcast.util.executor.HazelcastManagedThread.run(HazelcastManagedThread.java:80)]]
09-03-2018 01:28:48 1520587728899 ConnectionAdded[
                          ClientConnection{alive=true, connectionId=3, channel=NioChannel{/127.0.0.1:59090->localhost/127.0.0.1:5701}, remoteEndpoint=[192.168.0.210]:5701, lastReadTime=2018-03-09 01:28:48.516, lastWriteTime=2018-03-09 01:28:48.516, closedTime=never, lastHeartbeatRequested=never, lastHeartbeatReceived=never, connected server version=3.9.3}
                          type=JAVA_CLIENT
                          isAlive=true]
09-03-2018 01:28:48 1520587728899 Lifecycle[
                          CLIENT_CONNECTED]
09-03-2018 01:28:48 1520587728899 ConnectionAdded[
                          ClientConnection{alive=true, connectionId=4, channel=NioChannel{/192.168.0.210:59091->/192.168.0.210:5702}, remoteEndpoint=[192.168.0.210]:5702, lastReadTime=2018-03-09 01:28:48.510, lastWriteTime=2018-03-09 01:28:48.509, closedTime=never, lastHeartbeatRequested=never, lastHeartbeatReceived=never, connected server version=3.9.3}
                          type=JAVA_CLIENT
                          isAlive=true]
09-03-2018 01:29:07 1520587747905 Metric[classloading.loadedClassesCount=11320]
09-03-2018 01:29:07 1520587747905 Metric[classloading.totalLoadedClassesCount=11320]
09-03-2018 01:29:07 1520587747905 Metric[classloading.unloadedClassCount=0]
09-03-2018 01:29:07 1520587747905 Metric[executionService.userExecutorQueueSize=0]
09-03-2018 01:29:07 1520587747905 Metric[file.partition[user.home].freeSpace=157599399936]
09-03-2018 01:29:07 1520587747905 Metric[file.partition[user.home].totalSpace=249664372736]
09-03-2018 01:29:07 1520587747905 Metric[file.partition[user.home].usableSpace=157337251840]
09-03-2018 01:29:07 1520587747905 Metric[gc.majorCount=2]
09-03-2018 01:29:07 1520587747905 Metric[gc.majorTime=91]
09-03-2018 01:29:07 1520587747905 Metric[gc.minorCount=10]
09-03-2018 01:29:07 1520587747905 Metric[gc.minorTime=88]
09-03-2018 01:29:07 1520587747905 Metric[gc.unknownCount=0]
09-03-2018 01:29:07 1520587747905 Metric[gc.unknownTime=0]
09-03-2018 01:29:07 1520587747905 Metric[invocations.pendingCalls=2]
09-03-2018 01:29:07 1520587747905 Metric[listeners.eventHandlerCount=4]
09-03-2018 01:29:07 1520587747905 Metric[listeners.eventQueueSize=0]
09-03-2018 01:29:07 1520587747905 Metric[listeners.eventsProcessed=34]
09-03-2018 01:29:07 1520587747905 Metric[os.committedVirtualMemorySize=8760385536]
09-03-2018 01:29:07 1520587747905 Metric[os.freePhysicalMemorySize=246083584]
09-03-2018 01:29:07 1520587747905 Metric[os.freeSwapSpaceSize=970457088]
09-03-2018 01:29:07 1520587747905 Metric[os.maxFileDescriptorCount=10240]
09-03-2018 01:29:07 1520587747905 Metric[os.openFileDescriptorCount=152]
09-03-2018 01:29:07 1520587747905 Metric[os.processCpuLoad=58.88157894736842]
09-03-2018 01:29:07 1520587747905 Metric[os.processCpuTime=34620335000]
09-03-2018 01:29:07 1520587747905 Metric[os.systemCpuLoad=NaN]
09-03-2018 01:29:07 1520587747905 Metric[os.systemLoadAverage=1.9638671875]
09-03-2018 01:29:07 1520587747905 Metric[os.totalPhysicalMemorySize=17179869184]
09-03-2018 01:29:07 1520587747905 Metric[os.totalSwapSpaceSize=1073741824]
09-03-2018 01:29:07 1520587747905 Metric[runtime.availableProcessors=8]
09-03-2018 01:29:07 1520587747905 Metric[runtime.freeMemory=643326440]
09-03-2018 01:29:07 1520587747905 Metric[runtime.maxMemory=3817865216]
09-03-2018 01:29:07 1520587747905 Metric[runtime.totalMemory=818413568]
09-03-2018 01:29:07 1520587747905 Metric[runtime.uptime=379213]
09-03-2018 01:29:07 1520587747905 Metric[runtime.usedMemory=175087128]
09-03-2018 01:29:07 1520587747905 Metric[thread.daemonThreadCount=80]
09-03-2018 01:29:07 1520587747905 Metric[thread.peakThreadCount=116]
09-03-2018 01:29:07 1520587747905 Metric[thread.threadCount=112]
09-03-2018 01:29:07 1520587747905 Metric[thread.totalStartedThreadCount=136]
09-03-2018 01:30:08 1520587808246 Metric[classloading.loadedClassesCount=11334]
09-03-2018 01:30:08 1520587808246 Metric[classloading.totalLoadedClassesCount=11334]
09-03-2018 01:30:08 1520587808246 Metric[classloading.unloadedClassCount=0]
09-03-2018 01:30:08 1520587808246 Metric[executionService.userExecutorQueueSize=0]
09-03-2018 01:30:08 1520587808246 Metric[file.partition[user.home].freeSpace=157599330304]
09-03-2018 01:30:08 1520587808246 Metric[file.partition[user.home].totalSpace=249664372736]
09-03-2018 01:30:08 1520587808246 Metric[file.partition[user.home].usableSpace=157337186304]
09-03-2018 01:30:08 1520587808246 Metric[gc.majorCount=2]
09-03-2018 01:30:08 1520587808246 Metric[gc.majorTime=91]
09-03-2018 01:30:08 1520587808246 Metric[gc.minorCount=10]
09-03-2018 01:30:08 1520587808246 Metric[gc.minorTime=88]
09-03-2018 01:30:08 1520587808246 Metric[gc.unknownCount=0]
09-03-2018 01:30:08 1520587808246 Metric[gc.unknownTime=0]
09-03-2018 01:30:08 1520587808246 Metric[invocations.pendingCalls=3]
09-03-2018 01:30:08 1520587808246 Metric[listeners.eventHandlerCount=4]
09-03-2018 01:30:08 1520587808246 Metric[listeners.eventQueueSize=0]
09-03-2018 01:30:08 1520587808246 Metric[listeners.eventsProcessed=39]
09-03-2018 01:30:08 1520587808246 Metric[os.committedVirtualMemorySize=8760385536]
09-03-2018 01:30:08 1520587808246 Metric[os.freePhysicalMemorySize=221106176]
09-03-2018 01:30:08 1520587808246 Metric[os.freeSwapSpaceSize=970457088]
09-03-2018 01:30:08 1520587808246 Metric[os.maxFileDescriptorCount=10240]
09-03-2018 01:30:08 1520587808246 Metric[os.openFileDescriptorCount=152]
09-03-2018 01:30:08 1520587808246 Metric[os.processCpuLoad=59.40633406700905]
09-03-2018 01:30:08 1520587808246 Metric[os.processCpuTime=34639494000]
09-03-2018 01:30:08 1520587808246 Metric[os.systemCpuLoad=100.0]
09-03-2018 01:30:08 1520587808246 Metric[os.systemLoadAverage=1.9638671875]
09-03-2018 01:30:08 1520587808246 Metric[os.totalPhysicalMemorySize=17179869184]
09-03-2018 01:30:08 1520587808246 Metric[os.totalSwapSpaceSize=1073741824]
09-03-2018 01:30:08 1520587808246 Metric[runtime.availableProcessors=8]
09-03-2018 01:30:08 1520587808246 Metric[runtime.freeMemory=643326440]
09-03-2018 01:30:08 1520587808246 Metric[runtime.maxMemory=3817865216]
09-03-2018 01:30:08 1520587808246 Metric[runtime.totalMemory=818413568]
09-03-2018 01:30:08 1520587808246 Metric[runtime.uptime=379214]
09-03-2018 01:30:08 1520587808246 Metric[runtime.usedMemory=175087128]
09-03-2018 01:30:08 1520587808246 Metric[thread.daemonThreadCount=80]
09-03-2018 01:30:08 1520587808246 Metric[thread.peakThreadCount=116]
09-03-2018 01:30:08 1520587808246 Metric[thread.threadCount=106]
09-03-2018 01:30:08 1520587808246 Metric[thread.totalStartedThreadCount=136]
