09-03-2018 02:10:30 1520590230181 BuildInfo[
                          Build=20180216
                          BuildNumber=20180216
                          Revision=539b124
                          Version=3.9.3
                          SerialVersion=1
                          Enterprise=false]
09-03-2018 02:10:30 1520590230182 SystemProperties[
                          hazelcast.diagnostics.enabled=true
                          java.class.path=/Library/Java/JavaVirtualMachines/jdk1.8.0_161.jdk/Contents/Home/jre/lib/charsets.jar:/Library/Java/JavaVirtualMachines/jdk1.8.0_161.jdk/Contents/Home/jre/lib/deploy.jar:/Library/Java/JavaVirtualMachines/jdk1.8.0_161.jdk/Contents/Home/jre/lib/ext/cldrdata.jar:/Library/Java/JavaVirtualMachines/jdk1.8.0_161.jdk/Contents/Home/jre/lib/ext/dnsns.jar:/Library/Java/JavaVirtualMachines/jdk1.8.0_161.jdk/Contents/Home/jre/lib/ext/jaccess.jar:/Library/Java/JavaVirtualMachines/jdk1.8.0_161.jdk/Contents/Home/jre/lib/ext/jfxrt.jar:/Library/Java/JavaVirtualMachines/jdk1.8.0_161.jdk/Contents/Home/jre/lib/ext/localedata.jar:/Library/Java/JavaVirtualMachines/jdk1.8.0_161.jdk/Contents/Home/jre/lib/ext/nashorn.jar:/Library/Java/JavaVirtualMachines/jdk1.8.0_161.jdk/Contents/Home/jre/lib/ext/sunec.jar:/Library/Java/JavaVirtualMachines/jdk1.8.0_161.jdk/Contents/Home/jre/lib/ext/sunjce_provider.jar:/Library/Java/JavaVirtualMachines/jdk1.8.0_161.jdk/Contents/Home/jre/lib/ext/sunpkcs11.jar:/Library/Java/JavaVirtualMachines/jdk1.8.0_161.jdk/Contents/Home/jre/lib/ext/zipfs.jar:/Library/Java/JavaVirtualMachines/jdk1.8.0_161.jdk/Contents/Home/jre/lib/javaws.jar:/Library/Java/JavaVirtualMachines/jdk1.8.0_161.jdk/Contents/Home/jre/lib/jce.jar:/Library/Java/JavaVirtualMachines/jdk1.8.0_161.jdk/Contents/Home/jre/lib/jfr.jar:/Library/Java/JavaVirtualMachines/jdk1.8.0_161.jdk/Contents/Home/jre/lib/jfxswt.jar:/Library/Java/JavaVirtualMachines/jdk1.8.0_161.jdk/Contents/Home/jre/lib/jsse.jar:/Library/Java/JavaVirtualMachines/jdk1.8.0_161.jdk/Contents/Home/jre/lib/management-agent.jar:/Library/Java/JavaVirtualMachines/jdk1.8.0_161.jdk/Contents/Home/jre/lib/plugin.jar:/Library/Java/JavaVirtualMachines/jdk1.8.0_161.jdk/Contents/Home/jre/lib/resources.jar:/Library/Java/JavaVirtualMachines/jdk1.8.0_161.jdk/Contents/Home/jre/lib/rt.jar:/Library/Java/JavaVirtualMachines/jdk1.8.0_161.jdk/Contents/Home/lib/ant-javafx.jar:/Library/Java/JavaVirtualMachines/jdk1.8.0_161.jdk/Contents/Home/lib/dt.jar:/Library/Java/JavaVirtualMachines/jdk1.8.0_161.jdk/Contents/Home/lib/javafx-mx.jar:/Library/Java/JavaVirtualMachines/jdk1.8.0_161.jdk/Contents/Home/lib/jconsole.jar:/Library/Java/JavaVirtualMachines/jdk1.8.0_161.jdk/Contents/Home/lib/packager.jar:/Library/Java/JavaVirtualMachines/jdk1.8.0_161.jdk/Contents/Home/lib/sa-jdi.jar:/Library/Java/JavaVirtualMachines/jdk1.8.0_161.jdk/Contents/Home/lib/tools.jar:/Users/kpsoi/Downloads/ShinyProxyHA/target/classes:/Users/kpsoi/.m2/repository/org/springframework/boot/spring-boot-starter-thymeleaf/1.5.3.RELEASE/spring-boot-starter-thymeleaf-1.5.3.RELEASE.jar:/Users/kpsoi/.m2/repository/org/springframework/boot/spring-boot-starter/1.5.3.RELEASE/spring-boot-starter-1.5.3.RELEASE.jar:/Users/kpsoi/.m2/repository/org/springframework/boot/spring-boot-starter-logging/1.5.3.RELEASE/spring-boot-starter-logging-1.5.3.RELEASE.jar:/Users/kpsoi/.m2/repository/ch/qos/logback/logback-classic/1.1.11/logback-classic-1.1.11.jar:/Users/kpsoi/.m2/repository/ch/qos/logback/logback-core/1.1.11/logback-core-1.1.11.jar:/Users/kpsoi/.m2/repository/org/slf4j/jcl-over-slf4j/1.7.25/jcl-over-slf4j-1.7.25.jar:/Users/kpsoi/.m2/repository/org/slf4j/jul-to-slf4j/1.7.25/jul-to-slf4j-1.7.25.jar:/Users/kpsoi/.m2/repository/org/slf4j/log4j-over-slf4j/1.7.25/log4j-over-slf4j-1.7.25.jar:/Users/kpsoi/.m2/repository/org/yaml/snakeyaml/1.17/snakeyaml-1.17.jar:/Users/kpsoi/.m2/repository/org/springframework/boot/spring-boot-starter-web/1.5.3.RELEASE/spring-boot-starter-web-1.5.3.RELEASE.jar:/Users/kpsoi/.m2/repository/org/springframework/boot/spring-boot-starter-tomcat/1.5.3.RELEASE/spring-boot-starter-tomcat-1.5.3.RELEASE.jar:/Users/kpsoi/.m2/repository/org/apache/tomcat/embed/tomcat-embed-core/8.5.14/tomcat-embed-core-8.5.14.jar:/Users/kpsoi/.m2/repository/org/apache/tomcat/embed/tomcat-embed-el/8.5.14/tomcat-embed-el-8.5.14.jar:/Users/kpsoi/.m2/repository/org/apache/tomcat/embed/tomcat-embed-websocket/8.5.14/tomcat-embed-websocket-8.5.14.jar:/Users/kpsoi/.m2/repository/org/hibernate/hibernate-validator/5.3.5.Final/hibernate-validator-5.3.5.Final.jar:/Users/kpsoi/.m2/repository/javax/validation/validation-api/1.1.0.Final/validation-api-1.1.0.Final.jar:/Users/kpsoi/.m2/repository/org/jboss/logging/jboss-logging/3.3.1.Final/jboss-logging-3.3.1.Final.jar:/Users/kpsoi/.m2/repository/com/fasterxml/classmate/1.3.3/classmate-1.3.3.jar:/Users/kpsoi/.m2/repository/com/fasterxml/jackson/core/jackson-databind/2.8.8/jackson-databind-2.8.8.jar:/Users/kpsoi/.m2/repository/com/fasterxml/jackson/core/jackson-annotations/2.8.0/jackson-annotations-2.8.0.jar:/Users/kpsoi/.m2/repository/com/fasterxml/jackson/core/jackson-core/2.8.8/jackson-core-2.8.8.jar:/Users/kpsoi/.m2/repository/org/springframework/spring-web/4.3.8.RELEASE/spring-web-4.3.8.RELEASE.jar:/Users/kpsoi/.m2/repository/org/springframework/spring-webmvc/4.3.8.RELEASE/spring-webmvc-4.3.8.RELEASE.jar:/Users/kpsoi/.m2/repository/org/thymeleaf/thymeleaf-spring4/2.1.5.RELEASE/thymeleaf-spring4-2.1.5.RELEASE.jar:/Users/kpsoi/.m2/repository/org/thymeleaf/thymeleaf/2.1.5.RELEASE/thymeleaf-2.1.5.RELEASE.jar:/Users/kpsoi/.m2/repository/ognl/ognl/3.0.8/ognl-3.0.8.jar:/Users/kpsoi/.m2/repository/org/javassist/javassist/3.21.0-GA/javassist-3.21.0-GA.jar:/Users/kpsoi/.m2/repository/org/unbescape/unbescape/1.1.0.RELEASE/unbescape-1.1.0.RELEASE.jar:/Users/kpsoi/.m2/repository/nz/net/ultraq/thymeleaf/thymeleaf-layout-dialect/1.4.0/thymeleaf-layout-dialect-1.4.0.jar:/Users/kpsoi/.m2/repository/org/codehaus/groovy/groovy/2.4.10/groovy-2.4.10.jar:/Users/kpsoi/.m2/repository/org/springframework/boot/spring-boot-starter-security/1.5.3.RELEASE/spring-boot-starter-security-1.5.3.RELEASE.jar:/Users/kpsoi/.m2/repository/org/springframework/spring-aop/4.3.8.RELEASE/spring-aop-4.3.8.RELEASE.jar:/Users/kpsoi/.m2/repository/org/springframework/spring-beans/4.3.8.RELEASE/spring-beans-4.3.8.RELEASE.jar:/Users/kpsoi/.m2/repository/org/springframework/security/spring-security-config/4.2.2.RELEASE/spring-security-config-4.2.2.RELEASE.jar:/Users/kpsoi/.m2/repository/org/springframework/spring-context/4.3.8.RELEASE/spring-context-4.3.8.RELEASE.jar:/Users/kpsoi/.m2/repository/org/springframework/security/spring-security-web/4.2.2.RELEASE/spring-security-web-4.2.2.RELEASE.jar:/Users/kpsoi/.m2/repository/org/springframework/spring-expression/4.3.8.RELEASE/spring-expression-4.3.8.RELEASE.jar:/Users/kpsoi/.m2/repository/org/thymeleaf/extras/thymeleaf-extras-springsecurity4/2.1.3.RELEASE/thymeleaf-extras-springsecurity4-2.1.3.RELEASE.jar:/Users/kpsoi/.m2/repository/org/slf4j/slf4j-api/1.7.25/slf4j-api-1.7.25.jar:/Users/kpsoi/.m2/repository/org/springframework/boot/spring-boot-devtools/1.5.3.RELEASE/spring-boot-devtools-1.5.3.RELEASE.jar:/Users/kpsoi/.m2/repository/org/springframework/boot/spring-boot/1.5.3.RELEASE/spring-boot-1.5.3.RELEASE.jar:/Users/kpsoi/.m2/repository/org/springframework/boot/spring-boot-autoconfigure/1.5.3.RELEASE/spring-boot-autoconfigure-1.5.3.RELEASE.jar:/Users/kpsoi/.m2/repository/org/webjars/bootstrap/3.3.7/bootstrap-3.3.7.jar:/Users/kpsoi/.m2/repository/org/webjars/jquery/1.11.1/jquery-1.11.1.jar:/Users/kpsoi/.m2/repository/org/springframework/security/spring-security-test/4.2.2.RELEASE/spring-security-test-4.2.2.RELEASE.jar:/Users/kpsoi/.m2/repository/org/springframework/security/spring-security-core/4.2.2.RELEASE/spring-security-core-4.2.2.RELEASE.jar:/Users/kpsoi/.m2/repository/aopalliance/aopalliance/1.0/aopalliance-1.0.jar:/Users/kpsoi/.m2/repository/org/springframework/spring-core/4.3.8.RELEASE/spring-core-4.3.8.RELEASE.jar:/Users/kpsoi/.m2/repository/org/springframework/spring-test/4.3.8.RELEASE/spring-test-4.3.8.RELEASE.jar:/Users/kpsoi/.m2/repository/com/hazelcast/hazelcast/3.9.3/hazelcast-3.9.3.jar:/Users/kpsoi/.m2/repository/com/hazelcast/hazelcast-client/3.9.3/hazelcast-client-3.9.3.jar:/Users/kpsoi/.m2/repository/com/hazelcast/hazelcast-all/3.9.3/hazelcast-all-3.9.3.jar:/Applications/IntelliJ IDEA CE.app/Contents/lib/idea_rt.jar
                          java.class.version=52.0
                          java.endorsed.dirs=/Library/Java/JavaVirtualMachines/jdk1.8.0_161.jdk/Contents/Home/jre/lib/endorsed
                          java.ext.dirs=/Users/kpsoi/Library/Java/Extensions:/Library/Java/JavaVirtualMachines/jdk1.8.0_161.jdk/Contents/Home/jre/lib/ext:/Library/Java/Extensions:/Network/Library/Java/Extensions:/System/Library/Java/Extensions:/usr/lib/java
                          java.home=/Library/Java/JavaVirtualMachines/jdk1.8.0_161.jdk/Contents/Home/jre
                          java.io.tmpdir=/var/folders/d6/kjpx4pcd7mvc4ttwc5n6d0n80000gn/T/
                          java.library.path=/Users/kpsoi/Library/Java/Extensions:/Library/Java/Extensions:/Network/Library/Java/Extensions:/System/Library/Java/Extensions:/usr/lib/java:.
                          java.runtime.name=Java(TM) SE Runtime Environment
                          java.runtime.version=1.8.0_161-b12
                          java.specification.name=Java Platform API Specification
                          java.specification.vendor=Oracle Corporation
                          java.specification.version=1.8
                          java.vendor=Oracle Corporation
                          java.vendor.url=http://java.oracle.com/
                          java.vendor.url.bug=http://bugreport.sun.com/bugreport/
                          java.version=1.8.0_161
                          java.vm.args=-Dserver.port=9994 -Dhazelcast.diagnostics.enabled=true -javaagent:/Applications/IntelliJ IDEA CE.app/Contents/lib/idea_rt.jar=51946:/Applications/IntelliJ IDEA CE.app/Contents/bin -Dfile.encoding=UTF-8 
                          java.vm.info=mixed mode
                          java.vm.name=Java HotSpot(TM) 64-Bit Server VM
                          java.vm.specification.name=Java Virtual Machine Specification
                          java.vm.specification.vendor=Oracle Corporation
                          java.vm.specification.version=1.8
                          java.vm.vendor=Oracle Corporation
                          java.vm.version=25.161-b12
                          os.arch=x86_64
                          os.name=Mac OS X
                          os.version=10.12.6
                          sun.arch.data.model=64
                          sun.boot.class.path=/Library/Java/JavaVirtualMachines/jdk1.8.0_161.jdk/Contents/Home/jre/lib/resources.jar:/Library/Java/JavaVirtualMachines/jdk1.8.0_161.jdk/Contents/Home/jre/lib/rt.jar:/Library/Java/JavaVirtualMachines/jdk1.8.0_161.jdk/Contents/Home/jre/lib/sunrsasign.jar:/Library/Java/JavaVirtualMachines/jdk1.8.0_161.jdk/Contents/Home/jre/lib/jsse.jar:/Library/Java/JavaVirtualMachines/jdk1.8.0_161.jdk/Contents/Home/jre/lib/jce.jar:/Library/Java/JavaVirtualMachines/jdk1.8.0_161.jdk/Contents/Home/jre/lib/charsets.jar:/Library/Java/JavaVirtualMachines/jdk1.8.0_161.jdk/Contents/Home/jre/lib/jfr.jar:/Library/Java/JavaVirtualMachines/jdk1.8.0_161.jdk/Contents/Home/jre/classes
                          sun.boot.library.path=/Library/Java/JavaVirtualMachines/jdk1.8.0_161.jdk/Contents/Home/jre/lib
                          sun.cpu.endian=little
                          sun.cpu.isalist=
                          sun.io.unicode.encoding=UnicodeBig
                          sun.java.command=org.kp.shiny.hazelcast.ShinyProxyHA.SpringBootWebApplication
                          sun.java.launcher=SUN_STANDARD
                          sun.jnu.encoding=UTF-8
                          sun.management.compiler=HotSpot 64-Bit Tiered Compilers
                          sun.os.patch.level=unknown]
09-03-2018 02:10:30 1520590230182 ConfigProperties[]
09-03-2018 02:10:30 1520590230182 Metric[classloading.loadedClassesCount=9610]
09-03-2018 02:10:30 1520590230182 Metric[classloading.totalLoadedClassesCount=9610]
09-03-2018 02:10:30 1520590230182 Metric[classloading.unloadedClassCount=0]
09-03-2018 02:10:30 1520590230182 Metric[client.endpoint.count=0]
09-03-2018 02:10:30 1520590230182 Metric[client.endpoint.totalRegistrations=0]
09-03-2018 02:10:30 1520590230182 Metric[cluster.clock.clusterTimeDiff=0]
09-03-2018 02:10:30 1520590230182 Metric[cluster.clock.maxClusterTimeDiff=0]
09-03-2018 02:10:30 1520590230182 Metric[event.eventQueueSize=0]
09-03-2018 02:10:30 1520590230182 Metric[event.eventsProcessed=5]
09-03-2018 02:10:30 1520590230182 Metric[executor.[hz:async].queueSize=0]
09-03-2018 02:10:30 1520590230182 Metric[executor.[hz:client-query].queueSize=0]
09-03-2018 02:10:30 1520590230182 Metric[executor.[hz:client].queueSize=0]
09-03-2018 02:10:30 1520590230182 Metric[executor.[hz:cluster:event].queueSize=0]
09-03-2018 02:10:30 1520590230182 Metric[executor.[hz:cluster].queueSize=0]
09-03-2018 02:10:30 1520590230182 Metric[executor.[hz:offloadable].queueSize=0]
09-03-2018 02:10:30 1520590230182 Metric[executor.[hz:scheduled:cqc:1921c7ac-6966-4183-b1f7-0137d7885fb8].queueSize=0]
09-03-2018 02:10:30 1520590230182 Metric[executor.[hz:scheduled].queueSize=0]
09-03-2018 02:10:30 1520590230182 Metric[executor.[hz:system].queueSize=0]
09-03-2018 02:10:30 1520590230182 Metric[file.partition[user.home].freeSpace=157590577152]
09-03-2018 02:10:30 1520590230182 Metric[file.partition[user.home].totalSpace=249664372736]
09-03-2018 02:10:30 1520590230182 Metric[file.partition[user.home].usableSpace=157328433152]
09-03-2018 02:10:30 1520590230182 Metric[gc.majorCount=2]
09-03-2018 02:10:30 1520590230182 Metric[gc.majorTime=78]
09-03-2018 02:10:30 1520590230182 Metric[gc.minorCount=7]
09-03-2018 02:10:30 1520590230182 Metric[gc.minorTime=52]
09-03-2018 02:10:30 1520590230182 Metric[gc.unknownCount=0]
09-03-2018 02:10:30 1520590230182 Metric[gc.unknownTime=0]
09-03-2018 02:10:30 1520590230182 Metric[operation.callTimeoutCount=0]
09-03-2018 02:10:30 1520590230182 Metric[operation.completedCount=0]
09-03-2018 02:10:30 1520590230182 Metric[operation.failedBackups=0]
09-03-2018 02:10:30 1520590230182 Metric[operation.invocations.backupTimeouts=0]
09-03-2018 02:10:30 1520590230182 Metric[operation.invocations.normalTimeouts=0]
09-03-2018 02:10:30 1520590230182 Metric[operation.invocations.pending=0]
09-03-2018 02:10:30 1520590230182 Metric[operation.invocations.responses[backup]=0]
09-03-2018 02:10:30 1520590230182 Metric[operation.invocations.responses[error]=0]
09-03-2018 02:10:30 1520590230182 Metric[operation.invocations.responses[missing]=0]
09-03-2018 02:10:30 1520590230182 Metric[operation.invocations.responses[normal]=0]
09-03-2018 02:10:30 1520590230182 Metric[operation.invocations.responses[timeout]=0]
09-03-2018 02:10:30 1520590230182 Metric[operation.operationTimeoutCount=0]
09-03-2018 02:10:30 1520590230182 Metric[operation.priorityQueueSize=0]
09-03-2018 02:10:30 1520590230182 Metric[operation.queueSize=0]
09-03-2018 02:10:30 1520590230182 Metric[operation.responseQueueSize=0]
09-03-2018 02:10:30 1520590230182 Metric[operation.retryCount=0]
09-03-2018 02:10:30 1520590230182 Metric[os.committedVirtualMemorySize=8601427968]
09-03-2018 02:10:30 1520590230182 Metric[os.freePhysicalMemorySize=203415552]
09-03-2018 02:10:30 1520590230182 Metric[os.freeSwapSpaceSize=970457088]
09-03-2018 02:10:30 1520590230182 Metric[os.maxFileDescriptorCount=10240]
09-03-2018 02:10:30 1520590230182 Metric[os.openFileDescriptorCount=102]
09-03-2018 02:10:30 1520590230182 Metric[os.processCpuLoad=25.23626483390928]
09-03-2018 02:10:30 1520590230182 Metric[os.processCpuTime=11010634000]
09-03-2018 02:10:30 1520590230182 Metric[os.systemCpuLoad=30.116959064327485]
09-03-2018 02:10:30 1520590230182 Metric[os.systemLoadAverage=2.7626953125]
09-03-2018 02:10:30 1520590230182 Metric[os.totalPhysicalMemorySize=17179869184]
09-03-2018 02:10:30 1520590230182 Metric[os.totalSwapSpaceSize=1073741824]
09-03-2018 02:10:30 1520590230182 Metric[proxy.createdCount=0]
09-03-2018 02:10:30 1520590230182 Metric[proxy.destroyedCount=0]
09-03-2018 02:10:30 1520590230182 Metric[runtime.availableProcessors=8]
09-03-2018 02:10:30 1520590230182 Metric[runtime.freeMemory=458538096]
09-03-2018 02:10:30 1520590230182 Metric[runtime.maxMemory=3817865216]
09-03-2018 02:10:30 1520590230182 Metric[runtime.totalMemory=656932864]
09-03-2018 02:10:30 1520590230182 Metric[runtime.uptime=13715]
09-03-2018 02:10:30 1520590230182 Metric[runtime.usedMemory=198394768]
09-03-2018 02:10:30 1520590230182 Metric[tcp.connection.acceptedSocketCount=0]
09-03-2018 02:10:30 1520590230182 Metric[tcp.connection.activeCount=0]
09-03-2018 02:10:30 1520590230182 Metric[tcp.connection.clientCount=0]
09-03-2018 02:10:30 1520590230182 Metric[tcp.connection.count=0]
09-03-2018 02:10:30 1520590230182 Metric[tcp.connection.textCount=0]
09-03-2018 02:10:30 1520590230182 Metric[thread.daemonThreadCount=43]
09-03-2018 02:10:30 1520590230182 Metric[thread.peakThreadCount=55]
09-03-2018 02:10:30 1520590230182 Metric[thread.threadCount=55]
09-03-2018 02:10:30 1520590230182 Metric[thread.totalStartedThreadCount=57]
09-03-2018 02:10:30 1520590230182 Metric[transactions.commitCount=0]
09-03-2018 02:10:30 1520590230182 Metric[transactions.rollbackCount=0]
09-03-2018 02:10:30 1520590230182 Metric[transactions.startCount=0]
09-03-2018 02:10:30 1520590230185 SlowOperations[]
09-03-2018 02:10:30 1520590230185 HazelcastInstance[
                          thisAddress=[192.168.0.210]:5701
                          isRunning=true
                          isLite=false
                          joined=false
                          nodeState=null
                          clusterId=null
                          clusterSize=1
                          isMaster=false
                          masterAddress=null
                          Members[
                                  [192.168.0.210]:5701]]
09-03-2018 02:10:30 1520590230185 ClusterVersionChanged[
                          3.9]
09-03-2018 02:10:30 1520590230185 Lifecycle[
                          STARTING]
09-03-2018 02:10:31 1520590231184 MemberAdded[
                          member=[192.168.0.210]:5701
                          Members[
                                  [192.168.0.210]:5701:this:master]]
09-03-2018 02:10:33 1520590233184 ClusterVersionChanged[
                          3.9]
09-03-2018 02:10:33 1520590233184 Lifecycle[
                          STARTED]
09-03-2018 02:11:30 1520590290185 Metric[classloading.loadedClassesCount=11346]
09-03-2018 02:11:30 1520590290185 Metric[classloading.totalLoadedClassesCount=11346]
09-03-2018 02:11:30 1520590290185 Metric[classloading.unloadedClassCount=0]
09-03-2018 02:11:30 1520590290185 Metric[client.endpoint.count=0]
09-03-2018 02:11:30 1520590290185 Metric[client.endpoint.totalRegistrations=0]
09-03-2018 02:11:30 1520590290185 Metric[cluster.clock.clusterTimeDiff=0]
09-03-2018 02:11:30 1520590290185 Metric[cluster.clock.maxClusterTimeDiff=0]
09-03-2018 02:11:30 1520590290185 Metric[event.eventQueueSize=0]
09-03-2018 02:11:30 1520590290185 Metric[event.eventsProcessed=14]
09-03-2018 02:11:30 1520590290185 Metric[executor.[hz:async].queueSize=0]
09-03-2018 02:11:30 1520590290185 Metric[executor.[hz:client-query].queueSize=0]
09-03-2018 02:11:30 1520590290185 Metric[executor.[hz:client].queueSize=0]
09-03-2018 02:11:30 1520590290185 Metric[executor.[hz:cluster:event].queueSize=0]
09-03-2018 02:11:30 1520590290185 Metric[executor.[hz:cluster].queueSize=0]
09-03-2018 02:11:30 1520590290185 Metric[executor.[hz:offloadable].queueSize=0]
09-03-2018 02:11:30 1520590290185 Metric[executor.[hz:scheduled:cqc:1921c7ac-6966-4183-b1f7-0137d7885fb8].queueSize=0]
09-03-2018 02:11:30 1520590290185 Metric[executor.[hz:scheduled].queueSize=0]
09-03-2018 02:11:30 1520590290185 Metric[executor.[hz:system].queueSize=0]
09-03-2018 02:11:30 1520590290185 Metric[file.partition[user.home].freeSpace=157588795392]
09-03-2018 02:11:30 1520590290185 Metric[file.partition[user.home].totalSpace=249664372736]
09-03-2018 02:11:30 1520590290185 Metric[file.partition[user.home].usableSpace=157326651392]
09-03-2018 02:11:30 1520590290185 Metric[gc.majorCount=2]
09-03-2018 02:11:30 1520590290185 Metric[gc.majorTime=78]
09-03-2018 02:11:30 1520590290185 Metric[gc.minorCount=7]
09-03-2018 02:11:30 1520590290185 Metric[gc.minorTime=52]
09-03-2018 02:11:30 1520590290185 Metric[gc.unknownCount=0]
09-03-2018 02:11:30 1520590290185 Metric[gc.unknownTime=0]
09-03-2018 02:11:30 1520590290185 Metric[operation.callTimeoutCount=0]
09-03-2018 02:11:30 1520590290185 Metric[operation.completedCount=1]
09-03-2018 02:11:30 1520590290185 Metric[operation.failedBackups=0]
09-03-2018 02:11:30 1520590290185 Metric[operation.invocations.backupTimeouts=0]
09-03-2018 02:11:30 1520590290185 Metric[operation.invocations.normalTimeouts=0]
09-03-2018 02:11:30 1520590290185 Metric[operation.invocations.pending=0]
09-03-2018 02:11:30 1520590290185 Metric[operation.invocations.responses[backup]=0]
09-03-2018 02:11:30 1520590290185 Metric[operation.invocations.responses[error]=0]
09-03-2018 02:11:30 1520590290185 Metric[operation.invocations.responses[missing]=0]
09-03-2018 02:11:30 1520590290185 Metric[operation.invocations.responses[normal]=0]
09-03-2018 02:11:30 1520590290185 Metric[operation.invocations.responses[timeout]=0]
09-03-2018 02:11:30 1520590290185 Metric[operation.operationTimeoutCount=0]
09-03-2018 02:11:30 1520590290185 Metric[operation.priorityQueueSize=0]
09-03-2018 02:11:30 1520590290185 Metric[operation.queueSize=0]
09-03-2018 02:11:30 1520590290185 Metric[operation.responseQueueSize=0]
09-03-2018 02:11:30 1520590290185 Metric[operation.retryCount=0]
09-03-2018 02:11:30 1520590290185 Metric[os.committedVirtualMemorySize=8661725184]
09-03-2018 02:11:30 1520590290185 Metric[os.freePhysicalMemorySize=188301312]
09-03-2018 02:11:30 1520590290185 Metric[os.freeSwapSpaceSize=970457088]
09-03-2018 02:11:30 1520590290185 Metric[os.maxFileDescriptorCount=10240]
09-03-2018 02:11:30 1520590290185 Metric[os.openFileDescriptorCount=141]
09-03-2018 02:11:30 1520590290185 Metric[os.processCpuLoad=0.42291018481315473]
09-03-2018 02:11:30 1520590290185 Metric[os.processCpuTime=22753890000]
09-03-2018 02:11:30 1520590290185 Metric[os.systemCpuLoad=8.225108225108226]
09-03-2018 02:11:30 1520590290185 Metric[os.systemLoadAverage=2.33642578125]
09-03-2018 02:11:30 1520590290185 Metric[os.totalPhysicalMemorySize=17179869184]
09-03-2018 02:11:30 1520590290185 Metric[os.totalSwapSpaceSize=1073741824]
09-03-2018 02:11:30 1520590290185 Metric[proxy.createdCount=0]
09-03-2018 02:11:30 1520590290185 Metric[proxy.destroyedCount=0]
09-03-2018 02:11:30 1520590290185 Metric[runtime.availableProcessors=8]
09-03-2018 02:11:30 1520590290185 Metric[runtime.freeMemory=135855568]
09-03-2018 02:11:30 1520590290185 Metric[runtime.maxMemory=3817865216]
09-03-2018 02:11:30 1520590290185 Metric[runtime.totalMemory=656932864]
09-03-2018 02:11:30 1520590290185 Metric[runtime.uptime=73718]
09-03-2018 02:11:30 1520590290185 Metric[runtime.usedMemory=521077296]
09-03-2018 02:11:30 1520590290185 Metric[tcp.connection.acceptedSocketCount=0]
09-03-2018 02:11:30 1520590290185 Metric[tcp.connection.activeCount=0]
09-03-2018 02:11:30 1520590290185 Metric[tcp.connection.clientCount=0]
09-03-2018 02:11:30 1520590290185 Metric[tcp.connection.count=0]
09-03-2018 02:11:30 1520590290185 Metric[tcp.connection.textCount=0]
09-03-2018 02:11:30 1520590290185 Metric[thread.daemonThreadCount=70]
09-03-2018 02:11:30 1520590290185 Metric[thread.peakThreadCount=88]
09-03-2018 02:11:30 1520590290185 Metric[thread.threadCount=85]
09-03-2018 02:11:30 1520590290185 Metric[thread.totalStartedThreadCount=94]
09-03-2018 02:11:30 1520590290185 Metric[transactions.commitCount=0]
09-03-2018 02:11:30 1520590290185 Metric[transactions.rollbackCount=0]
09-03-2018 02:11:30 1520590290185 Metric[transactions.startCount=0]
09-03-2018 02:11:30 1520590290187 SlowOperations[]
09-03-2018 02:11:30 1520590290187 HazelcastInstance[
                          thisAddress=[192.168.0.210]:5701
                          isRunning=true
                          isLite=false
                          joined=true
                          nodeState=ACTIVE
                          clusterId=dd76248c-661e-4213-9cdc-c2b0de373ed8
                          clusterSize=1
                          isMaster=true
                          masterAddress=[192.168.0.210]:5701
                          Members[
                                  [192.168.0.210]:5701]]
09-03-2018 02:12:30 1520590350184 Metric[classloading.loadedClassesCount=11347]
09-03-2018 02:12:30 1520590350184 Metric[classloading.totalLoadedClassesCount=11347]
09-03-2018 02:12:30 1520590350184 Metric[classloading.unloadedClassCount=0]
09-03-2018 02:12:30 1520590350184 Metric[client.endpoint.count=0]
09-03-2018 02:12:30 1520590350184 Metric[client.endpoint.totalRegistrations=0]
09-03-2018 02:12:30 1520590350184 Metric[cluster.clock.clusterTimeDiff=0]
09-03-2018 02:12:30 1520590350184 Metric[cluster.clock.maxClusterTimeDiff=0]
09-03-2018 02:12:30 1520590350184 Metric[event.eventQueueSize=0]
09-03-2018 02:12:30 1520590350184 Metric[event.eventsProcessed=19]
09-03-2018 02:12:30 1520590350184 Metric[executor.[hz:async].queueSize=0]
09-03-2018 02:12:30 1520590350184 Metric[executor.[hz:client-query].queueSize=0]
09-03-2018 02:12:30 1520590350184 Metric[executor.[hz:client].queueSize=0]
09-03-2018 02:12:30 1520590350184 Metric[executor.[hz:cluster:event].queueSize=0]
09-03-2018 02:12:30 1520590350184 Metric[executor.[hz:cluster].queueSize=0]
09-03-2018 02:12:30 1520590350184 Metric[executor.[hz:offloadable].queueSize=0]
09-03-2018 02:12:30 1520590350184 Metric[executor.[hz:scheduled:cqc:1921c7ac-6966-4183-b1f7-0137d7885fb8].queueSize=0]
09-03-2018 02:12:30 1520590350184 Metric[executor.[hz:scheduled].queueSize=0]
09-03-2018 02:12:30 1520590350184 Metric[executor.[hz:system].queueSize=0]
09-03-2018 02:12:30 1520590350184 Metric[file.partition[user.home].freeSpace=157583912960]
09-03-2018 02:12:30 1520590350184 Metric[file.partition[user.home].totalSpace=249664372736]
09-03-2018 02:12:30 1520590350184 Metric[file.partition[user.home].usableSpace=157321768960]
09-03-2018 02:12:30 1520590350184 Metric[gc.majorCount=2]
09-03-2018 02:12:30 1520590350184 Metric[gc.majorTime=78]
09-03-2018 02:12:30 1520590350184 Metric[gc.minorCount=7]
09-03-2018 02:12:30 1520590350184 Metric[gc.minorTime=52]
09-03-2018 02:12:30 1520590350184 Metric[gc.unknownCount=0]
09-03-2018 02:12:30 1520590350184 Metric[gc.unknownTime=0]
09-03-2018 02:12:30 1520590350184 Metric[operation.callTimeoutCount=0]
09-03-2018 02:12:30 1520590350184 Metric[operation.completedCount=1]
09-03-2018 02:12:30 1520590350184 Metric[operation.failedBackups=0]
09-03-2018 02:12:30 1520590350184 Metric[operation.invocations.backupTimeouts=0]
09-03-2018 02:12:30 1520590350184 Metric[operation.invocations.normalTimeouts=0]
09-03-2018 02:12:30 1520590350184 Metric[operation.invocations.pending=0]
09-03-2018 02:12:30 1520590350184 Metric[operation.invocations.responses[backup]=0]
09-03-2018 02:12:30 1520590350184 Metric[operation.invocations.responses[error]=0]
09-03-2018 02:12:30 1520590350184 Metric[operation.invocations.responses[missing]=0]
09-03-2018 02:12:30 1520590350184 Metric[operation.invocations.responses[normal]=0]
09-03-2018 02:12:30 1520590350184 Metric[operation.invocations.responses[timeout]=0]
09-03-2018 02:12:30 1520590350184 Metric[operation.operationTimeoutCount=0]
09-03-2018 02:12:30 1520590350184 Metric[operation.priorityQueueSize=0]
09-03-2018 02:12:30 1520590350184 Metric[operation.queueSize=0]
09-03-2018 02:12:30 1520590350184 Metric[operation.responseQueueSize=0]
09-03-2018 02:12:30 1520590350184 Metric[operation.retryCount=0]
09-03-2018 02:12:30 1520590350184 Metric[os.committedVirtualMemorySize=8661725184]
09-03-2018 02:12:30 1520590350184 Metric[os.freePhysicalMemorySize=20811776]
09-03-2018 02:12:30 1520590350184 Metric[os.freeSwapSpaceSize=970457088]
09-03-2018 02:12:30 1520590350184 Metric[os.maxFileDescriptorCount=10240]
09-03-2018 02:12:30 1520590350184 Metric[os.openFileDescriptorCount=138]
09-03-2018 02:12:30 1520590350184 Metric[os.processCpuLoad=0.1801810411837415]
09-03-2018 02:12:30 1520590350184 Metric[os.processCpuTime=23461317000]
09-03-2018 02:12:30 1520590350184 Metric[os.systemCpuLoad=18.867924528301888]
09-03-2018 02:12:30 1520590350184 Metric[os.systemLoadAverage=2.66162109375]
09-03-2018 02:12:30 1520590350184 Metric[os.totalPhysicalMemorySize=17179869184]
09-03-2018 02:12:30 1520590350184 Metric[os.totalSwapSpaceSize=1073741824]
09-03-2018 02:12:30 1520590350184 Metric[proxy.createdCount=0]
09-03-2018 02:12:30 1520590350184 Metric[proxy.destroyedCount=0]
09-03-2018 02:12:30 1520590350184 Metric[runtime.availableProcessors=8]
09-03-2018 02:12:30 1520590350184 Metric[runtime.freeMemory=128436896]
09-03-2018 02:12:30 1520590350184 Metric[runtime.maxMemory=3817865216]
09-03-2018 02:12:30 1520590350184 Metric[runtime.totalMemory=656932864]
09-03-2018 02:12:30 1520590350184 Metric[runtime.uptime=133717]
09-03-2018 02:12:30 1520590350184 Metric[runtime.usedMemory=528495968]
09-03-2018 02:12:30 1520590350184 Metric[tcp.connection.acceptedSocketCount=0]
09-03-2018 02:12:30 1520590350184 Metric[tcp.connection.activeCount=0]
09-03-2018 02:12:30 1520590350184 Metric[tcp.connection.clientCount=0]
09-03-2018 02:12:30 1520590350184 Metric[tcp.connection.count=0]
09-03-2018 02:12:30 1520590350184 Metric[tcp.connection.textCount=0]
09-03-2018 02:12:30 1520590350184 Metric[thread.daemonThreadCount=70]
09-03-2018 02:12:30 1520590350184 Metric[thread.peakThreadCount=88]
09-03-2018 02:12:30 1520590350184 Metric[thread.threadCount=85]
09-03-2018 02:12:30 1520590350184 Metric[thread.totalStartedThreadCount=95]
09-03-2018 02:12:30 1520590350184 Metric[transactions.commitCount=0]
09-03-2018 02:12:30 1520590350184 Metric[transactions.rollbackCount=0]
09-03-2018 02:12:30 1520590350184 Metric[transactions.startCount=0]
09-03-2018 02:12:30 1520590350191 SlowOperations[]
09-03-2018 02:12:30 1520590350191 HazelcastInstance[
                          thisAddress=[192.168.0.210]:5701
                          isRunning=true
                          isLite=false
                          joined=true
                          nodeState=ACTIVE
                          clusterId=dd76248c-661e-4213-9cdc-c2b0de373ed8
                          clusterSize=1
                          isMaster=true
                          masterAddress=[192.168.0.210]:5701
                          Members[
                                  [192.168.0.210]:5701]]
09-03-2018 02:13:30 1520590410181 Metric[classloading.loadedClassesCount=11349]
09-03-2018 02:13:30 1520590410181 Metric[classloading.totalLoadedClassesCount=11349]
09-03-2018 02:13:30 1520590410181 Metric[classloading.unloadedClassCount=0]
09-03-2018 02:13:30 1520590410181 Metric[client.endpoint.count=0]
09-03-2018 02:13:30 1520590410181 Metric[client.endpoint.totalRegistrations=0]
09-03-2018 02:13:30 1520590410181 Metric[cluster.clock.clusterTimeDiff=0]
09-03-2018 02:13:30 1520590410181 Metric[cluster.clock.maxClusterTimeDiff=0]
09-03-2018 02:13:30 1520590410181 Metric[event.eventQueueSize=0]
09-03-2018 02:13:30 1520590410181 Metric[event.eventsProcessed=24]
09-03-2018 02:13:30 1520590410181 Metric[executor.[hz:async].queueSize=0]
09-03-2018 02:13:30 1520590410181 Metric[executor.[hz:client-query].queueSize=0]
09-03-2018 02:13:30 1520590410181 Metric[executor.[hz:client].queueSize=0]
09-03-2018 02:13:30 1520590410181 Metric[executor.[hz:cluster:event].queueSize=0]
09-03-2018 02:13:30 1520590410181 Metric[executor.[hz:cluster].queueSize=0]
09-03-2018 02:13:30 1520590410181 Metric[executor.[hz:offloadable].queueSize=0]
09-03-2018 02:13:30 1520590410181 Metric[executor.[hz:scheduled:cqc:1921c7ac-6966-4183-b1f7-0137d7885fb8].queueSize=0]
09-03-2018 02:13:30 1520590410181 Metric[executor.[hz:scheduled].queueSize=0]
09-03-2018 02:13:30 1520590410181 Metric[executor.[hz:system].queueSize=0]
09-03-2018 02:13:30 1520590410181 Metric[file.partition[user.home].freeSpace=157583216640]
09-03-2018 02:13:30 1520590410181 Metric[file.partition[user.home].totalSpace=249664372736]
09-03-2018 02:13:30 1520590410181 Metric[file.partition[user.home].usableSpace=157321072640]
09-03-2018 02:13:30 1520590410181 Metric[gc.majorCount=2]
09-03-2018 02:13:30 1520590410181 Metric[gc.majorTime=78]
09-03-2018 02:13:30 1520590410181 Metric[gc.minorCount=7]
09-03-2018 02:13:30 1520590410181 Metric[gc.minorTime=52]
09-03-2018 02:13:30 1520590410181 Metric[gc.unknownCount=0]
09-03-2018 02:13:30 1520590410181 Metric[gc.unknownTime=0]
09-03-2018 02:13:30 1520590410181 Metric[operation.callTimeoutCount=0]
09-03-2018 02:13:30 1520590410181 Metric[operation.completedCount=1]
09-03-2018 02:13:30 1520590410181 Metric[operation.failedBackups=0]
09-03-2018 02:13:30 1520590410181 Metric[operation.invocations.backupTimeouts=0]
09-03-2018 02:13:30 1520590410181 Metric[operation.invocations.normalTimeouts=0]
09-03-2018 02:13:30 1520590410181 Metric[operation.invocations.pending=0]
09-03-2018 02:13:30 1520590410181 Metric[operation.invocations.responses[backup]=0]
09-03-2018 02:13:30 1520590410181 Metric[operation.invocations.responses[error]=0]
09-03-2018 02:13:30 1520590410181 Metric[operation.invocations.responses[missing]=0]
09-03-2018 02:13:30 1520590410181 Metric[operation.invocations.responses[normal]=0]
09-03-2018 02:13:30 1520590410181 Metric[operation.invocations.responses[timeout]=0]
09-03-2018 02:13:30 1520590410181 Metric[operation.operationTimeoutCount=0]
09-03-2018 02:13:30 1520590410181 Metric[operation.priorityQueueSize=0]
09-03-2018 02:13:30 1520590410181 Metric[operation.queueSize=0]
09-03-2018 02:13:30 1520590410181 Metric[operation.responseQueueSize=0]
09-03-2018 02:13:30 1520590410181 Metric[operation.retryCount=0]
09-03-2018 02:13:30 1520590410181 Metric[os.committedVirtualMemorySize=8657629184]
09-03-2018 02:13:30 1520590410181 Metric[os.freePhysicalMemorySize=180326400]
09-03-2018 02:13:30 1520590410181 Metric[os.freeSwapSpaceSize=970457088]
09-03-2018 02:13:30 1520590410181 Metric[os.maxFileDescriptorCount=10240]
09-03-2018 02:13:30 1520590410181 Metric[os.openFileDescriptorCount=138]
09-03-2018 02:13:30 1520590410181 Metric[os.processCpuLoad=0.2953380408250068]
09-03-2018 02:13:30 1520590410181 Metric[os.processCpuTime=24208468000]
09-03-2018 02:13:30 1520590410181 Metric[os.systemCpuLoad=11.337209302325581]
09-03-2018 02:13:30 1520590410181 Metric[os.systemLoadAverage=2.55810546875]
09-03-2018 02:13:30 1520590410181 Metric[os.totalPhysicalMemorySize=17179869184]
09-03-2018 02:13:30 1520590410181 Metric[os.totalSwapSpaceSize=1073741824]
09-03-2018 02:13:30 1520590410181 Metric[proxy.createdCount=0]
09-03-2018 02:13:30 1520590410181 Metric[proxy.destroyedCount=0]
09-03-2018 02:13:30 1520590410181 Metric[runtime.availableProcessors=8]
09-03-2018 02:13:30 1520590410181 Metric[runtime.freeMemory=122501120]
09-03-2018 02:13:30 1520590410181 Metric[runtime.maxMemory=3817865216]
09-03-2018 02:13:30 1520590410181 Metric[runtime.totalMemory=656932864]
09-03-2018 02:13:30 1520590410181 Metric[runtime.uptime=193714]
09-03-2018 02:13:30 1520590410181 Metric[runtime.usedMemory=534431744]
09-03-2018 02:13:30 1520590410181 Metric[tcp.connection.acceptedSocketCount=0]
09-03-2018 02:13:30 1520590410181 Metric[tcp.connection.activeCount=0]
09-03-2018 02:13:30 1520590410181 Metric[tcp.connection.clientCount=0]
09-03-2018 02:13:30 1520590410181 Metric[tcp.connection.count=0]
09-03-2018 02:13:30 1520590410181 Metric[tcp.connection.textCount=0]
09-03-2018 02:13:30 1520590410181 Metric[thread.daemonThreadCount=70]
09-03-2018 02:13:30 1520590410181 Metric[thread.peakThreadCount=88]
09-03-2018 02:13:30 1520590410181 Metric[thread.threadCount=84]
09-03-2018 02:13:30 1520590410181 Metric[thread.totalStartedThreadCount=95]
09-03-2018 02:13:30 1520590410181 Metric[transactions.commitCount=0]
09-03-2018 02:13:30 1520590410181 Metric[transactions.rollbackCount=0]
09-03-2018 02:13:30 1520590410181 Metric[transactions.startCount=0]
09-03-2018 02:13:30 1520590410183 SlowOperations[]
09-03-2018 02:13:30 1520590410183 HazelcastInstance[
                          thisAddress=[192.168.0.210]:5701
                          isRunning=true
                          isLite=false
                          joined=true
                          nodeState=ACTIVE
                          clusterId=dd76248c-661e-4213-9cdc-c2b0de373ed8
                          clusterSize=1
                          isMaster=true
                          masterAddress=[192.168.0.210]:5701
                          Members[
                                  [192.168.0.210]:5701]]
09-03-2018 02:14:30 1520590470181 Metric[classloading.loadedClassesCount=11349]
09-03-2018 02:14:30 1520590470181 Metric[classloading.totalLoadedClassesCount=11349]
09-03-2018 02:14:30 1520590470181 Metric[classloading.unloadedClassCount=0]
09-03-2018 02:14:30 1520590470181 Metric[client.endpoint.count=0]
09-03-2018 02:14:30 1520590470181 Metric[client.endpoint.totalRegistrations=0]
09-03-2018 02:14:30 1520590470181 Metric[cluster.clock.clusterTimeDiff=0]
09-03-2018 02:14:30 1520590470181 Metric[cluster.clock.maxClusterTimeDiff=0]
09-03-2018 02:14:30 1520590470181 Metric[event.eventQueueSize=0]
09-03-2018 02:14:30 1520590470181 Metric[event.eventsProcessed=29]
09-03-2018 02:14:30 1520590470181 Metric[executor.[hz:async].queueSize=0]
09-03-2018 02:14:30 1520590470181 Metric[executor.[hz:client-query].queueSize=0]
09-03-2018 02:14:30 1520590470181 Metric[executor.[hz:client].queueSize=0]
09-03-2018 02:14:30 1520590470181 Metric[executor.[hz:cluster:event].queueSize=0]
09-03-2018 02:14:30 1520590470181 Metric[executor.[hz:cluster].queueSize=0]
09-03-2018 02:14:30 1520590470181 Metric[executor.[hz:offloadable].queueSize=0]
09-03-2018 02:14:30 1520590470181 Metric[executor.[hz:scheduled:cqc:1921c7ac-6966-4183-b1f7-0137d7885fb8].queueSize=0]
09-03-2018 02:14:30 1520590470181 Metric[executor.[hz:scheduled].queueSize=0]
09-03-2018 02:14:30 1520590470181 Metric[executor.[hz:system].queueSize=0]
09-03-2018 02:14:30 1520590470181 Metric[file.partition[user.home].freeSpace=157583073280]
09-03-2018 02:14:30 1520590470181 Metric[file.partition[user.home].totalSpace=249664372736]
09-03-2018 02:14:30 1520590470181 Metric[file.partition[user.home].usableSpace=157320929280]
09-03-2018 02:14:30 1520590470181 Metric[gc.majorCount=2]
09-03-2018 02:14:30 1520590470181 Metric[gc.majorTime=78]
09-03-2018 02:14:30 1520590470181 Metric[gc.minorCount=7]
09-03-2018 02:14:30 1520590470181 Metric[gc.minorTime=52]
09-03-2018 02:14:30 1520590470181 Metric[gc.unknownCount=0]
09-03-2018 02:14:30 1520590470181 Metric[gc.unknownTime=0]
09-03-2018 02:14:30 1520590470181 Metric[operation.callTimeoutCount=0]
09-03-2018 02:14:30 1520590470181 Metric[operation.completedCount=1]
09-03-2018 02:14:30 1520590470181 Metric[operation.failedBackups=0]
09-03-2018 02:14:30 1520590470181 Metric[operation.invocations.backupTimeouts=0]
09-03-2018 02:14:30 1520590470181 Metric[operation.invocations.normalTimeouts=0]
09-03-2018 02:14:30 1520590470181 Metric[operation.invocations.pending=0]
09-03-2018 02:14:30 1520590470181 Metric[operation.invocations.responses[backup]=0]
09-03-2018 02:14:30 1520590470181 Metric[operation.invocations.responses[error]=0]
09-03-2018 02:14:30 1520590470181 Metric[operation.invocations.responses[missing]=0]
09-03-2018 02:14:30 1520590470181 Metric[operation.invocations.responses[normal]=0]
09-03-2018 02:14:30 1520590470181 Metric[operation.invocations.responses[timeout]=0]
09-03-2018 02:14:30 1520590470181 Metric[operation.operationTimeoutCount=0]
09-03-2018 02:14:30 1520590470181 Metric[operation.priorityQueueSize=0]
09-03-2018 02:14:30 1520590470181 Metric[operation.queueSize=0]
09-03-2018 02:14:30 1520590470181 Metric[operation.responseQueueSize=0]
09-03-2018 02:14:30 1520590470181 Metric[operation.retryCount=0]
09-03-2018 02:14:30 1520590470181 Metric[os.committedVirtualMemorySize=8659726336]
09-03-2018 02:14:30 1520590470181 Metric[os.freePhysicalMemorySize=168816640]
09-03-2018 02:14:30 1520590470181 Metric[os.freeSwapSpaceSize=970457088]
09-03-2018 02:14:30 1520590470181 Metric[os.maxFileDescriptorCount=10240]
09-03-2018 02:14:30 1520590470181 Metric[os.openFileDescriptorCount=138]
09-03-2018 02:14:30 1520590470181 Metric[os.processCpuLoad=0.30368684330477674]
09-03-2018 02:14:30 1520590470181 Metric[os.processCpuTime=24824458000]
09-03-2018 02:14:30 1520590470181 Metric[os.systemCpuLoad=10.218978102189782]
09-03-2018 02:14:30 1520590470181 Metric[os.systemLoadAverage=1.75537109375]
09-03-2018 02:14:30 1520590470181 Metric[os.totalPhysicalMemorySize=17179869184]
09-03-2018 02:14:30 1520590470181 Metric[os.totalSwapSpaceSize=1073741824]
09-03-2018 02:14:30 1520590470181 Metric[proxy.createdCount=0]
09-03-2018 02:14:30 1520590470181 Metric[proxy.destroyedCount=0]
09-03-2018 02:14:30 1520590470181 Metric[runtime.availableProcessors=8]
09-03-2018 02:14:30 1520590470181 Metric[runtime.freeMemory=119531640]
09-03-2018 02:14:30 1520590470181 Metric[runtime.maxMemory=3817865216]
09-03-2018 02:14:30 1520590470181 Metric[runtime.totalMemory=656932864]
09-03-2018 02:14:30 1520590470181 Metric[runtime.uptime=253714]
09-03-2018 02:14:30 1520590470181 Metric[runtime.usedMemory=537401224]
09-03-2018 02:14:30 1520590470181 Metric[tcp.connection.acceptedSocketCount=0]
09-03-2018 02:14:30 1520590470181 Metric[tcp.connection.activeCount=0]
09-03-2018 02:14:30 1520590470181 Metric[tcp.connection.clientCount=0]
09-03-2018 02:14:30 1520590470181 Metric[tcp.connection.count=0]
09-03-2018 02:14:30 1520590470181 Metric[tcp.connection.textCount=0]
09-03-2018 02:14:30 1520590470181 Metric[thread.daemonThreadCount=70]
09-03-2018 02:14:30 1520590470181 Metric[thread.peakThreadCount=88]
09-03-2018 02:14:30 1520590470181 Metric[thread.threadCount=84]
09-03-2018 02:14:30 1520590470181 Metric[thread.totalStartedThreadCount=95]
09-03-2018 02:14:30 1520590470181 Metric[transactions.commitCount=0]
09-03-2018 02:14:30 1520590470181 Metric[transactions.rollbackCount=0]
09-03-2018 02:14:30 1520590470181 Metric[transactions.startCount=0]
09-03-2018 02:14:30 1520590470183 SlowOperations[]
09-03-2018 02:14:30 1520590470183 HazelcastInstance[
                          thisAddress=[192.168.0.210]:5701
                          isRunning=true
                          isLite=false
                          joined=true
                          nodeState=ACTIVE
                          clusterId=dd76248c-661e-4213-9cdc-c2b0de373ed8
                          clusterSize=1
                          isMaster=true
                          masterAddress=[192.168.0.210]:5701
                          Members[
                                  [192.168.0.210]:5701]]
09-03-2018 02:15:30 1520590530184 Metric[classloading.loadedClassesCount=11349]
09-03-2018 02:15:30 1520590530184 Metric[classloading.totalLoadedClassesCount=11349]
09-03-2018 02:15:30 1520590530184 Metric[classloading.unloadedClassCount=0]
09-03-2018 02:15:30 1520590530184 Metric[client.endpoint.count=0]
09-03-2018 02:15:30 1520590530184 Metric[client.endpoint.totalRegistrations=0]
09-03-2018 02:15:30 1520590530184 Metric[cluster.clock.clusterTimeDiff=0]
09-03-2018 02:15:30 1520590530184 Metric[cluster.clock.maxClusterTimeDiff=0]
09-03-2018 02:15:30 1520590530184 Metric[event.eventQueueSize=0]
09-03-2018 02:15:30 1520590530184 Metric[event.eventsProcessed=34]
09-03-2018 02:15:30 1520590530184 Metric[executor.[hz:async].queueSize=0]
09-03-2018 02:15:30 1520590530184 Metric[executor.[hz:client-query].queueSize=0]
09-03-2018 02:15:30 1520590530184 Metric[executor.[hz:client].queueSize=0]
09-03-2018 02:15:30 1520590530184 Metric[executor.[hz:cluster:event].queueSize=0]
09-03-2018 02:15:30 1520590530184 Metric[executor.[hz:cluster].queueSize=0]
09-03-2018 02:15:30 1520590530184 Metric[executor.[hz:offloadable].queueSize=0]
09-03-2018 02:15:30 1520590530184 Metric[executor.[hz:scheduled:cqc:1921c7ac-6966-4183-b1f7-0137d7885fb8].queueSize=0]
09-03-2018 02:15:30 1520590530184 Metric[executor.[hz:scheduled].queueSize=0]
09-03-2018 02:15:30 1520590530184 Metric[executor.[hz:system].queueSize=0]
09-03-2018 02:15:30 1520590530184 Metric[file.partition[user.home].freeSpace=157582983168]
09-03-2018 02:15:30 1520590530184 Metric[file.partition[user.home].totalSpace=249664372736]
09-03-2018 02:15:30 1520590530184 Metric[file.partition[user.home].usableSpace=157320839168]
09-03-2018 02:15:30 1520590530184 Metric[gc.majorCount=2]
09-03-2018 02:15:30 1520590530184 Metric[gc.majorTime=78]
09-03-2018 02:15:30 1520590530184 Metric[gc.minorCount=7]
09-03-2018 02:15:30 1520590530184 Metric[gc.minorTime=52]
09-03-2018 02:15:30 1520590530184 Metric[gc.unknownCount=0]
09-03-2018 02:15:30 1520590530184 Metric[gc.unknownTime=0]
09-03-2018 02:15:30 1520590530184 Metric[operation.callTimeoutCount=0]
09-03-2018 02:15:30 1520590530184 Metric[operation.completedCount=1]
09-03-2018 02:15:30 1520590530184 Metric[operation.failedBackups=0]
09-03-2018 02:15:30 1520590530184 Metric[operation.invocations.backupTimeouts=0]
09-03-2018 02:15:30 1520590530184 Metric[operation.invocations.normalTimeouts=0]
09-03-2018 02:15:30 1520590530184 Metric[operation.invocations.pending=0]
09-03-2018 02:15:30 1520590530184 Metric[operation.invocations.responses[backup]=0]
09-03-2018 02:15:30 1520590530184 Metric[operation.invocations.responses[error]=0]
09-03-2018 02:15:30 1520590530184 Metric[operation.invocations.responses[missing]=0]
09-03-2018 02:15:30 1520590530184 Metric[operation.invocations.responses[normal]=0]
09-03-2018 02:15:30 1520590530184 Metric[operation.invocations.responses[timeout]=0]
09-03-2018 02:15:30 1520590530184 Metric[operation.operationTimeoutCount=0]
09-03-2018 02:15:30 1520590530184 Metric[operation.priorityQueueSize=0]
09-03-2018 02:15:30 1520590530184 Metric[operation.queueSize=0]
09-03-2018 02:15:30 1520590530184 Metric[operation.responseQueueSize=0]
09-03-2018 02:15:30 1520590530184 Metric[operation.retryCount=0]
09-03-2018 02:15:30 1520590530184 Metric[os.committedVirtualMemorySize=8659726336]
09-03-2018 02:15:30 1520590530184 Metric[os.freePhysicalMemorySize=169480192]
09-03-2018 02:15:30 1520590530184 Metric[os.freeSwapSpaceSize=970457088]
09-03-2018 02:15:30 1520590530184 Metric[os.maxFileDescriptorCount=10240]
09-03-2018 02:15:30 1520590530184 Metric[os.openFileDescriptorCount=138]
09-03-2018 02:15:30 1520590530184 Metric[os.processCpuLoad=0.17768896947634366]
09-03-2018 02:15:30 1520590530184 Metric[os.processCpuTime=25399096000]
09-03-2018 02:15:30 1520590530184 Metric[os.systemCpuLoad=2.1645021645021645]
09-03-2018 02:15:30 1520590530184 Metric[os.systemLoadAverage=2.0126953125]
09-03-2018 02:15:30 1520590530184 Metric[os.totalPhysicalMemorySize=17179869184]
09-03-2018 02:15:30 1520590530184 Metric[os.totalSwapSpaceSize=1073741824]
09-03-2018 02:15:30 1520590530184 Metric[proxy.createdCount=0]
09-03-2018 02:15:30 1520590530184 Metric[proxy.destroyedCount=0]
09-03-2018 02:15:30 1520590530184 Metric[runtime.availableProcessors=8]
09-03-2018 02:15:30 1520590530184 Metric[runtime.freeMemory=114879288]
09-03-2018 02:15:30 1520590530184 Metric[runtime.maxMemory=3817865216]
09-03-2018 02:15:30 1520590530184 Metric[runtime.totalMemory=656932864]
09-03-2018 02:15:30 1520590530184 Metric[runtime.uptime=313717]
09-03-2018 02:15:30 1520590530184 Metric[runtime.usedMemory=542053576]
09-03-2018 02:15:30 1520590530184 Metric[tcp.connection.acceptedSocketCount=0]
09-03-2018 02:15:30 1520590530184 Metric[tcp.connection.activeCount=0]
09-03-2018 02:15:30 1520590530184 Metric[tcp.connection.clientCount=0]
09-03-2018 02:15:30 1520590530184 Metric[tcp.connection.count=0]
09-03-2018 02:15:30 1520590530184 Metric[tcp.connection.textCount=0]
09-03-2018 02:15:30 1520590530184 Metric[thread.daemonThreadCount=70]
09-03-2018 02:15:30 1520590530184 Metric[thread.peakThreadCount=88]
09-03-2018 02:15:30 1520590530184 Metric[thread.threadCount=84]
09-03-2018 02:15:30 1520590530184 Metric[thread.totalStartedThreadCount=95]
09-03-2018 02:15:30 1520590530184 Metric[transactions.commitCount=0]
09-03-2018 02:15:30 1520590530184 Metric[transactions.rollbackCount=0]
09-03-2018 02:15:30 1520590530184 Metric[transactions.startCount=0]
09-03-2018 02:15:30 1520590530186 SlowOperations[]
09-03-2018 02:15:30 1520590530186 HazelcastInstance[
                          thisAddress=[192.168.0.210]:5701
                          isRunning=true
                          isLite=false
                          joined=true
                          nodeState=ACTIVE
                          clusterId=dd76248c-661e-4213-9cdc-c2b0de373ed8
                          clusterSize=1
                          isMaster=true
                          masterAddress=[192.168.0.210]:5701
                          Members[
                                  [192.168.0.210]:5701]]
