09-03-2018 02:17:03 1520590623154 BuildInfo[
                          Build=20180216
                          BuildNumber=20180216
                          Revision=539b124
                          Version=3.9.3
                          SerialVersion=1
                          Enterprise=false]
09-03-2018 02:17:03 1520590623154 SystemProperties[
                          hazelcast.diagnostics.enabled=true
                          java.class.path=/Library/Java/JavaVirtualMachines/jdk1.8.0_161.jdk/Contents/Home/jre/lib/charsets.jar:/Library/Java/JavaVirtualMachines/jdk1.8.0_161.jdk/Contents/Home/jre/lib/deploy.jar:/Library/Java/JavaVirtualMachines/jdk1.8.0_161.jdk/Contents/Home/jre/lib/ext/cldrdata.jar:/Library/Java/JavaVirtualMachines/jdk1.8.0_161.jdk/Contents/Home/jre/lib/ext/dnsns.jar:/Library/Java/JavaVirtualMachines/jdk1.8.0_161.jdk/Contents/Home/jre/lib/ext/jaccess.jar:/Library/Java/JavaVirtualMachines/jdk1.8.0_161.jdk/Contents/Home/jre/lib/ext/jfxrt.jar:/Library/Java/JavaVirtualMachines/jdk1.8.0_161.jdk/Contents/Home/jre/lib/ext/localedata.jar:/Library/Java/JavaVirtualMachines/jdk1.8.0_161.jdk/Contents/Home/jre/lib/ext/nashorn.jar:/Library/Java/JavaVirtualMachines/jdk1.8.0_161.jdk/Contents/Home/jre/lib/ext/sunec.jar:/Library/Java/JavaVirtualMachines/jdk1.8.0_161.jdk/Contents/Home/jre/lib/ext/sunjce_provider.jar:/Library/Java/JavaVirtualMachines/jdk1.8.0_161.jdk/Contents/Home/jre/lib/ext/sunpkcs11.jar:/Library/Java/JavaVirtualMachines/jdk1.8.0_161.jdk/Contents/Home/jre/lib/ext/zipfs.jar:/Library/Java/JavaVirtualMachines/jdk1.8.0_161.jdk/Contents/Home/jre/lib/javaws.jar:/Library/Java/JavaVirtualMachines/jdk1.8.0_161.jdk/Contents/Home/jre/lib/jce.jar:/Library/Java/JavaVirtualMachines/jdk1.8.0_161.jdk/Contents/Home/jre/lib/jfr.jar:/Library/Java/JavaVirtualMachines/jdk1.8.0_161.jdk/Contents/Home/jre/lib/jfxswt.jar:/Library/Java/JavaVirtualMachines/jdk1.8.0_161.jdk/Contents/Home/jre/lib/jsse.jar:/Library/Java/JavaVirtualMachines/jdk1.8.0_161.jdk/Contents/Home/jre/lib/management-agent.jar:/Library/Java/JavaVirtualMachines/jdk1.8.0_161.jdk/Contents/Home/jre/lib/plugin.jar:/Library/Java/JavaVirtualMachines/jdk1.8.0_161.jdk/Contents/Home/jre/lib/resources.jar:/Library/Java/JavaVirtualMachines/jdk1.8.0_161.jdk/Contents/Home/jre/lib/rt.jar:/Library/Java/JavaVirtualMachines/jdk1.8.0_161.jdk/Contents/Home/lib/ant-javafx.jar:/Library/Java/JavaVirtualMachines/jdk1.8.0_161.jdk/Contents/Home/lib/dt.jar:/Library/Java/JavaVirtualMachines/jdk1.8.0_161.jdk/Contents/Home/lib/javafx-mx.jar:/Library/Java/JavaVirtualMachines/jdk1.8.0_161.jdk/Contents/Home/lib/jconsole.jar:/Library/Java/JavaVirtualMachines/jdk1.8.0_161.jdk/Contents/Home/lib/packager.jar:/Library/Java/JavaVirtualMachines/jdk1.8.0_161.jdk/Contents/Home/lib/sa-jdi.jar:/Library/Java/JavaVirtualMachines/jdk1.8.0_161.jdk/Contents/Home/lib/tools.jar:/Users/kpsoi/Downloads/ShinyProxyHA/target/classes:/Users/kpsoi/.m2/repository/org/springframework/boot/spring-boot-starter-thymeleaf/1.5.3.RELEASE/spring-boot-starter-thymeleaf-1.5.3.RELEASE.jar:/Users/kpsoi/.m2/repository/org/springframework/boot/spring-boot-starter/1.5.3.RELEASE/spring-boot-starter-1.5.3.RELEASE.jar:/Users/kpsoi/.m2/repository/org/springframework/boot/spring-boot-starter-logging/1.5.3.RELEASE/spring-boot-starter-logging-1.5.3.RELEASE.jar:/Users/kpsoi/.m2/repository/ch/qos/logback/logback-classic/1.1.11/logback-classic-1.1.11.jar:/Users/kpsoi/.m2/repository/ch/qos/logback/logback-core/1.1.11/logback-core-1.1.11.jar:/Users/kpsoi/.m2/repository/org/slf4j/jcl-over-slf4j/1.7.25/jcl-over-slf4j-1.7.25.jar:/Users/kpsoi/.m2/repository/org/slf4j/jul-to-slf4j/1.7.25/jul-to-slf4j-1.7.25.jar:/Users/kpsoi/.m2/repository/org/slf4j/log4j-over-slf4j/1.7.25/log4j-over-slf4j-1.7.25.jar:/Users/kpsoi/.m2/repository/org/yaml/snakeyaml/1.17/snakeyaml-1.17.jar:/Users/kpsoi/.m2/repository/org/springframework/boot/spring-boot-starter-web/1.5.3.RELEASE/spring-boot-starter-web-1.5.3.RELEASE.jar:/Users/kpsoi/.m2/repository/org/springframework/boot/spring-boot-starter-tomcat/1.5.3.RELEASE/spring-boot-starter-tomcat-1.5.3.RELEASE.jar:/Users/kpsoi/.m2/repository/org/apache/tomcat/embed/tomcat-embed-core/8.5.14/tomcat-embed-core-8.5.14.jar:/Users/kpsoi/.m2/repository/org/apache/tomcat/embed/tomcat-embed-el/8.5.14/tomcat-embed-el-8.5.14.jar:/Users/kpsoi/.m2/repository/org/apache/tomcat/embed/tomcat-embed-websocket/8.5.14/tomcat-embed-websocket-8.5.14.jar:/Users/kpsoi/.m2/repository/org/hibernate/hibernate-validator/5.3.5.Final/hibernate-validator-5.3.5.Final.jar:/Users/kpsoi/.m2/repository/javax/validation/validation-api/1.1.0.Final/validation-api-1.1.0.Final.jar:/Users/kpsoi/.m2/repository/org/jboss/logging/jboss-logging/3.3.1.Final/jboss-logging-3.3.1.Final.jar:/Users/kpsoi/.m2/repository/com/fasterxml/classmate/1.3.3/classmate-1.3.3.jar:/Users/kpsoi/.m2/repository/com/fasterxml/jackson/core/jackson-databind/2.8.8/jackson-databind-2.8.8.jar:/Users/kpsoi/.m2/repository/com/fasterxml/jackson/core/jackson-annotations/2.8.0/jackson-annotations-2.8.0.jar:/Users/kpsoi/.m2/repository/com/fasterxml/jackson/core/jackson-core/2.8.8/jackson-core-2.8.8.jar:/Users/kpsoi/.m2/repository/org/springframework/spring-web/4.3.8.RELEASE/spring-web-4.3.8.RELEASE.jar:/Users/kpsoi/.m2/repository/org/springframework/spring-webmvc/4.3.8.RELEASE/spring-webmvc-4.3.8.RELEASE.jar:/Users/kpsoi/.m2/repository/org/thymeleaf/thymeleaf-spring4/2.1.5.RELEASE/thymeleaf-spring4-2.1.5.RELEASE.jar:/Users/kpsoi/.m2/repository/org/thymeleaf/thymeleaf/2.1.5.RELEASE/thymeleaf-2.1.5.RELEASE.jar:/Users/kpsoi/.m2/repository/ognl/ognl/3.0.8/ognl-3.0.8.jar:/Users/kpsoi/.m2/repository/org/javassist/javassist/3.21.0-GA/javassist-3.21.0-GA.jar:/Users/kpsoi/.m2/repository/org/unbescape/unbescape/1.1.0.RELEASE/unbescape-1.1.0.RELEASE.jar:/Users/kpsoi/.m2/repository/nz/net/ultraq/thymeleaf/thymeleaf-layout-dialect/1.4.0/thymeleaf-layout-dialect-1.4.0.jar:/Users/kpsoi/.m2/repository/org/codehaus/groovy/groovy/2.4.10/groovy-2.4.10.jar:/Users/kpsoi/.m2/repository/org/springframework/boot/spring-boot-starter-security/1.5.3.RELEASE/spring-boot-starter-security-1.5.3.RELEASE.jar:/Users/kpsoi/.m2/repository/org/springframework/spring-aop/4.3.8.RELEASE/spring-aop-4.3.8.RELEASE.jar:/Users/kpsoi/.m2/repository/org/springframework/spring-beans/4.3.8.RELEASE/spring-beans-4.3.8.RELEASE.jar:/Users/kpsoi/.m2/repository/org/springframework/security/spring-security-config/4.2.2.RELEASE/spring-security-config-4.2.2.RELEASE.jar:/Users/kpsoi/.m2/repository/org/springframework/spring-context/4.3.8.RELEASE/spring-context-4.3.8.RELEASE.jar:/Users/kpsoi/.m2/repository/org/springframework/security/spring-security-web/4.2.2.RELEASE/spring-security-web-4.2.2.RELEASE.jar:/Users/kpsoi/.m2/repository/org/springframework/spring-expression/4.3.8.RELEASE/spring-expression-4.3.8.RELEASE.jar:/Users/kpsoi/.m2/repository/org/thymeleaf/extras/thymeleaf-extras-springsecurity4/2.1.3.RELEASE/thymeleaf-extras-springsecurity4-2.1.3.RELEASE.jar:/Users/kpsoi/.m2/repository/org/slf4j/slf4j-api/1.7.25/slf4j-api-1.7.25.jar:/Users/kpsoi/.m2/repository/org/springframework/boot/spring-boot-devtools/1.5.3.RELEASE/spring-boot-devtools-1.5.3.RELEASE.jar:/Users/kpsoi/.m2/repository/org/springframework/boot/spring-boot/1.5.3.RELEASE/spring-boot-1.5.3.RELEASE.jar:/Users/kpsoi/.m2/repository/org/springframework/boot/spring-boot-autoconfigure/1.5.3.RELEASE/spring-boot-autoconfigure-1.5.3.RELEASE.jar:/Users/kpsoi/.m2/repository/org/webjars/bootstrap/3.3.7/bootstrap-3.3.7.jar:/Users/kpsoi/.m2/repository/org/webjars/jquery/1.11.1/jquery-1.11.1.jar:/Users/kpsoi/.m2/repository/org/springframework/security/spring-security-test/4.2.2.RELEASE/spring-security-test-4.2.2.RELEASE.jar:/Users/kpsoi/.m2/repository/org/springframework/security/spring-security-core/4.2.2.RELEASE/spring-security-core-4.2.2.RELEASE.jar:/Users/kpsoi/.m2/repository/aopalliance/aopalliance/1.0/aopalliance-1.0.jar:/Users/kpsoi/.m2/repository/org/springframework/spring-core/4.3.8.RELEASE/spring-core-4.3.8.RELEASE.jar:/Users/kpsoi/.m2/repository/org/springframework/spring-test/4.3.8.RELEASE/spring-test-4.3.8.RELEASE.jar:/Users/kpsoi/.m2/repository/com/hazelcast/hazelcast/3.9.3/hazelcast-3.9.3.jar:/Users/kpsoi/.m2/repository/com/hazelcast/hazelcast-client/3.9.3/hazelcast-client-3.9.3.jar:/Users/kpsoi/.m2/repository/com/hazelcast/hazelcast-all/3.9.3/hazelcast-all-3.9.3.jar:/Applications/IntelliJ IDEA CE.app/Contents/lib/idea_rt.jar:/Users/kpsoi/Library/Caches/IdeaIC2017.3/captureAgent/debugger-agent.jar
                          java.class.version=52.0
                          java.endorsed.dirs=/Library/Java/JavaVirtualMachines/jdk1.8.0_161.jdk/Contents/Home/jre/lib/endorsed
                          java.ext.dirs=/Users/kpsoi/Library/Java/Extensions:/Library/Java/JavaVirtualMachines/jdk1.8.0_161.jdk/Contents/Home/jre/lib/ext:/Library/Java/Extensions:/Network/Library/Java/Extensions:/System/Library/Java/Extensions:/usr/lib/java
                          java.home=/Library/Java/JavaVirtualMachines/jdk1.8.0_161.jdk/Contents/Home/jre
                          java.io.tmpdir=/var/folders/d6/kjpx4pcd7mvc4ttwc5n6d0n80000gn/T/
                          java.library.path=/Users/kpsoi/Library/Java/Extensions:/Library/Java/Extensions:/Network/Library/Java/Extensions:/System/Library/Java/Extensions:/usr/lib/java:.
                          java.runtime.name=Java(TM) SE Runtime Environment
                          java.runtime.version=1.8.0_161-b12
                          java.specification.name=Java Platform API Specification
                          java.specification.vendor=Oracle Corporation
                          java.specification.version=1.8
                          java.vendor=Oracle Corporation
                          java.vendor.url=http://java.oracle.com/
                          java.vendor.url.bug=http://bugreport.sun.com/bugreport/
                          java.version=1.8.0_161
                          java.vm.args=-agentlib:jdwp=transport=dt_socket,address=127.0.0.1:53626,suspend=y,server=n -Dserver.port=9994 -Dhazelcast.diagnostics.enabled=true -javaagent:/Users/kpsoi/Library/Caches/IdeaIC2017.3/captureAgent/debugger-agent.jar=/private/var/folders/d6/kjpx4pcd7mvc4ttwc5n6d0n80000gn/T/capture.props -Dfile.encoding=UTF-8 
                          java.vm.info=mixed mode
                          java.vm.name=Java HotSpot(TM) 64-Bit Server VM
                          java.vm.specification.name=Java Virtual Machine Specification
                          java.vm.specification.vendor=Oracle Corporation
                          java.vm.specification.version=1.8
                          java.vm.vendor=Oracle Corporation
                          java.vm.version=25.161-b12
                          os.arch=x86_64
                          os.name=Mac OS X
                          os.version=10.12.6
                          sun.arch.data.model=64
                          sun.boot.class.path=/Library/Java/JavaVirtualMachines/jdk1.8.0_161.jdk/Contents/Home/jre/lib/resources.jar:/Library/Java/JavaVirtualMachines/jdk1.8.0_161.jdk/Contents/Home/jre/lib/rt.jar:/Library/Java/JavaVirtualMachines/jdk1.8.0_161.jdk/Contents/Home/jre/lib/sunrsasign.jar:/Library/Java/JavaVirtualMachines/jdk1.8.0_161.jdk/Contents/Home/jre/lib/jsse.jar:/Library/Java/JavaVirtualMachines/jdk1.8.0_161.jdk/Contents/Home/jre/lib/jce.jar:/Library/Java/JavaVirtualMachines/jdk1.8.0_161.jdk/Contents/Home/jre/lib/charsets.jar:/Library/Java/JavaVirtualMachines/jdk1.8.0_161.jdk/Contents/Home/jre/lib/jfr.jar:/Library/Java/JavaVirtualMachines/jdk1.8.0_161.jdk/Contents/Home/jre/classes:/Users/kpsoi/Library/Caches/IdeaIC2017.3/captureAgent/debugger-agent-storage.jar
                          sun.boot.library.path=/Library/Java/JavaVirtualMachines/jdk1.8.0_161.jdk/Contents/Home/jre/lib
                          sun.cpu.endian=little
                          sun.cpu.isalist=
                          sun.io.unicode.encoding=UnicodeBig
                          sun.java.command=org.kp.shiny.hazelcast.ShinyProxyHA.SpringBootWebApplication
                          sun.java.launcher=SUN_STANDARD
                          sun.jnu.encoding=UTF-8
                          sun.management.compiler=HotSpot 64-Bit Tiered Compilers
                          sun.os.patch.level=unknown]
09-03-2018 02:17:03 1520590623155 ConfigProperties[]
09-03-2018 02:17:03 1520590623155 Metric[classloading.loadedClassesCount=9641]
09-03-2018 02:17:03 1520590623155 Metric[classloading.totalLoadedClassesCount=9641]
09-03-2018 02:17:03 1520590623155 Metric[classloading.unloadedClassCount=0]
09-03-2018 02:17:03 1520590623155 Metric[client.endpoint.count=0]
09-03-2018 02:17:03 1520590623155 Metric[client.endpoint.totalRegistrations=0]
09-03-2018 02:17:03 1520590623155 Metric[cluster.clock.clusterTimeDiff=0]
09-03-2018 02:17:03 1520590623155 Metric[cluster.clock.maxClusterTimeDiff=0]
09-03-2018 02:17:03 1520590623155 Metric[event.eventQueueSize=0]
09-03-2018 02:17:03 1520590623155 Metric[event.eventsProcessed=5]
09-03-2018 02:17:03 1520590623155 Metric[executor.[hz:async].queueSize=0]
09-03-2018 02:17:03 1520590623155 Metric[executor.[hz:client-query].queueSize=0]
09-03-2018 02:17:03 1520590623155 Metric[executor.[hz:client].queueSize=0]
09-03-2018 02:17:03 1520590623155 Metric[executor.[hz:cluster:event].queueSize=0]
09-03-2018 02:17:03 1520590623155 Metric[executor.[hz:cluster].queueSize=0]
09-03-2018 02:17:03 1520590623155 Metric[executor.[hz:offloadable].queueSize=0]
09-03-2018 02:17:03 1520590623155 Metric[executor.[hz:scheduled:cqc:c9ed2122-cf63-406f-acda-3c0fdfb061d5].queueSize=0]
09-03-2018 02:17:03 1520590623155 Metric[executor.[hz:scheduled].queueSize=0]
09-03-2018 02:17:03 1520590623155 Metric[executor.[hz:system].queueSize=0]
09-03-2018 02:17:03 1520590623155 Metric[file.partition[user.home].freeSpace=157582757888]
09-03-2018 02:17:03 1520590623155 Metric[file.partition[user.home].totalSpace=249664372736]
09-03-2018 02:17:03 1520590623155 Metric[file.partition[user.home].usableSpace=157320613888]
09-03-2018 02:17:03 1520590623155 Metric[gc.majorCount=2]
09-03-2018 02:17:03 1520590623155 Metric[gc.majorTime=86]
09-03-2018 02:17:03 1520590623155 Metric[gc.minorCount=9]
09-03-2018 02:17:03 1520590623155 Metric[gc.minorTime=57]
09-03-2018 02:17:03 1520590623155 Metric[gc.unknownCount=0]
09-03-2018 02:17:03 1520590623155 Metric[gc.unknownTime=0]
09-03-2018 02:17:03 1520590623155 Metric[operation.callTimeoutCount=0]
09-03-2018 02:17:03 1520590623155 Metric[operation.completedCount=0]
09-03-2018 02:17:03 1520590623155 Metric[operation.failedBackups=0]
09-03-2018 02:17:03 1520590623155 Metric[operation.invocations.backupTimeouts=0]
09-03-2018 02:17:03 1520590623155 Metric[operation.invocations.normalTimeouts=0]
09-03-2018 02:17:03 1520590623155 Metric[operation.invocations.pending=0]
09-03-2018 02:17:03 1520590623155 Metric[operation.invocations.responses[backup]=0]
09-03-2018 02:17:03 1520590623155 Metric[operation.invocations.responses[error]=0]
09-03-2018 02:17:03 1520590623155 Metric[operation.invocations.responses[missing]=0]
09-03-2018 02:17:03 1520590623155 Metric[operation.invocations.responses[normal]=0]
09-03-2018 02:17:03 1520590623155 Metric[operation.invocations.responses[timeout]=0]
09-03-2018 02:17:03 1520590623155 Metric[operation.operationTimeoutCount=0]
09-03-2018 02:17:03 1520590623155 Metric[operation.priorityQueueSize=0]
09-03-2018 02:17:03 1520590623155 Metric[operation.queueSize=0]
09-03-2018 02:17:03 1520590623155 Metric[operation.responseQueueSize=0]
09-03-2018 02:17:03 1520590623155 Metric[operation.retryCount=0]
09-03-2018 02:17:03 1520590623155 Metric[os.committedVirtualMemorySize=8690552832]
09-03-2018 02:17:03 1520590623155 Metric[os.freePhysicalMemorySize=294211584]
09-03-2018 02:17:03 1520590623155 Metric[os.freeSwapSpaceSize=970457088]
09-03-2018 02:17:03 1520590623155 Metric[os.maxFileDescriptorCount=10240]
09-03-2018 02:17:03 1520590623155 Metric[os.openFileDescriptorCount=105]
09-03-2018 02:17:03 1520590623155 Metric[os.processCpuLoad=5.427983335973479]
09-03-2018 02:17:03 1520590623155 Metric[os.processCpuTime=16077173000]
09-03-2018 02:17:03 1520590623155 Metric[os.systemCpuLoad=14.872852233676975]
09-03-2018 02:17:03 1520590623155 Metric[os.systemLoadAverage=2.4091796875]
09-03-2018 02:17:03 1520590623155 Metric[os.totalPhysicalMemorySize=17179869184]
09-03-2018 02:17:03 1520590623155 Metric[os.totalSwapSpaceSize=1073741824]
09-03-2018 02:17:03 1520590623155 Metric[proxy.createdCount=0]
09-03-2018 02:17:03 1520590623155 Metric[proxy.destroyedCount=0]
09-03-2018 02:17:03 1520590623155 Metric[runtime.availableProcessors=8]
09-03-2018 02:17:03 1520590623155 Metric[runtime.freeMemory=424655752]
09-03-2018 02:17:03 1520590623155 Metric[runtime.maxMemory=3817865216]
09-03-2018 02:17:03 1520590623155 Metric[runtime.totalMemory=638058496]
09-03-2018 02:17:03 1520590623155 Metric[runtime.uptime=22676]
09-03-2018 02:17:03 1520590623155 Metric[runtime.usedMemory=213402744]
09-03-2018 02:17:03 1520590623155 Metric[tcp.connection.acceptedSocketCount=0]
09-03-2018 02:17:03 1520590623155 Metric[tcp.connection.activeCount=0]
09-03-2018 02:17:03 1520590623155 Metric[tcp.connection.clientCount=0]
09-03-2018 02:17:03 1520590623155 Metric[tcp.connection.count=0]
09-03-2018 02:17:03 1520590623155 Metric[tcp.connection.textCount=0]
09-03-2018 02:17:03 1520590623155 Metric[thread.daemonThreadCount=42]
09-03-2018 02:17:03 1520590623155 Metric[thread.peakThreadCount=54]
09-03-2018 02:17:03 1520590623155 Metric[thread.threadCount=54]
09-03-2018 02:17:03 1520590623155 Metric[thread.totalStartedThreadCount=56]
09-03-2018 02:17:03 1520590623155 Metric[transactions.commitCount=0]
09-03-2018 02:17:03 1520590623155 Metric[transactions.rollbackCount=0]
09-03-2018 02:17:03 1520590623155 Metric[transactions.startCount=0]
09-03-2018 02:17:03 1520590623157 SlowOperations[]
09-03-2018 02:17:03 1520590623157 HazelcastInstance[
                          thisAddress=[192.168.0.210]:5701
                          isRunning=true
                          isLite=false
                          joined=false
                          nodeState=null
                          clusterId=null
                          clusterSize=1
                          isMaster=false
                          masterAddress=null
                          Members[
                                  [192.168.0.210]:5701]]
09-03-2018 02:17:03 1520590623157 ClusterVersionChanged[
                          3.9]
09-03-2018 02:17:04 1520590624161 Lifecycle[
                          STARTING]
09-03-2018 02:17:04 1520590624161 MemberAdded[
                          member=[192.168.0.210]:5701
                          Members[
                                  [192.168.0.210]:5701:this:master]]
09-03-2018 02:17:09 1520590629308 ClusterVersionChanged[
                          3.9]
09-03-2018 02:17:09 1520590629308 Lifecycle[
                          STARTED]
09-03-2018 02:18:03 1520590683157 Metric[classloading.loadedClassesCount=11322]
09-03-2018 02:18:03 1520590683157 Metric[classloading.totalLoadedClassesCount=11322]
09-03-2018 02:18:03 1520590683157 Metric[classloading.unloadedClassCount=0]
09-03-2018 02:18:03 1520590683157 Metric[client.endpoint.count=0]
09-03-2018 02:18:03 1520590683157 Metric[client.endpoint.totalRegistrations=0]
09-03-2018 02:18:03 1520590683157 Metric[cluster.clock.clusterTimeDiff=0]
09-03-2018 02:18:03 1520590683157 Metric[cluster.clock.maxClusterTimeDiff=0]
09-03-2018 02:18:03 1520590683157 Metric[event.eventQueueSize=0]
09-03-2018 02:18:03 1520590683157 Metric[event.eventsProcessed=14]
09-03-2018 02:18:03 1520590683157 Metric[executor.[hz:async].queueSize=0]
09-03-2018 02:18:03 1520590683157 Metric[executor.[hz:client-query].queueSize=0]
09-03-2018 02:18:03 1520590683157 Metric[executor.[hz:client].queueSize=0]
09-03-2018 02:18:03 1520590683157 Metric[executor.[hz:cluster:event].queueSize=0]
09-03-2018 02:18:03 1520590683157 Metric[executor.[hz:cluster].queueSize=0]
09-03-2018 02:18:03 1520590683157 Metric[executor.[hz:offloadable].queueSize=0]
09-03-2018 02:18:03 1520590683157 Metric[executor.[hz:scheduled:cqc:c9ed2122-cf63-406f-acda-3c0fdfb061d5].queueSize=0]
09-03-2018 02:18:03 1520590683157 Metric[executor.[hz:scheduled].queueSize=0]
09-03-2018 02:18:03 1520590683157 Metric[executor.[hz:system].queueSize=0]
09-03-2018 02:18:03 1520590683157 Metric[file.partition[user.home].freeSpace=157583482880]
09-03-2018 02:18:03 1520590683157 Metric[file.partition[user.home].totalSpace=249664372736]
09-03-2018 02:18:03 1520590683157 Metric[file.partition[user.home].usableSpace=157321338880]
09-03-2018 02:18:03 1520590683157 Metric[gc.majorCount=2]
09-03-2018 02:18:03 1520590683157 Metric[gc.majorTime=86]
09-03-2018 02:18:03 1520590683157 Metric[gc.minorCount=10]
09-03-2018 02:18:03 1520590683157 Metric[gc.minorTime=89]
09-03-2018 02:18:03 1520590683157 Metric[gc.unknownCount=0]
09-03-2018 02:18:03 1520590683157 Metric[gc.unknownTime=0]
09-03-2018 02:18:03 1520590683157 Metric[operation.callTimeoutCount=0]
09-03-2018 02:18:03 1520590683157 Metric[operation.completedCount=1]
09-03-2018 02:18:03 1520590683157 Metric[operation.failedBackups=0]
09-03-2018 02:18:03 1520590683157 Metric[operation.invocations.backupTimeouts=0]
09-03-2018 02:18:03 1520590683157 Metric[operation.invocations.normalTimeouts=0]
09-03-2018 02:18:03 1520590683157 Metric[operation.invocations.pending=0]
09-03-2018 02:18:03 1520590683157 Metric[operation.invocations.responses[backup]=0]
09-03-2018 02:18:03 1520590683157 Metric[operation.invocations.responses[error]=0]
09-03-2018 02:18:03 1520590683157 Metric[operation.invocations.responses[missing]=0]
09-03-2018 02:18:03 1520590683157 Metric[operation.invocations.responses[normal]=0]
09-03-2018 02:18:03 1520590683157 Metric[operation.invocations.responses[timeout]=0]
09-03-2018 02:18:03 1520590683157 Metric[operation.operationTimeoutCount=0]
09-03-2018 02:18:03 1520590683157 Metric[operation.priorityQueueSize=0]
09-03-2018 02:18:03 1520590683157 Metric[operation.queueSize=0]
09-03-2018 02:18:03 1520590683157 Metric[operation.responseQueueSize=0]
09-03-2018 02:18:03 1520590683157 Metric[operation.retryCount=0]
09-03-2018 02:18:03 1520590683157 Metric[os.committedVirtualMemorySize=8764284928]
09-03-2018 02:18:03 1520590683157 Metric[os.freePhysicalMemorySize=301281280]
09-03-2018 02:18:03 1520590683157 Metric[os.freeSwapSpaceSize=970457088]
09-03-2018 02:18:03 1520590683157 Metric[os.maxFileDescriptorCount=10240]
09-03-2018 02:18:03 1520590683157 Metric[os.openFileDescriptorCount=143]
09-03-2018 02:18:03 1520590683157 Metric[os.processCpuLoad=0.1748968096325732]
09-03-2018 02:18:03 1520590683157 Metric[os.processCpuTime=28677174000]
09-03-2018 02:18:03 1520590683157 Metric[os.systemCpuLoad=6.606235407224283]
09-03-2018 02:18:03 1520590683157 Metric[os.systemLoadAverage=2.44189453125]
09-03-2018 02:18:03 1520590683157 Metric[os.totalPhysicalMemorySize=17179869184]
09-03-2018 02:18:03 1520590683157 Metric[os.totalSwapSpaceSize=1073741824]
09-03-2018 02:18:03 1520590683157 Metric[proxy.createdCount=0]
09-03-2018 02:18:03 1520590683157 Metric[proxy.destroyedCount=0]
09-03-2018 02:18:03 1520590683157 Metric[runtime.availableProcessors=8]
09-03-2018 02:18:03 1520590683157 Metric[runtime.freeMemory=738107040]
09-03-2018 02:18:03 1520590683157 Metric[runtime.maxMemory=3817865216]
09-03-2018 02:18:03 1520590683157 Metric[runtime.totalMemory=835190784]
09-03-2018 02:18:03 1520590683157 Metric[runtime.uptime=82677]
09-03-2018 02:18:03 1520590683157 Metric[runtime.usedMemory=97083744]
09-03-2018 02:18:03 1520590683157 Metric[tcp.connection.acceptedSocketCount=0]
09-03-2018 02:18:03 1520590683157 Metric[tcp.connection.activeCount=0]
09-03-2018 02:18:03 1520590683157 Metric[tcp.connection.clientCount=0]
09-03-2018 02:18:03 1520590683157 Metric[tcp.connection.count=0]
09-03-2018 02:18:03 1520590683157 Metric[tcp.connection.textCount=0]
09-03-2018 02:18:03 1520590683157 Metric[thread.daemonThreadCount=69]
09-03-2018 02:18:03 1520590683157 Metric[thread.peakThreadCount=94]
09-03-2018 02:18:03 1520590683157 Metric[thread.threadCount=89]
09-03-2018 02:18:03 1520590683157 Metric[thread.totalStartedThreadCount=98]
09-03-2018 02:18:03 1520590683157 Metric[transactions.commitCount=0]
09-03-2018 02:18:03 1520590683157 Metric[transactions.rollbackCount=0]
09-03-2018 02:18:03 1520590683157 Metric[transactions.startCount=0]
09-03-2018 02:18:03 1520590683158 SlowOperations[]
09-03-2018 02:18:03 1520590683158 HazelcastInstance[
                          thisAddress=[192.168.0.210]:5701
                          isRunning=true
                          isLite=false
                          joined=true
                          nodeState=ACTIVE
                          clusterId=383e4746-1cca-4118-8029-b7dd7a0ac278
                          clusterSize=1
                          isMaster=true
                          masterAddress=[192.168.0.210]:5701
                          Members[
                                  [192.168.0.210]:5701]]
09-03-2018 02:19:03 1520590743156 Metric[classloading.loadedClassesCount=11381]
09-03-2018 02:19:03 1520590743156 Metric[classloading.totalLoadedClassesCount=11381]
09-03-2018 02:19:03 1520590743156 Metric[classloading.unloadedClassCount=0]
09-03-2018 02:19:03 1520590743156 Metric[client.endpoint.count=0]
09-03-2018 02:19:03 1520590743156 Metric[client.endpoint.totalRegistrations=0]
09-03-2018 02:19:03 1520590743156 Metric[cluster.clock.clusterTimeDiff=0]
09-03-2018 02:19:03 1520590743156 Metric[cluster.clock.maxClusterTimeDiff=0]
09-03-2018 02:19:03 1520590743156 Metric[event.eventQueueSize=0]
09-03-2018 02:19:03 1520590743156 Metric[event.eventsProcessed=19]
09-03-2018 02:19:03 1520590743156 Metric[executor.[hz:async].queueSize=0]
09-03-2018 02:19:03 1520590743156 Metric[executor.[hz:client-query].queueSize=0]
09-03-2018 02:19:03 1520590743156 Metric[executor.[hz:client].queueSize=0]
09-03-2018 02:19:03 1520590743156 Metric[executor.[hz:cluster:event].queueSize=0]
09-03-2018 02:19:03 1520590743156 Metric[executor.[hz:cluster].queueSize=0]
09-03-2018 02:19:03 1520590743156 Metric[executor.[hz:offloadable].queueSize=0]
09-03-2018 02:19:03 1520590743156 Metric[executor.[hz:scheduled:cqc:c9ed2122-cf63-406f-acda-3c0fdfb061d5].queueSize=0]
09-03-2018 02:19:03 1520590743156 Metric[executor.[hz:scheduled].queueSize=0]
09-03-2018 02:19:03 1520590743156 Metric[executor.[hz:system].queueSize=0]
09-03-2018 02:19:03 1520590743156 Metric[file.partition[user.home].freeSpace=157582979072]
09-03-2018 02:19:03 1520590743156 Metric[file.partition[user.home].totalSpace=249664372736]
09-03-2018 02:19:03 1520590743156 Metric[file.partition[user.home].usableSpace=157320835072]
09-03-2018 02:19:03 1520590743156 Metric[gc.majorCount=2]
09-03-2018 02:19:03 1520590743156 Metric[gc.majorTime=86]
09-03-2018 02:19:03 1520590743156 Metric[gc.minorCount=10]
09-03-2018 02:19:03 1520590743156 Metric[gc.minorTime=89]
09-03-2018 02:19:03 1520590743156 Metric[gc.unknownCount=0]
09-03-2018 02:19:03 1520590743156 Metric[gc.unknownTime=0]
09-03-2018 02:19:03 1520590743156 Metric[operation.callTimeoutCount=0]
09-03-2018 02:19:03 1520590743156 Metric[operation.completedCount=1]
09-03-2018 02:19:03 1520590743156 Metric[operation.failedBackups=0]
09-03-2018 02:19:03 1520590743156 Metric[operation.invocations.backupTimeouts=0]
09-03-2018 02:19:03 1520590743156 Metric[operation.invocations.normalTimeouts=0]
09-03-2018 02:19:03 1520590743156 Metric[operation.invocations.pending=0]
09-03-2018 02:19:03 1520590743156 Metric[operation.invocations.responses[backup]=0]
09-03-2018 02:19:03 1520590743156 Metric[operation.invocations.responses[error]=0]
09-03-2018 02:19:03 1520590743156 Metric[operation.invocations.responses[missing]=0]
09-03-2018 02:19:03 1520590743156 Metric[operation.invocations.responses[normal]=0]
09-03-2018 02:19:03 1520590743156 Metric[operation.invocations.responses[timeout]=0]
09-03-2018 02:19:03 1520590743156 Metric[operation.operationTimeoutCount=0]
09-03-2018 02:19:03 1520590743156 Metric[operation.priorityQueueSize=0]
09-03-2018 02:19:03 1520590743156 Metric[operation.queueSize=0]
09-03-2018 02:19:03 1520590743156 Metric[operation.responseQueueSize=0]
09-03-2018 02:19:03 1520590743156 Metric[operation.retryCount=0]
09-03-2018 02:19:03 1520590743156 Metric[os.committedVirtualMemorySize=8757919744]
09-03-2018 02:19:03 1520590743156 Metric[os.freePhysicalMemorySize=154185728]
09-03-2018 02:19:03 1520590743156 Metric[os.freeSwapSpaceSize=970457088]
09-03-2018 02:19:03 1520590743156 Metric[os.maxFileDescriptorCount=10240]
09-03-2018 02:19:03 1520590743156 Metric[os.openFileDescriptorCount=144]
09-03-2018 02:19:03 1520590743156 Metric[os.processCpuLoad=0.18063610813225014]
09-03-2018 02:19:03 1520590743156 Metric[os.processCpuTime=29710170000]
09-03-2018 02:19:03 1520590743156 Metric[os.systemCpuLoad=8.159340659340659]
09-03-2018 02:19:03 1520590743156 Metric[os.systemLoadAverage=2.94091796875]
09-03-2018 02:19:03 1520590743156 Metric[os.totalPhysicalMemorySize=17179869184]
09-03-2018 02:19:03 1520590743156 Metric[os.totalSwapSpaceSize=1073741824]
09-03-2018 02:19:03 1520590743156 Metric[proxy.createdCount=0]
09-03-2018 02:19:03 1520590743156 Metric[proxy.destroyedCount=0]
09-03-2018 02:19:03 1520590743156 Metric[runtime.availableProcessors=8]
09-03-2018 02:19:03 1520590743156 Metric[runtime.freeMemory=714163712]
09-03-2018 02:19:03 1520590743156 Metric[runtime.maxMemory=3817865216]
09-03-2018 02:19:03 1520590743156 Metric[runtime.totalMemory=835190784]
09-03-2018 02:19:03 1520590743156 Metric[runtime.uptime=142677]
09-03-2018 02:19:03 1520590743156 Metric[runtime.usedMemory=121027072]
09-03-2018 02:19:03 1520590743156 Metric[tcp.connection.acceptedSocketCount=0]
09-03-2018 02:19:03 1520590743156 Metric[tcp.connection.activeCount=0]
09-03-2018 02:19:03 1520590743156 Metric[tcp.connection.clientCount=0]
09-03-2018 02:19:03 1520590743156 Metric[tcp.connection.count=0]
09-03-2018 02:19:03 1520590743156 Metric[tcp.connection.textCount=0]
09-03-2018 02:19:03 1520590743156 Metric[thread.daemonThreadCount=69]
09-03-2018 02:19:03 1520590743156 Metric[thread.peakThreadCount=94]
09-03-2018 02:19:03 1520590743156 Metric[thread.threadCount=83]
09-03-2018 02:19:03 1520590743156 Metric[thread.totalStartedThreadCount=98]
09-03-2018 02:19:03 1520590743156 Metric[transactions.commitCount=0]
09-03-2018 02:19:03 1520590743156 Metric[transactions.rollbackCount=0]
09-03-2018 02:19:03 1520590743156 Metric[transactions.startCount=0]
09-03-2018 02:19:03 1520590743163 SlowOperations[]
09-03-2018 02:19:03 1520590743163 HazelcastInstance[
                          thisAddress=[192.168.0.210]:5701
                          isRunning=true
                          isLite=false
                          joined=true
                          nodeState=ACTIVE
                          clusterId=383e4746-1cca-4118-8029-b7dd7a0ac278
                          clusterSize=1
                          isMaster=true
                          masterAddress=[192.168.0.210]:5701
                          Members[
                                  [192.168.0.210]:5701]]
09-03-2018 02:20:03 1520590803154 Metric[classloading.loadedClassesCount=11383]
09-03-2018 02:20:03 1520590803154 Metric[classloading.totalLoadedClassesCount=11383]
09-03-2018 02:20:03 1520590803154 Metric[classloading.unloadedClassCount=0]
09-03-2018 02:20:03 1520590803154 Metric[client.endpoint.count=0]
09-03-2018 02:20:03 1520590803154 Metric[client.endpoint.totalRegistrations=0]
09-03-2018 02:20:03 1520590803154 Metric[cluster.clock.clusterTimeDiff=0]
09-03-2018 02:20:03 1520590803154 Metric[cluster.clock.maxClusterTimeDiff=0]
09-03-2018 02:20:03 1520590803154 Metric[event.eventQueueSize=0]
09-03-2018 02:20:03 1520590803154 Metric[event.eventsProcessed=24]
09-03-2018 02:20:03 1520590803154 Metric[executor.[hz:async].queueSize=0]
09-03-2018 02:20:03 1520590803154 Metric[executor.[hz:client-query].queueSize=0]
09-03-2018 02:20:03 1520590803154 Metric[executor.[hz:client].queueSize=0]
09-03-2018 02:20:03 1520590803154 Metric[executor.[hz:cluster:event].queueSize=0]
09-03-2018 02:20:03 1520590803154 Metric[executor.[hz:cluster].queueSize=0]
09-03-2018 02:20:03 1520590803154 Metric[executor.[hz:offloadable].queueSize=0]
09-03-2018 02:20:03 1520590803154 Metric[executor.[hz:scheduled:cqc:c9ed2122-cf63-406f-acda-3c0fdfb061d5].queueSize=0]
09-03-2018 02:20:03 1520590803154 Metric[executor.[hz:scheduled].queueSize=0]
09-03-2018 02:20:03 1520590803154 Metric[executor.[hz:system].queueSize=0]
09-03-2018 02:20:03 1520590803154 Metric[file.partition[user.home].freeSpace=157582888960]
09-03-2018 02:20:03 1520590803154 Metric[file.partition[user.home].totalSpace=249664372736]
09-03-2018 02:20:03 1520590803154 Metric[file.partition[user.home].usableSpace=157320744960]
09-03-2018 02:20:03 1520590803154 Metric[gc.majorCount=2]
09-03-2018 02:20:03 1520590803154 Metric[gc.majorTime=86]
09-03-2018 02:20:03 1520590803154 Metric[gc.minorCount=10]
09-03-2018 02:20:03 1520590803154 Metric[gc.minorTime=89]
09-03-2018 02:20:03 1520590803154 Metric[gc.unknownCount=0]
09-03-2018 02:20:03 1520590803154 Metric[gc.unknownTime=0]
09-03-2018 02:20:03 1520590803154 Metric[operation.callTimeoutCount=0]
09-03-2018 02:20:03 1520590803154 Metric[operation.completedCount=1]
09-03-2018 02:20:03 1520590803154 Metric[operation.failedBackups=0]
09-03-2018 02:20:03 1520590803154 Metric[operation.invocations.backupTimeouts=0]
09-03-2018 02:20:03 1520590803154 Metric[operation.invocations.normalTimeouts=0]
09-03-2018 02:20:03 1520590803154 Metric[operation.invocations.pending=0]
09-03-2018 02:20:03 1520590803154 Metric[operation.invocations.responses[backup]=0]
09-03-2018 02:20:03 1520590803154 Metric[operation.invocations.responses[error]=0]
09-03-2018 02:20:03 1520590803154 Metric[operation.invocations.responses[missing]=0]
09-03-2018 02:20:03 1520590803154 Metric[operation.invocations.responses[normal]=0]
09-03-2018 02:20:03 1520590803154 Metric[operation.invocations.responses[timeout]=0]
09-03-2018 02:20:03 1520590803154 Metric[operation.operationTimeoutCount=0]
09-03-2018 02:20:03 1520590803154 Metric[operation.priorityQueueSize=0]
09-03-2018 02:20:03 1520590803154 Metric[operation.queueSize=0]
09-03-2018 02:20:03 1520590803154 Metric[operation.responseQueueSize=0]
09-03-2018 02:20:03 1520590803154 Metric[operation.retryCount=0]
09-03-2018 02:20:03 1520590803154 Metric[os.committedVirtualMemorySize=8759091200]
09-03-2018 02:20:03 1520590803154 Metric[os.freePhysicalMemorySize=165068800]
09-03-2018 02:20:03 1520590803154 Metric[os.freeSwapSpaceSize=970457088]
09-03-2018 02:20:03 1520590803154 Metric[os.maxFileDescriptorCount=10240]
09-03-2018 02:20:03 1520590803154 Metric[os.openFileDescriptorCount=141]
09-03-2018 02:20:03 1520590803154 Metric[os.processCpuLoad=0.2163224266912293]
09-03-2018 02:20:03 1520590803154 Metric[os.processCpuTime=30557492000]
09-03-2018 02:20:03 1520590803154 Metric[os.systemCpuLoad=10.626890294198516]
09-03-2018 02:20:03 1520590803154 Metric[os.systemLoadAverage=2.283203125]
09-03-2018 02:20:03 1520590803154 Metric[os.totalPhysicalMemorySize=17179869184]
09-03-2018 02:20:03 1520590803154 Metric[os.totalSwapSpaceSize=1073741824]
09-03-2018 02:20:03 1520590803154 Metric[proxy.createdCount=0]
09-03-2018 02:20:03 1520590803154 Metric[proxy.destroyedCount=0]
09-03-2018 02:20:03 1520590803154 Metric[runtime.availableProcessors=8]
09-03-2018 02:20:03 1520590803154 Metric[runtime.freeMemory=705892776]
09-03-2018 02:20:03 1520590803154 Metric[runtime.maxMemory=3817865216]
09-03-2018 02:20:03 1520590803154 Metric[runtime.totalMemory=835190784]
09-03-2018 02:20:03 1520590803154 Metric[runtime.uptime=202675]
09-03-2018 02:20:03 1520590803154 Metric[runtime.usedMemory=129298008]
09-03-2018 02:20:03 1520590803154 Metric[tcp.connection.acceptedSocketCount=0]
09-03-2018 02:20:03 1520590803154 Metric[tcp.connection.activeCount=0]
09-03-2018 02:20:03 1520590803154 Metric[tcp.connection.clientCount=0]
09-03-2018 02:20:03 1520590803154 Metric[tcp.connection.count=0]
09-03-2018 02:20:03 1520590803154 Metric[tcp.connection.textCount=0]
09-03-2018 02:20:03 1520590803154 Metric[thread.daemonThreadCount=69]
09-03-2018 02:20:03 1520590803154 Metric[thread.peakThreadCount=94]
09-03-2018 02:20:03 1520590803154 Metric[thread.threadCount=83]
09-03-2018 02:20:03 1520590803154 Metric[thread.totalStartedThreadCount=98]
09-03-2018 02:20:03 1520590803154 Metric[transactions.commitCount=0]
09-03-2018 02:20:03 1520590803154 Metric[transactions.rollbackCount=0]
09-03-2018 02:20:03 1520590803154 Metric[transactions.startCount=0]
09-03-2018 02:20:03 1520590803156 SlowOperations[]
09-03-2018 02:20:03 1520590803156 HazelcastInstance[
                          thisAddress=[192.168.0.210]:5701
                          isRunning=true
                          isLite=false
                          joined=true
                          nodeState=ACTIVE
                          clusterId=383e4746-1cca-4118-8029-b7dd7a0ac278
                          clusterSize=1
                          isMaster=true
                          masterAddress=[192.168.0.210]:5701
                          Members[
                                  [192.168.0.210]:5701]]
09-03-2018 02:21:03 1520590863154 Metric[classloading.loadedClassesCount=11383]
09-03-2018 02:21:03 1520590863154 Metric[classloading.totalLoadedClassesCount=11383]
09-03-2018 02:21:03 1520590863154 Metric[classloading.unloadedClassCount=0]
09-03-2018 02:21:03 1520590863154 Metric[client.endpoint.count=0]
09-03-2018 02:21:03 1520590863154 Metric[client.endpoint.totalRegistrations=0]
09-03-2018 02:21:03 1520590863154 Metric[cluster.clock.clusterTimeDiff=0]
09-03-2018 02:21:03 1520590863154 Metric[cluster.clock.maxClusterTimeDiff=0]
09-03-2018 02:21:03 1520590863154 Metric[event.eventQueueSize=0]
09-03-2018 02:21:03 1520590863154 Metric[event.eventsProcessed=29]
09-03-2018 02:21:03 1520590863154 Metric[executor.[hz:async].queueSize=0]
09-03-2018 02:21:03 1520590863154 Metric[executor.[hz:client-query].queueSize=0]
09-03-2018 02:21:03 1520590863154 Metric[executor.[hz:client].queueSize=0]
09-03-2018 02:21:03 1520590863154 Metric[executor.[hz:cluster:event].queueSize=0]
09-03-2018 02:21:03 1520590863154 Metric[executor.[hz:cluster].queueSize=0]
09-03-2018 02:21:03 1520590863154 Metric[executor.[hz:offloadable].queueSize=0]
09-03-2018 02:21:03 1520590863154 Metric[executor.[hz:scheduled:cqc:c9ed2122-cf63-406f-acda-3c0fdfb061d5].queueSize=0]
09-03-2018 02:21:03 1520590863154 Metric[executor.[hz:scheduled].queueSize=0]
09-03-2018 02:21:03 1520590863154 Metric[executor.[hz:system].queueSize=0]
09-03-2018 02:21:03 1520590863154 Metric[file.partition[user.home].freeSpace=157582811136]
09-03-2018 02:21:03 1520590863154 Metric[file.partition[user.home].totalSpace=249664372736]
09-03-2018 02:21:03 1520590863154 Metric[file.partition[user.home].usableSpace=157320667136]
09-03-2018 02:21:03 1520590863154 Metric[gc.majorCount=2]
09-03-2018 02:21:03 1520590863154 Metric[gc.majorTime=86]
09-03-2018 02:21:03 1520590863154 Metric[gc.minorCount=10]
09-03-2018 02:21:03 1520590863154 Metric[gc.minorTime=89]
09-03-2018 02:21:03 1520590863154 Metric[gc.unknownCount=0]
09-03-2018 02:21:03 1520590863154 Metric[gc.unknownTime=0]
09-03-2018 02:21:03 1520590863154 Metric[operation.callTimeoutCount=0]
09-03-2018 02:21:03 1520590863154 Metric[operation.completedCount=1]
09-03-2018 02:21:03 1520590863154 Metric[operation.failedBackups=0]
09-03-2018 02:21:03 1520590863154 Metric[operation.invocations.backupTimeouts=0]
09-03-2018 02:21:03 1520590863154 Metric[operation.invocations.normalTimeouts=0]
09-03-2018 02:21:03 1520590863154 Metric[operation.invocations.pending=0]
09-03-2018 02:21:03 1520590863154 Metric[operation.invocations.responses[backup]=0]
09-03-2018 02:21:03 1520590863154 Metric[operation.invocations.responses[error]=0]
09-03-2018 02:21:03 1520590863154 Metric[operation.invocations.responses[missing]=0]
09-03-2018 02:21:03 1520590863154 Metric[operation.invocations.responses[normal]=0]
09-03-2018 02:21:03 1520590863154 Metric[operation.invocations.responses[timeout]=0]
09-03-2018 02:21:03 1520590863154 Metric[operation.operationTimeoutCount=0]
09-03-2018 02:21:03 1520590863154 Metric[operation.priorityQueueSize=0]
09-03-2018 02:21:03 1520590863154 Metric[operation.queueSize=0]
09-03-2018 02:21:03 1520590863154 Metric[operation.responseQueueSize=0]
09-03-2018 02:21:03 1520590863154 Metric[operation.retryCount=0]
09-03-2018 02:21:03 1520590863154 Metric[os.committedVirtualMemorySize=8759091200]
09-03-2018 02:21:03 1520590863154 Metric[os.freePhysicalMemorySize=128593920]
09-03-2018 02:21:03 1520590863154 Metric[os.freeSwapSpaceSize=970457088]
09-03-2018 02:21:03 1520590863154 Metric[os.maxFileDescriptorCount=10240]
09-03-2018 02:21:03 1520590863154 Metric[os.openFileDescriptorCount=141]
09-03-2018 02:21:03 1520590863154 Metric[os.processCpuLoad=0.14180054032650596]
09-03-2018 02:21:03 1520590863154 Metric[os.processCpuTime=31191254000]
09-03-2018 02:21:03 1520590863154 Metric[os.systemCpuLoad=9.625154469312097]
09-03-2018 02:21:03 1520590863154 Metric[os.systemLoadAverage=2.25048828125]
09-03-2018 02:21:03 1520590863154 Metric[os.totalPhysicalMemorySize=17179869184]
09-03-2018 02:21:03 1520590863154 Metric[os.totalSwapSpaceSize=1073741824]
09-03-2018 02:21:03 1520590863154 Metric[proxy.createdCount=0]
09-03-2018 02:21:03 1520590863154 Metric[proxy.destroyedCount=0]
09-03-2018 02:21:03 1520590863154 Metric[runtime.availableProcessors=8]
09-03-2018 02:21:03 1520590863154 Metric[runtime.freeMemory=700047584]
09-03-2018 02:21:03 1520590863154 Metric[runtime.maxMemory=3817865216]
09-03-2018 02:21:03 1520590863154 Metric[runtime.totalMemory=835190784]
09-03-2018 02:21:03 1520590863154 Metric[runtime.uptime=262674]
09-03-2018 02:21:03 1520590863154 Metric[runtime.usedMemory=135143200]
09-03-2018 02:21:03 1520590863154 Metric[tcp.connection.acceptedSocketCount=0]
09-03-2018 02:21:03 1520590863154 Metric[tcp.connection.activeCount=0]
09-03-2018 02:21:03 1520590863154 Metric[tcp.connection.clientCount=0]
09-03-2018 02:21:03 1520590863154 Metric[tcp.connection.count=0]
09-03-2018 02:21:03 1520590863154 Metric[tcp.connection.textCount=0]
09-03-2018 02:21:03 1520590863154 Metric[thread.daemonThreadCount=69]
09-03-2018 02:21:03 1520590863154 Metric[thread.peakThreadCount=94]
09-03-2018 02:21:03 1520590863154 Metric[thread.threadCount=83]
09-03-2018 02:21:03 1520590863154 Metric[thread.totalStartedThreadCount=99]
09-03-2018 02:21:03 1520590863154 Metric[transactions.commitCount=0]
09-03-2018 02:21:03 1520590863154 Metric[transactions.rollbackCount=0]
09-03-2018 02:21:03 1520590863154 Metric[transactions.startCount=0]
09-03-2018 02:21:03 1520590863155 SlowOperations[]
09-03-2018 02:21:03 1520590863155 HazelcastInstance[
                          thisAddress=[192.168.0.210]:5701
                          isRunning=true
                          isLite=false
                          joined=true
                          nodeState=ACTIVE
                          clusterId=383e4746-1cca-4118-8029-b7dd7a0ac278
                          clusterSize=1
                          isMaster=true
                          masterAddress=[192.168.0.210]:5701
                          Members[
                                  [192.168.0.210]:5701]]
