09-03-2018 01:31:30 1520587890627 BuildInfo[
                          Build=20180216
                          BuildNumber=20180216
                          Revision=539b124
                          Version=3.9.3
                          SerialVersion=1
                          Enterprise=false]
09-03-2018 01:31:30 1520587890627 SystemProperties[
                          hazelcast.diagnostics.enabled=true
                          java.class.path=/Library/Java/JavaVirtualMachines/jdk1.8.0_161.jdk/Contents/Home/jre/lib/charsets.jar:/Library/Java/JavaVirtualMachines/jdk1.8.0_161.jdk/Contents/Home/jre/lib/deploy.jar:/Library/Java/JavaVirtualMachines/jdk1.8.0_161.jdk/Contents/Home/jre/lib/ext/cldrdata.jar:/Library/Java/JavaVirtualMachines/jdk1.8.0_161.jdk/Contents/Home/jre/lib/ext/dnsns.jar:/Library/Java/JavaVirtualMachines/jdk1.8.0_161.jdk/Contents/Home/jre/lib/ext/jaccess.jar:/Library/Java/JavaVirtualMachines/jdk1.8.0_161.jdk/Contents/Home/jre/lib/ext/jfxrt.jar:/Library/Java/JavaVirtualMachines/jdk1.8.0_161.jdk/Contents/Home/jre/lib/ext/localedata.jar:/Library/Java/JavaVirtualMachines/jdk1.8.0_161.jdk/Contents/Home/jre/lib/ext/nashorn.jar:/Library/Java/JavaVirtualMachines/jdk1.8.0_161.jdk/Contents/Home/jre/lib/ext/sunec.jar:/Library/Java/JavaVirtualMachines/jdk1.8.0_161.jdk/Contents/Home/jre/lib/ext/sunjce_provider.jar:/Library/Java/JavaVirtualMachines/jdk1.8.0_161.jdk/Contents/Home/jre/lib/ext/sunpkcs11.jar:/Library/Java/JavaVirtualMachines/jdk1.8.0_161.jdk/Contents/Home/jre/lib/ext/zipfs.jar:/Library/Java/JavaVirtualMachines/jdk1.8.0_161.jdk/Contents/Home/jre/lib/javaws.jar:/Library/Java/JavaVirtualMachines/jdk1.8.0_161.jdk/Contents/Home/jre/lib/jce.jar:/Library/Java/JavaVirtualMachines/jdk1.8.0_161.jdk/Contents/Home/jre/lib/jfr.jar:/Library/Java/JavaVirtualMachines/jdk1.8.0_161.jdk/Contents/Home/jre/lib/jfxswt.jar:/Library/Java/JavaVirtualMachines/jdk1.8.0_161.jdk/Contents/Home/jre/lib/jsse.jar:/Library/Java/JavaVirtualMachines/jdk1.8.0_161.jdk/Contents/Home/jre/lib/management-agent.jar:/Library/Java/JavaVirtualMachines/jdk1.8.0_161.jdk/Contents/Home/jre/lib/plugin.jar:/Library/Java/JavaVirtualMachines/jdk1.8.0_161.jdk/Contents/Home/jre/lib/resources.jar:/Library/Java/JavaVirtualMachines/jdk1.8.0_161.jdk/Contents/Home/jre/lib/rt.jar:/Library/Java/JavaVirtualMachines/jdk1.8.0_161.jdk/Contents/Home/lib/ant-javafx.jar:/Library/Java/JavaVirtualMachines/jdk1.8.0_161.jdk/Contents/Home/lib/dt.jar:/Library/Java/JavaVirtualMachines/jdk1.8.0_161.jdk/Contents/Home/lib/javafx-mx.jar:/Library/Java/JavaVirtualMachines/jdk1.8.0_161.jdk/Contents/Home/lib/jconsole.jar:/Library/Java/JavaVirtualMachines/jdk1.8.0_161.jdk/Contents/Home/lib/packager.jar:/Library/Java/JavaVirtualMachines/jdk1.8.0_161.jdk/Contents/Home/lib/sa-jdi.jar:/Library/Java/JavaVirtualMachines/jdk1.8.0_161.jdk/Contents/Home/lib/tools.jar:/Users/kpsoi/Downloads/ShinyProxyHA/target/classes:/Users/kpsoi/.m2/repository/org/springframework/boot/spring-boot-starter-thymeleaf/1.5.3.RELEASE/spring-boot-starter-thymeleaf-1.5.3.RELEASE.jar:/Users/kpsoi/.m2/repository/org/springframework/boot/spring-boot-starter/1.5.3.RELEASE/spring-boot-starter-1.5.3.RELEASE.jar:/Users/kpsoi/.m2/repository/org/springframework/boot/spring-boot-starter-logging/1.5.3.RELEASE/spring-boot-starter-logging-1.5.3.RELEASE.jar:/Users/kpsoi/.m2/repository/ch/qos/logback/logback-classic/1.1.11/logback-classic-1.1.11.jar:/Users/kpsoi/.m2/repository/ch/qos/logback/logback-core/1.1.11/logback-core-1.1.11.jar:/Users/kpsoi/.m2/repository/org/slf4j/jcl-over-slf4j/1.7.25/jcl-over-slf4j-1.7.25.jar:/Users/kpsoi/.m2/repository/org/slf4j/jul-to-slf4j/1.7.25/jul-to-slf4j-1.7.25.jar:/Users/kpsoi/.m2/repository/org/slf4j/log4j-over-slf4j/1.7.25/log4j-over-slf4j-1.7.25.jar:/Users/kpsoi/.m2/repository/org/yaml/snakeyaml/1.17/snakeyaml-1.17.jar:/Users/kpsoi/.m2/repository/org/springframework/boot/spring-boot-starter-web/1.5.3.RELEASE/spring-boot-starter-web-1.5.3.RELEASE.jar:/Users/kpsoi/.m2/repository/org/springframework/boot/spring-boot-starter-tomcat/1.5.3.RELEASE/spring-boot-starter-tomcat-1.5.3.RELEASE.jar:/Users/kpsoi/.m2/repository/org/apache/tomcat/embed/tomcat-embed-core/8.5.14/tomcat-embed-core-8.5.14.jar:/Users/kpsoi/.m2/repository/org/apache/tomcat/embed/tomcat-embed-el/8.5.14/tomcat-embed-el-8.5.14.jar:/Users/kpsoi/.m2/repository/org/apache/tomcat/embed/tomcat-embed-websocket/8.5.14/tomcat-embed-websocket-8.5.14.jar:/Users/kpsoi/.m2/repository/org/hibernate/hibernate-validator/5.3.5.Final/hibernate-validator-5.3.5.Final.jar:/Users/kpsoi/.m2/repository/javax/validation/validation-api/1.1.0.Final/validation-api-1.1.0.Final.jar:/Users/kpsoi/.m2/repository/org/jboss/logging/jboss-logging/3.3.1.Final/jboss-logging-3.3.1.Final.jar:/Users/kpsoi/.m2/repository/com/fasterxml/classmate/1.3.3/classmate-1.3.3.jar:/Users/kpsoi/.m2/repository/com/fasterxml/jackson/core/jackson-databind/2.8.8/jackson-databind-2.8.8.jar:/Users/kpsoi/.m2/repository/com/fasterxml/jackson/core/jackson-annotations/2.8.0/jackson-annotations-2.8.0.jar:/Users/kpsoi/.m2/repository/com/fasterxml/jackson/core/jackson-core/2.8.8/jackson-core-2.8.8.jar:/Users/kpsoi/.m2/repository/org/springframework/spring-web/4.3.8.RELEASE/spring-web-4.3.8.RELEASE.jar:/Users/kpsoi/.m2/repository/org/springframework/spring-webmvc/4.3.8.RELEASE/spring-webmvc-4.3.8.RELEASE.jar:/Users/kpsoi/.m2/repository/org/thymeleaf/thymeleaf-spring4/2.1.5.RELEASE/thymeleaf-spring4-2.1.5.RELEASE.jar:/Users/kpsoi/.m2/repository/org/thymeleaf/thymeleaf/2.1.5.RELEASE/thymeleaf-2.1.5.RELEASE.jar:/Users/kpsoi/.m2/repository/ognl/ognl/3.0.8/ognl-3.0.8.jar:/Users/kpsoi/.m2/repository/org/javassist/javassist/3.21.0-GA/javassist-3.21.0-GA.jar:/Users/kpsoi/.m2/repository/org/unbescape/unbescape/1.1.0.RELEASE/unbescape-1.1.0.RELEASE.jar:/Users/kpsoi/.m2/repository/nz/net/ultraq/thymeleaf/thymeleaf-layout-dialect/1.4.0/thymeleaf-layout-dialect-1.4.0.jar:/Users/kpsoi/.m2/repository/org/codehaus/groovy/groovy/2.4.10/groovy-2.4.10.jar:/Users/kpsoi/.m2/repository/org/springframework/boot/spring-boot-starter-security/1.5.3.RELEASE/spring-boot-starter-security-1.5.3.RELEASE.jar:/Users/kpsoi/.m2/repository/org/springframework/spring-aop/4.3.8.RELEASE/spring-aop-4.3.8.RELEASE.jar:/Users/kpsoi/.m2/repository/org/springframework/spring-beans/4.3.8.RELEASE/spring-beans-4.3.8.RELEASE.jar:/Users/kpsoi/.m2/repository/org/springframework/security/spring-security-config/4.2.2.RELEASE/spring-security-config-4.2.2.RELEASE.jar:/Users/kpsoi/.m2/repository/org/springframework/spring-context/4.3.8.RELEASE/spring-context-4.3.8.RELEASE.jar:/Users/kpsoi/.m2/repository/org/springframework/security/spring-security-web/4.2.2.RELEASE/spring-security-web-4.2.2.RELEASE.jar:/Users/kpsoi/.m2/repository/org/springframework/spring-expression/4.3.8.RELEASE/spring-expression-4.3.8.RELEASE.jar:/Users/kpsoi/.m2/repository/org/thymeleaf/extras/thymeleaf-extras-springsecurity4/2.1.3.RELEASE/thymeleaf-extras-springsecurity4-2.1.3.RELEASE.jar:/Users/kpsoi/.m2/repository/org/slf4j/slf4j-api/1.7.25/slf4j-api-1.7.25.jar:/Users/kpsoi/.m2/repository/org/springframework/boot/spring-boot-devtools/1.5.3.RELEASE/spring-boot-devtools-1.5.3.RELEASE.jar:/Users/kpsoi/.m2/repository/org/springframework/boot/spring-boot/1.5.3.RELEASE/spring-boot-1.5.3.RELEASE.jar:/Users/kpsoi/.m2/repository/org/springframework/boot/spring-boot-autoconfigure/1.5.3.RELEASE/spring-boot-autoconfigure-1.5.3.RELEASE.jar:/Users/kpsoi/.m2/repository/org/webjars/bootstrap/3.3.7/bootstrap-3.3.7.jar:/Users/kpsoi/.m2/repository/org/webjars/jquery/1.11.1/jquery-1.11.1.jar:/Users/kpsoi/.m2/repository/org/springframework/security/spring-security-test/4.2.2.RELEASE/spring-security-test-4.2.2.RELEASE.jar:/Users/kpsoi/.m2/repository/org/springframework/security/spring-security-core/4.2.2.RELEASE/spring-security-core-4.2.2.RELEASE.jar:/Users/kpsoi/.m2/repository/aopalliance/aopalliance/1.0/aopalliance-1.0.jar:/Users/kpsoi/.m2/repository/org/springframework/spring-core/4.3.8.RELEASE/spring-core-4.3.8.RELEASE.jar:/Users/kpsoi/.m2/repository/org/springframework/spring-test/4.3.8.RELEASE/spring-test-4.3.8.RELEASE.jar:/Users/kpsoi/.m2/repository/com/hazelcast/hazelcast/3.9.3/hazelcast-3.9.3.jar:/Users/kpsoi/.m2/repository/com/hazelcast/hazelcast-client/3.9.3/hazelcast-client-3.9.3.jar:/Users/kpsoi/.m2/repository/com/hazelcast/hazelcast-all/3.9.3/hazelcast-all-3.9.3.jar:/Applications/IntelliJ IDEA CE.app/Contents/lib/idea_rt.jar:/Users/kpsoi/Library/Caches/IdeaIC2017.3/captureAgent/debugger-agent.jar
                          java.class.version=52.0
                          java.endorsed.dirs=/Library/Java/JavaVirtualMachines/jdk1.8.0_161.jdk/Contents/Home/jre/lib/endorsed
                          java.ext.dirs=/Users/kpsoi/Library/Java/Extensions:/Library/Java/JavaVirtualMachines/jdk1.8.0_161.jdk/Contents/Home/jre/lib/ext:/Library/Java/Extensions:/Network/Library/Java/Extensions:/System/Library/Java/Extensions:/usr/lib/java
                          java.home=/Library/Java/JavaVirtualMachines/jdk1.8.0_161.jdk/Contents/Home/jre
                          java.io.tmpdir=/var/folders/d6/kjpx4pcd7mvc4ttwc5n6d0n80000gn/T/
                          java.library.path=/Users/kpsoi/Library/Java/Extensions:/Library/Java/Extensions:/Network/Library/Java/Extensions:/System/Library/Java/Extensions:/usr/lib/java:.
                          java.runtime.name=Java(TM) SE Runtime Environment
                          java.runtime.version=1.8.0_161-b12
                          java.specification.name=Java Platform API Specification
                          java.specification.vendor=Oracle Corporation
                          java.specification.version=1.8
                          java.vendor=Oracle Corporation
                          java.vendor.url=http://java.oracle.com/
                          java.vendor.url.bug=http://bugreport.sun.com/bugreport/
                          java.version=1.8.0_161
                          java.vm.args=-agentlib:jdwp=transport=dt_socket,address=127.0.0.1:59540,suspend=y,server=n -Dserver.port=9994 -Dhazelcast.diagnostics.enabled=true -javaagent:/Users/kpsoi/Library/Caches/IdeaIC2017.3/captureAgent/debugger-agent.jar=/private/var/folders/d6/kjpx4pcd7mvc4ttwc5n6d0n80000gn/T/capture.props -Dfile.encoding=UTF-8 
                          java.vm.info=mixed mode
                          java.vm.name=Java HotSpot(TM) 64-Bit Server VM
                          java.vm.specification.name=Java Virtual Machine Specification
                          java.vm.specification.vendor=Oracle Corporation
                          java.vm.specification.version=1.8
                          java.vm.vendor=Oracle Corporation
                          java.vm.version=25.161-b12
                          os.arch=x86_64
                          os.name=Mac OS X
                          os.version=10.12.6
                          sun.arch.data.model=64
                          sun.boot.class.path=/Library/Java/JavaVirtualMachines/jdk1.8.0_161.jdk/Contents/Home/jre/lib/resources.jar:/Library/Java/JavaVirtualMachines/jdk1.8.0_161.jdk/Contents/Home/jre/lib/rt.jar:/Library/Java/JavaVirtualMachines/jdk1.8.0_161.jdk/Contents/Home/jre/lib/sunrsasign.jar:/Library/Java/JavaVirtualMachines/jdk1.8.0_161.jdk/Contents/Home/jre/lib/jsse.jar:/Library/Java/JavaVirtualMachines/jdk1.8.0_161.jdk/Contents/Home/jre/lib/jce.jar:/Library/Java/JavaVirtualMachines/jdk1.8.0_161.jdk/Contents/Home/jre/lib/charsets.jar:/Library/Java/JavaVirtualMachines/jdk1.8.0_161.jdk/Contents/Home/jre/lib/jfr.jar:/Library/Java/JavaVirtualMachines/jdk1.8.0_161.jdk/Contents/Home/jre/classes:/Users/kpsoi/Library/Caches/IdeaIC2017.3/captureAgent/debugger-agent-storage.jar
                          sun.boot.library.path=/Library/Java/JavaVirtualMachines/jdk1.8.0_161.jdk/Contents/Home/jre/lib
                          sun.cpu.endian=little
                          sun.cpu.isalist=
                          sun.io.unicode.encoding=UnicodeBig
                          sun.java.command=org.kp.shiny.hazelcast.ShinyProxyHA.SpringBootWebApplication
                          sun.java.launcher=SUN_STANDARD
                          sun.jnu.encoding=UTF-8
                          sun.management.compiler=HotSpot 64-Bit Tiered Compilers
                          sun.os.patch.level=unknown]
09-03-2018 01:31:30 1520587890627 ConfigProperties[]
09-03-2018 01:31:30 1520587890627 Metric[classloading.loadedClassesCount=9624]
09-03-2018 01:31:30 1520587890627 Metric[classloading.totalLoadedClassesCount=9624]
09-03-2018 01:31:30 1520587890627 Metric[classloading.unloadedClassCount=0]
09-03-2018 01:31:30 1520587890627 Metric[client.endpoint.count=0]
09-03-2018 01:31:30 1520587890627 Metric[client.endpoint.totalRegistrations=0]
09-03-2018 01:31:30 1520587890627 Metric[cluster.clock.clusterTimeDiff=0]
09-03-2018 01:31:30 1520587890627 Metric[cluster.clock.maxClusterTimeDiff=0]
09-03-2018 01:31:30 1520587890627 Metric[event.eventQueueSize=0]
09-03-2018 01:31:30 1520587890627 Metric[event.eventsProcessed=5]
09-03-2018 01:31:30 1520587890627 Metric[executor.[hz:async].queueSize=0]
09-03-2018 01:31:30 1520587890627 Metric[executor.[hz:client-query].queueSize=0]
09-03-2018 01:31:30 1520587890627 Metric[executor.[hz:client].queueSize=0]
09-03-2018 01:31:30 1520587890627 Metric[executor.[hz:cluster:event].queueSize=0]
09-03-2018 01:31:30 1520587890627 Metric[executor.[hz:cluster].queueSize=0]
09-03-2018 01:31:30 1520587890627 Metric[executor.[hz:offloadable].queueSize=0]
09-03-2018 01:31:30 1520587890627 Metric[executor.[hz:scheduled:cqc:5a0aa373-2eb3-4bc5-a29b-d0bd32fda73b].queueSize=0]
09-03-2018 01:31:30 1520587890627 Metric[executor.[hz:scheduled].queueSize=0]
09-03-2018 01:31:30 1520587890627 Metric[executor.[hz:system].queueSize=0]
09-03-2018 01:31:30 1520587890627 Metric[file.partition[user.home].freeSpace=157600473088]
09-03-2018 01:31:30 1520587890627 Metric[file.partition[user.home].totalSpace=249664372736]
09-03-2018 01:31:30 1520587890627 Metric[file.partition[user.home].usableSpace=157338329088]
09-03-2018 01:31:30 1520587890627 Metric[gc.majorCount=2]
09-03-2018 01:31:30 1520587890627 Metric[gc.majorTime=81]
09-03-2018 01:31:30 1520587890627 Metric[gc.minorCount=7]
09-03-2018 01:31:30 1520587890627 Metric[gc.minorTime=51]
09-03-2018 01:31:30 1520587890627 Metric[gc.unknownCount=0]
09-03-2018 01:31:30 1520587890627 Metric[gc.unknownTime=0]
09-03-2018 01:31:30 1520587890627 Metric[operation.callTimeoutCount=0]
09-03-2018 01:31:30 1520587890627 Metric[operation.completedCount=0]
09-03-2018 01:31:30 1520587890627 Metric[operation.failedBackups=0]
09-03-2018 01:31:30 1520587890627 Metric[operation.invocations.backupTimeouts=0]
09-03-2018 01:31:30 1520587890627 Metric[operation.invocations.normalTimeouts=0]
09-03-2018 01:31:30 1520587890627 Metric[operation.invocations.pending=0]
09-03-2018 01:31:30 1520587890627 Metric[operation.invocations.responses[backup]=0]
09-03-2018 01:31:30 1520587890627 Metric[operation.invocations.responses[error]=0]
09-03-2018 01:31:30 1520587890627 Metric[operation.invocations.responses[missing]=0]
09-03-2018 01:31:30 1520587890627 Metric[operation.invocations.responses[normal]=0]
09-03-2018 01:31:30 1520587890627 Metric[operation.invocations.responses[timeout]=0]
09-03-2018 01:31:30 1520587890627 Metric[operation.operationTimeoutCount=0]
09-03-2018 01:31:30 1520587890627 Metric[operation.priorityQueueSize=0]
09-03-2018 01:31:30 1520587890627 Metric[operation.queueSize=0]
09-03-2018 01:31:30 1520587890627 Metric[operation.responseQueueSize=0]
09-03-2018 01:31:30 1520587890627 Metric[operation.retryCount=0]
09-03-2018 01:31:30 1520587890627 Metric[os.committedVirtualMemorySize=8673513472]
09-03-2018 01:31:30 1520587890627 Metric[os.freePhysicalMemorySize=236101632]
09-03-2018 01:31:30 1520587890627 Metric[os.freeSwapSpaceSize=970457088]
09-03-2018 01:31:30 1520587890627 Metric[os.maxFileDescriptorCount=10240]
09-03-2018 01:31:30 1520587890627 Metric[os.openFileDescriptorCount=105]
09-03-2018 01:31:30 1520587890627 Metric[os.processCpuLoad=6.967428191018525]
09-03-2018 01:31:30 1520587890627 Metric[os.processCpuTime=15940790000]
09-03-2018 01:31:30 1520587890627 Metric[os.systemCpuLoad=16.93002257336343]
09-03-2018 01:31:30 1520587890627 Metric[os.systemLoadAverage=2.302734375]
09-03-2018 01:31:30 1520587890627 Metric[os.totalPhysicalMemorySize=17179869184]
09-03-2018 01:31:30 1520587890627 Metric[os.totalSwapSpaceSize=1073741824]
09-03-2018 01:31:30 1520587890627 Metric[proxy.createdCount=0]
09-03-2018 01:31:30 1520587890627 Metric[proxy.destroyedCount=0]
09-03-2018 01:31:30 1520587890627 Metric[runtime.availableProcessors=8]
09-03-2018 01:31:30 1520587890627 Metric[runtime.freeMemory=450786312]
09-03-2018 01:31:30 1520587890627 Metric[runtime.maxMemory=3817865216]
09-03-2018 01:31:30 1520587890627 Metric[runtime.totalMemory=652738560]
09-03-2018 01:31:30 1520587890627 Metric[runtime.uptime=21189]
09-03-2018 01:31:30 1520587890627 Metric[runtime.usedMemory=201952248]
09-03-2018 01:31:30 1520587890627 Metric[tcp.connection.acceptedSocketCount=0]
09-03-2018 01:31:30 1520587890627 Metric[tcp.connection.activeCount=0]
09-03-2018 01:31:30 1520587890627 Metric[tcp.connection.clientCount=0]
09-03-2018 01:31:30 1520587890627 Metric[tcp.connection.count=0]
09-03-2018 01:31:30 1520587890627 Metric[tcp.connection.textCount=0]
09-03-2018 01:31:30 1520587890627 Metric[thread.daemonThreadCount=42]
09-03-2018 01:31:30 1520587890627 Metric[thread.peakThreadCount=54]
09-03-2018 01:31:30 1520587890627 Metric[thread.threadCount=54]
09-03-2018 01:31:30 1520587890627 Metric[thread.totalStartedThreadCount=56]
09-03-2018 01:31:30 1520587890627 Metric[transactions.commitCount=0]
09-03-2018 01:31:30 1520587890627 Metric[transactions.rollbackCount=0]
09-03-2018 01:31:30 1520587890627 Metric[transactions.startCount=0]
09-03-2018 01:31:30 1520587890630 SlowOperations[]
09-03-2018 01:31:30 1520587890630 HazelcastInstance[
                          thisAddress=[192.168.0.210]:5701
                          isRunning=true
                          isLite=false
                          joined=false
                          nodeState=null
                          clusterId=null
                          clusterSize=1
                          isMaster=false
                          masterAddress=null
                          Members[
                                  [192.168.0.210]:5701]]
09-03-2018 01:31:30 1520587890630 ClusterVersionChanged[
                          3.9]
09-03-2018 01:31:31 1520587891629 Lifecycle[
                          STARTING]
09-03-2018 01:31:31 1520587891629 MemberAdded[
                          member=[192.168.0.210]:5701
                          Members[
                                  [192.168.0.210]:5701:this:master]]
09-03-2018 01:31:42 1520587902609 ClusterVersionChanged[
                          3.9]
09-03-2018 01:31:42 1520587902610 Lifecycle[
                          STARTED]
09-03-2018 01:32:22 1520587942703 OperationHeartbeat[
                          member[192.168.0.210]:5701[
                                  deviation(%)=44.7066650390625
                                  noHeartbeat(ms)=21,706
                                  lastHeartbeat(ms)=1,520,587,920,997
                                  lastHeartbeat(date-time)=09-03-2018 01:32:00
                                  now(ms)=1,520,587,942,703
                                  now(date-time)=09-03-2018 01:32:22]]
09-03-2018 01:32:45 1520587965221 Metric[classloading.loadedClassesCount=10800]
09-03-2018 01:32:45 1520587965221 Metric[classloading.totalLoadedClassesCount=10800]
09-03-2018 01:32:45 1520587965221 Metric[classloading.unloadedClassCount=0]
09-03-2018 01:32:45 1520587965221 Metric[client.endpoint.count=0]
09-03-2018 01:32:45 1520587965221 Metric[client.endpoint.totalRegistrations=0]
09-03-2018 01:32:45 1520587965221 Metric[cluster.clock.clusterTimeDiff=0]
09-03-2018 01:32:45 1520587965221 Metric[cluster.clock.maxClusterTimeDiff=0]
09-03-2018 01:32:45 1520587965221 Metric[event.eventQueueSize=0]
09-03-2018 01:32:45 1520587965221 Metric[event.eventsProcessed=14]
09-03-2018 01:32:45 1520587965221 Metric[executor.[hz:async].queueSize=0]
09-03-2018 01:32:45 1520587965221 Metric[executor.[hz:client-query].queueSize=0]
09-03-2018 01:32:45 1520587965221 Metric[executor.[hz:client].queueSize=0]
09-03-2018 01:32:45 1520587965221 Metric[executor.[hz:cluster:event].queueSize=0]
09-03-2018 01:32:45 1520587965221 Metric[executor.[hz:cluster].queueSize=1]
09-03-2018 01:32:45 1520587965221 Metric[executor.[hz:offloadable].queueSize=0]
09-03-2018 01:32:45 1520587965221 Metric[executor.[hz:scheduled:cqc:5a0aa373-2eb3-4bc5-a29b-d0bd32fda73b].queueSize=1]
09-03-2018 01:32:45 1520587965221 Metric[executor.[hz:scheduled].queueSize=1]
09-03-2018 01:32:45 1520587965221 Metric[executor.[hz:system].queueSize=0]
09-03-2018 01:32:45 1520587965221 Metric[file.partition[user.home].freeSpace=157600428032]
09-03-2018 01:32:45 1520587965221 Metric[file.partition[user.home].totalSpace=249664372736]
09-03-2018 01:32:45 1520587965221 Metric[file.partition[user.home].usableSpace=157338284032]
09-03-2018 01:32:45 1520587965221 Metric[gc.majorCount=2]
09-03-2018 01:32:45 1520587965221 Metric[gc.majorTime=81]
09-03-2018 01:32:45 1520587965221 Metric[gc.minorCount=7]
09-03-2018 01:32:45 1520587965221 Metric[gc.minorTime=51]
09-03-2018 01:32:45 1520587965221 Metric[gc.unknownCount=0]
09-03-2018 01:32:45 1520587965221 Metric[gc.unknownTime=0]
09-03-2018 01:32:45 1520587965221 Metric[operation.callTimeoutCount=0]
09-03-2018 01:32:45 1520587965221 Metric[operation.completedCount=1]
09-03-2018 01:32:45 1520587965221 Metric[operation.failedBackups=0]
09-03-2018 01:32:45 1520587965221 Metric[operation.invocations.backupTimeouts=0]
09-03-2018 01:32:45 1520587965221 Metric[operation.invocations.normalTimeouts=0]
09-03-2018 01:32:45 1520587965221 Metric[operation.invocations.pending=0]
09-03-2018 01:32:45 1520587965221 Metric[operation.invocations.responses[backup]=0]
09-03-2018 01:32:45 1520587965221 Metric[operation.invocations.responses[error]=0]
09-03-2018 01:32:45 1520587965221 Metric[operation.invocations.responses[missing]=0]
09-03-2018 01:32:45 1520587965221 Metric[operation.invocations.responses[normal]=0]
09-03-2018 01:32:45 1520587965221 Metric[operation.invocations.responses[timeout]=0]
09-03-2018 01:32:45 1520587965221 Metric[operation.operationTimeoutCount=0]
09-03-2018 01:32:45 1520587965221 Metric[operation.priorityQueueSize=0]
09-03-2018 01:32:45 1520587965221 Metric[operation.queueSize=0]
09-03-2018 01:32:45 1520587965221 Metric[operation.responseQueueSize=0]
09-03-2018 01:32:45 1520587965221 Metric[operation.retryCount=0]
09-03-2018 01:32:45 1520587965221 Metric[os.committedVirtualMemorySize=8744112128]
09-03-2018 01:32:45 1520587965221 Metric[os.freePhysicalMemorySize=186556416]
09-03-2018 01:32:45 1520587965221 Metric[os.freeSwapSpaceSize=970457088]
09-03-2018 01:32:45 1520587965221 Metric[os.maxFileDescriptorCount=10240]
09-03-2018 01:32:45 1520587965221 Metric[os.openFileDescriptorCount=140]
09-03-2018 01:32:45 1520587965221 Metric[os.processCpuLoad=83.59177215189874]
09-03-2018 01:32:45 1520587965221 Metric[os.processCpuTime=25230614000]
09-03-2018 01:32:45 1520587965221 Metric[os.systemCpuLoad=100.0]
09-03-2018 01:32:45 1520587965221 Metric[os.systemLoadAverage=2.44140625]
09-03-2018 01:32:45 1520587965221 Metric[os.totalPhysicalMemorySize=17179869184]
09-03-2018 01:32:45 1520587965221 Metric[os.totalSwapSpaceSize=1073741824]
09-03-2018 01:32:45 1520587965221 Metric[proxy.createdCount=0]
09-03-2018 01:32:45 1520587965221 Metric[proxy.destroyedCount=0]
09-03-2018 01:32:45 1520587965221 Metric[runtime.availableProcessors=8]
09-03-2018 01:32:45 1520587965221 Metric[runtime.freeMemory=173489400]
09-03-2018 01:32:45 1520587965221 Metric[runtime.maxMemory=3817865216]
09-03-2018 01:32:45 1520587965221 Metric[runtime.totalMemory=652738560]
09-03-2018 01:32:45 1520587965221 Metric[runtime.uptime=95783]
09-03-2018 01:32:45 1520587965221 Metric[runtime.usedMemory=479249160]
09-03-2018 01:32:45 1520587965221 Metric[tcp.connection.acceptedSocketCount=0]
09-03-2018 01:32:45 1520587965221 Metric[tcp.connection.activeCount=0]
09-03-2018 01:32:45 1520587965221 Metric[tcp.connection.clientCount=0]
09-03-2018 01:32:45 1520587965221 Metric[tcp.connection.count=0]
09-03-2018 01:32:45 1520587965221 Metric[tcp.connection.textCount=0]
09-03-2018 01:32:45 1520587965221 Metric[thread.daemonThreadCount=68]
09-03-2018 01:32:45 1520587965221 Metric[thread.peakThreadCount=102]
09-03-2018 01:32:45 1520587965221 Metric[thread.threadCount=97]
09-03-2018 01:32:45 1520587965221 Metric[thread.totalStartedThreadCount=107]
09-03-2018 01:32:45 1520587965221 Metric[transactions.commitCount=0]
09-03-2018 01:32:45 1520587965221 Metric[transactions.rollbackCount=0]
09-03-2018 01:32:45 1520587965221 Metric[transactions.startCount=0]
09-03-2018 01:32:45 1520587965225 SlowOperations[]
09-03-2018 01:32:45 1520587965225 HazelcastInstance[
                          thisAddress=[192.168.0.210]:5701
                          isRunning=true
                          isLite=false
                          joined=true
                          nodeState=ACTIVE
                          clusterId=b4782bd9-a717-466b-b002-16e5646b12a7
                          clusterSize=1
                          isMaster=true
                          masterAddress=[192.168.0.210]:5701
                          Members[
                                  [192.168.0.210]:5701]]
