09-03-2018 02:44:31 1520592271480 BuildInfo[
                          Build=20180216
                          BuildNumber=20180216
                          Revision=539b124
                          Version=3.9.3
                          SerialVersion=1
                          Enterprise=false]
09-03-2018 02:44:31 1520592271480 SystemProperties[
                          hazelcast.diagnostics.enabled=true
                          java.class.path=/Library/Java/JavaVirtualMachines/jdk1.8.0_161.jdk/Contents/Home/jre/lib/charsets.jar:/Library/Java/JavaVirtualMachines/jdk1.8.0_161.jdk/Contents/Home/jre/lib/deploy.jar:/Library/Java/JavaVirtualMachines/jdk1.8.0_161.jdk/Contents/Home/jre/lib/ext/cldrdata.jar:/Library/Java/JavaVirtualMachines/jdk1.8.0_161.jdk/Contents/Home/jre/lib/ext/dnsns.jar:/Library/Java/JavaVirtualMachines/jdk1.8.0_161.jdk/Contents/Home/jre/lib/ext/jaccess.jar:/Library/Java/JavaVirtualMachines/jdk1.8.0_161.jdk/Contents/Home/jre/lib/ext/jfxrt.jar:/Library/Java/JavaVirtualMachines/jdk1.8.0_161.jdk/Contents/Home/jre/lib/ext/localedata.jar:/Library/Java/JavaVirtualMachines/jdk1.8.0_161.jdk/Contents/Home/jre/lib/ext/nashorn.jar:/Library/Java/JavaVirtualMachines/jdk1.8.0_161.jdk/Contents/Home/jre/lib/ext/sunec.jar:/Library/Java/JavaVirtualMachines/jdk1.8.0_161.jdk/Contents/Home/jre/lib/ext/sunjce_provider.jar:/Library/Java/JavaVirtualMachines/jdk1.8.0_161.jdk/Contents/Home/jre/lib/ext/sunpkcs11.jar:/Library/Java/JavaVirtualMachines/jdk1.8.0_161.jdk/Contents/Home/jre/lib/ext/zipfs.jar:/Library/Java/JavaVirtualMachines/jdk1.8.0_161.jdk/Contents/Home/jre/lib/javaws.jar:/Library/Java/JavaVirtualMachines/jdk1.8.0_161.jdk/Contents/Home/jre/lib/jce.jar:/Library/Java/JavaVirtualMachines/jdk1.8.0_161.jdk/Contents/Home/jre/lib/jfr.jar:/Library/Java/JavaVirtualMachines/jdk1.8.0_161.jdk/Contents/Home/jre/lib/jfxswt.jar:/Library/Java/JavaVirtualMachines/jdk1.8.0_161.jdk/Contents/Home/jre/lib/jsse.jar:/Library/Java/JavaVirtualMachines/jdk1.8.0_161.jdk/Contents/Home/jre/lib/management-agent.jar:/Library/Java/JavaVirtualMachines/jdk1.8.0_161.jdk/Contents/Home/jre/lib/plugin.jar:/Library/Java/JavaVirtualMachines/jdk1.8.0_161.jdk/Contents/Home/jre/lib/resources.jar:/Library/Java/JavaVirtualMachines/jdk1.8.0_161.jdk/Contents/Home/jre/lib/rt.jar:/Library/Java/JavaVirtualMachines/jdk1.8.0_161.jdk/Contents/Home/lib/ant-javafx.jar:/Library/Java/JavaVirtualMachines/jdk1.8.0_161.jdk/Contents/Home/lib/dt.jar:/Library/Java/JavaVirtualMachines/jdk1.8.0_161.jdk/Contents/Home/lib/javafx-mx.jar:/Library/Java/JavaVirtualMachines/jdk1.8.0_161.jdk/Contents/Home/lib/jconsole.jar:/Library/Java/JavaVirtualMachines/jdk1.8.0_161.jdk/Contents/Home/lib/packager.jar:/Library/Java/JavaVirtualMachines/jdk1.8.0_161.jdk/Contents/Home/lib/sa-jdi.jar:/Library/Java/JavaVirtualMachines/jdk1.8.0_161.jdk/Contents/Home/lib/tools.jar:/Users/kpsoi/Downloads/ShinyProxyHA/target/classes:/Users/kpsoi/.m2/repository/org/springframework/boot/spring-boot-starter-thymeleaf/1.5.3.RELEASE/spring-boot-starter-thymeleaf-1.5.3.RELEASE.jar:/Users/kpsoi/.m2/repository/org/springframework/boot/spring-boot-starter/1.5.3.RELEASE/spring-boot-starter-1.5.3.RELEASE.jar:/Users/kpsoi/.m2/repository/org/springframework/boot/spring-boot-starter-logging/1.5.3.RELEASE/spring-boot-starter-logging-1.5.3.RELEASE.jar:/Users/kpsoi/.m2/repository/ch/qos/logback/logback-classic/1.1.11/logback-classic-1.1.11.jar:/Users/kpsoi/.m2/repository/ch/qos/logback/logback-core/1.1.11/logback-core-1.1.11.jar:/Users/kpsoi/.m2/repository/org/slf4j/jcl-over-slf4j/1.7.25/jcl-over-slf4j-1.7.25.jar:/Users/kpsoi/.m2/repository/org/slf4j/jul-to-slf4j/1.7.25/jul-to-slf4j-1.7.25.jar:/Users/kpsoi/.m2/repository/org/slf4j/log4j-over-slf4j/1.7.25/log4j-over-slf4j-1.7.25.jar:/Users/kpsoi/.m2/repository/org/yaml/snakeyaml/1.17/snakeyaml-1.17.jar:/Users/kpsoi/.m2/repository/org/springframework/boot/spring-boot-starter-web/1.5.3.RELEASE/spring-boot-starter-web-1.5.3.RELEASE.jar:/Users/kpsoi/.m2/repository/org/springframework/boot/spring-boot-starter-tomcat/1.5.3.RELEASE/spring-boot-starter-tomcat-1.5.3.RELEASE.jar:/Users/kpsoi/.m2/repository/org/apache/tomcat/embed/tomcat-embed-core/8.5.14/tomcat-embed-core-8.5.14.jar:/Users/kpsoi/.m2/repository/org/apache/tomcat/embed/tomcat-embed-el/8.5.14/tomcat-embed-el-8.5.14.jar:/Users/kpsoi/.m2/repository/org/apache/tomcat/embed/tomcat-embed-websocket/8.5.14/tomcat-embed-websocket-8.5.14.jar:/Users/kpsoi/.m2/repository/org/hibernate/hibernate-validator/5.3.5.Final/hibernate-validator-5.3.5.Final.jar:/Users/kpsoi/.m2/repository/javax/validation/validation-api/1.1.0.Final/validation-api-1.1.0.Final.jar:/Users/kpsoi/.m2/repository/org/jboss/logging/jboss-logging/3.3.1.Final/jboss-logging-3.3.1.Final.jar:/Users/kpsoi/.m2/repository/com/fasterxml/classmate/1.3.3/classmate-1.3.3.jar:/Users/kpsoi/.m2/repository/com/fasterxml/jackson/core/jackson-databind/2.8.8/jackson-databind-2.8.8.jar:/Users/kpsoi/.m2/repository/com/fasterxml/jackson/core/jackson-annotations/2.8.0/jackson-annotations-2.8.0.jar:/Users/kpsoi/.m2/repository/com/fasterxml/jackson/core/jackson-core/2.8.8/jackson-core-2.8.8.jar:/Users/kpsoi/.m2/repository/org/springframework/spring-web/4.3.8.RELEASE/spring-web-4.3.8.RELEASE.jar:/Users/kpsoi/.m2/repository/org/springframework/spring-webmvc/4.3.8.RELEASE/spring-webmvc-4.3.8.RELEASE.jar:/Users/kpsoi/.m2/repository/org/thymeleaf/thymeleaf-spring4/2.1.5.RELEASE/thymeleaf-spring4-2.1.5.RELEASE.jar:/Users/kpsoi/.m2/repository/org/thymeleaf/thymeleaf/2.1.5.RELEASE/thymeleaf-2.1.5.RELEASE.jar:/Users/kpsoi/.m2/repository/ognl/ognl/3.0.8/ognl-3.0.8.jar:/Users/kpsoi/.m2/repository/org/javassist/javassist/3.21.0-GA/javassist-3.21.0-GA.jar:/Users/kpsoi/.m2/repository/org/unbescape/unbescape/1.1.0.RELEASE/unbescape-1.1.0.RELEASE.jar:/Users/kpsoi/.m2/repository/nz/net/ultraq/thymeleaf/thymeleaf-layout-dialect/1.4.0/thymeleaf-layout-dialect-1.4.0.jar:/Users/kpsoi/.m2/repository/org/codehaus/groovy/groovy/2.4.10/groovy-2.4.10.jar:/Users/kpsoi/.m2/repository/org/springframework/boot/spring-boot-starter-security/1.5.3.RELEASE/spring-boot-starter-security-1.5.3.RELEASE.jar:/Users/kpsoi/.m2/repository/org/springframework/spring-aop/4.3.8.RELEASE/spring-aop-4.3.8.RELEASE.jar:/Users/kpsoi/.m2/repository/org/springframework/spring-beans/4.3.8.RELEASE/spring-beans-4.3.8.RELEASE.jar:/Users/kpsoi/.m2/repository/org/springframework/security/spring-security-config/4.2.2.RELEASE/spring-security-config-4.2.2.RELEASE.jar:/Users/kpsoi/.m2/repository/org/springframework/spring-context/4.3.8.RELEASE/spring-context-4.3.8.RELEASE.jar:/Users/kpsoi/.m2/repository/org/springframework/security/spring-security-web/4.2.2.RELEASE/spring-security-web-4.2.2.RELEASE.jar:/Users/kpsoi/.m2/repository/org/springframework/spring-expression/4.3.8.RELEASE/spring-expression-4.3.8.RELEASE.jar:/Users/kpsoi/.m2/repository/org/thymeleaf/extras/thymeleaf-extras-springsecurity4/2.1.3.RELEASE/thymeleaf-extras-springsecurity4-2.1.3.RELEASE.jar:/Users/kpsoi/.m2/repository/org/slf4j/slf4j-api/1.7.25/slf4j-api-1.7.25.jar:/Users/kpsoi/.m2/repository/org/springframework/boot/spring-boot-devtools/1.5.3.RELEASE/spring-boot-devtools-1.5.3.RELEASE.jar:/Users/kpsoi/.m2/repository/org/springframework/boot/spring-boot/1.5.3.RELEASE/spring-boot-1.5.3.RELEASE.jar:/Users/kpsoi/.m2/repository/org/springframework/boot/spring-boot-autoconfigure/1.5.3.RELEASE/spring-boot-autoconfigure-1.5.3.RELEASE.jar:/Users/kpsoi/.m2/repository/org/webjars/bootstrap/3.3.7/bootstrap-3.3.7.jar:/Users/kpsoi/.m2/repository/org/webjars/jquery/1.11.1/jquery-1.11.1.jar:/Users/kpsoi/.m2/repository/org/springframework/security/spring-security-test/4.2.2.RELEASE/spring-security-test-4.2.2.RELEASE.jar:/Users/kpsoi/.m2/repository/org/springframework/security/spring-security-core/4.2.2.RELEASE/spring-security-core-4.2.2.RELEASE.jar:/Users/kpsoi/.m2/repository/aopalliance/aopalliance/1.0/aopalliance-1.0.jar:/Users/kpsoi/.m2/repository/org/springframework/spring-core/4.3.8.RELEASE/spring-core-4.3.8.RELEASE.jar:/Users/kpsoi/.m2/repository/org/springframework/spring-test/4.3.8.RELEASE/spring-test-4.3.8.RELEASE.jar:/Users/kpsoi/.m2/repository/com/hazelcast/hazelcast/3.9.3/hazelcast-3.9.3.jar:/Users/kpsoi/.m2/repository/com/hazelcast/hazelcast-client/3.9.3/hazelcast-client-3.9.3.jar:/Users/kpsoi/.m2/repository/com/hazelcast/hazelcast-all/3.9.3/hazelcast-all-3.9.3.jar:/Applications/IntelliJ IDEA CE.app/Contents/lib/idea_rt.jar
                          java.class.version=52.0
                          java.endorsed.dirs=/Library/Java/JavaVirtualMachines/jdk1.8.0_161.jdk/Contents/Home/jre/lib/endorsed
                          java.ext.dirs=/Users/kpsoi/Library/Java/Extensions:/Library/Java/JavaVirtualMachines/jdk1.8.0_161.jdk/Contents/Home/jre/lib/ext:/Library/Java/Extensions:/Network/Library/Java/Extensions:/System/Library/Java/Extensions:/usr/lib/java
                          java.home=/Library/Java/JavaVirtualMachines/jdk1.8.0_161.jdk/Contents/Home/jre
                          java.io.tmpdir=/var/folders/d6/kjpx4pcd7mvc4ttwc5n6d0n80000gn/T/
                          java.library.path=/Users/kpsoi/Library/Java/Extensions:/Library/Java/Extensions:/Network/Library/Java/Extensions:/System/Library/Java/Extensions:/usr/lib/java:.
                          java.runtime.name=Java(TM) SE Runtime Environment
                          java.runtime.version=1.8.0_161-b12
                          java.specification.name=Java Platform API Specification
                          java.specification.vendor=Oracle Corporation
                          java.specification.version=1.8
                          java.vendor=Oracle Corporation
                          java.vendor.url=http://java.oracle.com/
                          java.vendor.url.bug=http://bugreport.sun.com/bugreport/
                          java.version=1.8.0_161
                          java.vm.args=-Dserver.port=9994 -Dhazelcast.diagnostics.enabled=true -javaagent:/Applications/IntelliJ IDEA CE.app/Contents/lib/idea_rt.jar=59731:/Applications/IntelliJ IDEA CE.app/Contents/bin -Dfile.encoding=UTF-8 
                          java.vm.info=mixed mode
                          java.vm.name=Java HotSpot(TM) 64-Bit Server VM
                          java.vm.specification.name=Java Virtual Machine Specification
                          java.vm.specification.vendor=Oracle Corporation
                          java.vm.specification.version=1.8
                          java.vm.vendor=Oracle Corporation
                          java.vm.version=25.161-b12
                          os.arch=x86_64
                          os.name=Mac OS X
                          os.version=10.12.6
                          sun.arch.data.model=64
                          sun.boot.class.path=/Library/Java/JavaVirtualMachines/jdk1.8.0_161.jdk/Contents/Home/jre/lib/resources.jar:/Library/Java/JavaVirtualMachines/jdk1.8.0_161.jdk/Contents/Home/jre/lib/rt.jar:/Library/Java/JavaVirtualMachines/jdk1.8.0_161.jdk/Contents/Home/jre/lib/sunrsasign.jar:/Library/Java/JavaVirtualMachines/jdk1.8.0_161.jdk/Contents/Home/jre/lib/jsse.jar:/Library/Java/JavaVirtualMachines/jdk1.8.0_161.jdk/Contents/Home/jre/lib/jce.jar:/Library/Java/JavaVirtualMachines/jdk1.8.0_161.jdk/Contents/Home/jre/lib/charsets.jar:/Library/Java/JavaVirtualMachines/jdk1.8.0_161.jdk/Contents/Home/jre/lib/jfr.jar:/Library/Java/JavaVirtualMachines/jdk1.8.0_161.jdk/Contents/Home/jre/classes
                          sun.boot.library.path=/Library/Java/JavaVirtualMachines/jdk1.8.0_161.jdk/Contents/Home/jre/lib
                          sun.cpu.endian=little
                          sun.cpu.isalist=
                          sun.io.unicode.encoding=UnicodeBig
                          sun.java.command=org.kp.shiny.hazelcast.ShinyProxyHA.SpringBootWebApplication
                          sun.java.launcher=SUN_STANDARD
                          sun.jnu.encoding=UTF-8
                          sun.management.compiler=HotSpot 64-Bit Tiered Compilers
                          sun.os.patch.level=unknown]
09-03-2018 02:44:31 1520592271480 ConfigProperties[]
09-03-2018 02:44:31 1520592271480 Metric[classloading.loadedClassesCount=9591]
09-03-2018 02:44:31 1520592271480 Metric[classloading.totalLoadedClassesCount=9591]
09-03-2018 02:44:31 1520592271480 Metric[classloading.unloadedClassCount=0]
09-03-2018 02:44:31 1520592271480 Metric[client.endpoint.count=0]
09-03-2018 02:44:31 1520592271480 Metric[client.endpoint.totalRegistrations=0]
09-03-2018 02:44:31 1520592271480 Metric[cluster.clock.clusterTimeDiff=0]
09-03-2018 02:44:31 1520592271480 Metric[cluster.clock.maxClusterTimeDiff=0]
09-03-2018 02:44:31 1520592271480 Metric[event.eventQueueSize=0]
09-03-2018 02:44:31 1520592271480 Metric[event.eventsProcessed=5]
09-03-2018 02:44:31 1520592271480 Metric[executor.[hz:async].queueSize=0]
09-03-2018 02:44:31 1520592271480 Metric[executor.[hz:client-query].queueSize=0]
09-03-2018 02:44:31 1520592271480 Metric[executor.[hz:client].queueSize=0]
09-03-2018 02:44:31 1520592271480 Metric[executor.[hz:cluster:event].queueSize=0]
09-03-2018 02:44:31 1520592271480 Metric[executor.[hz:cluster].queueSize=0]
09-03-2018 02:44:31 1520592271480 Metric[executor.[hz:offloadable].queueSize=0]
09-03-2018 02:44:31 1520592271480 Metric[executor.[hz:scheduled:cqc:ef422bf1-cdf0-4717-ad6a-ca565de401f8].queueSize=0]
09-03-2018 02:44:31 1520592271480 Metric[executor.[hz:scheduled].queueSize=0]
09-03-2018 02:44:31 1520592271480 Metric[executor.[hz:system].queueSize=0]
09-03-2018 02:44:31 1520592271480 Metric[file.partition[user.home].freeSpace=157583245312]
09-03-2018 02:44:31 1520592271480 Metric[file.partition[user.home].totalSpace=249664372736]
09-03-2018 02:44:31 1520592271480 Metric[file.partition[user.home].usableSpace=157321101312]
09-03-2018 02:44:31 1520592271480 Metric[gc.majorCount=2]
09-03-2018 02:44:31 1520592271480 Metric[gc.majorTime=75]
09-03-2018 02:44:31 1520592271480 Metric[gc.minorCount=7]
09-03-2018 02:44:31 1520592271480 Metric[gc.minorTime=51]
09-03-2018 02:44:31 1520592271480 Metric[gc.unknownCount=0]
09-03-2018 02:44:31 1520592271480 Metric[gc.unknownTime=0]
09-03-2018 02:44:31 1520592271480 Metric[operation.callTimeoutCount=0]
09-03-2018 02:44:31 1520592271480 Metric[operation.completedCount=0]
09-03-2018 02:44:31 1520592271480 Metric[operation.failedBackups=0]
09-03-2018 02:44:31 1520592271480 Metric[operation.invocations.backupTimeouts=0]
09-03-2018 02:44:31 1520592271480 Metric[operation.invocations.normalTimeouts=0]
09-03-2018 02:44:31 1520592271480 Metric[operation.invocations.pending=0]
09-03-2018 02:44:31 1520592271480 Metric[operation.invocations.responses[backup]=0]
09-03-2018 02:44:31 1520592271480 Metric[operation.invocations.responses[error]=0]
09-03-2018 02:44:31 1520592271480 Metric[operation.invocations.responses[missing]=0]
09-03-2018 02:44:31 1520592271480 Metric[operation.invocations.responses[normal]=0]
09-03-2018 02:44:31 1520592271480 Metric[operation.invocations.responses[timeout]=0]
09-03-2018 02:44:31 1520592271480 Metric[operation.operationTimeoutCount=0]
09-03-2018 02:44:31 1520592271480 Metric[operation.priorityQueueSize=0]
09-03-2018 02:44:31 1520592271480 Metric[operation.queueSize=0]
09-03-2018 02:44:31 1520592271480 Metric[operation.responseQueueSize=0]
09-03-2018 02:44:31 1520592271480 Metric[operation.retryCount=0]
09-03-2018 02:44:31 1520592271480 Metric[os.committedVirtualMemorySize=8606543872]
09-03-2018 02:44:31 1520592271480 Metric[os.freePhysicalMemorySize=213000192]
09-03-2018 02:44:31 1520592271480 Metric[os.freeSwapSpaceSize=970457088]
09-03-2018 02:44:31 1520592271480 Metric[os.maxFileDescriptorCount=10240]
09-03-2018 02:44:31 1520592271480 Metric[os.openFileDescriptorCount=101]
09-03-2018 02:44:31 1520592271480 Metric[os.processCpuLoad=24.78804197819013]
09-03-2018 02:44:31 1520592271480 Metric[os.processCpuTime=11000991000]
09-03-2018 02:44:31 1520592271480 Metric[os.systemCpuLoad=28.290468986384266]
09-03-2018 02:44:31 1520592271480 Metric[os.systemLoadAverage=3.06591796875]
09-03-2018 02:44:31 1520592271480 Metric[os.totalPhysicalMemorySize=17179869184]
09-03-2018 02:44:31 1520592271480 Metric[os.totalSwapSpaceSize=1073741824]
09-03-2018 02:44:31 1520592271480 Metric[proxy.createdCount=0]
09-03-2018 02:44:31 1520592271480 Metric[proxy.destroyedCount=0]
09-03-2018 02:44:31 1520592271480 Metric[runtime.availableProcessors=8]
09-03-2018 02:44:31 1520592271480 Metric[runtime.freeMemory=473609312]
09-03-2018 02:44:31 1520592271480 Metric[runtime.maxMemory=3817865216]
09-03-2018 02:44:31 1520592271480 Metric[runtime.totalMemory=656408576]
09-03-2018 02:44:31 1520592271480 Metric[runtime.uptime=13711]
09-03-2018 02:44:31 1520592271480 Metric[runtime.usedMemory=182799264]
09-03-2018 02:44:31 1520592271480 Metric[tcp.connection.acceptedSocketCount=0]
09-03-2018 02:44:31 1520592271480 Metric[tcp.connection.activeCount=0]
09-03-2018 02:44:31 1520592271480 Metric[tcp.connection.clientCount=0]
09-03-2018 02:44:31 1520592271480 Metric[tcp.connection.count=0]
09-03-2018 02:44:31 1520592271480 Metric[tcp.connection.textCount=0]
09-03-2018 02:44:31 1520592271480 Metric[thread.daemonThreadCount=42]
09-03-2018 02:44:31 1520592271480 Metric[thread.peakThreadCount=54]
09-03-2018 02:44:31 1520592271480 Metric[thread.threadCount=54]
09-03-2018 02:44:31 1520592271480 Metric[thread.totalStartedThreadCount=56]
09-03-2018 02:44:31 1520592271480 Metric[transactions.commitCount=0]
09-03-2018 02:44:31 1520592271480 Metric[transactions.rollbackCount=0]
09-03-2018 02:44:31 1520592271480 Metric[transactions.startCount=0]
09-03-2018 02:44:31 1520592271483 SlowOperations[]
09-03-2018 02:44:31 1520592271483 HazelcastInstance[
                          thisAddress=[192.168.0.210]:5701
                          isRunning=true
                          isLite=false
                          joined=false
                          nodeState=null
                          clusterId=null
                          clusterSize=1
                          isMaster=false
                          masterAddress=null
                          Members[
                                  [192.168.0.210]:5701]]
09-03-2018 02:44:31 1520592271483 ClusterVersionChanged[
                          3.9]
09-03-2018 02:44:31 1520592271483 Lifecycle[
                          STARTING]
09-03-2018 02:44:32 1520592272484 MemberAdded[
                          member=[192.168.0.210]:5701
                          Members[
                                  [192.168.0.210]:5701:this:master]]
09-03-2018 02:44:34 1520592274486 ClusterVersionChanged[
                          3.9]
09-03-2018 02:44:34 1520592274486 Lifecycle[
                          STARTED]
09-03-2018 02:45:31 1520592331482 Metric[classloading.loadedClassesCount=11367]
09-03-2018 02:45:31 1520592331482 Metric[classloading.totalLoadedClassesCount=11367]
09-03-2018 02:45:31 1520592331482 Metric[classloading.unloadedClassCount=0]
09-03-2018 02:45:31 1520592331482 Metric[client.endpoint.count=0]
09-03-2018 02:45:31 1520592331482 Metric[client.endpoint.totalRegistrations=0]
09-03-2018 02:45:31 1520592331482 Metric[cluster.clock.clusterTimeDiff=0]
09-03-2018 02:45:31 1520592331482 Metric[cluster.clock.maxClusterTimeDiff=0]
09-03-2018 02:45:31 1520592331482 Metric[event.eventQueueSize=0]
09-03-2018 02:45:31 1520592331482 Metric[event.eventsProcessed=14]
09-03-2018 02:45:31 1520592331482 Metric[executor.[hz:async].queueSize=0]
09-03-2018 02:45:31 1520592331482 Metric[executor.[hz:client-query].queueSize=0]
09-03-2018 02:45:31 1520592331482 Metric[executor.[hz:client].queueSize=0]
09-03-2018 02:45:31 1520592331482 Metric[executor.[hz:cluster:event].queueSize=0]
09-03-2018 02:45:31 1520592331482 Metric[executor.[hz:cluster].queueSize=0]
09-03-2018 02:45:31 1520592331482 Metric[executor.[hz:offloadable].queueSize=0]
09-03-2018 02:45:31 1520592331482 Metric[executor.[hz:scheduled:cqc:ef422bf1-cdf0-4717-ad6a-ca565de401f8].queueSize=0]
09-03-2018 02:45:31 1520592331482 Metric[executor.[hz:scheduled].queueSize=0]
09-03-2018 02:45:31 1520592331482 Metric[executor.[hz:system].queueSize=0]
09-03-2018 02:45:31 1520592331482 Metric[file.partition[user.home].freeSpace=157583036416]
09-03-2018 02:45:31 1520592331482 Metric[file.partition[user.home].totalSpace=249664372736]
09-03-2018 02:45:31 1520592331482 Metric[file.partition[user.home].usableSpace=157320892416]
09-03-2018 02:45:31 1520592331482 Metric[gc.majorCount=2]
09-03-2018 02:45:31 1520592331482 Metric[gc.majorTime=75]
09-03-2018 02:45:31 1520592331482 Metric[gc.minorCount=7]
09-03-2018 02:45:31 1520592331482 Metric[gc.minorTime=51]
09-03-2018 02:45:31 1520592331482 Metric[gc.unknownCount=0]
09-03-2018 02:45:31 1520592331482 Metric[gc.unknownTime=0]
09-03-2018 02:45:31 1520592331482 Metric[operation.callTimeoutCount=0]
09-03-2018 02:45:31 1520592331482 Metric[operation.completedCount=1]
09-03-2018 02:45:31 1520592331482 Metric[operation.failedBackups=0]
09-03-2018 02:45:31 1520592331482 Metric[operation.invocations.backupTimeouts=0]
09-03-2018 02:45:31 1520592331482 Metric[operation.invocations.normalTimeouts=0]
09-03-2018 02:45:31 1520592331482 Metric[operation.invocations.pending=0]
09-03-2018 02:45:31 1520592331482 Metric[operation.invocations.responses[backup]=0]
09-03-2018 02:45:31 1520592331482 Metric[operation.invocations.responses[error]=0]
09-03-2018 02:45:31 1520592331482 Metric[operation.invocations.responses[missing]=0]
09-03-2018 02:45:31 1520592331482 Metric[operation.invocations.responses[normal]=0]
09-03-2018 02:45:31 1520592331482 Metric[operation.invocations.responses[timeout]=0]
09-03-2018 02:45:31 1520592331482 Metric[operation.operationTimeoutCount=0]
09-03-2018 02:45:31 1520592331482 Metric[operation.priorityQueueSize=0]
09-03-2018 02:45:31 1520592331482 Metric[operation.queueSize=0]
09-03-2018 02:45:31 1520592331482 Metric[operation.responseQueueSize=0]
09-03-2018 02:45:31 1520592331482 Metric[operation.retryCount=0]
09-03-2018 02:45:31 1520592331482 Metric[os.committedVirtualMemorySize=8657489920]
09-03-2018 02:45:31 1520592331482 Metric[os.freePhysicalMemorySize=44281856]
09-03-2018 02:45:31 1520592331482 Metric[os.freeSwapSpaceSize=970457088]
09-03-2018 02:45:31 1520592331482 Metric[os.maxFileDescriptorCount=10240]
09-03-2018 02:45:31 1520592331482 Metric[os.openFileDescriptorCount=144]
09-03-2018 02:45:31 1520592331482 Metric[os.processCpuLoad=0.5092753773336016]
09-03-2018 02:45:31 1520592331482 Metric[os.processCpuTime=21508505000]
09-03-2018 02:45:31 1520592331482 Metric[os.systemCpuLoad=4.97737556561086]
09-03-2018 02:45:31 1520592331482 Metric[os.systemLoadAverage=2.85546875]
09-03-2018 02:45:31 1520592331482 Metric[os.totalPhysicalMemorySize=17179869184]
09-03-2018 02:45:31 1520592331482 Metric[os.totalSwapSpaceSize=1073741824]
09-03-2018 02:45:31 1520592331482 Metric[proxy.createdCount=0]
09-03-2018 02:45:31 1520592331482 Metric[proxy.destroyedCount=0]
09-03-2018 02:45:31 1520592331482 Metric[runtime.availableProcessors=8]
09-03-2018 02:45:31 1520592331482 Metric[runtime.freeMemory=143766232]
09-03-2018 02:45:31 1520592331482 Metric[runtime.maxMemory=3817865216]
09-03-2018 02:45:31 1520592331482 Metric[runtime.totalMemory=656408576]
09-03-2018 02:45:31 1520592331482 Metric[runtime.uptime=73713]
09-03-2018 02:45:31 1520592331482 Metric[runtime.usedMemory=512642344]
09-03-2018 02:45:31 1520592331482 Metric[tcp.connection.acceptedSocketCount=0]
09-03-2018 02:45:31 1520592331482 Metric[tcp.connection.activeCount=0]
09-03-2018 02:45:31 1520592331482 Metric[tcp.connection.clientCount=0]
09-03-2018 02:45:31 1520592331482 Metric[tcp.connection.count=0]
09-03-2018 02:45:31 1520592331482 Metric[tcp.connection.textCount=0]
09-03-2018 02:45:31 1520592331482 Metric[thread.daemonThreadCount=69]
09-03-2018 02:45:31 1520592331482 Metric[thread.peakThreadCount=87]
09-03-2018 02:45:31 1520592331482 Metric[thread.threadCount=83]
09-03-2018 02:45:31 1520592331482 Metric[thread.totalStartedThreadCount=92]
09-03-2018 02:45:31 1520592331482 Metric[transactions.commitCount=0]
09-03-2018 02:45:31 1520592331482 Metric[transactions.rollbackCount=0]
09-03-2018 02:45:31 1520592331482 Metric[transactions.startCount=0]
09-03-2018 02:45:31 1520592331490 SlowOperations[]
09-03-2018 02:45:31 1520592331490 HazelcastInstance[
                          thisAddress=[192.168.0.210]:5701
                          isRunning=true
                          isLite=false
                          joined=true
                          nodeState=ACTIVE
                          clusterId=178f82da-9016-4d09-8186-c6ad1e1a5e59
                          clusterSize=1
                          isMaster=true
                          masterAddress=[192.168.0.210]:5701
                          Members[
                                  [192.168.0.210]:5701]]
09-03-2018 02:46:31 1520592391483 Metric[classloading.loadedClassesCount=11369]
09-03-2018 02:46:31 1520592391483 Metric[classloading.totalLoadedClassesCount=11369]
09-03-2018 02:46:31 1520592391483 Metric[classloading.unloadedClassCount=0]
09-03-2018 02:46:31 1520592391483 Metric[client.endpoint.count=0]
09-03-2018 02:46:31 1520592391483 Metric[client.endpoint.totalRegistrations=0]
09-03-2018 02:46:31 1520592391483 Metric[cluster.clock.clusterTimeDiff=0]
09-03-2018 02:46:31 1520592391483 Metric[cluster.clock.maxClusterTimeDiff=0]
09-03-2018 02:46:31 1520592391483 Metric[event.eventQueueSize=0]
09-03-2018 02:46:31 1520592391483 Metric[event.eventsProcessed=19]
09-03-2018 02:46:31 1520592391483 Metric[executor.[hz:async].queueSize=0]
09-03-2018 02:46:31 1520592391483 Metric[executor.[hz:client-query].queueSize=0]
09-03-2018 02:46:31 1520592391483 Metric[executor.[hz:client].queueSize=0]
09-03-2018 02:46:31 1520592391483 Metric[executor.[hz:cluster:event].queueSize=0]
09-03-2018 02:46:31 1520592391483 Metric[executor.[hz:cluster].queueSize=0]
09-03-2018 02:46:31 1520592391483 Metric[executor.[hz:offloadable].queueSize=0]
09-03-2018 02:46:31 1520592391483 Metric[executor.[hz:scheduled:cqc:ef422bf1-cdf0-4717-ad6a-ca565de401f8].queueSize=0]
09-03-2018 02:46:31 1520592391483 Metric[executor.[hz:scheduled].queueSize=0]
09-03-2018 02:46:31 1520592391483 Metric[executor.[hz:system].queueSize=0]
09-03-2018 02:46:31 1520592391483 Metric[file.partition[user.home].freeSpace=157581557760]
09-03-2018 02:46:31 1520592391483 Metric[file.partition[user.home].totalSpace=249664372736]
09-03-2018 02:46:31 1520592391483 Metric[file.partition[user.home].usableSpace=157319413760]
09-03-2018 02:46:31 1520592391483 Metric[gc.majorCount=2]
09-03-2018 02:46:31 1520592391483 Metric[gc.majorTime=75]
09-03-2018 02:46:31 1520592391483 Metric[gc.minorCount=7]
09-03-2018 02:46:31 1520592391483 Metric[gc.minorTime=51]
09-03-2018 02:46:31 1520592391483 Metric[gc.unknownCount=0]
09-03-2018 02:46:31 1520592391483 Metric[gc.unknownTime=0]
09-03-2018 02:46:31 1520592391483 Metric[operation.callTimeoutCount=0]
09-03-2018 02:46:31 1520592391483 Metric[operation.completedCount=1]
09-03-2018 02:46:31 1520592391483 Metric[operation.failedBackups=0]
09-03-2018 02:46:31 1520592391483 Metric[operation.invocations.backupTimeouts=0]
09-03-2018 02:46:31 1520592391483 Metric[operation.invocations.normalTimeouts=0]
09-03-2018 02:46:31 1520592391483 Metric[operation.invocations.pending=0]
09-03-2018 02:46:31 1520592391483 Metric[operation.invocations.responses[backup]=0]
09-03-2018 02:46:31 1520592391483 Metric[operation.invocations.responses[error]=0]
09-03-2018 02:46:31 1520592391483 Metric[operation.invocations.responses[missing]=0]
09-03-2018 02:46:31 1520592391483 Metric[operation.invocations.responses[normal]=0]
09-03-2018 02:46:31 1520592391483 Metric[operation.invocations.responses[timeout]=0]
09-03-2018 02:46:31 1520592391483 Metric[operation.operationTimeoutCount=0]
09-03-2018 02:46:31 1520592391483 Metric[operation.priorityQueueSize=0]
09-03-2018 02:46:31 1520592391483 Metric[operation.queueSize=0]
09-03-2018 02:46:31 1520592391483 Metric[operation.responseQueueSize=0]
09-03-2018 02:46:31 1520592391483 Metric[operation.retryCount=0]
09-03-2018 02:46:31 1520592391483 Metric[os.committedVirtualMemorySize=8659578880]
09-03-2018 02:46:31 1520592391483 Metric[os.freePhysicalMemorySize=115769344]
09-03-2018 02:46:31 1520592391483 Metric[os.freeSwapSpaceSize=970457088]
09-03-2018 02:46:31 1520592391483 Metric[os.maxFileDescriptorCount=10240]
09-03-2018 02:46:31 1520592391483 Metric[os.openFileDescriptorCount=147]
09-03-2018 02:46:31 1520592391483 Metric[os.processCpuLoad=0.2310637175251674]
09-03-2018 02:46:31 1520592391483 Metric[os.processCpuTime=23507981000]
09-03-2018 02:46:31 1520592391483 Metric[os.systemCpuLoad=2.694610778443114]
09-03-2018 02:46:31 1520592391483 Metric[os.systemLoadAverage=2.64501953125]
09-03-2018 02:46:31 1520592391483 Metric[os.totalPhysicalMemorySize=17179869184]
09-03-2018 02:46:31 1520592391483 Metric[os.totalSwapSpaceSize=1073741824]
09-03-2018 02:46:31 1520592391483 Metric[proxy.createdCount=0]
09-03-2018 02:46:31 1520592391483 Metric[proxy.destroyedCount=0]
09-03-2018 02:46:31 1520592391483 Metric[runtime.availableProcessors=8]
09-03-2018 02:46:31 1520592391483 Metric[runtime.freeMemory=123168328]
09-03-2018 02:46:31 1520592391483 Metric[runtime.maxMemory=3817865216]
09-03-2018 02:46:31 1520592391483 Metric[runtime.totalMemory=656408576]
09-03-2018 02:46:31 1520592391483 Metric[runtime.uptime=133713]
09-03-2018 02:46:31 1520592391483 Metric[runtime.usedMemory=533240248]
09-03-2018 02:46:31 1520592391483 Metric[tcp.connection.acceptedSocketCount=0]
09-03-2018 02:46:31 1520592391483 Metric[tcp.connection.activeCount=0]
09-03-2018 02:46:31 1520592391483 Metric[tcp.connection.clientCount=0]
09-03-2018 02:46:31 1520592391483 Metric[tcp.connection.count=0]
09-03-2018 02:46:31 1520592391483 Metric[tcp.connection.textCount=0]
09-03-2018 02:46:31 1520592391483 Metric[thread.daemonThreadCount=69]
09-03-2018 02:46:31 1520592391483 Metric[thread.peakThreadCount=87]
09-03-2018 02:46:31 1520592391483 Metric[thread.threadCount=83]
09-03-2018 02:46:31 1520592391483 Metric[thread.totalStartedThreadCount=92]
09-03-2018 02:46:31 1520592391483 Metric[transactions.commitCount=0]
09-03-2018 02:46:31 1520592391483 Metric[transactions.rollbackCount=0]
09-03-2018 02:46:31 1520592391483 Metric[transactions.startCount=0]
09-03-2018 02:46:31 1520592391490 SlowOperations[]
09-03-2018 02:46:31 1520592391490 HazelcastInstance[
                          thisAddress=[192.168.0.210]:5701
                          isRunning=true
                          isLite=false
                          joined=true
                          nodeState=ACTIVE
                          clusterId=178f82da-9016-4d09-8186-c6ad1e1a5e59
                          clusterSize=1
                          isMaster=true
                          masterAddress=[192.168.0.210]:5701
                          Members[
                                  [192.168.0.210]:5701]]
09-03-2018 02:47:31 1520592451480 Metric[classloading.loadedClassesCount=11371]
09-03-2018 02:47:31 1520592451480 Metric[classloading.totalLoadedClassesCount=11371]
09-03-2018 02:47:31 1520592451480 Metric[classloading.unloadedClassCount=0]
09-03-2018 02:47:31 1520592451480 Metric[client.endpoint.count=0]
09-03-2018 02:47:31 1520592451480 Metric[client.endpoint.totalRegistrations=0]
09-03-2018 02:47:31 1520592451480 Metric[cluster.clock.clusterTimeDiff=0]
09-03-2018 02:47:31 1520592451480 Metric[cluster.clock.maxClusterTimeDiff=0]
09-03-2018 02:47:31 1520592451480 Metric[event.eventQueueSize=0]
09-03-2018 02:47:31 1520592451480 Metric[event.eventsProcessed=24]
09-03-2018 02:47:31 1520592451480 Metric[executor.[hz:async].queueSize=0]
09-03-2018 02:47:31 1520592451480 Metric[executor.[hz:client-query].queueSize=0]
09-03-2018 02:47:31 1520592451480 Metric[executor.[hz:client].queueSize=0]
09-03-2018 02:47:31 1520592451480 Metric[executor.[hz:cluster:event].queueSize=0]
09-03-2018 02:47:31 1520592451480 Metric[executor.[hz:cluster].queueSize=0]
09-03-2018 02:47:31 1520592451480 Metric[executor.[hz:offloadable].queueSize=0]
09-03-2018 02:47:31 1520592451480 Metric[executor.[hz:scheduled:cqc:ef422bf1-cdf0-4717-ad6a-ca565de401f8].queueSize=0]
09-03-2018 02:47:31 1520592451480 Metric[executor.[hz:scheduled].queueSize=0]
09-03-2018 02:47:31 1520592451480 Metric[executor.[hz:system].queueSize=0]
09-03-2018 02:47:31 1520592451480 Metric[file.partition[user.home].freeSpace=157579403264]
09-03-2018 02:47:31 1520592451480 Metric[file.partition[user.home].totalSpace=249664372736]
09-03-2018 02:47:31 1520592451480 Metric[file.partition[user.home].usableSpace=157317259264]
09-03-2018 02:47:31 1520592451480 Metric[gc.majorCount=2]
09-03-2018 02:47:31 1520592451480 Metric[gc.majorTime=75]
09-03-2018 02:47:31 1520592451480 Metric[gc.minorCount=8]
09-03-2018 02:47:31 1520592451480 Metric[gc.minorTime=78]
09-03-2018 02:47:31 1520592451480 Metric[gc.unknownCount=0]
09-03-2018 02:47:31 1520592451480 Metric[gc.unknownTime=0]
09-03-2018 02:47:31 1520592451480 Metric[operation.callTimeoutCount=0]
09-03-2018 02:47:31 1520592451480 Metric[operation.completedCount=1]
09-03-2018 02:47:31 1520592451480 Metric[operation.failedBackups=0]
09-03-2018 02:47:31 1520592451480 Metric[operation.invocations.backupTimeouts=0]
09-03-2018 02:47:31 1520592451480 Metric[operation.invocations.normalTimeouts=0]
09-03-2018 02:47:31 1520592451480 Metric[operation.invocations.pending=0]
09-03-2018 02:47:31 1520592451480 Metric[operation.invocations.responses[backup]=0]
09-03-2018 02:47:31 1520592451480 Metric[operation.invocations.responses[error]=0]
09-03-2018 02:47:31 1520592451480 Metric[operation.invocations.responses[missing]=0]
09-03-2018 02:47:31 1520592451480 Metric[operation.invocations.responses[normal]=0]
09-03-2018 02:47:31 1520592451480 Metric[operation.invocations.responses[timeout]=0]
09-03-2018 02:47:31 1520592451480 Metric[operation.operationTimeoutCount=0]
09-03-2018 02:47:31 1520592451480 Metric[operation.priorityQueueSize=0]
09-03-2018 02:47:31 1520592451480 Metric[operation.queueSize=0]
09-03-2018 02:47:31 1520592451480 Metric[operation.responseQueueSize=0]
09-03-2018 02:47:31 1520592451480 Metric[operation.retryCount=0]
09-03-2018 02:47:31 1520592451480 Metric[os.committedVirtualMemorySize=8658518016]
09-03-2018 02:47:31 1520592451480 Metric[os.freePhysicalMemorySize=21577728]
09-03-2018 02:47:31 1520592451480 Metric[os.freeSwapSpaceSize=970457088]
09-03-2018 02:47:31 1520592451480 Metric[os.maxFileDescriptorCount=10240]
09-03-2018 02:47:31 1520592451480 Metric[os.openFileDescriptorCount=138]
09-03-2018 02:47:31 1520592451480 Metric[os.processCpuLoad=0.16096310622448992]
09-03-2018 02:47:31 1520592451480 Metric[os.processCpuTime=24346433000]
09-03-2018 02:47:31 1520592451480 Metric[os.systemCpuLoad=13.8763197586727]
09-03-2018 02:47:31 1520592451480 Metric[os.systemLoadAverage=3.06982421875]
09-03-2018 02:47:31 1520592451480 Metric[os.totalPhysicalMemorySize=17179869184]
09-03-2018 02:47:31 1520592451480 Metric[os.totalSwapSpaceSize=1073741824]
09-03-2018 02:47:31 1520592451480 Metric[proxy.createdCount=0]
09-03-2018 02:47:31 1520592451480 Metric[proxy.destroyedCount=0]
09-03-2018 02:47:31 1520592451480 Metric[runtime.availableProcessors=8]
09-03-2018 02:47:31 1520592451480 Metric[runtime.freeMemory=835706328]
09-03-2018 02:47:31 1520592451480 Metric[runtime.maxMemory=3817865216]
09-03-2018 02:47:31 1520592451480 Metric[runtime.totalMemory=938999808]
09-03-2018 02:47:31 1520592451480 Metric[runtime.uptime=193711]
09-03-2018 02:47:31 1520592451480 Metric[runtime.usedMemory=103293480]
09-03-2018 02:47:31 1520592451480 Metric[tcp.connection.acceptedSocketCount=0]
09-03-2018 02:47:31 1520592451480 Metric[tcp.connection.activeCount=0]
09-03-2018 02:47:31 1520592451480 Metric[tcp.connection.clientCount=0]
09-03-2018 02:47:31 1520592451480 Metric[tcp.connection.count=0]
09-03-2018 02:47:31 1520592451480 Metric[tcp.connection.textCount=0]
09-03-2018 02:47:31 1520592451480 Metric[thread.daemonThreadCount=69]
09-03-2018 02:47:31 1520592451480 Metric[thread.peakThreadCount=87]
09-03-2018 02:47:31 1520592451480 Metric[thread.threadCount=82]
09-03-2018 02:47:31 1520592451480 Metric[thread.totalStartedThreadCount=92]
09-03-2018 02:47:31 1520592451480 Metric[transactions.commitCount=0]
09-03-2018 02:47:31 1520592451480 Metric[transactions.rollbackCount=0]
09-03-2018 02:47:31 1520592451480 Metric[transactions.startCount=0]
09-03-2018 02:47:31 1520592451481 SlowOperations[]
09-03-2018 02:47:31 1520592451482 HazelcastInstance[
                          thisAddress=[192.168.0.210]:5701
                          isRunning=true
                          isLite=false
                          joined=true
                          nodeState=ACTIVE
                          clusterId=178f82da-9016-4d09-8186-c6ad1e1a5e59
                          clusterSize=1
                          isMaster=true
                          masterAddress=[192.168.0.210]:5701
                          Members[
                                  [192.168.0.210]:5701]]
09-03-2018 02:48:31 1520592511480 Metric[classloading.loadedClassesCount=11371]
09-03-2018 02:48:31 1520592511480 Metric[classloading.totalLoadedClassesCount=11371]
09-03-2018 02:48:31 1520592511480 Metric[classloading.unloadedClassCount=0]
09-03-2018 02:48:31 1520592511480 Metric[client.endpoint.count=0]
09-03-2018 02:48:31 1520592511480 Metric[client.endpoint.totalRegistrations=0]
09-03-2018 02:48:31 1520592511480 Metric[cluster.clock.clusterTimeDiff=0]
09-03-2018 02:48:31 1520592511480 Metric[cluster.clock.maxClusterTimeDiff=0]
09-03-2018 02:48:31 1520592511480 Metric[event.eventQueueSize=0]
09-03-2018 02:48:31 1520592511480 Metric[event.eventsProcessed=29]
09-03-2018 02:48:31 1520592511480 Metric[executor.[hz:async].queueSize=0]
09-03-2018 02:48:31 1520592511480 Metric[executor.[hz:client-query].queueSize=0]
09-03-2018 02:48:31 1520592511480 Metric[executor.[hz:client].queueSize=0]
09-03-2018 02:48:31 1520592511480 Metric[executor.[hz:cluster:event].queueSize=0]
09-03-2018 02:48:31 1520592511480 Metric[executor.[hz:cluster].queueSize=0]
09-03-2018 02:48:31 1520592511480 Metric[executor.[hz:offloadable].queueSize=0]
09-03-2018 02:48:31 1520592511480 Metric[executor.[hz:scheduled:cqc:ef422bf1-cdf0-4717-ad6a-ca565de401f8].queueSize=0]
09-03-2018 02:48:31 1520592511480 Metric[executor.[hz:scheduled].queueSize=0]
09-03-2018 02:48:31 1520592511480 Metric[executor.[hz:system].queueSize=0]
09-03-2018 02:48:31 1520592511480 Metric[file.partition[user.home].freeSpace=157582524416]
09-03-2018 02:48:31 1520592511480 Metric[file.partition[user.home].totalSpace=249664372736]
09-03-2018 02:48:31 1520592511480 Metric[file.partition[user.home].usableSpace=157320380416]
09-03-2018 02:48:31 1520592511480 Metric[gc.majorCount=2]
09-03-2018 02:48:31 1520592511480 Metric[gc.majorTime=75]
09-03-2018 02:48:31 1520592511480 Metric[gc.minorCount=8]
09-03-2018 02:48:31 1520592511480 Metric[gc.minorTime=78]
09-03-2018 02:48:31 1520592511480 Metric[gc.unknownCount=0]
09-03-2018 02:48:31 1520592511480 Metric[gc.unknownTime=0]
09-03-2018 02:48:31 1520592511480 Metric[operation.callTimeoutCount=0]
09-03-2018 02:48:31 1520592511480 Metric[operation.completedCount=1]
09-03-2018 02:48:31 1520592511480 Metric[operation.failedBackups=0]
09-03-2018 02:48:31 1520592511480 Metric[operation.invocations.backupTimeouts=0]
09-03-2018 02:48:31 1520592511480 Metric[operation.invocations.normalTimeouts=0]
09-03-2018 02:48:31 1520592511480 Metric[operation.invocations.pending=0]
09-03-2018 02:48:31 1520592511480 Metric[operation.invocations.responses[backup]=0]
09-03-2018 02:48:31 1520592511480 Metric[operation.invocations.responses[error]=0]
09-03-2018 02:48:31 1520592511480 Metric[operation.invocations.responses[missing]=0]
09-03-2018 02:48:31 1520592511480 Metric[operation.invocations.responses[normal]=0]
09-03-2018 02:48:31 1520592511480 Metric[operation.invocations.responses[timeout]=0]
09-03-2018 02:48:31 1520592511480 Metric[operation.operationTimeoutCount=0]
09-03-2018 02:48:31 1520592511480 Metric[operation.priorityQueueSize=0]
09-03-2018 02:48:31 1520592511480 Metric[operation.queueSize=0]
09-03-2018 02:48:31 1520592511480 Metric[operation.responseQueueSize=0]
09-03-2018 02:48:31 1520592511480 Metric[operation.retryCount=0]
09-03-2018 02:48:31 1520592511480 Metric[os.committedVirtualMemorySize=8658518016]
09-03-2018 02:48:31 1520592511480 Metric[os.freePhysicalMemorySize=84529152]
09-03-2018 02:48:31 1520592511480 Metric[os.freeSwapSpaceSize=970457088]
09-03-2018 02:48:31 1520592511480 Metric[os.maxFileDescriptorCount=10240]
09-03-2018 02:48:31 1520592511480 Metric[os.openFileDescriptorCount=138]
09-03-2018 02:48:31 1520592511480 Metric[os.processCpuLoad=0.15148703699910476]
09-03-2018 02:48:31 1520592511480 Metric[os.processCpuTime=24929573000]
09-03-2018 02:48:31 1520592511480 Metric[os.systemCpuLoad=8.995502248875562]
09-03-2018 02:48:31 1520592511480 Metric[os.systemLoadAverage=2.48681640625]
09-03-2018 02:48:31 1520592511480 Metric[os.totalPhysicalMemorySize=17179869184]
09-03-2018 02:48:31 1520592511480 Metric[os.totalSwapSpaceSize=1073741824]
09-03-2018 02:48:31 1520592511480 Metric[proxy.createdCount=0]
09-03-2018 02:48:31 1520592511480 Metric[proxy.destroyedCount=0]
09-03-2018 02:48:31 1520592511480 Metric[runtime.availableProcessors=8]
09-03-2018 02:48:31 1520592511480 Metric[runtime.freeMemory=826517880]
09-03-2018 02:48:31 1520592511480 Metric[runtime.maxMemory=3817865216]
09-03-2018 02:48:31 1520592511480 Metric[runtime.totalMemory=938999808]
09-03-2018 02:48:31 1520592511480 Metric[runtime.uptime=253710]
09-03-2018 02:48:31 1520592511480 Metric[runtime.usedMemory=112481928]
09-03-2018 02:48:31 1520592511480 Metric[tcp.connection.acceptedSocketCount=0]
09-03-2018 02:48:31 1520592511480 Metric[tcp.connection.activeCount=0]
09-03-2018 02:48:31 1520592511480 Metric[tcp.connection.clientCount=0]
09-03-2018 02:48:31 1520592511480 Metric[tcp.connection.count=0]
09-03-2018 02:48:31 1520592511480 Metric[tcp.connection.textCount=0]
09-03-2018 02:48:31 1520592511480 Metric[thread.daemonThreadCount=69]
09-03-2018 02:48:31 1520592511480 Metric[thread.peakThreadCount=87]
09-03-2018 02:48:31 1520592511480 Metric[thread.threadCount=82]
09-03-2018 02:48:31 1520592511480 Metric[thread.totalStartedThreadCount=92]
09-03-2018 02:48:31 1520592511480 Metric[transactions.commitCount=0]
09-03-2018 02:48:31 1520592511480 Metric[transactions.rollbackCount=0]
09-03-2018 02:48:31 1520592511480 Metric[transactions.startCount=0]
09-03-2018 02:48:31 1520592511483 SlowOperations[]
09-03-2018 02:48:31 1520592511484 HazelcastInstance[
                          thisAddress=[192.168.0.210]:5701
                          isRunning=true
                          isLite=false
                          joined=true
                          nodeState=ACTIVE
                          clusterId=178f82da-9016-4d09-8186-c6ad1e1a5e59
                          clusterSize=1
                          isMaster=true
                          masterAddress=[192.168.0.210]:5701
                          Members[
                                  [192.168.0.210]:5701]]
