09-03-2018 02:31:12 1520591472872 BuildInfo[
                          Build=20180216
                          BuildNumber=20180216
                          Revision=539b124
                          Version=3.9.3
                          SerialVersion=1
                          Enterprise=false]
09-03-2018 02:31:12 1520591472872 SystemProperties[
                          hazelcast.diagnostics.enabled=true
                          java.class.path=/Library/Java/JavaVirtualMachines/jdk1.8.0_161.jdk/Contents/Home/jre/lib/charsets.jar:/Library/Java/JavaVirtualMachines/jdk1.8.0_161.jdk/Contents/Home/jre/lib/deploy.jar:/Library/Java/JavaVirtualMachines/jdk1.8.0_161.jdk/Contents/Home/jre/lib/ext/cldrdata.jar:/Library/Java/JavaVirtualMachines/jdk1.8.0_161.jdk/Contents/Home/jre/lib/ext/dnsns.jar:/Library/Java/JavaVirtualMachines/jdk1.8.0_161.jdk/Contents/Home/jre/lib/ext/jaccess.jar:/Library/Java/JavaVirtualMachines/jdk1.8.0_161.jdk/Contents/Home/jre/lib/ext/jfxrt.jar:/Library/Java/JavaVirtualMachines/jdk1.8.0_161.jdk/Contents/Home/jre/lib/ext/localedata.jar:/Library/Java/JavaVirtualMachines/jdk1.8.0_161.jdk/Contents/Home/jre/lib/ext/nashorn.jar:/Library/Java/JavaVirtualMachines/jdk1.8.0_161.jdk/Contents/Home/jre/lib/ext/sunec.jar:/Library/Java/JavaVirtualMachines/jdk1.8.0_161.jdk/Contents/Home/jre/lib/ext/sunjce_provider.jar:/Library/Java/JavaVirtualMachines/jdk1.8.0_161.jdk/Contents/Home/jre/lib/ext/sunpkcs11.jar:/Library/Java/JavaVirtualMachines/jdk1.8.0_161.jdk/Contents/Home/jre/lib/ext/zipfs.jar:/Library/Java/JavaVirtualMachines/jdk1.8.0_161.jdk/Contents/Home/jre/lib/javaws.jar:/Library/Java/JavaVirtualMachines/jdk1.8.0_161.jdk/Contents/Home/jre/lib/jce.jar:/Library/Java/JavaVirtualMachines/jdk1.8.0_161.jdk/Contents/Home/jre/lib/jfr.jar:/Library/Java/JavaVirtualMachines/jdk1.8.0_161.jdk/Contents/Home/jre/lib/jfxswt.jar:/Library/Java/JavaVirtualMachines/jdk1.8.0_161.jdk/Contents/Home/jre/lib/jsse.jar:/Library/Java/JavaVirtualMachines/jdk1.8.0_161.jdk/Contents/Home/jre/lib/management-agent.jar:/Library/Java/JavaVirtualMachines/jdk1.8.0_161.jdk/Contents/Home/jre/lib/plugin.jar:/Library/Java/JavaVirtualMachines/jdk1.8.0_161.jdk/Contents/Home/jre/lib/resources.jar:/Library/Java/JavaVirtualMachines/jdk1.8.0_161.jdk/Contents/Home/jre/lib/rt.jar:/Library/Java/JavaVirtualMachines/jdk1.8.0_161.jdk/Contents/Home/lib/ant-javafx.jar:/Library/Java/JavaVirtualMachines/jdk1.8.0_161.jdk/Contents/Home/lib/dt.jar:/Library/Java/JavaVirtualMachines/jdk1.8.0_161.jdk/Contents/Home/lib/javafx-mx.jar:/Library/Java/JavaVirtualMachines/jdk1.8.0_161.jdk/Contents/Home/lib/jconsole.jar:/Library/Java/JavaVirtualMachines/jdk1.8.0_161.jdk/Contents/Home/lib/packager.jar:/Library/Java/JavaVirtualMachines/jdk1.8.0_161.jdk/Contents/Home/lib/sa-jdi.jar:/Library/Java/JavaVirtualMachines/jdk1.8.0_161.jdk/Contents/Home/lib/tools.jar:/Users/kpsoi/Downloads/ShinyProxyHA/target/classes:/Users/kpsoi/.m2/repository/org/springframework/boot/spring-boot-starter-thymeleaf/1.5.3.RELEASE/spring-boot-starter-thymeleaf-1.5.3.RELEASE.jar:/Users/kpsoi/.m2/repository/org/springframework/boot/spring-boot-starter/1.5.3.RELEASE/spring-boot-starter-1.5.3.RELEASE.jar:/Users/kpsoi/.m2/repository/org/springframework/boot/spring-boot-starter-logging/1.5.3.RELEASE/spring-boot-starter-logging-1.5.3.RELEASE.jar:/Users/kpsoi/.m2/repository/ch/qos/logback/logback-classic/1.1.11/logback-classic-1.1.11.jar:/Users/kpsoi/.m2/repository/ch/qos/logback/logback-core/1.1.11/logback-core-1.1.11.jar:/Users/kpsoi/.m2/repository/org/slf4j/jcl-over-slf4j/1.7.25/jcl-over-slf4j-1.7.25.jar:/Users/kpsoi/.m2/repository/org/slf4j/jul-to-slf4j/1.7.25/jul-to-slf4j-1.7.25.jar:/Users/kpsoi/.m2/repository/org/slf4j/log4j-over-slf4j/1.7.25/log4j-over-slf4j-1.7.25.jar:/Users/kpsoi/.m2/repository/org/yaml/snakeyaml/1.17/snakeyaml-1.17.jar:/Users/kpsoi/.m2/repository/org/springframework/boot/spring-boot-starter-web/1.5.3.RELEASE/spring-boot-starter-web-1.5.3.RELEASE.jar:/Users/kpsoi/.m2/repository/org/springframework/boot/spring-boot-starter-tomcat/1.5.3.RELEASE/spring-boot-starter-tomcat-1.5.3.RELEASE.jar:/Users/kpsoi/.m2/repository/org/apache/tomcat/embed/tomcat-embed-core/8.5.14/tomcat-embed-core-8.5.14.jar:/Users/kpsoi/.m2/repository/org/apache/tomcat/embed/tomcat-embed-el/8.5.14/tomcat-embed-el-8.5.14.jar:/Users/kpsoi/.m2/repository/org/apache/tomcat/embed/tomcat-embed-websocket/8.5.14/tomcat-embed-websocket-8.5.14.jar:/Users/kpsoi/.m2/repository/org/hibernate/hibernate-validator/5.3.5.Final/hibernate-validator-5.3.5.Final.jar:/Users/kpsoi/.m2/repository/javax/validation/validation-api/1.1.0.Final/validation-api-1.1.0.Final.jar:/Users/kpsoi/.m2/repository/org/jboss/logging/jboss-logging/3.3.1.Final/jboss-logging-3.3.1.Final.jar:/Users/kpsoi/.m2/repository/com/fasterxml/classmate/1.3.3/classmate-1.3.3.jar:/Users/kpsoi/.m2/repository/com/fasterxml/jackson/core/jackson-databind/2.8.8/jackson-databind-2.8.8.jar:/Users/kpsoi/.m2/repository/com/fasterxml/jackson/core/jackson-annotations/2.8.0/jackson-annotations-2.8.0.jar:/Users/kpsoi/.m2/repository/com/fasterxml/jackson/core/jackson-core/2.8.8/jackson-core-2.8.8.jar:/Users/kpsoi/.m2/repository/org/springframework/spring-web/4.3.8.RELEASE/spring-web-4.3.8.RELEASE.jar:/Users/kpsoi/.m2/repository/org/springframework/spring-webmvc/4.3.8.RELEASE/spring-webmvc-4.3.8.RELEASE.jar:/Users/kpsoi/.m2/repository/org/thymeleaf/thymeleaf-spring4/2.1.5.RELEASE/thymeleaf-spring4-2.1.5.RELEASE.jar:/Users/kpsoi/.m2/repository/org/thymeleaf/thymeleaf/2.1.5.RELEASE/thymeleaf-2.1.5.RELEASE.jar:/Users/kpsoi/.m2/repository/ognl/ognl/3.0.8/ognl-3.0.8.jar:/Users/kpsoi/.m2/repository/org/javassist/javassist/3.21.0-GA/javassist-3.21.0-GA.jar:/Users/kpsoi/.m2/repository/org/unbescape/unbescape/1.1.0.RELEASE/unbescape-1.1.0.RELEASE.jar:/Users/kpsoi/.m2/repository/nz/net/ultraq/thymeleaf/thymeleaf-layout-dialect/1.4.0/thymeleaf-layout-dialect-1.4.0.jar:/Users/kpsoi/.m2/repository/org/codehaus/groovy/groovy/2.4.10/groovy-2.4.10.jar:/Users/kpsoi/.m2/repository/org/springframework/boot/spring-boot-starter-security/1.5.3.RELEASE/spring-boot-starter-security-1.5.3.RELEASE.jar:/Users/kpsoi/.m2/repository/org/springframework/spring-aop/4.3.8.RELEASE/spring-aop-4.3.8.RELEASE.jar:/Users/kpsoi/.m2/repository/org/springframework/spring-beans/4.3.8.RELEASE/spring-beans-4.3.8.RELEASE.jar:/Users/kpsoi/.m2/repository/org/springframework/security/spring-security-config/4.2.2.RELEASE/spring-security-config-4.2.2.RELEASE.jar:/Users/kpsoi/.m2/repository/org/springframework/spring-context/4.3.8.RELEASE/spring-context-4.3.8.RELEASE.jar:/Users/kpsoi/.m2/repository/org/springframework/security/spring-security-web/4.2.2.RELEASE/spring-security-web-4.2.2.RELEASE.jar:/Users/kpsoi/.m2/repository/org/springframework/spring-expression/4.3.8.RELEASE/spring-expression-4.3.8.RELEASE.jar:/Users/kpsoi/.m2/repository/org/thymeleaf/extras/thymeleaf-extras-springsecurity4/2.1.3.RELEASE/thymeleaf-extras-springsecurity4-2.1.3.RELEASE.jar:/Users/kpsoi/.m2/repository/org/slf4j/slf4j-api/1.7.25/slf4j-api-1.7.25.jar:/Users/kpsoi/.m2/repository/org/springframework/boot/spring-boot-devtools/1.5.3.RELEASE/spring-boot-devtools-1.5.3.RELEASE.jar:/Users/kpsoi/.m2/repository/org/springframework/boot/spring-boot/1.5.3.RELEASE/spring-boot-1.5.3.RELEASE.jar:/Users/kpsoi/.m2/repository/org/springframework/boot/spring-boot-autoconfigure/1.5.3.RELEASE/spring-boot-autoconfigure-1.5.3.RELEASE.jar:/Users/kpsoi/.m2/repository/org/webjars/bootstrap/3.3.7/bootstrap-3.3.7.jar:/Users/kpsoi/.m2/repository/org/webjars/jquery/1.11.1/jquery-1.11.1.jar:/Users/kpsoi/.m2/repository/org/springframework/security/spring-security-test/4.2.2.RELEASE/spring-security-test-4.2.2.RELEASE.jar:/Users/kpsoi/.m2/repository/org/springframework/security/spring-security-core/4.2.2.RELEASE/spring-security-core-4.2.2.RELEASE.jar:/Users/kpsoi/.m2/repository/aopalliance/aopalliance/1.0/aopalliance-1.0.jar:/Users/kpsoi/.m2/repository/org/springframework/spring-core/4.3.8.RELEASE/spring-core-4.3.8.RELEASE.jar:/Users/kpsoi/.m2/repository/org/springframework/spring-test/4.3.8.RELEASE/spring-test-4.3.8.RELEASE.jar:/Users/kpsoi/.m2/repository/com/hazelcast/hazelcast/3.9.3/hazelcast-3.9.3.jar:/Users/kpsoi/.m2/repository/com/hazelcast/hazelcast-client/3.9.3/hazelcast-client-3.9.3.jar:/Users/kpsoi/.m2/repository/com/hazelcast/hazelcast-all/3.9.3/hazelcast-all-3.9.3.jar:/Applications/IntelliJ IDEA CE.app/Contents/lib/idea_rt.jar
                          java.class.version=52.0
                          java.endorsed.dirs=/Library/Java/JavaVirtualMachines/jdk1.8.0_161.jdk/Contents/Home/jre/lib/endorsed
                          java.ext.dirs=/Users/kpsoi/Library/Java/Extensions:/Library/Java/JavaVirtualMachines/jdk1.8.0_161.jdk/Contents/Home/jre/lib/ext:/Library/Java/Extensions:/Network/Library/Java/Extensions:/System/Library/Java/Extensions:/usr/lib/java
                          java.home=/Library/Java/JavaVirtualMachines/jdk1.8.0_161.jdk/Contents/Home/jre
                          java.io.tmpdir=/var/folders/d6/kjpx4pcd7mvc4ttwc5n6d0n80000gn/T/
                          java.library.path=/Users/kpsoi/Library/Java/Extensions:/Library/Java/Extensions:/Network/Library/Java/Extensions:/System/Library/Java/Extensions:/usr/lib/java:.
                          java.runtime.name=Java(TM) SE Runtime Environment
                          java.runtime.version=1.8.0_161-b12
                          java.specification.name=Java Platform API Specification
                          java.specification.vendor=Oracle Corporation
                          java.specification.version=1.8
                          java.vendor=Oracle Corporation
                          java.vendor.url=http://java.oracle.com/
                          java.vendor.url.bug=http://bugreport.sun.com/bugreport/
                          java.version=1.8.0_161
                          java.vm.args=-Dserver.port=9994 -Dhazelcast.diagnostics.enabled=true -javaagent:/Applications/IntelliJ IDEA CE.app/Contents/lib/idea_rt.jar=56931:/Applications/IntelliJ IDEA CE.app/Contents/bin -Dfile.encoding=UTF-8 
                          java.vm.info=mixed mode
                          java.vm.name=Java HotSpot(TM) 64-Bit Server VM
                          java.vm.specification.name=Java Virtual Machine Specification
                          java.vm.specification.vendor=Oracle Corporation
                          java.vm.specification.version=1.8
                          java.vm.vendor=Oracle Corporation
                          java.vm.version=25.161-b12
                          os.arch=x86_64
                          os.name=Mac OS X
                          os.version=10.12.6
                          sun.arch.data.model=64
                          sun.boot.class.path=/Library/Java/JavaVirtualMachines/jdk1.8.0_161.jdk/Contents/Home/jre/lib/resources.jar:/Library/Java/JavaVirtualMachines/jdk1.8.0_161.jdk/Contents/Home/jre/lib/rt.jar:/Library/Java/JavaVirtualMachines/jdk1.8.0_161.jdk/Contents/Home/jre/lib/sunrsasign.jar:/Library/Java/JavaVirtualMachines/jdk1.8.0_161.jdk/Contents/Home/jre/lib/jsse.jar:/Library/Java/JavaVirtualMachines/jdk1.8.0_161.jdk/Contents/Home/jre/lib/jce.jar:/Library/Java/JavaVirtualMachines/jdk1.8.0_161.jdk/Contents/Home/jre/lib/charsets.jar:/Library/Java/JavaVirtualMachines/jdk1.8.0_161.jdk/Contents/Home/jre/lib/jfr.jar:/Library/Java/JavaVirtualMachines/jdk1.8.0_161.jdk/Contents/Home/jre/classes
                          sun.boot.library.path=/Library/Java/JavaVirtualMachines/jdk1.8.0_161.jdk/Contents/Home/jre/lib
                          sun.cpu.endian=little
                          sun.cpu.isalist=
                          sun.io.unicode.encoding=UnicodeBig
                          sun.java.command=org.kp.shiny.hazelcast.ShinyProxyHA.SpringBootWebApplication
                          sun.java.launcher=SUN_STANDARD
                          sun.jnu.encoding=UTF-8
                          sun.management.compiler=HotSpot 64-Bit Tiered Compilers
                          sun.os.patch.level=unknown]
09-03-2018 02:31:12 1520591472873 ConfigProperties[]
09-03-2018 02:31:12 1520591472873 Metric[classloading.loadedClassesCount=9610]
09-03-2018 02:31:12 1520591472873 Metric[classloading.totalLoadedClassesCount=9610]
09-03-2018 02:31:12 1520591472873 Metric[classloading.unloadedClassCount=0]
09-03-2018 02:31:12 1520591472873 Metric[client.endpoint.count=0]
09-03-2018 02:31:12 1520591472873 Metric[client.endpoint.totalRegistrations=0]
09-03-2018 02:31:12 1520591472873 Metric[cluster.clock.clusterTimeDiff=0]
09-03-2018 02:31:12 1520591472873 Metric[cluster.clock.maxClusterTimeDiff=0]
09-03-2018 02:31:12 1520591472873 Metric[event.eventQueueSize=0]
09-03-2018 02:31:12 1520591472873 Metric[event.eventsProcessed=5]
09-03-2018 02:31:12 1520591472873 Metric[executor.[hz:async].queueSize=0]
09-03-2018 02:31:12 1520591472873 Metric[executor.[hz:client-query].queueSize=0]
09-03-2018 02:31:12 1520591472873 Metric[executor.[hz:client].queueSize=0]
09-03-2018 02:31:12 1520591472873 Metric[executor.[hz:cluster:event].queueSize=0]
09-03-2018 02:31:12 1520591472873 Metric[executor.[hz:cluster].queueSize=0]
09-03-2018 02:31:12 1520591472873 Metric[executor.[hz:offloadable].queueSize=0]
09-03-2018 02:31:12 1520591472873 Metric[executor.[hz:scheduled:cqc:17c2f03b-92b8-47dc-980f-c239b876c135].queueSize=0]
09-03-2018 02:31:12 1520591472873 Metric[executor.[hz:scheduled].queueSize=0]
09-03-2018 02:31:12 1520591472873 Metric[executor.[hz:system].queueSize=0]
09-03-2018 02:31:12 1520591472873 Metric[file.partition[user.home].freeSpace=157586554880]
09-03-2018 02:31:12 1520591472873 Metric[file.partition[user.home].totalSpace=249664372736]
09-03-2018 02:31:12 1520591472873 Metric[file.partition[user.home].usableSpace=157324410880]
09-03-2018 02:31:12 1520591472873 Metric[gc.majorCount=2]
09-03-2018 02:31:12 1520591472873 Metric[gc.majorTime=79]
09-03-2018 02:31:12 1520591472873 Metric[gc.minorCount=7]
09-03-2018 02:31:12 1520591472873 Metric[gc.minorTime=50]
09-03-2018 02:31:12 1520591472873 Metric[gc.unknownCount=0]
09-03-2018 02:31:12 1520591472873 Metric[gc.unknownTime=0]
09-03-2018 02:31:12 1520591472873 Metric[operation.callTimeoutCount=0]
09-03-2018 02:31:12 1520591472873 Metric[operation.completedCount=0]
09-03-2018 02:31:12 1520591472873 Metric[operation.failedBackups=0]
09-03-2018 02:31:12 1520591472873 Metric[operation.invocations.backupTimeouts=0]
09-03-2018 02:31:12 1520591472873 Metric[operation.invocations.normalTimeouts=0]
09-03-2018 02:31:12 1520591472873 Metric[operation.invocations.pending=0]
09-03-2018 02:31:12 1520591472873 Metric[operation.invocations.responses[backup]=0]
09-03-2018 02:31:12 1520591472873 Metric[operation.invocations.responses[error]=0]
09-03-2018 02:31:12 1520591472873 Metric[operation.invocations.responses[missing]=0]
09-03-2018 02:31:12 1520591472873 Metric[operation.invocations.responses[normal]=0]
09-03-2018 02:31:12 1520591472873 Metric[operation.invocations.responses[timeout]=0]
09-03-2018 02:31:12 1520591472873 Metric[operation.operationTimeoutCount=0]
09-03-2018 02:31:12 1520591472873 Metric[operation.priorityQueueSize=0]
09-03-2018 02:31:12 1520591472873 Metric[operation.queueSize=0]
09-03-2018 02:31:12 1520591472873 Metric[operation.responseQueueSize=0]
09-03-2018 02:31:12 1520591472873 Metric[operation.retryCount=0]
09-03-2018 02:31:12 1520591472873 Metric[os.committedVirtualMemorySize=8616009728]
09-03-2018 02:31:12 1520591472873 Metric[os.freePhysicalMemorySize=232079360]
09-03-2018 02:31:12 1520591472873 Metric[os.freeSwapSpaceSize=970457088]
09-03-2018 02:31:12 1520591472873 Metric[os.maxFileDescriptorCount=10240]
09-03-2018 02:31:12 1520591472873 Metric[os.openFileDescriptorCount=101]
09-03-2018 02:31:12 1520591472873 Metric[os.processCpuLoad=24.294608056724215]
09-03-2018 02:31:12 1520591472873 Metric[os.processCpuTime=11048433000]
09-03-2018 02:31:12 1520591472873 Metric[os.systemCpuLoad=27.844311377245507]
09-03-2018 02:31:12 1520591472873 Metric[os.systemLoadAverage=1.73095703125]
09-03-2018 02:31:12 1520591472873 Metric[os.totalPhysicalMemorySize=17179869184]
09-03-2018 02:31:12 1520591472873 Metric[os.totalSwapSpaceSize=1073741824]
09-03-2018 02:31:12 1520591472873 Metric[proxy.createdCount=0]
09-03-2018 02:31:12 1520591472873 Metric[proxy.destroyedCount=0]
09-03-2018 02:31:12 1520591472873 Metric[runtime.availableProcessors=8]
09-03-2018 02:31:12 1520591472873 Metric[runtime.freeMemory=472859192]
09-03-2018 02:31:12 1520591472873 Metric[runtime.maxMemory=3817865216]
09-03-2018 02:31:12 1520591472873 Metric[runtime.totalMemory=656408576]
09-03-2018 02:31:12 1520591472873 Metric[runtime.uptime=13693]
09-03-2018 02:31:12 1520591472873 Metric[runtime.usedMemory=183549384]
09-03-2018 02:31:12 1520591472873 Metric[tcp.connection.acceptedSocketCount=0]
09-03-2018 02:31:12 1520591472873 Metric[tcp.connection.activeCount=0]
09-03-2018 02:31:12 1520591472873 Metric[tcp.connection.clientCount=0]
09-03-2018 02:31:12 1520591472873 Metric[tcp.connection.count=0]
09-03-2018 02:31:12 1520591472873 Metric[tcp.connection.textCount=0]
09-03-2018 02:31:12 1520591472873 Metric[thread.daemonThreadCount=43]
09-03-2018 02:31:12 1520591472873 Metric[thread.peakThreadCount=55]
09-03-2018 02:31:12 1520591472873 Metric[thread.threadCount=55]
09-03-2018 02:31:12 1520591472873 Metric[thread.totalStartedThreadCount=57]
09-03-2018 02:31:12 1520591472873 Metric[transactions.commitCount=0]
09-03-2018 02:31:12 1520591472873 Metric[transactions.rollbackCount=0]
09-03-2018 02:31:12 1520591472873 Metric[transactions.startCount=0]
09-03-2018 02:31:12 1520591472875 SlowOperations[]
09-03-2018 02:31:12 1520591472875 HazelcastInstance[
                          thisAddress=[192.168.0.210]:5701
                          isRunning=true
                          isLite=false
                          joined=false
                          nodeState=null
                          clusterId=null
                          clusterSize=1
                          isMaster=false
                          masterAddress=null
                          Members[
                                  [192.168.0.210]:5701]]
09-03-2018 02:31:12 1520591472875 ClusterVersionChanged[
                          3.9]
09-03-2018 02:31:12 1520591472875 Lifecycle[
                          STARTING]
09-03-2018 02:31:13 1520591473872 MemberAdded[
                          member=[192.168.0.210]:5701
                          Members[
                                  [192.168.0.210]:5701:this:master]]
09-03-2018 02:31:14 1520591474876 ClusterVersionChanged[
                          3.9]
09-03-2018 02:31:14 1520591474876 Lifecycle[
                          STARTED]
09-03-2018 02:32:12 1520591532874 Metric[classloading.loadedClassesCount=11347]
09-03-2018 02:32:12 1520591532874 Metric[classloading.totalLoadedClassesCount=11347]
09-03-2018 02:32:12 1520591532874 Metric[classloading.unloadedClassCount=0]
09-03-2018 02:32:12 1520591532874 Metric[client.endpoint.count=0]
09-03-2018 02:32:12 1520591532874 Metric[client.endpoint.totalRegistrations=0]
09-03-2018 02:32:12 1520591532874 Metric[cluster.clock.clusterTimeDiff=0]
09-03-2018 02:32:12 1520591532874 Metric[cluster.clock.maxClusterTimeDiff=0]
09-03-2018 02:32:12 1520591532874 Metric[event.eventQueueSize=0]
09-03-2018 02:32:12 1520591532874 Metric[event.eventsProcessed=14]
09-03-2018 02:32:12 1520591532874 Metric[executor.[hz:async].queueSize=0]
09-03-2018 02:32:12 1520591532874 Metric[executor.[hz:client-query].queueSize=0]
09-03-2018 02:32:12 1520591532874 Metric[executor.[hz:client].queueSize=0]
09-03-2018 02:32:12 1520591532874 Metric[executor.[hz:cluster:event].queueSize=0]
09-03-2018 02:32:12 1520591532874 Metric[executor.[hz:cluster].queueSize=0]
09-03-2018 02:32:12 1520591532874 Metric[executor.[hz:offloadable].queueSize=0]
09-03-2018 02:32:12 1520591532874 Metric[executor.[hz:scheduled:cqc:17c2f03b-92b8-47dc-980f-c239b876c135].queueSize=0]
09-03-2018 02:32:12 1520591532874 Metric[executor.[hz:scheduled].queueSize=0]
09-03-2018 02:32:12 1520591532874 Metric[executor.[hz:system].queueSize=0]
09-03-2018 02:32:12 1520591532874 Metric[file.partition[user.home].freeSpace=157586132992]
09-03-2018 02:32:12 1520591532874 Metric[file.partition[user.home].totalSpace=249664372736]
09-03-2018 02:32:12 1520591532874 Metric[file.partition[user.home].usableSpace=157323988992]
09-03-2018 02:32:12 1520591532874 Metric[gc.majorCount=2]
09-03-2018 02:32:12 1520591532874 Metric[gc.majorTime=79]
09-03-2018 02:32:12 1520591532874 Metric[gc.minorCount=7]
09-03-2018 02:32:12 1520591532874 Metric[gc.minorTime=50]
09-03-2018 02:32:12 1520591532874 Metric[gc.unknownCount=0]
09-03-2018 02:32:12 1520591532874 Metric[gc.unknownTime=0]
09-03-2018 02:32:12 1520591532874 Metric[operation.callTimeoutCount=0]
09-03-2018 02:32:12 1520591532874 Metric[operation.completedCount=1]
09-03-2018 02:32:12 1520591532874 Metric[operation.failedBackups=0]
09-03-2018 02:32:12 1520591532874 Metric[operation.invocations.backupTimeouts=0]
09-03-2018 02:32:12 1520591532874 Metric[operation.invocations.normalTimeouts=0]
09-03-2018 02:32:12 1520591532874 Metric[operation.invocations.pending=0]
09-03-2018 02:32:12 1520591532874 Metric[operation.invocations.responses[backup]=0]
09-03-2018 02:32:12 1520591532874 Metric[operation.invocations.responses[error]=0]
09-03-2018 02:32:12 1520591532874 Metric[operation.invocations.responses[missing]=0]
09-03-2018 02:32:12 1520591532874 Metric[operation.invocations.responses[normal]=0]
09-03-2018 02:32:12 1520591532874 Metric[operation.invocations.responses[timeout]=0]
09-03-2018 02:32:12 1520591532874 Metric[operation.operationTimeoutCount=0]
09-03-2018 02:32:12 1520591532874 Metric[operation.priorityQueueSize=0]
09-03-2018 02:32:12 1520591532874 Metric[operation.queueSize=0]
09-03-2018 02:32:12 1520591532874 Metric[operation.responseQueueSize=0]
09-03-2018 02:32:12 1520591532874 Metric[operation.retryCount=0]
09-03-2018 02:32:12 1520591532874 Metric[os.committedVirtualMemorySize=8661098496]
09-03-2018 02:32:12 1520591532874 Metric[os.freePhysicalMemorySize=112660480]
09-03-2018 02:32:12 1520591532874 Metric[os.freeSwapSpaceSize=970457088]
09-03-2018 02:32:12 1520591532874 Metric[os.maxFileDescriptorCount=10240]
09-03-2018 02:32:12 1520591532874 Metric[os.openFileDescriptorCount=141]
09-03-2018 02:32:12 1520591532874 Metric[os.processCpuLoad=0.25734815200786326]
09-03-2018 02:32:12 1520591532874 Metric[os.processCpuTime=21228609000]
09-03-2018 02:32:12 1520591532874 Metric[os.systemCpuLoad=10.441176470588236]
09-03-2018 02:32:12 1520591532874 Metric[os.systemLoadAverage=2.36767578125]
09-03-2018 02:32:12 1520591532874 Metric[os.totalPhysicalMemorySize=17179869184]
09-03-2018 02:32:12 1520591532874 Metric[os.totalSwapSpaceSize=1073741824]
09-03-2018 02:32:12 1520591532874 Metric[proxy.createdCount=0]
09-03-2018 02:32:12 1520591532874 Metric[proxy.destroyedCount=0]
09-03-2018 02:32:12 1520591532874 Metric[runtime.availableProcessors=8]
09-03-2018 02:32:12 1520591532874 Metric[runtime.freeMemory=128983320]
09-03-2018 02:32:12 1520591532874 Metric[runtime.maxMemory=3817865216]
09-03-2018 02:32:12 1520591532874 Metric[runtime.totalMemory=656408576]
09-03-2018 02:32:12 1520591532874 Metric[runtime.uptime=73695]
09-03-2018 02:32:12 1520591532874 Metric[runtime.usedMemory=527425256]
09-03-2018 02:32:12 1520591532874 Metric[tcp.connection.acceptedSocketCount=0]
09-03-2018 02:32:12 1520591532874 Metric[tcp.connection.activeCount=0]
09-03-2018 02:32:12 1520591532874 Metric[tcp.connection.clientCount=0]
09-03-2018 02:32:12 1520591532874 Metric[tcp.connection.count=0]
09-03-2018 02:32:12 1520591532874 Metric[tcp.connection.textCount=0]
09-03-2018 02:32:12 1520591532874 Metric[thread.daemonThreadCount=70]
09-03-2018 02:32:12 1520591532874 Metric[thread.peakThreadCount=88]
09-03-2018 02:32:12 1520591532874 Metric[thread.threadCount=84]
09-03-2018 02:32:12 1520591532874 Metric[thread.totalStartedThreadCount=93]
09-03-2018 02:32:12 1520591532874 Metric[transactions.commitCount=0]
09-03-2018 02:32:12 1520591532874 Metric[transactions.rollbackCount=0]
09-03-2018 02:32:12 1520591532874 Metric[transactions.startCount=0]
09-03-2018 02:32:12 1520591532876 SlowOperations[]
09-03-2018 02:32:12 1520591532876 HazelcastInstance[
                          thisAddress=[192.168.0.210]:5701
                          isRunning=true
                          isLite=false
                          joined=true
                          nodeState=ACTIVE
                          clusterId=cdbb8369-9e67-4851-b8b7-7a46e3b1f61d
                          clusterSize=1
                          isMaster=true
                          masterAddress=[192.168.0.210]:5701
                          Members[
                                  [192.168.0.210]:5701]]
09-03-2018 02:33:12 1520591592872 Metric[classloading.loadedClassesCount=11348]
09-03-2018 02:33:12 1520591592872 Metric[classloading.totalLoadedClassesCount=11348]
09-03-2018 02:33:12 1520591592872 Metric[classloading.unloadedClassCount=0]
09-03-2018 02:33:12 1520591592872 Metric[client.endpoint.count=0]
09-03-2018 02:33:12 1520591592872 Metric[client.endpoint.totalRegistrations=0]
09-03-2018 02:33:12 1520591592872 Metric[cluster.clock.clusterTimeDiff=0]
09-03-2018 02:33:12 1520591592872 Metric[cluster.clock.maxClusterTimeDiff=0]
09-03-2018 02:33:12 1520591592872 Metric[event.eventQueueSize=0]
09-03-2018 02:33:12 1520591592872 Metric[event.eventsProcessed=19]
09-03-2018 02:33:12 1520591592872 Metric[executor.[hz:async].queueSize=0]
09-03-2018 02:33:12 1520591592872 Metric[executor.[hz:client-query].queueSize=0]
09-03-2018 02:33:12 1520591592872 Metric[executor.[hz:client].queueSize=0]
09-03-2018 02:33:12 1520591592872 Metric[executor.[hz:cluster:event].queueSize=0]
09-03-2018 02:33:12 1520591592872 Metric[executor.[hz:cluster].queueSize=0]
09-03-2018 02:33:12 1520591592872 Metric[executor.[hz:offloadable].queueSize=0]
09-03-2018 02:33:12 1520591592872 Metric[executor.[hz:scheduled:cqc:17c2f03b-92b8-47dc-980f-c239b876c135].queueSize=0]
09-03-2018 02:33:12 1520591592872 Metric[executor.[hz:scheduled].queueSize=0]
09-03-2018 02:33:12 1520591592872 Metric[executor.[hz:system].queueSize=0]
09-03-2018 02:33:12 1520591592872 Metric[file.partition[user.home].freeSpace=157585854464]
09-03-2018 02:33:12 1520591592872 Metric[file.partition[user.home].totalSpace=249664372736]
09-03-2018 02:33:12 1520591592872 Metric[file.partition[user.home].usableSpace=157323710464]
09-03-2018 02:33:12 1520591592872 Metric[gc.majorCount=2]
09-03-2018 02:33:12 1520591592872 Metric[gc.majorTime=79]
09-03-2018 02:33:12 1520591592872 Metric[gc.minorCount=7]
09-03-2018 02:33:12 1520591592872 Metric[gc.minorTime=50]
09-03-2018 02:33:12 1520591592872 Metric[gc.unknownCount=0]
09-03-2018 02:33:12 1520591592872 Metric[gc.unknownTime=0]
09-03-2018 02:33:12 1520591592872 Metric[operation.callTimeoutCount=0]
09-03-2018 02:33:12 1520591592872 Metric[operation.completedCount=1]
09-03-2018 02:33:12 1520591592872 Metric[operation.failedBackups=0]
09-03-2018 02:33:12 1520591592872 Metric[operation.invocations.backupTimeouts=0]
09-03-2018 02:33:12 1520591592872 Metric[operation.invocations.normalTimeouts=0]
09-03-2018 02:33:12 1520591592872 Metric[operation.invocations.pending=0]
09-03-2018 02:33:12 1520591592872 Metric[operation.invocations.responses[backup]=0]
09-03-2018 02:33:12 1520591592872 Metric[operation.invocations.responses[error]=0]
09-03-2018 02:33:12 1520591592872 Metric[operation.invocations.responses[missing]=0]
09-03-2018 02:33:12 1520591592872 Metric[operation.invocations.responses[normal]=0]
09-03-2018 02:33:12 1520591592872 Metric[operation.invocations.responses[timeout]=0]
09-03-2018 02:33:12 1520591592872 Metric[operation.operationTimeoutCount=0]
09-03-2018 02:33:12 1520591592872 Metric[operation.priorityQueueSize=0]
09-03-2018 02:33:12 1520591592872 Metric[operation.queueSize=0]
09-03-2018 02:33:12 1520591592872 Metric[operation.responseQueueSize=0]
09-03-2018 02:33:12 1520591592872 Metric[operation.retryCount=0]
09-03-2018 02:33:12 1520591592872 Metric[os.committedVirtualMemorySize=8663220224]
09-03-2018 02:33:12 1520591592872 Metric[os.freePhysicalMemorySize=112287744]
09-03-2018 02:33:12 1520591592872 Metric[os.freeSwapSpaceSize=970457088]
09-03-2018 02:33:12 1520591592872 Metric[os.maxFileDescriptorCount=10240]
09-03-2018 02:33:12 1520591592872 Metric[os.openFileDescriptorCount=141]
09-03-2018 02:33:12 1520591592872 Metric[os.processCpuLoad=0.22513202140759686]
09-03-2018 02:33:12 1520591592872 Metric[os.processCpuTime=22158988000]
09-03-2018 02:33:12 1520591592872 Metric[os.systemCpuLoad=8.482142857142858]
09-03-2018 02:33:12 1520591592872 Metric[os.systemLoadAverage=2.3466796875]
09-03-2018 02:33:12 1520591592872 Metric[os.totalPhysicalMemorySize=17179869184]
09-03-2018 02:33:12 1520591592872 Metric[os.totalSwapSpaceSize=1073741824]
09-03-2018 02:33:12 1520591592872 Metric[proxy.createdCount=0]
09-03-2018 02:33:12 1520591592872 Metric[proxy.destroyedCount=0]
09-03-2018 02:33:12 1520591592872 Metric[runtime.availableProcessors=8]
09-03-2018 02:33:12 1520591592872 Metric[runtime.freeMemory=116870400]
09-03-2018 02:33:12 1520591592872 Metric[runtime.maxMemory=3817865216]
09-03-2018 02:33:12 1520591592872 Metric[runtime.totalMemory=656408576]
09-03-2018 02:33:12 1520591592872 Metric[runtime.uptime=133693]
09-03-2018 02:33:12 1520591592872 Metric[runtime.usedMemory=539538176]
09-03-2018 02:33:12 1520591592872 Metric[tcp.connection.acceptedSocketCount=0]
09-03-2018 02:33:12 1520591592872 Metric[tcp.connection.activeCount=0]
09-03-2018 02:33:12 1520591592872 Metric[tcp.connection.clientCount=0]
09-03-2018 02:33:12 1520591592872 Metric[tcp.connection.count=0]
09-03-2018 02:33:12 1520591592872 Metric[tcp.connection.textCount=0]
09-03-2018 02:33:12 1520591592872 Metric[thread.daemonThreadCount=70]
09-03-2018 02:33:12 1520591592872 Metric[thread.peakThreadCount=88]
09-03-2018 02:33:12 1520591592872 Metric[thread.threadCount=86]
09-03-2018 02:33:12 1520591592872 Metric[thread.totalStartedThreadCount=95]
09-03-2018 02:33:12 1520591592872 Metric[transactions.commitCount=0]
09-03-2018 02:33:12 1520591592872 Metric[transactions.rollbackCount=0]
09-03-2018 02:33:12 1520591592872 Metric[transactions.startCount=0]
09-03-2018 02:33:12 1520591592875 SlowOperations[]
09-03-2018 02:33:12 1520591592875 HazelcastInstance[
                          thisAddress=[192.168.0.210]:5701
                          isRunning=true
                          isLite=false
                          joined=true
                          nodeState=ACTIVE
                          clusterId=cdbb8369-9e67-4851-b8b7-7a46e3b1f61d
                          clusterSize=1
                          isMaster=true
                          masterAddress=[192.168.0.210]:5701
                          Members[
                                  [192.168.0.210]:5701]]
09-03-2018 02:34:12 1520591652873 Metric[classloading.loadedClassesCount=11350]
09-03-2018 02:34:12 1520591652873 Metric[classloading.totalLoadedClassesCount=11350]
09-03-2018 02:34:12 1520591652873 Metric[classloading.unloadedClassCount=0]
09-03-2018 02:34:12 1520591652873 Metric[client.endpoint.count=0]
09-03-2018 02:34:12 1520591652873 Metric[client.endpoint.totalRegistrations=0]
09-03-2018 02:34:12 1520591652873 Metric[cluster.clock.clusterTimeDiff=0]
09-03-2018 02:34:12 1520591652873 Metric[cluster.clock.maxClusterTimeDiff=0]
09-03-2018 02:34:12 1520591652873 Metric[event.eventQueueSize=0]
09-03-2018 02:34:12 1520591652873 Metric[event.eventsProcessed=24]
09-03-2018 02:34:12 1520591652873 Metric[executor.[hz:async].queueSize=0]
09-03-2018 02:34:12 1520591652873 Metric[executor.[hz:client-query].queueSize=0]
09-03-2018 02:34:12 1520591652873 Metric[executor.[hz:client].queueSize=0]
09-03-2018 02:34:12 1520591652873 Metric[executor.[hz:cluster:event].queueSize=0]
09-03-2018 02:34:12 1520591652873 Metric[executor.[hz:cluster].queueSize=0]
09-03-2018 02:34:12 1520591652873 Metric[executor.[hz:offloadable].queueSize=0]
09-03-2018 02:34:12 1520591652873 Metric[executor.[hz:scheduled:cqc:17c2f03b-92b8-47dc-980f-c239b876c135].queueSize=0]
09-03-2018 02:34:12 1520591652873 Metric[executor.[hz:scheduled].queueSize=0]
09-03-2018 02:34:12 1520591652873 Metric[executor.[hz:system].queueSize=0]
09-03-2018 02:34:12 1520591652873 Metric[file.partition[user.home].freeSpace=157585756160]
09-03-2018 02:34:12 1520591652873 Metric[file.partition[user.home].totalSpace=249664372736]
09-03-2018 02:34:12 1520591652873 Metric[file.partition[user.home].usableSpace=157323612160]
09-03-2018 02:34:12 1520591652873 Metric[gc.majorCount=2]
09-03-2018 02:34:12 1520591652873 Metric[gc.majorTime=79]
09-03-2018 02:34:12 1520591652873 Metric[gc.minorCount=8]
09-03-2018 02:34:12 1520591652873 Metric[gc.minorTime=78]
09-03-2018 02:34:12 1520591652873 Metric[gc.unknownCount=0]
09-03-2018 02:34:12 1520591652873 Metric[gc.unknownTime=0]
09-03-2018 02:34:12 1520591652873 Metric[operation.callTimeoutCount=0]
09-03-2018 02:34:12 1520591652873 Metric[operation.completedCount=1]
09-03-2018 02:34:12 1520591652873 Metric[operation.failedBackups=0]
09-03-2018 02:34:12 1520591652873 Metric[operation.invocations.backupTimeouts=0]
09-03-2018 02:34:12 1520591652873 Metric[operation.invocations.normalTimeouts=0]
09-03-2018 02:34:12 1520591652873 Metric[operation.invocations.pending=0]
09-03-2018 02:34:12 1520591652873 Metric[operation.invocations.responses[backup]=0]
09-03-2018 02:34:12 1520591652873 Metric[operation.invocations.responses[error]=0]
09-03-2018 02:34:12 1520591652873 Metric[operation.invocations.responses[missing]=0]
09-03-2018 02:34:12 1520591652873 Metric[operation.invocations.responses[normal]=0]
09-03-2018 02:34:12 1520591652873 Metric[operation.invocations.responses[timeout]=0]
09-03-2018 02:34:12 1520591652873 Metric[operation.operationTimeoutCount=0]
09-03-2018 02:34:12 1520591652873 Metric[operation.priorityQueueSize=0]
09-03-2018 02:34:12 1520591652873 Metric[operation.queueSize=0]
09-03-2018 02:34:12 1520591652873 Metric[operation.responseQueueSize=0]
09-03-2018 02:34:12 1520591652873 Metric[operation.retryCount=0]
09-03-2018 02:34:12 1520591652873 Metric[os.committedVirtualMemorySize=8662999040]
09-03-2018 02:34:12 1520591652873 Metric[os.freePhysicalMemorySize=83001344]
09-03-2018 02:34:12 1520591652873 Metric[os.freeSwapSpaceSize=970457088]
09-03-2018 02:34:12 1520591652873 Metric[os.maxFileDescriptorCount=10240]
09-03-2018 02:34:12 1520591652873 Metric[os.openFileDescriptorCount=138]
09-03-2018 02:34:12 1520591652873 Metric[os.processCpuLoad=0.26861033926224187]
09-03-2018 02:34:12 1520591652873 Metric[os.processCpuTime=23148768000]
09-03-2018 02:34:12 1520591652873 Metric[os.systemCpuLoad=4.011887072808321]
09-03-2018 02:34:12 1520591652873 Metric[os.systemLoadAverage=2.7939453125]
09-03-2018 02:34:12 1520591652873 Metric[os.totalPhysicalMemorySize=17179869184]
09-03-2018 02:34:12 1520591652873 Metric[os.totalSwapSpaceSize=1073741824]
09-03-2018 02:34:12 1520591652873 Metric[proxy.createdCount=0]
09-03-2018 02:34:12 1520591652873 Metric[proxy.destroyedCount=0]
09-03-2018 02:34:12 1520591652873 Metric[runtime.availableProcessors=8]
09-03-2018 02:34:12 1520591652873 Metric[runtime.freeMemory=857560744]
09-03-2018 02:34:12 1520591652873 Metric[runtime.maxMemory=3817865216]
09-03-2018 02:34:12 1520591652873 Metric[runtime.totalMemory=966262784]
09-03-2018 02:34:12 1520591652873 Metric[runtime.uptime=193694]
09-03-2018 02:34:12 1520591652873 Metric[runtime.usedMemory=108702040]
09-03-2018 02:34:12 1520591652873 Metric[tcp.connection.acceptedSocketCount=0]
09-03-2018 02:34:12 1520591652873 Metric[tcp.connection.activeCount=0]
09-03-2018 02:34:12 1520591652873 Metric[tcp.connection.clientCount=0]
09-03-2018 02:34:12 1520591652873 Metric[tcp.connection.count=0]
09-03-2018 02:34:12 1520591652873 Metric[tcp.connection.textCount=0]
09-03-2018 02:34:12 1520591652873 Metric[thread.daemonThreadCount=70]
09-03-2018 02:34:12 1520591652873 Metric[thread.peakThreadCount=88]
09-03-2018 02:34:12 1520591652873 Metric[thread.threadCount=86]
09-03-2018 02:34:12 1520591652873 Metric[thread.totalStartedThreadCount=95]
09-03-2018 02:34:12 1520591652873 Metric[transactions.commitCount=0]
09-03-2018 02:34:12 1520591652873 Metric[transactions.rollbackCount=0]
09-03-2018 02:34:12 1520591652873 Metric[transactions.startCount=0]
09-03-2018 02:34:12 1520591652876 SlowOperations[]
09-03-2018 02:34:12 1520591652876 HazelcastInstance[
                          thisAddress=[192.168.0.210]:5701
                          isRunning=true
                          isLite=false
                          joined=true
                          nodeState=ACTIVE
                          clusterId=cdbb8369-9e67-4851-b8b7-7a46e3b1f61d
                          clusterSize=1
                          isMaster=true
                          masterAddress=[192.168.0.210]:5701
                          Members[
                                  [192.168.0.210]:5701]]
09-03-2018 02:35:12 1520591712873 Metric[classloading.loadedClassesCount=11350]
09-03-2018 02:35:12 1520591712873 Metric[classloading.totalLoadedClassesCount=11350]
09-03-2018 02:35:12 1520591712873 Metric[classloading.unloadedClassCount=0]
09-03-2018 02:35:12 1520591712873 Metric[client.endpoint.count=0]
09-03-2018 02:35:12 1520591712873 Metric[client.endpoint.totalRegistrations=0]
09-03-2018 02:35:12 1520591712873 Metric[cluster.clock.clusterTimeDiff=0]
09-03-2018 02:35:12 1520591712873 Metric[cluster.clock.maxClusterTimeDiff=0]
09-03-2018 02:35:12 1520591712873 Metric[event.eventQueueSize=0]
09-03-2018 02:35:12 1520591712873 Metric[event.eventsProcessed=29]
09-03-2018 02:35:12 1520591712873 Metric[executor.[hz:async].queueSize=0]
09-03-2018 02:35:12 1520591712873 Metric[executor.[hz:client-query].queueSize=0]
09-03-2018 02:35:12 1520591712873 Metric[executor.[hz:client].queueSize=0]
09-03-2018 02:35:12 1520591712873 Metric[executor.[hz:cluster:event].queueSize=0]
09-03-2018 02:35:12 1520591712873 Metric[executor.[hz:cluster].queueSize=0]
09-03-2018 02:35:12 1520591712873 Metric[executor.[hz:offloadable].queueSize=0]
09-03-2018 02:35:12 1520591712873 Metric[executor.[hz:scheduled:cqc:17c2f03b-92b8-47dc-980f-c239b876c135].queueSize=0]
09-03-2018 02:35:12 1520591712873 Metric[executor.[hz:scheduled].queueSize=0]
09-03-2018 02:35:12 1520591712873 Metric[executor.[hz:system].queueSize=0]
09-03-2018 02:35:12 1520591712873 Metric[file.partition[user.home].freeSpace=157587152896]
09-03-2018 02:35:12 1520591712873 Metric[file.partition[user.home].totalSpace=249664372736]
09-03-2018 02:35:12 1520591712873 Metric[file.partition[user.home].usableSpace=157325008896]
09-03-2018 02:35:12 1520591712873 Metric[gc.majorCount=2]
09-03-2018 02:35:12 1520591712873 Metric[gc.majorTime=79]
09-03-2018 02:35:12 1520591712873 Metric[gc.minorCount=8]
09-03-2018 02:35:12 1520591712873 Metric[gc.minorTime=78]
09-03-2018 02:35:12 1520591712873 Metric[gc.unknownCount=0]
09-03-2018 02:35:12 1520591712873 Metric[gc.unknownTime=0]
09-03-2018 02:35:12 1520591712873 Metric[operation.callTimeoutCount=0]
09-03-2018 02:35:12 1520591712873 Metric[operation.completedCount=1]
09-03-2018 02:35:12 1520591712873 Metric[operation.failedBackups=0]
09-03-2018 02:35:12 1520591712873 Metric[operation.invocations.backupTimeouts=0]
09-03-2018 02:35:12 1520591712873 Metric[operation.invocations.normalTimeouts=0]
09-03-2018 02:35:12 1520591712873 Metric[operation.invocations.pending=0]
09-03-2018 02:35:12 1520591712873 Metric[operation.invocations.responses[backup]=0]
09-03-2018 02:35:12 1520591712873 Metric[operation.invocations.responses[error]=0]
09-03-2018 02:35:12 1520591712873 Metric[operation.invocations.responses[missing]=0]
09-03-2018 02:35:12 1520591712873 Metric[operation.invocations.responses[normal]=0]
09-03-2018 02:35:12 1520591712873 Metric[operation.invocations.responses[timeout]=0]
09-03-2018 02:35:12 1520591712873 Metric[operation.operationTimeoutCount=0]
09-03-2018 02:35:12 1520591712873 Metric[operation.priorityQueueSize=0]
09-03-2018 02:35:12 1520591712873 Metric[operation.queueSize=0]
09-03-2018 02:35:12 1520591712873 Metric[operation.responseQueueSize=0]
09-03-2018 02:35:12 1520591712873 Metric[operation.retryCount=0]
09-03-2018 02:35:12 1520591712873 Metric[os.committedVirtualMemorySize=8660877312]
09-03-2018 02:35:12 1520591712873 Metric[os.freePhysicalMemorySize=84348928]
09-03-2018 02:35:12 1520591712873 Metric[os.freeSwapSpaceSize=970457088]
09-03-2018 02:35:12 1520591712873 Metric[os.maxFileDescriptorCount=10240]
09-03-2018 02:35:12 1520591712873 Metric[os.openFileDescriptorCount=138]
09-03-2018 02:35:12 1520591712873 Metric[os.processCpuLoad=0.21522590776482217]
09-03-2018 02:35:12 1520591712873 Metric[os.processCpuTime=23776011000]
09-03-2018 02:35:12 1520591712873 Metric[os.systemCpuLoad=4.296296296296296]
09-03-2018 02:35:12 1520591712873 Metric[os.systemLoadAverage=2.5283203125]
09-03-2018 02:35:12 1520591712873 Metric[os.totalPhysicalMemorySize=17179869184]
09-03-2018 02:35:12 1520591712873 Metric[os.totalSwapSpaceSize=1073741824]
09-03-2018 02:35:12 1520591712873 Metric[proxy.createdCount=0]
09-03-2018 02:35:12 1520591712873 Metric[proxy.destroyedCount=0]
09-03-2018 02:35:12 1520591712873 Metric[runtime.availableProcessors=8]
09-03-2018 02:35:12 1520591712873 Metric[runtime.freeMemory=846552888]
09-03-2018 02:35:12 1520591712873 Metric[runtime.maxMemory=3817865216]
09-03-2018 02:35:12 1520591712873 Metric[runtime.totalMemory=966262784]
09-03-2018 02:35:12 1520591712873 Metric[runtime.uptime=253694]
09-03-2018 02:35:12 1520591712873 Metric[runtime.usedMemory=119709896]
09-03-2018 02:35:12 1520591712873 Metric[tcp.connection.acceptedSocketCount=0]
09-03-2018 02:35:12 1520591712873 Metric[tcp.connection.activeCount=0]
09-03-2018 02:35:12 1520591712873 Metric[tcp.connection.clientCount=0]
09-03-2018 02:35:12 1520591712873 Metric[tcp.connection.count=0]
09-03-2018 02:35:12 1520591712873 Metric[tcp.connection.textCount=0]
09-03-2018 02:35:12 1520591712873 Metric[thread.daemonThreadCount=70]
09-03-2018 02:35:12 1520591712873 Metric[thread.peakThreadCount=88]
09-03-2018 02:35:12 1520591712873 Metric[thread.threadCount=84]
09-03-2018 02:35:12 1520591712873 Metric[thread.totalStartedThreadCount=95]
09-03-2018 02:35:12 1520591712873 Metric[transactions.commitCount=0]
09-03-2018 02:35:12 1520591712873 Metric[transactions.rollbackCount=0]
09-03-2018 02:35:12 1520591712873 Metric[transactions.startCount=0]
09-03-2018 02:35:12 1520591712876 SlowOperations[]
09-03-2018 02:35:12 1520591712876 HazelcastInstance[
                          thisAddress=[192.168.0.210]:5701
                          isRunning=true
                          isLite=false
                          joined=true
                          nodeState=ACTIVE
                          clusterId=cdbb8369-9e67-4851-b8b7-7a46e3b1f61d
                          clusterSize=1
                          isMaster=true
                          masterAddress=[192.168.0.210]:5701
                          Members[
                                  [192.168.0.210]:5701]]
09-03-2018 02:36:12 1520591772873 Metric[classloading.loadedClassesCount=11350]
09-03-2018 02:36:12 1520591772873 Metric[classloading.totalLoadedClassesCount=11350]
09-03-2018 02:36:12 1520591772873 Metric[classloading.unloadedClassCount=0]
09-03-2018 02:36:12 1520591772873 Metric[client.endpoint.count=0]
09-03-2018 02:36:12 1520591772873 Metric[client.endpoint.totalRegistrations=0]
09-03-2018 02:36:12 1520591772873 Metric[cluster.clock.clusterTimeDiff=0]
09-03-2018 02:36:12 1520591772873 Metric[cluster.clock.maxClusterTimeDiff=0]
09-03-2018 02:36:12 1520591772873 Metric[event.eventQueueSize=0]
09-03-2018 02:36:12 1520591772873 Metric[event.eventsProcessed=34]
09-03-2018 02:36:12 1520591772873 Metric[executor.[hz:async].queueSize=0]
09-03-2018 02:36:12 1520591772873 Metric[executor.[hz:client-query].queueSize=0]
09-03-2018 02:36:12 1520591772873 Metric[executor.[hz:client].queueSize=0]
09-03-2018 02:36:12 1520591772873 Metric[executor.[hz:cluster:event].queueSize=0]
09-03-2018 02:36:12 1520591772873 Metric[executor.[hz:cluster].queueSize=0]
09-03-2018 02:36:12 1520591772873 Metric[executor.[hz:offloadable].queueSize=0]
09-03-2018 02:36:12 1520591772873 Metric[executor.[hz:scheduled:cqc:17c2f03b-92b8-47dc-980f-c239b876c135].queueSize=0]
09-03-2018 02:36:12 1520591772873 Metric[executor.[hz:scheduled].queueSize=0]
09-03-2018 02:36:12 1520591772873 Metric[executor.[hz:system].queueSize=0]
09-03-2018 02:36:12 1520591772873 Metric[file.partition[user.home].freeSpace=157587120128]
09-03-2018 02:36:12 1520591772873 Metric[file.partition[user.home].totalSpace=249664372736]
09-03-2018 02:36:12 1520591772873 Metric[file.partition[user.home].usableSpace=157324976128]
09-03-2018 02:36:12 1520591772873 Metric[gc.majorCount=2]
09-03-2018 02:36:12 1520591772873 Metric[gc.majorTime=79]
09-03-2018 02:36:12 1520591772873 Metric[gc.minorCount=8]
09-03-2018 02:36:12 1520591772873 Metric[gc.minorTime=78]
09-03-2018 02:36:12 1520591772873 Metric[gc.unknownCount=0]
09-03-2018 02:36:12 1520591772873 Metric[gc.unknownTime=0]
09-03-2018 02:36:12 1520591772873 Metric[operation.callTimeoutCount=0]
09-03-2018 02:36:12 1520591772873 Metric[operation.completedCount=1]
09-03-2018 02:36:12 1520591772873 Metric[operation.failedBackups=0]
09-03-2018 02:36:12 1520591772873 Metric[operation.invocations.backupTimeouts=0]
09-03-2018 02:36:12 1520591772873 Metric[operation.invocations.normalTimeouts=0]
09-03-2018 02:36:12 1520591772873 Metric[operation.invocations.pending=0]
09-03-2018 02:36:12 1520591772873 Metric[operation.invocations.responses[backup]=0]
09-03-2018 02:36:12 1520591772873 Metric[operation.invocations.responses[error]=0]
09-03-2018 02:36:12 1520591772873 Metric[operation.invocations.responses[missing]=0]
09-03-2018 02:36:12 1520591772873 Metric[operation.invocations.responses[normal]=0]
09-03-2018 02:36:12 1520591772873 Metric[operation.invocations.responses[timeout]=0]
09-03-2018 02:36:12 1520591772873 Metric[operation.operationTimeoutCount=0]
09-03-2018 02:36:12 1520591772873 Metric[operation.priorityQueueSize=0]
09-03-2018 02:36:12 1520591772873 Metric[operation.queueSize=0]
09-03-2018 02:36:12 1520591772873 Metric[operation.responseQueueSize=0]
09-03-2018 02:36:12 1520591772873 Metric[operation.retryCount=0]
09-03-2018 02:36:12 1520591772873 Metric[os.committedVirtualMemorySize=8660877312]
09-03-2018 02:36:12 1520591772873 Metric[os.freePhysicalMemorySize=63873024]
09-03-2018 02:36:12 1520591772873 Metric[os.freeSwapSpaceSize=970457088]
09-03-2018 02:36:12 1520591772873 Metric[os.maxFileDescriptorCount=10240]
09-03-2018 02:36:12 1520591772873 Metric[os.openFileDescriptorCount=138]
09-03-2018 02:36:12 1520591772873 Metric[os.processCpuLoad=0.19397408732914315]
09-03-2018 02:36:12 1520591772873 Metric[os.processCpuTime=24376663000]
09-03-2018 02:36:12 1520591772873 Metric[os.systemCpuLoad=7.291666666666667]
09-03-2018 02:36:12 1520591772873 Metric[os.systemLoadAverage=3.05908203125]
09-03-2018 02:36:12 1520591772873 Metric[os.totalPhysicalMemorySize=17179869184]
09-03-2018 02:36:12 1520591772873 Metric[os.totalSwapSpaceSize=1073741824]
09-03-2018 02:36:12 1520591772873 Metric[proxy.createdCount=0]
09-03-2018 02:36:12 1520591772873 Metric[proxy.destroyedCount=0]
09-03-2018 02:36:12 1520591772873 Metric[runtime.availableProcessors=8]
09-03-2018 02:36:12 1520591772873 Metric[runtime.freeMemory=842464536]
09-03-2018 02:36:12 1520591772873 Metric[runtime.maxMemory=3817865216]
09-03-2018 02:36:12 1520591772873 Metric[runtime.totalMemory=966262784]
09-03-2018 02:36:12 1520591772873 Metric[runtime.uptime=313693]
09-03-2018 02:36:12 1520591772873 Metric[runtime.usedMemory=123798248]
09-03-2018 02:36:12 1520591772873 Metric[tcp.connection.acceptedSocketCount=0]
09-03-2018 02:36:12 1520591772873 Metric[tcp.connection.activeCount=0]
09-03-2018 02:36:12 1520591772873 Metric[tcp.connection.clientCount=0]
09-03-2018 02:36:12 1520591772873 Metric[tcp.connection.count=0]
09-03-2018 02:36:12 1520591772873 Metric[tcp.connection.textCount=0]
09-03-2018 02:36:12 1520591772873 Metric[thread.daemonThreadCount=70]
09-03-2018 02:36:12 1520591772873 Metric[thread.peakThreadCount=88]
09-03-2018 02:36:12 1520591772873 Metric[thread.threadCount=84]
09-03-2018 02:36:12 1520591772873 Metric[thread.totalStartedThreadCount=95]
09-03-2018 02:36:12 1520591772873 Metric[transactions.commitCount=0]
09-03-2018 02:36:12 1520591772873 Metric[transactions.rollbackCount=0]
09-03-2018 02:36:12 1520591772873 Metric[transactions.startCount=0]
09-03-2018 02:36:12 1520591772873 SlowOperations[]
09-03-2018 02:36:12 1520591772873 HazelcastInstance[
                          thisAddress=[192.168.0.210]:5701
                          isRunning=true
                          isLite=false
                          joined=true
                          nodeState=ACTIVE
                          clusterId=cdbb8369-9e67-4851-b8b7-7a46e3b1f61d
                          clusterSize=1
                          isMaster=true
                          masterAddress=[192.168.0.210]:5701
                          Members[
                                  [192.168.0.210]:5701]]
09-03-2018 02:37:12 1520591832876 Metric[classloading.loadedClassesCount=11350]
09-03-2018 02:37:12 1520591832876 Metric[classloading.totalLoadedClassesCount=11350]
09-03-2018 02:37:12 1520591832876 Metric[classloading.unloadedClassCount=0]
09-03-2018 02:37:12 1520591832876 Metric[client.endpoint.count=0]
09-03-2018 02:37:12 1520591832876 Metric[client.endpoint.totalRegistrations=0]
09-03-2018 02:37:12 1520591832876 Metric[cluster.clock.clusterTimeDiff=0]
09-03-2018 02:37:12 1520591832876 Metric[cluster.clock.maxClusterTimeDiff=0]
09-03-2018 02:37:12 1520591832876 Metric[event.eventQueueSize=0]
09-03-2018 02:37:12 1520591832876 Metric[event.eventsProcessed=39]
09-03-2018 02:37:12 1520591832876 Metric[executor.[hz:async].queueSize=0]
09-03-2018 02:37:12 1520591832876 Metric[executor.[hz:client-query].queueSize=0]
09-03-2018 02:37:12 1520591832876 Metric[executor.[hz:client].queueSize=0]
09-03-2018 02:37:12 1520591832876 Metric[executor.[hz:cluster:event].queueSize=0]
09-03-2018 02:37:12 1520591832876 Metric[executor.[hz:cluster].queueSize=0]
09-03-2018 02:37:12 1520591832876 Metric[executor.[hz:offloadable].queueSize=0]
09-03-2018 02:37:12 1520591832876 Metric[executor.[hz:scheduled:cqc:17c2f03b-92b8-47dc-980f-c239b876c135].queueSize=0]
09-03-2018 02:37:12 1520591832876 Metric[executor.[hz:scheduled].queueSize=0]
09-03-2018 02:37:12 1520591832876 Metric[executor.[hz:system].queueSize=0]
09-03-2018 02:37:12 1520591832876 Metric[file.partition[user.home].freeSpace=157587095552]
09-03-2018 02:37:12 1520591832876 Metric[file.partition[user.home].totalSpace=249664372736]
09-03-2018 02:37:12 1520591832876 Metric[file.partition[user.home].usableSpace=157324951552]
09-03-2018 02:37:12 1520591832876 Metric[gc.majorCount=2]
09-03-2018 02:37:12 1520591832876 Metric[gc.majorTime=79]
09-03-2018 02:37:12 1520591832876 Metric[gc.minorCount=8]
09-03-2018 02:37:12 1520591832876 Metric[gc.minorTime=78]
09-03-2018 02:37:12 1520591832876 Metric[gc.unknownCount=0]
09-03-2018 02:37:12 1520591832876 Metric[gc.unknownTime=0]
09-03-2018 02:37:12 1520591832876 Metric[operation.callTimeoutCount=0]
09-03-2018 02:37:12 1520591832876 Metric[operation.completedCount=1]
09-03-2018 02:37:12 1520591832876 Metric[operation.failedBackups=0]
09-03-2018 02:37:12 1520591832876 Metric[operation.invocations.backupTimeouts=0]
09-03-2018 02:37:12 1520591832876 Metric[operation.invocations.normalTimeouts=0]
09-03-2018 02:37:12 1520591832876 Metric[operation.invocations.pending=0]
09-03-2018 02:37:12 1520591832876 Metric[operation.invocations.responses[backup]=0]
09-03-2018 02:37:12 1520591832876 Metric[operation.invocations.responses[error]=0]
09-03-2018 02:37:12 1520591832876 Metric[operation.invocations.responses[missing]=0]
09-03-2018 02:37:12 1520591832876 Metric[operation.invocations.responses[normal]=0]
09-03-2018 02:37:12 1520591832876 Metric[operation.invocations.responses[timeout]=0]
09-03-2018 02:37:12 1520591832876 Metric[operation.operationTimeoutCount=0]
09-03-2018 02:37:12 1520591832876 Metric[operation.priorityQueueSize=0]
09-03-2018 02:37:12 1520591832876 Metric[operation.queueSize=0]
09-03-2018 02:37:12 1520591832876 Metric[operation.responseQueueSize=0]
09-03-2018 02:37:12 1520591832876 Metric[operation.retryCount=0]
09-03-2018 02:37:12 1520591832876 Metric[os.committedVirtualMemorySize=8663330816]
09-03-2018 02:37:12 1520591832876 Metric[os.freePhysicalMemorySize=49446912]
09-03-2018 02:37:12 1520591832876 Metric[os.freeSwapSpaceSize=970457088]
09-03-2018 02:37:12 1520591832876 Metric[os.maxFileDescriptorCount=10240]
09-03-2018 02:37:12 1520591832876 Metric[os.openFileDescriptorCount=138]
09-03-2018 02:37:12 1520591832876 Metric[os.processCpuLoad=0.40315069429871]
09-03-2018 02:37:12 1520591832876 Metric[os.processCpuTime=25023569000]
09-03-2018 02:37:12 1520591832876 Metric[os.systemCpuLoad=3.5608308605341246]
09-03-2018 02:37:12 1520591832876 Metric[os.systemLoadAverage=3.1123046875]
09-03-2018 02:37:12 1520591832876 Metric[os.totalPhysicalMemorySize=17179869184]
09-03-2018 02:37:12 1520591832876 Metric[os.totalSwapSpaceSize=1073741824]
09-03-2018 02:37:12 1520591832876 Metric[proxy.createdCount=0]
09-03-2018 02:37:12 1520591832876 Metric[proxy.destroyedCount=0]
09-03-2018 02:37:12 1520591832876 Metric[runtime.availableProcessors=8]
09-03-2018 02:37:12 1520591832876 Metric[runtime.freeMemory=834577808]
09-03-2018 02:37:12 1520591832876 Metric[runtime.maxMemory=3817865216]
09-03-2018 02:37:12 1520591832876 Metric[runtime.totalMemory=966262784]
09-03-2018 02:37:12 1520591832876 Metric[runtime.uptime=373696]
09-03-2018 02:37:12 1520591832876 Metric[runtime.usedMemory=131684976]
09-03-2018 02:37:12 1520591832876 Metric[tcp.connection.acceptedSocketCount=0]
09-03-2018 02:37:12 1520591832876 Metric[tcp.connection.activeCount=0]
09-03-2018 02:37:12 1520591832876 Metric[tcp.connection.clientCount=0]
09-03-2018 02:37:12 1520591832876 Metric[tcp.connection.count=0]
09-03-2018 02:37:12 1520591832876 Metric[tcp.connection.textCount=0]
09-03-2018 02:37:12 1520591832876 Metric[thread.daemonThreadCount=70]
09-03-2018 02:37:12 1520591832876 Metric[thread.peakThreadCount=88]
09-03-2018 02:37:12 1520591832876 Metric[thread.threadCount=86]
09-03-2018 02:37:12 1520591832876 Metric[thread.totalStartedThreadCount=97]
09-03-2018 02:37:12 1520591832876 Metric[transactions.commitCount=0]
09-03-2018 02:37:12 1520591832876 Metric[transactions.rollbackCount=0]
09-03-2018 02:37:12 1520591832876 Metric[transactions.startCount=0]
09-03-2018 02:37:12 1520591832878 SlowOperations[]
09-03-2018 02:37:12 1520591832878 HazelcastInstance[
                          thisAddress=[192.168.0.210]:5701
                          isRunning=true
                          isLite=false
                          joined=true
                          nodeState=ACTIVE
                          clusterId=cdbb8369-9e67-4851-b8b7-7a46e3b1f61d
                          clusterSize=1
                          isMaster=true
                          masterAddress=[192.168.0.210]:5701
                          Members[
                                  [192.168.0.210]:5701]]
