09-03-2018 01:33:01 1520587981603 BuildInfo[
                          Build=20180216
                          BuildNumber=20180216
                          Revision=539b124
                          Version=3.9.3
                          SerialVersion=1
                          Enterprise=false]
09-03-2018 01:33:01 1520587981603 ConfigProperties[]
09-03-2018 01:33:01 1520587981603 SystemProperties[
                          hazelcast.diagnostics.enabled=true
                          java.class.path=/Library/Java/JavaVirtualMachines/jdk1.8.0_161.jdk/Contents/Home/jre/lib/charsets.jar:/Library/Java/JavaVirtualMachines/jdk1.8.0_161.jdk/Contents/Home/jre/lib/deploy.jar:/Library/Java/JavaVirtualMachines/jdk1.8.0_161.jdk/Contents/Home/jre/lib/ext/cldrdata.jar:/Library/Java/JavaVirtualMachines/jdk1.8.0_161.jdk/Contents/Home/jre/lib/ext/dnsns.jar:/Library/Java/JavaVirtualMachines/jdk1.8.0_161.jdk/Contents/Home/jre/lib/ext/jaccess.jar:/Library/Java/JavaVirtualMachines/jdk1.8.0_161.jdk/Contents/Home/jre/lib/ext/jfxrt.jar:/Library/Java/JavaVirtualMachines/jdk1.8.0_161.jdk/Contents/Home/jre/lib/ext/localedata.jar:/Library/Java/JavaVirtualMachines/jdk1.8.0_161.jdk/Contents/Home/jre/lib/ext/nashorn.jar:/Library/Java/JavaVirtualMachines/jdk1.8.0_161.jdk/Contents/Home/jre/lib/ext/sunec.jar:/Library/Java/JavaVirtualMachines/jdk1.8.0_161.jdk/Contents/Home/jre/lib/ext/sunjce_provider.jar:/Library/Java/JavaVirtualMachines/jdk1.8.0_161.jdk/Contents/Home/jre/lib/ext/sunpkcs11.jar:/Library/Java/JavaVirtualMachines/jdk1.8.0_161.jdk/Contents/Home/jre/lib/ext/zipfs.jar:/Library/Java/JavaVirtualMachines/jdk1.8.0_161.jdk/Contents/Home/jre/lib/javaws.jar:/Library/Java/JavaVirtualMachines/jdk1.8.0_161.jdk/Contents/Home/jre/lib/jce.jar:/Library/Java/JavaVirtualMachines/jdk1.8.0_161.jdk/Contents/Home/jre/lib/jfr.jar:/Library/Java/JavaVirtualMachines/jdk1.8.0_161.jdk/Contents/Home/jre/lib/jfxswt.jar:/Library/Java/JavaVirtualMachines/jdk1.8.0_161.jdk/Contents/Home/jre/lib/jsse.jar:/Library/Java/JavaVirtualMachines/jdk1.8.0_161.jdk/Contents/Home/jre/lib/management-agent.jar:/Library/Java/JavaVirtualMachines/jdk1.8.0_161.jdk/Contents/Home/jre/lib/plugin.jar:/Library/Java/JavaVirtualMachines/jdk1.8.0_161.jdk/Contents/Home/jre/lib/resources.jar:/Library/Java/JavaVirtualMachines/jdk1.8.0_161.jdk/Contents/Home/jre/lib/rt.jar:/Library/Java/JavaVirtualMachines/jdk1.8.0_161.jdk/Contents/Home/lib/ant-javafx.jar:/Library/Java/JavaVirtualMachines/jdk1.8.0_161.jdk/Contents/Home/lib/dt.jar:/Library/Java/JavaVirtualMachines/jdk1.8.0_161.jdk/Contents/Home/lib/javafx-mx.jar:/Library/Java/JavaVirtualMachines/jdk1.8.0_161.jdk/Contents/Home/lib/jconsole.jar:/Library/Java/JavaVirtualMachines/jdk1.8.0_161.jdk/Contents/Home/lib/packager.jar:/Library/Java/JavaVirtualMachines/jdk1.8.0_161.jdk/Contents/Home/lib/sa-jdi.jar:/Library/Java/JavaVirtualMachines/jdk1.8.0_161.jdk/Contents/Home/lib/tools.jar:/Users/kpsoi/Downloads/ShinyProxyHA/target/classes:/Users/kpsoi/.m2/repository/org/springframework/boot/spring-boot-starter-thymeleaf/1.5.3.RELEASE/spring-boot-starter-thymeleaf-1.5.3.RELEASE.jar:/Users/kpsoi/.m2/repository/org/springframework/boot/spring-boot-starter/1.5.3.RELEASE/spring-boot-starter-1.5.3.RELEASE.jar:/Users/kpsoi/.m2/repository/org/springframework/boot/spring-boot-starter-logging/1.5.3.RELEASE/spring-boot-starter-logging-1.5.3.RELEASE.jar:/Users/kpsoi/.m2/repository/ch/qos/logback/logback-classic/1.1.11/logback-classic-1.1.11.jar:/Users/kpsoi/.m2/repository/ch/qos/logback/logback-core/1.1.11/logback-core-1.1.11.jar:/Users/kpsoi/.m2/repository/org/slf4j/jcl-over-slf4j/1.7.25/jcl-over-slf4j-1.7.25.jar:/Users/kpsoi/.m2/repository/org/slf4j/jul-to-slf4j/1.7.25/jul-to-slf4j-1.7.25.jar:/Users/kpsoi/.m2/repository/org/slf4j/log4j-over-slf4j/1.7.25/log4j-over-slf4j-1.7.25.jar:/Users/kpsoi/.m2/repository/org/yaml/snakeyaml/1.17/snakeyaml-1.17.jar:/Users/kpsoi/.m2/repository/org/springframework/boot/spring-boot-starter-web/1.5.3.RELEASE/spring-boot-starter-web-1.5.3.RELEASE.jar:/Users/kpsoi/.m2/repository/org/springframework/boot/spring-boot-starter-tomcat/1.5.3.RELEASE/spring-boot-starter-tomcat-1.5.3.RELEASE.jar:/Users/kpsoi/.m2/repository/org/apache/tomcat/embed/tomcat-embed-core/8.5.14/tomcat-embed-core-8.5.14.jar:/Users/kpsoi/.m2/repository/org/apache/tomcat/embed/tomcat-embed-el/8.5.14/tomcat-embed-el-8.5.14.jar:/Users/kpsoi/.m2/repository/org/apache/tomcat/embed/tomcat-embed-websocket/8.5.14/tomcat-embed-websocket-8.5.14.jar:/Users/kpsoi/.m2/repository/org/hibernate/hibernate-validator/5.3.5.Final/hibernate-validator-5.3.5.Final.jar:/Users/kpsoi/.m2/repository/javax/validation/validation-api/1.1.0.Final/validation-api-1.1.0.Final.jar:/Users/kpsoi/.m2/repository/org/jboss/logging/jboss-logging/3.3.1.Final/jboss-logging-3.3.1.Final.jar:/Users/kpsoi/.m2/repository/com/fasterxml/classmate/1.3.3/classmate-1.3.3.jar:/Users/kpsoi/.m2/repository/com/fasterxml/jackson/core/jackson-databind/2.8.8/jackson-databind-2.8.8.jar:/Users/kpsoi/.m2/repository/com/fasterxml/jackson/core/jackson-annotations/2.8.0/jackson-annotations-2.8.0.jar:/Users/kpsoi/.m2/repository/com/fasterxml/jackson/core/jackson-core/2.8.8/jackson-core-2.8.8.jar:/Users/kpsoi/.m2/repository/org/springframework/spring-web/4.3.8.RELEASE/spring-web-4.3.8.RELEASE.jar:/Users/kpsoi/.m2/repository/org/springframework/spring-webmvc/4.3.8.RELEASE/spring-webmvc-4.3.8.RELEASE.jar:/Users/kpsoi/.m2/repository/org/thymeleaf/thymeleaf-spring4/2.1.5.RELEASE/thymeleaf-spring4-2.1.5.RELEASE.jar:/Users/kpsoi/.m2/repository/org/thymeleaf/thymeleaf/2.1.5.RELEASE/thymeleaf-2.1.5.RELEASE.jar:/Users/kpsoi/.m2/repository/ognl/ognl/3.0.8/ognl-3.0.8.jar:/Users/kpsoi/.m2/repository/org/javassist/javassist/3.21.0-GA/javassist-3.21.0-GA.jar:/Users/kpsoi/.m2/repository/org/unbescape/unbescape/1.1.0.RELEASE/unbescape-1.1.0.RELEASE.jar:/Users/kpsoi/.m2/repository/nz/net/ultraq/thymeleaf/thymeleaf-layout-dialect/1.4.0/thymeleaf-layout-dialect-1.4.0.jar:/Users/kpsoi/.m2/repository/org/codehaus/groovy/groovy/2.4.10/groovy-2.4.10.jar:/Users/kpsoi/.m2/repository/org/springframework/boot/spring-boot-starter-security/1.5.3.RELEASE/spring-boot-starter-security-1.5.3.RELEASE.jar:/Users/kpsoi/.m2/repository/org/springframework/spring-aop/4.3.8.RELEASE/spring-aop-4.3.8.RELEASE.jar:/Users/kpsoi/.m2/repository/org/springframework/spring-beans/4.3.8.RELEASE/spring-beans-4.3.8.RELEASE.jar:/Users/kpsoi/.m2/repository/org/springframework/security/spring-security-config/4.2.2.RELEASE/spring-security-config-4.2.2.RELEASE.jar:/Users/kpsoi/.m2/repository/org/springframework/spring-context/4.3.8.RELEASE/spring-context-4.3.8.RELEASE.jar:/Users/kpsoi/.m2/repository/org/springframework/security/spring-security-web/4.2.2.RELEASE/spring-security-web-4.2.2.RELEASE.jar:/Users/kpsoi/.m2/repository/org/springframework/spring-expression/4.3.8.RELEASE/spring-expression-4.3.8.RELEASE.jar:/Users/kpsoi/.m2/repository/org/thymeleaf/extras/thymeleaf-extras-springsecurity4/2.1.3.RELEASE/thymeleaf-extras-springsecurity4-2.1.3.RELEASE.jar:/Users/kpsoi/.m2/repository/org/slf4j/slf4j-api/1.7.25/slf4j-api-1.7.25.jar:/Users/kpsoi/.m2/repository/org/springframework/boot/spring-boot-devtools/1.5.3.RELEASE/spring-boot-devtools-1.5.3.RELEASE.jar:/Users/kpsoi/.m2/repository/org/springframework/boot/spring-boot/1.5.3.RELEASE/spring-boot-1.5.3.RELEASE.jar:/Users/kpsoi/.m2/repository/org/springframework/boot/spring-boot-autoconfigure/1.5.3.RELEASE/spring-boot-autoconfigure-1.5.3.RELEASE.jar:/Users/kpsoi/.m2/repository/org/webjars/bootstrap/3.3.7/bootstrap-3.3.7.jar:/Users/kpsoi/.m2/repository/org/webjars/jquery/1.11.1/jquery-1.11.1.jar:/Users/kpsoi/.m2/repository/org/springframework/security/spring-security-test/4.2.2.RELEASE/spring-security-test-4.2.2.RELEASE.jar:/Users/kpsoi/.m2/repository/org/springframework/security/spring-security-core/4.2.2.RELEASE/spring-security-core-4.2.2.RELEASE.jar:/Users/kpsoi/.m2/repository/aopalliance/aopalliance/1.0/aopalliance-1.0.jar:/Users/kpsoi/.m2/repository/org/springframework/spring-core/4.3.8.RELEASE/spring-core-4.3.8.RELEASE.jar:/Users/kpsoi/.m2/repository/org/springframework/spring-test/4.3.8.RELEASE/spring-test-4.3.8.RELEASE.jar:/Users/kpsoi/.m2/repository/com/hazelcast/hazelcast/3.9.3/hazelcast-3.9.3.jar:/Users/kpsoi/.m2/repository/com/hazelcast/hazelcast-client/3.9.3/hazelcast-client-3.9.3.jar:/Users/kpsoi/.m2/repository/com/hazelcast/hazelcast-all/3.9.3/hazelcast-all-3.9.3.jar:/Applications/IntelliJ IDEA CE.app/Contents/lib/idea_rt.jar
                          java.class.version=52.0
                          java.endorsed.dirs=/Library/Java/JavaVirtualMachines/jdk1.8.0_161.jdk/Contents/Home/jre/lib/endorsed
                          java.ext.dirs=/Users/kpsoi/Library/Java/Extensions:/Library/Java/JavaVirtualMachines/jdk1.8.0_161.jdk/Contents/Home/jre/lib/ext:/Library/Java/Extensions:/Network/Library/Java/Extensions:/System/Library/Java/Extensions:/usr/lib/java
                          java.home=/Library/Java/JavaVirtualMachines/jdk1.8.0_161.jdk/Contents/Home/jre
                          java.io.tmpdir=/var/folders/d6/kjpx4pcd7mvc4ttwc5n6d0n80000gn/T/
                          java.library.path=/Users/kpsoi/Library/Java/Extensions:/Library/Java/Extensions:/Network/Library/Java/Extensions:/System/Library/Java/Extensions:/usr/lib/java:.
                          java.runtime.name=Java(TM) SE Runtime Environment
                          java.runtime.version=1.8.0_161-b12
                          java.specification.name=Java Platform API Specification
                          java.specification.vendor=Oracle Corporation
                          java.specification.version=1.8
                          java.vendor=Oracle Corporation
                          java.vendor.url=http://java.oracle.com/
                          java.vendor.url.bug=http://bugreport.sun.com/bugreport/
                          java.version=1.8.0_161
                          java.vm.args=-Dserver.port=9994 -Dhazelcast.diagnostics.enabled=true -javaagent:/Applications/IntelliJ IDEA CE.app/Contents/lib/idea_rt.jar=59872:/Applications/IntelliJ IDEA CE.app/Contents/bin -Dfile.encoding=UTF-8 
                          java.vm.info=mixed mode
                          java.vm.name=Java HotSpot(TM) 64-Bit Server VM
                          java.vm.specification.name=Java Virtual Machine Specification
                          java.vm.specification.vendor=Oracle Corporation
                          java.vm.specification.version=1.8
                          java.vm.vendor=Oracle Corporation
                          java.vm.version=25.161-b12
                          os.arch=x86_64
                          os.name=Mac OS X
                          os.version=10.12.6
                          sun.arch.data.model=64
                          sun.boot.class.path=/Library/Java/JavaVirtualMachines/jdk1.8.0_161.jdk/Contents/Home/jre/lib/resources.jar:/Library/Java/JavaVirtualMachines/jdk1.8.0_161.jdk/Contents/Home/jre/lib/rt.jar:/Library/Java/JavaVirtualMachines/jdk1.8.0_161.jdk/Contents/Home/jre/lib/sunrsasign.jar:/Library/Java/JavaVirtualMachines/jdk1.8.0_161.jdk/Contents/Home/jre/lib/jsse.jar:/Library/Java/JavaVirtualMachines/jdk1.8.0_161.jdk/Contents/Home/jre/lib/jce.jar:/Library/Java/JavaVirtualMachines/jdk1.8.0_161.jdk/Contents/Home/jre/lib/charsets.jar:/Library/Java/JavaVirtualMachines/jdk1.8.0_161.jdk/Contents/Home/jre/lib/jfr.jar:/Library/Java/JavaVirtualMachines/jdk1.8.0_161.jdk/Contents/Home/jre/classes
                          sun.boot.library.path=/Library/Java/JavaVirtualMachines/jdk1.8.0_161.jdk/Contents/Home/jre/lib
                          sun.cpu.endian=little
                          sun.cpu.isalist=
                          sun.io.unicode.encoding=UnicodeBig
                          sun.java.command=org.kp.shiny.hazelcast.ShinyProxyHA.SpringBootWebApplication
                          sun.java.launcher=SUN_STANDARD
                          sun.jnu.encoding=UTF-8
                          sun.management.compiler=HotSpot 64-Bit Tiered Compilers
                          sun.os.patch.level=unknown]
09-03-2018 01:33:01 1520587981603 Metric[classloading.loadedClassesCount=6942]
09-03-2018 01:33:01 1520587981603 Metric[classloading.totalLoadedClassesCount=6944]
09-03-2018 01:33:01 1520587981603 Metric[classloading.unloadedClassCount=0]
09-03-2018 01:33:01 1520587981603 Metric[executionService.userExecutorQueueSize=0]
09-03-2018 01:33:01 1520587981603 Metric[file.partition[user.home].freeSpace=157600329728]
09-03-2018 01:33:01 1520587981603 Metric[file.partition[user.home].totalSpace=249664372736]
09-03-2018 01:33:01 1520587981603 Metric[file.partition[user.home].usableSpace=157338185728]
09-03-2018 01:33:01 1520587981603 Metric[gc.majorCount=1]
09-03-2018 01:33:01 1520587981603 Metric[gc.majorTime=25]
09-03-2018 01:33:01 1520587981603 Metric[gc.minorCount=6]
09-03-2018 01:33:01 1520587981603 Metric[gc.minorTime=37]
09-03-2018 01:33:01 1520587981603 Metric[gc.unknownCount=0]
09-03-2018 01:33:01 1520587981603 Metric[gc.unknownTime=0]
09-03-2018 01:33:01 1520587981603 Metric[invocations.pendingCalls=0]
09-03-2018 01:33:01 1520587981603 Metric[os.committedVirtualMemorySize=8563159040]
09-03-2018 01:33:01 1520587981603 Metric[os.freePhysicalMemorySize=331153408]
09-03-2018 01:33:01 1520587981603 Metric[os.freeSwapSpaceSize=970457088]
09-03-2018 01:33:01 1520587981603 Metric[os.maxFileDescriptorCount=10240]
09-03-2018 01:33:01 1520587981603 Metric[os.openFileDescriptorCount=98]
09-03-2018 01:33:01 1520587981603 Metric[os.processCpuLoad=0.0]
09-03-2018 01:33:01 1520587981603 Metric[os.processCpuTime=9159116000]
09-03-2018 01:33:01 1520587981603 Metric[os.systemCpuLoad=0.0]
09-03-2018 01:33:01 1520587981603 Metric[os.systemLoadAverage=2.76123046875]
09-03-2018 01:33:01 1520587981603 Metric[os.totalPhysicalMemorySize=17179869184]
09-03-2018 01:33:01 1520587981603 Metric[os.totalSwapSpaceSize=1073741824]
09-03-2018 01:33:01 1520587981603 Metric[runtime.availableProcessors=8]
09-03-2018 01:33:01 1520587981603 Metric[runtime.freeMemory=140390440]
09-03-2018 01:33:01 1520587981603 Metric[runtime.maxMemory=3817865216]
09-03-2018 01:33:01 1520587981603 Metric[runtime.totalMemory=623902720]
09-03-2018 01:33:01 1520587981603 Metric[runtime.uptime=12899]
09-03-2018 01:33:01 1520587981603 Metric[runtime.usedMemory=483512280]
09-03-2018 01:33:01 1520587981603 Metric[thread.daemonThreadCount=17]
09-03-2018 01:33:01 1520587981603 Metric[thread.peakThreadCount=25]
09-03-2018 01:33:01 1520587981603 Metric[thread.threadCount=25]
09-03-2018 01:33:01 1520587981603 Metric[thread.totalStartedThreadCount=27]
09-03-2018 01:33:03 1520587983608 ConnectionAdded[
                          ClientConnection{alive=true, connectionId=2, channel=NioChannel{/192.168.0.210:59920->/192.168.0.210:5702}, remoteEndpoint=[192.168.0.210]:5702, lastReadTime=2018-03-09 01:33:02.636, lastWriteTime=2018-03-09 01:33:02.633, closedTime=never, lastHeartbeatRequested=never, lastHeartbeatReceived=never, connected server version=3.9.3}
                          type=JAVA_CLIENT
                          isAlive=true]
09-03-2018 01:34:01 1520588041605 Metric[classloading.loadedClassesCount=11328]
09-03-2018 01:34:01 1520588041605 Metric[classloading.totalLoadedClassesCount=11328]
09-03-2018 01:34:01 1520588041605 Metric[classloading.unloadedClassCount=0]
09-03-2018 01:34:01 1520588041605 Metric[executionService.userExecutorQueueSize=0]
09-03-2018 01:34:01 1520588041605 Metric[file.partition[user.home].freeSpace=157598298112]
09-03-2018 01:34:01 1520588041605 Metric[file.partition[user.home].totalSpace=249664372736]
09-03-2018 01:34:01 1520588041605 Metric[file.partition[user.home].usableSpace=157336154112]
09-03-2018 01:34:01 1520588041605 Metric[gc.majorCount=2]
09-03-2018 01:34:01 1520588041605 Metric[gc.majorTime=79]
09-03-2018 01:34:01 1520588041605 Metric[gc.minorCount=7]
09-03-2018 01:34:01 1520588041605 Metric[gc.minorTime=49]
09-03-2018 01:34:01 1520588041605 Metric[gc.unknownCount=0]
09-03-2018 01:34:01 1520588041605 Metric[gc.unknownTime=0]
09-03-2018 01:34:01 1520588041605 Metric[invocations.pendingCalls=0]
09-03-2018 01:34:01 1520588041605 Metric[listeners.eventHandlerCount=2]
09-03-2018 01:34:01 1520588041605 Metric[listeners.eventQueueSize=0]
09-03-2018 01:34:01 1520588041605 Metric[listeners.eventsProcessed=7]
09-03-2018 01:34:01 1520588041605 Metric[os.committedVirtualMemorySize=8660684800]
09-03-2018 01:34:01 1520588041605 Metric[os.freePhysicalMemorySize=95715328]
09-03-2018 01:34:01 1520588041605 Metric[os.freeSwapSpaceSize=970457088]
09-03-2018 01:34:01 1520588041605 Metric[os.maxFileDescriptorCount=10240]
09-03-2018 01:34:01 1520588041605 Metric[os.openFileDescriptorCount=141]
09-03-2018 01:34:01 1520588041605 Metric[os.processCpuLoad=2.824450728386371]
09-03-2018 01:34:01 1520588041605 Metric[os.processCpuTime=22145579000]
09-03-2018 01:34:01 1520588041605 Metric[os.systemCpuLoad=10.947091493715288]
09-03-2018 01:34:01 1520588041605 Metric[os.systemLoadAverage=2.751953125]
09-03-2018 01:34:01 1520588041605 Metric[os.totalPhysicalMemorySize=17179869184]
09-03-2018 01:34:01 1520588041605 Metric[os.totalSwapSpaceSize=1073741824]
09-03-2018 01:34:01 1520588041605 Metric[runtime.availableProcessors=8]
09-03-2018 01:34:01 1520588041605 Metric[runtime.freeMemory=169548608]
09-03-2018 01:34:01 1520588041605 Metric[runtime.maxMemory=3817865216]
09-03-2018 01:34:01 1520588041605 Metric[runtime.totalMemory=656932864]
09-03-2018 01:34:01 1520588041605 Metric[runtime.uptime=72893]
09-03-2018 01:34:01 1520588041605 Metric[runtime.usedMemory=487384256]
09-03-2018 01:34:01 1520588041605 Metric[thread.daemonThreadCount=70]
09-03-2018 01:34:01 1520588041605 Metric[thread.peakThreadCount=88]
09-03-2018 01:34:01 1520588041605 Metric[thread.threadCount=84]
09-03-2018 01:34:01 1520588041605 Metric[thread.totalStartedThreadCount=93]
09-03-2018 01:35:01 1520588101606 Metric[classloading.loadedClassesCount=11346]
09-03-2018 01:35:01 1520588101606 Metric[classloading.totalLoadedClassesCount=11346]
09-03-2018 01:35:01 1520588101606 Metric[classloading.unloadedClassCount=0]
09-03-2018 01:35:01 1520588101606 Metric[executionService.userExecutorQueueSize=0]
09-03-2018 01:35:01 1520588101606 Metric[file.partition[user.home].freeSpace=157597392896]
09-03-2018 01:35:01 1520588101606 Metric[file.partition[user.home].totalSpace=249664372736]
09-03-2018 01:35:01 1520588101606 Metric[file.partition[user.home].usableSpace=157335248896]
09-03-2018 01:35:01 1520588101606 Metric[gc.majorCount=2]
09-03-2018 01:35:01 1520588101606 Metric[gc.majorTime=79]
09-03-2018 01:35:01 1520588101606 Metric[gc.minorCount=7]
09-03-2018 01:35:01 1520588101606 Metric[gc.minorTime=49]
09-03-2018 01:35:01 1520588101606 Metric[gc.unknownCount=0]
09-03-2018 01:35:01 1520588101606 Metric[gc.unknownTime=0]
09-03-2018 01:35:01 1520588101606 Metric[invocations.pendingCalls=0]
09-03-2018 01:35:01 1520588101606 Metric[listeners.eventHandlerCount=2]
09-03-2018 01:35:01 1520588101606 Metric[listeners.eventQueueSize=0]
09-03-2018 01:35:01 1520588101606 Metric[listeners.eventsProcessed=12]
09-03-2018 01:35:01 1520588101606 Metric[os.committedVirtualMemorySize=8660684800]
09-03-2018 01:35:01 1520588101606 Metric[os.freePhysicalMemorySize=49434624]
09-03-2018 01:35:01 1520588101606 Metric[os.freeSwapSpaceSize=970457088]
09-03-2018 01:35:01 1520588101606 Metric[os.maxFileDescriptorCount=10240]
09-03-2018 01:35:01 1520588101606 Metric[os.openFileDescriptorCount=141]
09-03-2018 01:35:01 1520588101606 Metric[os.processCpuLoad=0.32396887533263125]
09-03-2018 01:35:01 1520588101606 Metric[os.processCpuTime=23397904000]
09-03-2018 01:35:01 1520588101606 Metric[os.systemCpuLoad=9.300285150252249]
09-03-2018 01:35:01 1520588101606 Metric[os.systemLoadAverage=3.318359375]
09-03-2018 01:35:01 1520588101606 Metric[os.totalPhysicalMemorySize=17179869184]
09-03-2018 01:35:01 1520588101606 Metric[os.totalSwapSpaceSize=1073741824]
09-03-2018 01:35:01 1520588101606 Metric[runtime.availableProcessors=8]
09-03-2018 01:35:01 1520588101606 Metric[runtime.freeMemory=153212608]
09-03-2018 01:35:01 1520588101606 Metric[runtime.maxMemory=3817865216]
09-03-2018 01:35:01 1520588101606 Metric[runtime.totalMemory=656932864]
09-03-2018 01:35:01 1520588101606 Metric[runtime.uptime=132894]
09-03-2018 01:35:01 1520588101606 Metric[runtime.usedMemory=503720256]
09-03-2018 01:35:01 1520588101606 Metric[thread.daemonThreadCount=70]
09-03-2018 01:35:01 1520588101606 Metric[thread.peakThreadCount=88]
09-03-2018 01:35:01 1520588101606 Metric[thread.threadCount=84]
09-03-2018 01:35:01 1520588101606 Metric[thread.totalStartedThreadCount=93]
09-03-2018 01:36:01 1520588161607 Metric[classloading.loadedClassesCount=11346]
09-03-2018 01:36:01 1520588161607 Metric[classloading.totalLoadedClassesCount=11346]
09-03-2018 01:36:01 1520588161607 Metric[classloading.unloadedClassCount=0]
09-03-2018 01:36:01 1520588161607 Metric[executionService.userExecutorQueueSize=0]
09-03-2018 01:36:01 1520588161607 Metric[file.partition[user.home].freeSpace=157596672000]
09-03-2018 01:36:01 1520588161607 Metric[file.partition[user.home].totalSpace=249664372736]
09-03-2018 01:36:01 1520588161607 Metric[file.partition[user.home].usableSpace=157334528000]
09-03-2018 01:36:01 1520588161607 Metric[gc.majorCount=2]
09-03-2018 01:36:01 1520588161607 Metric[gc.majorTime=79]
09-03-2018 01:36:01 1520588161607 Metric[gc.minorCount=7]
09-03-2018 01:36:01 1520588161607 Metric[gc.minorTime=49]
09-03-2018 01:36:01 1520588161607 Metric[gc.unknownCount=0]
09-03-2018 01:36:01 1520588161607 Metric[gc.unknownTime=0]
09-03-2018 01:36:01 1520588161607 Metric[invocations.pendingCalls=0]
09-03-2018 01:36:01 1520588161607 Metric[listeners.eventHandlerCount=2]
09-03-2018 01:36:01 1520588161607 Metric[listeners.eventQueueSize=0]
09-03-2018 01:36:01 1520588161607 Metric[listeners.eventsProcessed=17]
09-03-2018 01:36:01 1520588161607 Metric[os.committedVirtualMemorySize=8663019520]
09-03-2018 01:36:01 1520588161607 Metric[os.freePhysicalMemorySize=203587584]
09-03-2018 01:36:01 1520588161607 Metric[os.freeSwapSpaceSize=970457088]
09-03-2018 01:36:01 1520588161607 Metric[os.maxFileDescriptorCount=10240]
09-03-2018 01:36:01 1520588161607 Metric[os.openFileDescriptorCount=141]
09-03-2018 01:36:01 1520588161607 Metric[os.processCpuLoad=0.16280357770806902]
09-03-2018 01:36:01 1520588161607 Metric[os.processCpuTime=24590037000]
09-03-2018 01:36:01 1520588161607 Metric[os.systemCpuLoad=7.511153367951437]
09-03-2018 01:36:01 1520588161607 Metric[os.systemLoadAverage=3.2119140625]
09-03-2018 01:36:01 1520588161607 Metric[os.totalPhysicalMemorySize=17179869184]
09-03-2018 01:36:01 1520588161607 Metric[os.totalSwapSpaceSize=1073741824]
09-03-2018 01:36:01 1520588161607 Metric[runtime.availableProcessors=8]
09-03-2018 01:36:01 1520588161607 Metric[runtime.freeMemory=130962992]
09-03-2018 01:36:01 1520588161607 Metric[runtime.maxMemory=3817865216]
09-03-2018 01:36:01 1520588161607 Metric[runtime.totalMemory=656932864]
09-03-2018 01:36:01 1520588161607 Metric[runtime.uptime=192895]
09-03-2018 01:36:01 1520588161607 Metric[runtime.usedMemory=525969872]
09-03-2018 01:36:01 1520588161607 Metric[thread.daemonThreadCount=70]
09-03-2018 01:36:01 1520588161607 Metric[thread.peakThreadCount=88]
09-03-2018 01:36:01 1520588161607 Metric[thread.threadCount=86]
09-03-2018 01:36:01 1520588161607 Metric[thread.totalStartedThreadCount=95]
09-03-2018 01:37:01 1520588221607 Metric[classloading.loadedClassesCount=11348]
09-03-2018 01:37:01 1520588221607 Metric[classloading.totalLoadedClassesCount=11348]
09-03-2018 01:37:01 1520588221607 Metric[classloading.unloadedClassCount=0]
09-03-2018 01:37:01 1520588221607 Metric[executionService.userExecutorQueueSize=0]
09-03-2018 01:37:01 1520588221607 Metric[file.partition[user.home].freeSpace=157596618752]
09-03-2018 01:37:01 1520588221607 Metric[file.partition[user.home].totalSpace=249664372736]
09-03-2018 01:37:01 1520588221607 Metric[file.partition[user.home].usableSpace=157334474752]
09-03-2018 01:37:01 1520588221607 Metric[gc.majorCount=2]
09-03-2018 01:37:01 1520588221607 Metric[gc.majorTime=79]
09-03-2018 01:37:01 1520588221607 Metric[gc.minorCount=7]
09-03-2018 01:37:01 1520588221607 Metric[gc.minorTime=49]
09-03-2018 01:37:01 1520588221607 Metric[gc.unknownCount=0]
09-03-2018 01:37:01 1520588221607 Metric[gc.unknownTime=0]
09-03-2018 01:37:01 1520588221607 Metric[invocations.pendingCalls=0]
09-03-2018 01:37:01 1520588221607 Metric[listeners.eventHandlerCount=2]
09-03-2018 01:37:01 1520588221607 Metric[listeners.eventQueueSize=0]
09-03-2018 01:37:01 1520588221607 Metric[listeners.eventsProcessed=22]
09-03-2018 01:37:01 1520588221607 Metric[os.committedVirtualMemorySize=8663019520]
09-03-2018 01:37:01 1520588221607 Metric[os.freePhysicalMemorySize=188624896]
09-03-2018 01:37:01 1520588221607 Metric[os.freeSwapSpaceSize=970457088]
09-03-2018 01:37:01 1520588221607 Metric[os.maxFileDescriptorCount=10240]
09-03-2018 01:37:01 1520588221607 Metric[os.openFileDescriptorCount=138]
09-03-2018 01:37:01 1520588221607 Metric[os.processCpuLoad=0.12868701281153308]
09-03-2018 01:37:01 1520588221607 Metric[os.processCpuTime=25199712000]
09-03-2018 01:37:01 1520588221607 Metric[os.systemCpuLoad=5.612468900921996]
09-03-2018 01:37:01 1520588221607 Metric[os.systemLoadAverage=2.81201171875]
09-03-2018 01:37:01 1520588221607 Metric[os.totalPhysicalMemorySize=17179869184]
09-03-2018 01:37:01 1520588221607 Metric[os.totalSwapSpaceSize=1073741824]
09-03-2018 01:37:01 1520588221607 Metric[runtime.availableProcessors=8]
09-03-2018 01:37:01 1520588221607 Metric[runtime.freeMemory=126263904]
09-03-2018 01:37:01 1520588221607 Metric[runtime.maxMemory=3817865216]
09-03-2018 01:37:01 1520588221607 Metric[runtime.totalMemory=656932864]
09-03-2018 01:37:01 1520588221607 Metric[runtime.uptime=252894]
09-03-2018 01:37:01 1520588221607 Metric[runtime.usedMemory=530668960]
09-03-2018 01:37:01 1520588221607 Metric[thread.daemonThreadCount=70]
09-03-2018 01:37:01 1520588221607 Metric[thread.peakThreadCount=88]
09-03-2018 01:37:01 1520588221607 Metric[thread.threadCount=86]
09-03-2018 01:37:01 1520588221607 Metric[thread.totalStartedThreadCount=95]
