09-03-2018 02:10:29 1520590229322 BuildInfo[
                          Build=20180216
                          BuildNumber=20180216
                          Revision=539b124
                          Version=3.9.3
                          SerialVersion=1
                          Enterprise=false]
09-03-2018 02:10:29 1520590229322 ConfigProperties[]
09-03-2018 02:10:29 1520590229322 SystemProperties[
                          hazelcast.diagnostics.enabled=true
                          java.class.path=/Library/Java/JavaVirtualMachines/jdk1.8.0_161.jdk/Contents/Home/jre/lib/charsets.jar:/Library/Java/JavaVirtualMachines/jdk1.8.0_161.jdk/Contents/Home/jre/lib/deploy.jar:/Library/Java/JavaVirtualMachines/jdk1.8.0_161.jdk/Contents/Home/jre/lib/ext/cldrdata.jar:/Library/Java/JavaVirtualMachines/jdk1.8.0_161.jdk/Contents/Home/jre/lib/ext/dnsns.jar:/Library/Java/JavaVirtualMachines/jdk1.8.0_161.jdk/Contents/Home/jre/lib/ext/jaccess.jar:/Library/Java/JavaVirtualMachines/jdk1.8.0_161.jdk/Contents/Home/jre/lib/ext/jfxrt.jar:/Library/Java/JavaVirtualMachines/jdk1.8.0_161.jdk/Contents/Home/jre/lib/ext/localedata.jar:/Library/Java/JavaVirtualMachines/jdk1.8.0_161.jdk/Contents/Home/jre/lib/ext/nashorn.jar:/Library/Java/JavaVirtualMachines/jdk1.8.0_161.jdk/Contents/Home/jre/lib/ext/sunec.jar:/Library/Java/JavaVirtualMachines/jdk1.8.0_161.jdk/Contents/Home/jre/lib/ext/sunjce_provider.jar:/Library/Java/JavaVirtualMachines/jdk1.8.0_161.jdk/Contents/Home/jre/lib/ext/sunpkcs11.jar:/Library/Java/JavaVirtualMachines/jdk1.8.0_161.jdk/Contents/Home/jre/lib/ext/zipfs.jar:/Library/Java/JavaVirtualMachines/jdk1.8.0_161.jdk/Contents/Home/jre/lib/javaws.jar:/Library/Java/JavaVirtualMachines/jdk1.8.0_161.jdk/Contents/Home/jre/lib/jce.jar:/Library/Java/JavaVirtualMachines/jdk1.8.0_161.jdk/Contents/Home/jre/lib/jfr.jar:/Library/Java/JavaVirtualMachines/jdk1.8.0_161.jdk/Contents/Home/jre/lib/jfxswt.jar:/Library/Java/JavaVirtualMachines/jdk1.8.0_161.jdk/Contents/Home/jre/lib/jsse.jar:/Library/Java/JavaVirtualMachines/jdk1.8.0_161.jdk/Contents/Home/jre/lib/management-agent.jar:/Library/Java/JavaVirtualMachines/jdk1.8.0_161.jdk/Contents/Home/jre/lib/plugin.jar:/Library/Java/JavaVirtualMachines/jdk1.8.0_161.jdk/Contents/Home/jre/lib/resources.jar:/Library/Java/JavaVirtualMachines/jdk1.8.0_161.jdk/Contents/Home/jre/lib/rt.jar:/Library/Java/JavaVirtualMachines/jdk1.8.0_161.jdk/Contents/Home/lib/ant-javafx.jar:/Library/Java/JavaVirtualMachines/jdk1.8.0_161.jdk/Contents/Home/lib/dt.jar:/Library/Java/JavaVirtualMachines/jdk1.8.0_161.jdk/Contents/Home/lib/javafx-mx.jar:/Library/Java/JavaVirtualMachines/jdk1.8.0_161.jdk/Contents/Home/lib/jconsole.jar:/Library/Java/JavaVirtualMachines/jdk1.8.0_161.jdk/Contents/Home/lib/packager.jar:/Library/Java/JavaVirtualMachines/jdk1.8.0_161.jdk/Contents/Home/lib/sa-jdi.jar:/Library/Java/JavaVirtualMachines/jdk1.8.0_161.jdk/Contents/Home/lib/tools.jar:/Users/kpsoi/Downloads/ShinyProxyHA/target/classes:/Users/kpsoi/.m2/repository/org/springframework/boot/spring-boot-starter-thymeleaf/1.5.3.RELEASE/spring-boot-starter-thymeleaf-1.5.3.RELEASE.jar:/Users/kpsoi/.m2/repository/org/springframework/boot/spring-boot-starter/1.5.3.RELEASE/spring-boot-starter-1.5.3.RELEASE.jar:/Users/kpsoi/.m2/repository/org/springframework/boot/spring-boot-starter-logging/1.5.3.RELEASE/spring-boot-starter-logging-1.5.3.RELEASE.jar:/Users/kpsoi/.m2/repository/ch/qos/logback/logback-classic/1.1.11/logback-classic-1.1.11.jar:/Users/kpsoi/.m2/repository/ch/qos/logback/logback-core/1.1.11/logback-core-1.1.11.jar:/Users/kpsoi/.m2/repository/org/slf4j/jcl-over-slf4j/1.7.25/jcl-over-slf4j-1.7.25.jar:/Users/kpsoi/.m2/repository/org/slf4j/jul-to-slf4j/1.7.25/jul-to-slf4j-1.7.25.jar:/Users/kpsoi/.m2/repository/org/slf4j/log4j-over-slf4j/1.7.25/log4j-over-slf4j-1.7.25.jar:/Users/kpsoi/.m2/repository/org/yaml/snakeyaml/1.17/snakeyaml-1.17.jar:/Users/kpsoi/.m2/repository/org/springframework/boot/spring-boot-starter-web/1.5.3.RELEASE/spring-boot-starter-web-1.5.3.RELEASE.jar:/Users/kpsoi/.m2/repository/org/springframework/boot/spring-boot-starter-tomcat/1.5.3.RELEASE/spring-boot-starter-tomcat-1.5.3.RELEASE.jar:/Users/kpsoi/.m2/repository/org/apache/tomcat/embed/tomcat-embed-core/8.5.14/tomcat-embed-core-8.5.14.jar:/Users/kpsoi/.m2/repository/org/apache/tomcat/embed/tomcat-embed-el/8.5.14/tomcat-embed-el-8.5.14.jar:/Users/kpsoi/.m2/repository/org/apache/tomcat/embed/tomcat-embed-websocket/8.5.14/tomcat-embed-websocket-8.5.14.jar:/Users/kpsoi/.m2/repository/org/hibernate/hibernate-validator/5.3.5.Final/hibernate-validator-5.3.5.Final.jar:/Users/kpsoi/.m2/repository/javax/validation/validation-api/1.1.0.Final/validation-api-1.1.0.Final.jar:/Users/kpsoi/.m2/repository/org/jboss/logging/jboss-logging/3.3.1.Final/jboss-logging-3.3.1.Final.jar:/Users/kpsoi/.m2/repository/com/fasterxml/classmate/1.3.3/classmate-1.3.3.jar:/Users/kpsoi/.m2/repository/com/fasterxml/jackson/core/jackson-databind/2.8.8/jackson-databind-2.8.8.jar:/Users/kpsoi/.m2/repository/com/fasterxml/jackson/core/jackson-annotations/2.8.0/jackson-annotations-2.8.0.jar:/Users/kpsoi/.m2/repository/com/fasterxml/jackson/core/jackson-core/2.8.8/jackson-core-2.8.8.jar:/Users/kpsoi/.m2/repository/org/springframework/spring-web/4.3.8.RELEASE/spring-web-4.3.8.RELEASE.jar:/Users/kpsoi/.m2/repository/org/springframework/spring-webmvc/4.3.8.RELEASE/spring-webmvc-4.3.8.RELEASE.jar:/Users/kpsoi/.m2/repository/org/thymeleaf/thymeleaf-spring4/2.1.5.RELEASE/thymeleaf-spring4-2.1.5.RELEASE.jar:/Users/kpsoi/.m2/repository/org/thymeleaf/thymeleaf/2.1.5.RELEASE/thymeleaf-2.1.5.RELEASE.jar:/Users/kpsoi/.m2/repository/ognl/ognl/3.0.8/ognl-3.0.8.jar:/Users/kpsoi/.m2/repository/org/javassist/javassist/3.21.0-GA/javassist-3.21.0-GA.jar:/Users/kpsoi/.m2/repository/org/unbescape/unbescape/1.1.0.RELEASE/unbescape-1.1.0.RELEASE.jar:/Users/kpsoi/.m2/repository/nz/net/ultraq/thymeleaf/thymeleaf-layout-dialect/1.4.0/thymeleaf-layout-dialect-1.4.0.jar:/Users/kpsoi/.m2/repository/org/codehaus/groovy/groovy/2.4.10/groovy-2.4.10.jar:/Users/kpsoi/.m2/repository/org/springframework/boot/spring-boot-starter-security/1.5.3.RELEASE/spring-boot-starter-security-1.5.3.RELEASE.jar:/Users/kpsoi/.m2/repository/org/springframework/spring-aop/4.3.8.RELEASE/spring-aop-4.3.8.RELEASE.jar:/Users/kpsoi/.m2/repository/org/springframework/spring-beans/4.3.8.RELEASE/spring-beans-4.3.8.RELEASE.jar:/Users/kpsoi/.m2/repository/org/springframework/security/spring-security-config/4.2.2.RELEASE/spring-security-config-4.2.2.RELEASE.jar:/Users/kpsoi/.m2/repository/org/springframework/spring-context/4.3.8.RELEASE/spring-context-4.3.8.RELEASE.jar:/Users/kpsoi/.m2/repository/org/springframework/security/spring-security-web/4.2.2.RELEASE/spring-security-web-4.2.2.RELEASE.jar:/Users/kpsoi/.m2/repository/org/springframework/spring-expression/4.3.8.RELEASE/spring-expression-4.3.8.RELEASE.jar:/Users/kpsoi/.m2/repository/org/thymeleaf/extras/thymeleaf-extras-springsecurity4/2.1.3.RELEASE/thymeleaf-extras-springsecurity4-2.1.3.RELEASE.jar:/Users/kpsoi/.m2/repository/org/slf4j/slf4j-api/1.7.25/slf4j-api-1.7.25.jar:/Users/kpsoi/.m2/repository/org/springframework/boot/spring-boot-devtools/1.5.3.RELEASE/spring-boot-devtools-1.5.3.RELEASE.jar:/Users/kpsoi/.m2/repository/org/springframework/boot/spring-boot/1.5.3.RELEASE/spring-boot-1.5.3.RELEASE.jar:/Users/kpsoi/.m2/repository/org/springframework/boot/spring-boot-autoconfigure/1.5.3.RELEASE/spring-boot-autoconfigure-1.5.3.RELEASE.jar:/Users/kpsoi/.m2/repository/org/webjars/bootstrap/3.3.7/bootstrap-3.3.7.jar:/Users/kpsoi/.m2/repository/org/webjars/jquery/1.11.1/jquery-1.11.1.jar:/Users/kpsoi/.m2/repository/org/springframework/security/spring-security-test/4.2.2.RELEASE/spring-security-test-4.2.2.RELEASE.jar:/Users/kpsoi/.m2/repository/org/springframework/security/spring-security-core/4.2.2.RELEASE/spring-security-core-4.2.2.RELEASE.jar:/Users/kpsoi/.m2/repository/aopalliance/aopalliance/1.0/aopalliance-1.0.jar:/Users/kpsoi/.m2/repository/org/springframework/spring-core/4.3.8.RELEASE/spring-core-4.3.8.RELEASE.jar:/Users/kpsoi/.m2/repository/org/springframework/spring-test/4.3.8.RELEASE/spring-test-4.3.8.RELEASE.jar:/Users/kpsoi/.m2/repository/com/hazelcast/hazelcast/3.9.3/hazelcast-3.9.3.jar:/Users/kpsoi/.m2/repository/com/hazelcast/hazelcast-client/3.9.3/hazelcast-client-3.9.3.jar:/Users/kpsoi/.m2/repository/com/hazelcast/hazelcast-all/3.9.3/hazelcast-all-3.9.3.jar:/Applications/IntelliJ IDEA CE.app/Contents/lib/idea_rt.jar
                          java.class.version=52.0
                          java.endorsed.dirs=/Library/Java/JavaVirtualMachines/jdk1.8.0_161.jdk/Contents/Home/jre/lib/endorsed
                          java.ext.dirs=/Users/kpsoi/Library/Java/Extensions:/Library/Java/JavaVirtualMachines/jdk1.8.0_161.jdk/Contents/Home/jre/lib/ext:/Library/Java/Extensions:/Network/Library/Java/Extensions:/System/Library/Java/Extensions:/usr/lib/java
                          java.home=/Library/Java/JavaVirtualMachines/jdk1.8.0_161.jdk/Contents/Home/jre
                          java.io.tmpdir=/var/folders/d6/kjpx4pcd7mvc4ttwc5n6d0n80000gn/T/
                          java.library.path=/Users/kpsoi/Library/Java/Extensions:/Library/Java/Extensions:/Network/Library/Java/Extensions:/System/Library/Java/Extensions:/usr/lib/java:.
                          java.runtime.name=Java(TM) SE Runtime Environment
                          java.runtime.version=1.8.0_161-b12
                          java.specification.name=Java Platform API Specification
                          java.specification.vendor=Oracle Corporation
                          java.specification.version=1.8
                          java.vendor=Oracle Corporation
                          java.vendor.url=http://java.oracle.com/
                          java.vendor.url.bug=http://bugreport.sun.com/bugreport/
                          java.version=1.8.0_161
                          java.vm.args=-Dserver.port=9994 -Dhazelcast.diagnostics.enabled=true -javaagent:/Applications/IntelliJ IDEA CE.app/Contents/lib/idea_rt.jar=51946:/Applications/IntelliJ IDEA CE.app/Contents/bin -Dfile.encoding=UTF-8 
                          java.vm.info=mixed mode
                          java.vm.name=Java HotSpot(TM) 64-Bit Server VM
                          java.vm.specification.name=Java Virtual Machine Specification
                          java.vm.specification.vendor=Oracle Corporation
                          java.vm.specification.version=1.8
                          java.vm.vendor=Oracle Corporation
                          java.vm.version=25.161-b12
                          os.arch=x86_64
                          os.name=Mac OS X
                          os.version=10.12.6
                          sun.arch.data.model=64
                          sun.boot.class.path=/Library/Java/JavaVirtualMachines/jdk1.8.0_161.jdk/Contents/Home/jre/lib/resources.jar:/Library/Java/JavaVirtualMachines/jdk1.8.0_161.jdk/Contents/Home/jre/lib/rt.jar:/Library/Java/JavaVirtualMachines/jdk1.8.0_161.jdk/Contents/Home/jre/lib/sunrsasign.jar:/Library/Java/JavaVirtualMachines/jdk1.8.0_161.jdk/Contents/Home/jre/lib/jsse.jar:/Library/Java/JavaVirtualMachines/jdk1.8.0_161.jdk/Contents/Home/jre/lib/jce.jar:/Library/Java/JavaVirtualMachines/jdk1.8.0_161.jdk/Contents/Home/jre/lib/charsets.jar:/Library/Java/JavaVirtualMachines/jdk1.8.0_161.jdk/Contents/Home/jre/lib/jfr.jar:/Library/Java/JavaVirtualMachines/jdk1.8.0_161.jdk/Contents/Home/jre/classes
                          sun.boot.library.path=/Library/Java/JavaVirtualMachines/jdk1.8.0_161.jdk/Contents/Home/jre/lib
                          sun.cpu.endian=little
                          sun.cpu.isalist=
                          sun.io.unicode.encoding=UnicodeBig
                          sun.java.command=org.kp.shiny.hazelcast.ShinyProxyHA.SpringBootWebApplication
                          sun.java.launcher=SUN_STANDARD
                          sun.jnu.encoding=UTF-8
                          sun.management.compiler=HotSpot 64-Bit Tiered Compilers
                          sun.os.patch.level=unknown]
09-03-2018 02:10:29 1520590229322 Metric[classloading.loadedClassesCount=6943]
09-03-2018 02:10:29 1520590229322 Metric[classloading.totalLoadedClassesCount=6945]
09-03-2018 02:10:29 1520590229322 Metric[classloading.unloadedClassCount=0]
09-03-2018 02:10:29 1520590229322 Metric[executionService.userExecutorQueueSize=0]
09-03-2018 02:10:29 1520590229322 Metric[file.partition[user.home].freeSpace=157590593536]
09-03-2018 02:10:29 1520590229322 Metric[file.partition[user.home].totalSpace=249664372736]
09-03-2018 02:10:29 1520590229322 Metric[file.partition[user.home].usableSpace=157328449536]
09-03-2018 02:10:29 1520590229322 Metric[gc.majorCount=1]
09-03-2018 02:10:29 1520590229322 Metric[gc.majorTime=25]
09-03-2018 02:10:29 1520590229322 Metric[gc.minorCount=6]
09-03-2018 02:10:29 1520590229322 Metric[gc.minorTime=39]
09-03-2018 02:10:29 1520590229322 Metric[gc.unknownCount=0]
09-03-2018 02:10:29 1520590229322 Metric[gc.unknownTime=0]
09-03-2018 02:10:29 1520590229322 Metric[invocations.pendingCalls=0]
09-03-2018 02:10:29 1520590229322 Metric[os.committedVirtualMemorySize=8556822528]
09-03-2018 02:10:29 1520590229322 Metric[os.freePhysicalMemorySize=258875392]
09-03-2018 02:10:29 1520590229322 Metric[os.freeSwapSpaceSize=970457088]
09-03-2018 02:10:29 1520590229322 Metric[os.maxFileDescriptorCount=10240]
09-03-2018 02:10:29 1520590229322 Metric[os.openFileDescriptorCount=98]
09-03-2018 02:10:29 1520590229322 Metric[os.processCpuLoad=0.0]
09-03-2018 02:10:29 1520590229322 Metric[os.processCpuTime=9283592000]
09-03-2018 02:10:29 1520590229322 Metric[os.systemCpuLoad=0.0]
09-03-2018 02:10:29 1520590229322 Metric[os.systemLoadAverage=2.7626953125]
09-03-2018 02:10:29 1520590229322 Metric[os.totalPhysicalMemorySize=17179869184]
09-03-2018 02:10:29 1520590229322 Metric[os.totalSwapSpaceSize=1073741824]
09-03-2018 02:10:29 1520590229322 Metric[runtime.availableProcessors=8]
09-03-2018 02:10:29 1520590229322 Metric[runtime.freeMemory=138610448]
09-03-2018 02:10:29 1520590229322 Metric[runtime.maxMemory=3817865216]
09-03-2018 02:10:29 1520590229322 Metric[runtime.totalMemory=623902720]
09-03-2018 02:10:29 1520590229322 Metric[runtime.uptime=12863]
09-03-2018 02:10:29 1520590229322 Metric[runtime.usedMemory=485292272]
09-03-2018 02:10:29 1520590229322 Metric[thread.daemonThreadCount=17]
09-03-2018 02:10:29 1520590229322 Metric[thread.peakThreadCount=25]
09-03-2018 02:10:29 1520590229322 Metric[thread.threadCount=25]
09-03-2018 02:10:29 1520590229322 Metric[thread.totalStartedThreadCount=27]
09-03-2018 02:10:30 1520590230327 ConnectionAdded[
                          ClientConnection{alive=true, connectionId=2, channel=NioChannel{/192.168.0.210:52003->/192.168.0.210:5702}, remoteEndpoint=[192.168.0.210]:5702, lastReadTime=2018-03-09 02:10:29.505, lastWriteTime=2018-03-09 02:10:29.500, closedTime=never, lastHeartbeatRequested=never, lastHeartbeatReceived=never, connected server version=3.9.3}
                          type=JAVA_CLIENT
                          isAlive=true]
09-03-2018 02:11:29 1520590289322 Metric[classloading.loadedClassesCount=11345]
09-03-2018 02:11:29 1520590289322 Metric[classloading.totalLoadedClassesCount=11345]
09-03-2018 02:11:29 1520590289322 Metric[classloading.unloadedClassCount=0]
09-03-2018 02:11:29 1520590289322 Metric[executionService.userExecutorQueueSize=0]
09-03-2018 02:11:29 1520590289322 Metric[file.partition[user.home].freeSpace=157588799488]
09-03-2018 02:11:29 1520590289322 Metric[file.partition[user.home].totalSpace=249664372736]
09-03-2018 02:11:29 1520590289322 Metric[file.partition[user.home].usableSpace=157326655488]
09-03-2018 02:11:29 1520590289322 Metric[gc.majorCount=2]
09-03-2018 02:11:29 1520590289322 Metric[gc.majorTime=78]
09-03-2018 02:11:29 1520590289322 Metric[gc.minorCount=7]
09-03-2018 02:11:29 1520590289322 Metric[gc.minorTime=52]
09-03-2018 02:11:29 1520590289322 Metric[gc.unknownCount=0]
09-03-2018 02:11:29 1520590289322 Metric[gc.unknownTime=0]
09-03-2018 02:11:29 1520590289322 Metric[invocations.pendingCalls=0]
09-03-2018 02:11:29 1520590289322 Metric[listeners.eventHandlerCount=2]
09-03-2018 02:11:29 1520590289322 Metric[listeners.eventQueueSize=0]
09-03-2018 02:11:29 1520590289322 Metric[listeners.eventsProcessed=7]
09-03-2018 02:11:29 1520590289322 Metric[os.committedVirtualMemorySize=8661725184]
09-03-2018 02:11:29 1520590289322 Metric[os.freePhysicalMemorySize=187658240]
09-03-2018 02:11:29 1520590289322 Metric[os.freeSwapSpaceSize=970457088]
09-03-2018 02:11:29 1520590289322 Metric[os.maxFileDescriptorCount=10240]
09-03-2018 02:11:29 1520590289322 Metric[os.openFileDescriptorCount=141]
09-03-2018 02:11:29 1520590289322 Metric[os.processCpuLoad=0.15200652309584944]
09-03-2018 02:11:29 1520590289322 Metric[os.processCpuTime=22724490000]
09-03-2018 02:11:29 1520590289322 Metric[os.systemCpuLoad=4.492732344736456]
09-03-2018 02:11:29 1520590289322 Metric[os.systemLoadAverage=2.33642578125]
09-03-2018 02:11:29 1520590289322 Metric[os.totalPhysicalMemorySize=17179869184]
09-03-2018 02:11:29 1520590289322 Metric[os.totalSwapSpaceSize=1073741824]
09-03-2018 02:11:29 1520590289322 Metric[runtime.availableProcessors=8]
09-03-2018 02:11:29 1520590289322 Metric[runtime.freeMemory=135855776]
09-03-2018 02:11:29 1520590289322 Metric[runtime.maxMemory=3817865216]
09-03-2018 02:11:29 1520590289322 Metric[runtime.totalMemory=656932864]
09-03-2018 02:11:29 1520590289322 Metric[runtime.uptime=72854]
09-03-2018 02:11:29 1520590289322 Metric[runtime.usedMemory=521077088]
09-03-2018 02:11:29 1520590289322 Metric[thread.daemonThreadCount=70]
09-03-2018 02:11:29 1520590289322 Metric[thread.peakThreadCount=88]
09-03-2018 02:11:29 1520590289322 Metric[thread.threadCount=85]
09-03-2018 02:11:29 1520590289322 Metric[thread.totalStartedThreadCount=94]
09-03-2018 02:12:29 1520590349321 Metric[classloading.loadedClassesCount=11347]
09-03-2018 02:12:29 1520590349321 Metric[classloading.totalLoadedClassesCount=11347]
09-03-2018 02:12:29 1520590349321 Metric[classloading.unloadedClassCount=0]
09-03-2018 02:12:29 1520590349321 Metric[executionService.userExecutorQueueSize=0]
09-03-2018 02:12:29 1520590349321 Metric[file.partition[user.home].freeSpace=157588144128]
09-03-2018 02:12:29 1520590349321 Metric[file.partition[user.home].totalSpace=249664372736]
09-03-2018 02:12:29 1520590349321 Metric[file.partition[user.home].usableSpace=157326000128]
09-03-2018 02:12:29 1520590349321 Metric[gc.majorCount=2]
09-03-2018 02:12:29 1520590349321 Metric[gc.majorTime=78]
09-03-2018 02:12:29 1520590349321 Metric[gc.minorCount=7]
09-03-2018 02:12:29 1520590349321 Metric[gc.minorTime=52]
09-03-2018 02:12:29 1520590349321 Metric[gc.unknownCount=0]
09-03-2018 02:12:29 1520590349321 Metric[gc.unknownTime=0]
09-03-2018 02:12:29 1520590349321 Metric[invocations.pendingCalls=0]
09-03-2018 02:12:29 1520590349321 Metric[listeners.eventHandlerCount=2]
09-03-2018 02:12:29 1520590349321 Metric[listeners.eventQueueSize=0]
09-03-2018 02:12:29 1520590349321 Metric[listeners.eventsProcessed=12]
09-03-2018 02:12:29 1520590349321 Metric[os.committedVirtualMemorySize=8660664320]
09-03-2018 02:12:29 1520590349321 Metric[os.freePhysicalMemorySize=25919488]
09-03-2018 02:12:29 1520590349321 Metric[os.freeSwapSpaceSize=970457088]
09-03-2018 02:12:29 1520590349321 Metric[os.maxFileDescriptorCount=10240]
09-03-2018 02:12:29 1520590349321 Metric[os.openFileDescriptorCount=138]
09-03-2018 02:12:29 1520590349321 Metric[os.processCpuLoad=0.1503437890101749]
09-03-2018 02:12:29 1520590349321 Metric[os.processCpuTime=23448878000]
09-03-2018 02:12:29 1520590349321 Metric[os.systemCpuLoad=9.495483586693105]
09-03-2018 02:12:29 1520590349321 Metric[os.systemLoadAverage=2.66162109375]
09-03-2018 02:12:29 1520590349321 Metric[os.totalPhysicalMemorySize=17179869184]
09-03-2018 02:12:29 1520590349321 Metric[os.totalSwapSpaceSize=1073741824]
09-03-2018 02:12:29 1520590349321 Metric[runtime.availableProcessors=8]
09-03-2018 02:12:29 1520590349321 Metric[runtime.freeMemory=129920064]
09-03-2018 02:12:29 1520590349321 Metric[runtime.maxMemory=3817865216]
09-03-2018 02:12:29 1520590349321 Metric[runtime.totalMemory=656932864]
09-03-2018 02:12:29 1520590349321 Metric[runtime.uptime=132854]
09-03-2018 02:12:29 1520590349321 Metric[runtime.usedMemory=527012800]
09-03-2018 02:12:29 1520590349321 Metric[thread.daemonThreadCount=70]
09-03-2018 02:12:29 1520590349321 Metric[thread.peakThreadCount=88]
09-03-2018 02:12:29 1520590349321 Metric[thread.threadCount=84]
09-03-2018 02:12:29 1520590349321 Metric[thread.totalStartedThreadCount=94]
09-03-2018 02:13:29 1520590409325 Metric[classloading.loadedClassesCount=11347]
09-03-2018 02:13:29 1520590409325 Metric[classloading.totalLoadedClassesCount=11347]
09-03-2018 02:13:29 1520590409325 Metric[classloading.unloadedClassCount=0]
09-03-2018 02:13:29 1520590409325 Metric[executionService.userExecutorQueueSize=0]
09-03-2018 02:13:29 1520590409325 Metric[file.partition[user.home].freeSpace=157583216640]
09-03-2018 02:13:29 1520590409325 Metric[file.partition[user.home].totalSpace=249664372736]
09-03-2018 02:13:29 1520590409325 Metric[file.partition[user.home].usableSpace=157321072640]
09-03-2018 02:13:29 1520590409325 Metric[gc.majorCount=2]
09-03-2018 02:13:29 1520590409325 Metric[gc.majorTime=78]
09-03-2018 02:13:29 1520590409325 Metric[gc.minorCount=7]
09-03-2018 02:13:29 1520590409325 Metric[gc.minorTime=52]
09-03-2018 02:13:29 1520590409325 Metric[gc.unknownCount=0]
09-03-2018 02:13:29 1520590409325 Metric[gc.unknownTime=0]
09-03-2018 02:13:29 1520590409325 Metric[invocations.pendingCalls=0]
09-03-2018 02:13:29 1520590409325 Metric[listeners.eventHandlerCount=2]
09-03-2018 02:13:29 1520590409325 Metric[listeners.eventQueueSize=0]
09-03-2018 02:13:29 1520590409325 Metric[listeners.eventsProcessed=17]
09-03-2018 02:13:29 1520590409325 Metric[os.committedVirtualMemorySize=8658690048]
09-03-2018 02:13:29 1520590409325 Metric[os.freePhysicalMemorySize=94474240]
09-03-2018 02:13:29 1520590409325 Metric[os.freeSwapSpaceSize=970457088]
09-03-2018 02:13:29 1520590409325 Metric[os.maxFileDescriptorCount=10240]
09-03-2018 02:13:29 1520590409325 Metric[os.openFileDescriptorCount=138]
09-03-2018 02:13:29 1520590409325 Metric[os.processCpuLoad=0.16255127213183115]
09-03-2018 02:13:29 1520590409325 Metric[os.processCpuTime=24187963000]
09-03-2018 02:13:29 1520590409325 Metric[os.systemCpuLoad=8.000293858360271]
09-03-2018 02:13:29 1520590409325 Metric[os.systemLoadAverage=2.55810546875]
09-03-2018 02:13:29 1520590409325 Metric[os.totalPhysicalMemorySize=17179869184]
09-03-2018 02:13:29 1520590409325 Metric[os.totalSwapSpaceSize=1073741824]
09-03-2018 02:13:29 1520590409325 Metric[runtime.availableProcessors=8]
09-03-2018 02:13:29 1520590409325 Metric[runtime.freeMemory=122501296]
09-03-2018 02:13:29 1520590409325 Metric[runtime.maxMemory=3817865216]
09-03-2018 02:13:29 1520590409325 Metric[runtime.totalMemory=656932864]
09-03-2018 02:13:29 1520590409325 Metric[runtime.uptime=192859]
09-03-2018 02:13:29 1520590409325 Metric[runtime.usedMemory=534431568]
09-03-2018 02:13:29 1520590409325 Metric[thread.daemonThreadCount=70]
09-03-2018 02:13:29 1520590409325 Metric[thread.peakThreadCount=88]
09-03-2018 02:13:29 1520590409325 Metric[thread.threadCount=85]
09-03-2018 02:13:29 1520590409325 Metric[thread.totalStartedThreadCount=95]
09-03-2018 02:14:29 1520590469326 Metric[classloading.loadedClassesCount=11349]
09-03-2018 02:14:29 1520590469326 Metric[classloading.totalLoadedClassesCount=11349]
09-03-2018 02:14:29 1520590469326 Metric[classloading.unloadedClassCount=0]
09-03-2018 02:14:29 1520590469326 Metric[executionService.userExecutorQueueSize=0]
09-03-2018 02:14:29 1520590469326 Metric[file.partition[user.home].freeSpace=157583085568]
09-03-2018 02:14:29 1520590469326 Metric[file.partition[user.home].totalSpace=249664372736]
09-03-2018 02:14:29 1520590469326 Metric[file.partition[user.home].usableSpace=157320941568]
09-03-2018 02:14:29 1520590469326 Metric[gc.majorCount=2]
09-03-2018 02:14:29 1520590469326 Metric[gc.majorTime=78]
09-03-2018 02:14:29 1520590469326 Metric[gc.minorCount=7]
09-03-2018 02:14:29 1520590469326 Metric[gc.minorTime=52]
09-03-2018 02:14:29 1520590469326 Metric[gc.unknownCount=0]
09-03-2018 02:14:29 1520590469326 Metric[gc.unknownTime=0]
09-03-2018 02:14:29 1520590469326 Metric[invocations.pendingCalls=0]
09-03-2018 02:14:29 1520590469326 Metric[listeners.eventHandlerCount=2]
09-03-2018 02:14:29 1520590469326 Metric[listeners.eventQueueSize=0]
09-03-2018 02:14:29 1520590469326 Metric[listeners.eventsProcessed=22]
09-03-2018 02:14:29 1520590469326 Metric[os.committedVirtualMemorySize=8659726336]
09-03-2018 02:14:29 1520590469326 Metric[os.freePhysicalMemorySize=170348544]
09-03-2018 02:14:29 1520590469326 Metric[os.freeSwapSpaceSize=970457088]
09-03-2018 02:14:29 1520590469326 Metric[os.maxFileDescriptorCount=10240]
09-03-2018 02:14:29 1520590469326 Metric[os.openFileDescriptorCount=138]
09-03-2018 02:14:29 1520590469326 Metric[os.processCpuLoad=0.12925849723779906]
09-03-2018 02:14:29 1520590469326 Metric[os.processCpuTime=24803669000]
09-03-2018 02:14:29 1520590469326 Metric[os.systemCpuLoad=6.284454244762955]
09-03-2018 02:14:29 1520590469326 Metric[os.systemLoadAverage=1.75537109375]
09-03-2018 02:14:29 1520590469326 Metric[os.totalPhysicalMemorySize=17179869184]
09-03-2018 02:14:29 1520590469326 Metric[os.totalSwapSpaceSize=1073741824]
09-03-2018 02:14:29 1520590469326 Metric[runtime.availableProcessors=8]
09-03-2018 02:14:29 1520590469326 Metric[runtime.freeMemory=119531816]
09-03-2018 02:14:29 1520590469326 Metric[runtime.maxMemory=3817865216]
09-03-2018 02:14:29 1520590469326 Metric[runtime.totalMemory=656932864]
09-03-2018 02:14:29 1520590469326 Metric[runtime.uptime=252859]
09-03-2018 02:14:29 1520590469326 Metric[runtime.usedMemory=537401048]
09-03-2018 02:14:29 1520590469326 Metric[thread.daemonThreadCount=70]
09-03-2018 02:14:29 1520590469326 Metric[thread.peakThreadCount=88]
09-03-2018 02:14:29 1520590469326 Metric[thread.threadCount=84]
09-03-2018 02:14:29 1520590469326 Metric[thread.totalStartedThreadCount=95]
09-03-2018 02:15:29 1520590529321 Metric[classloading.loadedClassesCount=11349]
09-03-2018 02:15:29 1520590529321 Metric[classloading.totalLoadedClassesCount=11349]
09-03-2018 02:15:29 1520590529321 Metric[classloading.unloadedClassCount=0]
09-03-2018 02:15:29 1520590529321 Metric[executionService.userExecutorQueueSize=0]
09-03-2018 02:15:29 1520590529321 Metric[file.partition[user.home].freeSpace=157582987264]
09-03-2018 02:15:29 1520590529321 Metric[file.partition[user.home].totalSpace=249664372736]
09-03-2018 02:15:29 1520590529321 Metric[file.partition[user.home].usableSpace=157320843264]
09-03-2018 02:15:29 1520590529321 Metric[gc.majorCount=2]
09-03-2018 02:15:29 1520590529321 Metric[gc.majorTime=78]
09-03-2018 02:15:29 1520590529321 Metric[gc.minorCount=7]
09-03-2018 02:15:29 1520590529321 Metric[gc.minorTime=52]
09-03-2018 02:15:29 1520590529321 Metric[gc.unknownCount=0]
09-03-2018 02:15:29 1520590529321 Metric[gc.unknownTime=0]
09-03-2018 02:15:29 1520590529321 Metric[invocations.pendingCalls=0]
09-03-2018 02:15:29 1520590529321 Metric[listeners.eventHandlerCount=2]
09-03-2018 02:15:29 1520590529321 Metric[listeners.eventQueueSize=0]
09-03-2018 02:15:29 1520590529321 Metric[listeners.eventsProcessed=27]
09-03-2018 02:15:29 1520590529321 Metric[os.committedVirtualMemorySize=8659726336]
09-03-2018 02:15:29 1520590529321 Metric[os.freePhysicalMemorySize=169291776]
09-03-2018 02:15:29 1520590529321 Metric[os.freeSwapSpaceSize=970457088]
09-03-2018 02:15:29 1520590529321 Metric[os.maxFileDescriptorCount=10240]
09-03-2018 02:15:29 1520590529321 Metric[os.openFileDescriptorCount=138]
09-03-2018 02:15:29 1520590529321 Metric[os.processCpuLoad=0.10759395387266152]
09-03-2018 02:15:29 1520590529321 Metric[os.processCpuTime=25386813000]
09-03-2018 02:15:29 1520590529321 Metric[os.systemCpuLoad=5.083498859707202]
09-03-2018 02:15:29 1520590529321 Metric[os.systemLoadAverage=2.0126953125]
09-03-2018 02:15:29 1520590529321 Metric[os.totalPhysicalMemorySize=17179869184]
09-03-2018 02:15:29 1520590529321 Metric[os.totalSwapSpaceSize=1073741824]
09-03-2018 02:15:29 1520590529321 Metric[runtime.availableProcessors=8]
09-03-2018 02:15:29 1520590529321 Metric[runtime.freeMemory=114879288]
09-03-2018 02:15:29 1520590529321 Metric[runtime.maxMemory=3817865216]
09-03-2018 02:15:29 1520590529321 Metric[runtime.totalMemory=656932864]
09-03-2018 02:15:29 1520590529321 Metric[runtime.uptime=312853]
09-03-2018 02:15:29 1520590529321 Metric[runtime.usedMemory=542053576]
09-03-2018 02:15:29 1520590529321 Metric[thread.daemonThreadCount=70]
09-03-2018 02:15:29 1520590529321 Metric[thread.peakThreadCount=88]
09-03-2018 02:15:29 1520590529321 Metric[thread.threadCount=84]
09-03-2018 02:15:29 1520590529321 Metric[thread.totalStartedThreadCount=95]
