09-03-2018 02:31:12 1520591472028 BuildInfo[
                          Build=20180216
                          BuildNumber=20180216
                          Revision=539b124
                          Version=3.9.3
                          SerialVersion=1
                          Enterprise=false]
09-03-2018 02:31:12 1520591472028 ConfigProperties[]
09-03-2018 02:31:12 1520591472028 SystemProperties[
                          hazelcast.diagnostics.enabled=true
                          java.class.path=/Library/Java/JavaVirtualMachines/jdk1.8.0_161.jdk/Contents/Home/jre/lib/charsets.jar:/Library/Java/JavaVirtualMachines/jdk1.8.0_161.jdk/Contents/Home/jre/lib/deploy.jar:/Library/Java/JavaVirtualMachines/jdk1.8.0_161.jdk/Contents/Home/jre/lib/ext/cldrdata.jar:/Library/Java/JavaVirtualMachines/jdk1.8.0_161.jdk/Contents/Home/jre/lib/ext/dnsns.jar:/Library/Java/JavaVirtualMachines/jdk1.8.0_161.jdk/Contents/Home/jre/lib/ext/jaccess.jar:/Library/Java/JavaVirtualMachines/jdk1.8.0_161.jdk/Contents/Home/jre/lib/ext/jfxrt.jar:/Library/Java/JavaVirtualMachines/jdk1.8.0_161.jdk/Contents/Home/jre/lib/ext/localedata.jar:/Library/Java/JavaVirtualMachines/jdk1.8.0_161.jdk/Contents/Home/jre/lib/ext/nashorn.jar:/Library/Java/JavaVirtualMachines/jdk1.8.0_161.jdk/Contents/Home/jre/lib/ext/sunec.jar:/Library/Java/JavaVirtualMachines/jdk1.8.0_161.jdk/Contents/Home/jre/lib/ext/sunjce_provider.jar:/Library/Java/JavaVirtualMachines/jdk1.8.0_161.jdk/Contents/Home/jre/lib/ext/sunpkcs11.jar:/Library/Java/JavaVirtualMachines/jdk1.8.0_161.jdk/Contents/Home/jre/lib/ext/zipfs.jar:/Library/Java/JavaVirtualMachines/jdk1.8.0_161.jdk/Contents/Home/jre/lib/javaws.jar:/Library/Java/JavaVirtualMachines/jdk1.8.0_161.jdk/Contents/Home/jre/lib/jce.jar:/Library/Java/JavaVirtualMachines/jdk1.8.0_161.jdk/Contents/Home/jre/lib/jfr.jar:/Library/Java/JavaVirtualMachines/jdk1.8.0_161.jdk/Contents/Home/jre/lib/jfxswt.jar:/Library/Java/JavaVirtualMachines/jdk1.8.0_161.jdk/Contents/Home/jre/lib/jsse.jar:/Library/Java/JavaVirtualMachines/jdk1.8.0_161.jdk/Contents/Home/jre/lib/management-agent.jar:/Library/Java/JavaVirtualMachines/jdk1.8.0_161.jdk/Contents/Home/jre/lib/plugin.jar:/Library/Java/JavaVirtualMachines/jdk1.8.0_161.jdk/Contents/Home/jre/lib/resources.jar:/Library/Java/JavaVirtualMachines/jdk1.8.0_161.jdk/Contents/Home/jre/lib/rt.jar:/Library/Java/JavaVirtualMachines/jdk1.8.0_161.jdk/Contents/Home/lib/ant-javafx.jar:/Library/Java/JavaVirtualMachines/jdk1.8.0_161.jdk/Contents/Home/lib/dt.jar:/Library/Java/JavaVirtualMachines/jdk1.8.0_161.jdk/Contents/Home/lib/javafx-mx.jar:/Library/Java/JavaVirtualMachines/jdk1.8.0_161.jdk/Contents/Home/lib/jconsole.jar:/Library/Java/JavaVirtualMachines/jdk1.8.0_161.jdk/Contents/Home/lib/packager.jar:/Library/Java/JavaVirtualMachines/jdk1.8.0_161.jdk/Contents/Home/lib/sa-jdi.jar:/Library/Java/JavaVirtualMachines/jdk1.8.0_161.jdk/Contents/Home/lib/tools.jar:/Users/kpsoi/Downloads/ShinyProxyHA/target/classes:/Users/kpsoi/.m2/repository/org/springframework/boot/spring-boot-starter-thymeleaf/1.5.3.RELEASE/spring-boot-starter-thymeleaf-1.5.3.RELEASE.jar:/Users/kpsoi/.m2/repository/org/springframework/boot/spring-boot-starter/1.5.3.RELEASE/spring-boot-starter-1.5.3.RELEASE.jar:/Users/kpsoi/.m2/repository/org/springframework/boot/spring-boot-starter-logging/1.5.3.RELEASE/spring-boot-starter-logging-1.5.3.RELEASE.jar:/Users/kpsoi/.m2/repository/ch/qos/logback/logback-classic/1.1.11/logback-classic-1.1.11.jar:/Users/kpsoi/.m2/repository/ch/qos/logback/logback-core/1.1.11/logback-core-1.1.11.jar:/Users/kpsoi/.m2/repository/org/slf4j/jcl-over-slf4j/1.7.25/jcl-over-slf4j-1.7.25.jar:/Users/kpsoi/.m2/repository/org/slf4j/jul-to-slf4j/1.7.25/jul-to-slf4j-1.7.25.jar:/Users/kpsoi/.m2/repository/org/slf4j/log4j-over-slf4j/1.7.25/log4j-over-slf4j-1.7.25.jar:/Users/kpsoi/.m2/repository/org/yaml/snakeyaml/1.17/snakeyaml-1.17.jar:/Users/kpsoi/.m2/repository/org/springframework/boot/spring-boot-starter-web/1.5.3.RELEASE/spring-boot-starter-web-1.5.3.RELEASE.jar:/Users/kpsoi/.m2/repository/org/springframework/boot/spring-boot-starter-tomcat/1.5.3.RELEASE/spring-boot-starter-tomcat-1.5.3.RELEASE.jar:/Users/kpsoi/.m2/repository/org/apache/tomcat/embed/tomcat-embed-core/8.5.14/tomcat-embed-core-8.5.14.jar:/Users/kpsoi/.m2/repository/org/apache/tomcat/embed/tomcat-embed-el/8.5.14/tomcat-embed-el-8.5.14.jar:/Users/kpsoi/.m2/repository/org/apache/tomcat/embed/tomcat-embed-websocket/8.5.14/tomcat-embed-websocket-8.5.14.jar:/Users/kpsoi/.m2/repository/org/hibernate/hibernate-validator/5.3.5.Final/hibernate-validator-5.3.5.Final.jar:/Users/kpsoi/.m2/repository/javax/validation/validation-api/1.1.0.Final/validation-api-1.1.0.Final.jar:/Users/kpsoi/.m2/repository/org/jboss/logging/jboss-logging/3.3.1.Final/jboss-logging-3.3.1.Final.jar:/Users/kpsoi/.m2/repository/com/fasterxml/classmate/1.3.3/classmate-1.3.3.jar:/Users/kpsoi/.m2/repository/com/fasterxml/jackson/core/jackson-databind/2.8.8/jackson-databind-2.8.8.jar:/Users/kpsoi/.m2/repository/com/fasterxml/jackson/core/jackson-annotations/2.8.0/jackson-annotations-2.8.0.jar:/Users/kpsoi/.m2/repository/com/fasterxml/jackson/core/jackson-core/2.8.8/jackson-core-2.8.8.jar:/Users/kpsoi/.m2/repository/org/springframework/spring-web/4.3.8.RELEASE/spring-web-4.3.8.RELEASE.jar:/Users/kpsoi/.m2/repository/org/springframework/spring-webmvc/4.3.8.RELEASE/spring-webmvc-4.3.8.RELEASE.jar:/Users/kpsoi/.m2/repository/org/thymeleaf/thymeleaf-spring4/2.1.5.RELEASE/thymeleaf-spring4-2.1.5.RELEASE.jar:/Users/kpsoi/.m2/repository/org/thymeleaf/thymeleaf/2.1.5.RELEASE/thymeleaf-2.1.5.RELEASE.jar:/Users/kpsoi/.m2/repository/ognl/ognl/3.0.8/ognl-3.0.8.jar:/Users/kpsoi/.m2/repository/org/javassist/javassist/3.21.0-GA/javassist-3.21.0-GA.jar:/Users/kpsoi/.m2/repository/org/unbescape/unbescape/1.1.0.RELEASE/unbescape-1.1.0.RELEASE.jar:/Users/kpsoi/.m2/repository/nz/net/ultraq/thymeleaf/thymeleaf-layout-dialect/1.4.0/thymeleaf-layout-dialect-1.4.0.jar:/Users/kpsoi/.m2/repository/org/codehaus/groovy/groovy/2.4.10/groovy-2.4.10.jar:/Users/kpsoi/.m2/repository/org/springframework/boot/spring-boot-starter-security/1.5.3.RELEASE/spring-boot-starter-security-1.5.3.RELEASE.jar:/Users/kpsoi/.m2/repository/org/springframework/spring-aop/4.3.8.RELEASE/spring-aop-4.3.8.RELEASE.jar:/Users/kpsoi/.m2/repository/org/springframework/spring-beans/4.3.8.RELEASE/spring-beans-4.3.8.RELEASE.jar:/Users/kpsoi/.m2/repository/org/springframework/security/spring-security-config/4.2.2.RELEASE/spring-security-config-4.2.2.RELEASE.jar:/Users/kpsoi/.m2/repository/org/springframework/spring-context/4.3.8.RELEASE/spring-context-4.3.8.RELEASE.jar:/Users/kpsoi/.m2/repository/org/springframework/security/spring-security-web/4.2.2.RELEASE/spring-security-web-4.2.2.RELEASE.jar:/Users/kpsoi/.m2/repository/org/springframework/spring-expression/4.3.8.RELEASE/spring-expression-4.3.8.RELEASE.jar:/Users/kpsoi/.m2/repository/org/thymeleaf/extras/thymeleaf-extras-springsecurity4/2.1.3.RELEASE/thymeleaf-extras-springsecurity4-2.1.3.RELEASE.jar:/Users/kpsoi/.m2/repository/org/slf4j/slf4j-api/1.7.25/slf4j-api-1.7.25.jar:/Users/kpsoi/.m2/repository/org/springframework/boot/spring-boot-devtools/1.5.3.RELEASE/spring-boot-devtools-1.5.3.RELEASE.jar:/Users/kpsoi/.m2/repository/org/springframework/boot/spring-boot/1.5.3.RELEASE/spring-boot-1.5.3.RELEASE.jar:/Users/kpsoi/.m2/repository/org/springframework/boot/spring-boot-autoconfigure/1.5.3.RELEASE/spring-boot-autoconfigure-1.5.3.RELEASE.jar:/Users/kpsoi/.m2/repository/org/webjars/bootstrap/3.3.7/bootstrap-3.3.7.jar:/Users/kpsoi/.m2/repository/org/webjars/jquery/1.11.1/jquery-1.11.1.jar:/Users/kpsoi/.m2/repository/org/springframework/security/spring-security-test/4.2.2.RELEASE/spring-security-test-4.2.2.RELEASE.jar:/Users/kpsoi/.m2/repository/org/springframework/security/spring-security-core/4.2.2.RELEASE/spring-security-core-4.2.2.RELEASE.jar:/Users/kpsoi/.m2/repository/aopalliance/aopalliance/1.0/aopalliance-1.0.jar:/Users/kpsoi/.m2/repository/org/springframework/spring-core/4.3.8.RELEASE/spring-core-4.3.8.RELEASE.jar:/Users/kpsoi/.m2/repository/org/springframework/spring-test/4.3.8.RELEASE/spring-test-4.3.8.RELEASE.jar:/Users/kpsoi/.m2/repository/com/hazelcast/hazelcast/3.9.3/hazelcast-3.9.3.jar:/Users/kpsoi/.m2/repository/com/hazelcast/hazelcast-client/3.9.3/hazelcast-client-3.9.3.jar:/Users/kpsoi/.m2/repository/com/hazelcast/hazelcast-all/3.9.3/hazelcast-all-3.9.3.jar:/Applications/IntelliJ IDEA CE.app/Contents/lib/idea_rt.jar
                          java.class.version=52.0
                          java.endorsed.dirs=/Library/Java/JavaVirtualMachines/jdk1.8.0_161.jdk/Contents/Home/jre/lib/endorsed
                          java.ext.dirs=/Users/kpsoi/Library/Java/Extensions:/Library/Java/JavaVirtualMachines/jdk1.8.0_161.jdk/Contents/Home/jre/lib/ext:/Library/Java/Extensions:/Network/Library/Java/Extensions:/System/Library/Java/Extensions:/usr/lib/java
                          java.home=/Library/Java/JavaVirtualMachines/jdk1.8.0_161.jdk/Contents/Home/jre
                          java.io.tmpdir=/var/folders/d6/kjpx4pcd7mvc4ttwc5n6d0n80000gn/T/
                          java.library.path=/Users/kpsoi/Library/Java/Extensions:/Library/Java/Extensions:/Network/Library/Java/Extensions:/System/Library/Java/Extensions:/usr/lib/java:.
                          java.runtime.name=Java(TM) SE Runtime Environment
                          java.runtime.version=1.8.0_161-b12
                          java.specification.name=Java Platform API Specification
                          java.specification.vendor=Oracle Corporation
                          java.specification.version=1.8
                          java.vendor=Oracle Corporation
                          java.vendor.url=http://java.oracle.com/
                          java.vendor.url.bug=http://bugreport.sun.com/bugreport/
                          java.version=1.8.0_161
                          java.vm.args=-Dserver.port=9994 -Dhazelcast.diagnostics.enabled=true -javaagent:/Applications/IntelliJ IDEA CE.app/Contents/lib/idea_rt.jar=56931:/Applications/IntelliJ IDEA CE.app/Contents/bin -Dfile.encoding=UTF-8 
                          java.vm.info=mixed mode
                          java.vm.name=Java HotSpot(TM) 64-Bit Server VM
                          java.vm.specification.name=Java Virtual Machine Specification
                          java.vm.specification.vendor=Oracle Corporation
                          java.vm.specification.version=1.8
                          java.vm.vendor=Oracle Corporation
                          java.vm.version=25.161-b12
                          os.arch=x86_64
                          os.name=Mac OS X
                          os.version=10.12.6
                          sun.arch.data.model=64
                          sun.boot.class.path=/Library/Java/JavaVirtualMachines/jdk1.8.0_161.jdk/Contents/Home/jre/lib/resources.jar:/Library/Java/JavaVirtualMachines/jdk1.8.0_161.jdk/Contents/Home/jre/lib/rt.jar:/Library/Java/JavaVirtualMachines/jdk1.8.0_161.jdk/Contents/Home/jre/lib/sunrsasign.jar:/Library/Java/JavaVirtualMachines/jdk1.8.0_161.jdk/Contents/Home/jre/lib/jsse.jar:/Library/Java/JavaVirtualMachines/jdk1.8.0_161.jdk/Contents/Home/jre/lib/jce.jar:/Library/Java/JavaVirtualMachines/jdk1.8.0_161.jdk/Contents/Home/jre/lib/charsets.jar:/Library/Java/JavaVirtualMachines/jdk1.8.0_161.jdk/Contents/Home/jre/lib/jfr.jar:/Library/Java/JavaVirtualMachines/jdk1.8.0_161.jdk/Contents/Home/jre/classes
                          sun.boot.library.path=/Library/Java/JavaVirtualMachines/jdk1.8.0_161.jdk/Contents/Home/jre/lib
                          sun.cpu.endian=little
                          sun.cpu.isalist=
                          sun.io.unicode.encoding=UnicodeBig
                          sun.java.command=org.kp.shiny.hazelcast.ShinyProxyHA.SpringBootWebApplication
                          sun.java.launcher=SUN_STANDARD
                          sun.jnu.encoding=UTF-8
                          sun.management.compiler=HotSpot 64-Bit Tiered Compilers
                          sun.os.patch.level=unknown]
09-03-2018 02:31:12 1520591472028 Metric[classloading.loadedClassesCount=6944]
09-03-2018 02:31:12 1520591472028 Metric[classloading.totalLoadedClassesCount=6946]
09-03-2018 02:31:12 1520591472028 Metric[classloading.unloadedClassCount=0]
09-03-2018 02:31:12 1520591472028 Metric[executionService.userExecutorQueueSize=0]
09-03-2018 02:31:12 1520591472028 Metric[file.partition[user.home].freeSpace=157586571264]
09-03-2018 02:31:12 1520591472028 Metric[file.partition[user.home].totalSpace=249664372736]
09-03-2018 02:31:12 1520591472028 Metric[file.partition[user.home].usableSpace=157324427264]
09-03-2018 02:31:12 1520591472028 Metric[gc.majorCount=1]
09-03-2018 02:31:12 1520591472028 Metric[gc.majorTime=26]
09-03-2018 02:31:12 1520591472028 Metric[gc.minorCount=6]
09-03-2018 02:31:12 1520591472028 Metric[gc.minorTime=38]
09-03-2018 02:31:12 1520591472028 Metric[gc.unknownCount=0]
09-03-2018 02:31:12 1520591472028 Metric[gc.unknownTime=0]
09-03-2018 02:31:12 1520591472028 Metric[invocations.pendingCalls=0]
09-03-2018 02:31:12 1520591472028 Metric[os.committedVirtualMemorySize=8571600896]
09-03-2018 02:31:12 1520591472028 Metric[os.freePhysicalMemorySize=280297472]
09-03-2018 02:31:12 1520591472028 Metric[os.freeSwapSpaceSize=970457088]
09-03-2018 02:31:12 1520591472028 Metric[os.maxFileDescriptorCount=10240]
09-03-2018 02:31:12 1520591472028 Metric[os.openFileDescriptorCount=98]
09-03-2018 02:31:12 1520591472028 Metric[os.processCpuLoad=0.0]
09-03-2018 02:31:12 1520591472028 Metric[os.processCpuTime=9416997000]
09-03-2018 02:31:12 1520591472028 Metric[os.systemCpuLoad=0.0]
09-03-2018 02:31:12 1520591472028 Metric[os.systemLoadAverage=1.73095703125]
09-03-2018 02:31:12 1520591472028 Metric[os.totalPhysicalMemorySize=17179869184]
09-03-2018 02:31:12 1520591472028 Metric[os.totalSwapSpaceSize=1073741824]
09-03-2018 02:31:12 1520591472028 Metric[runtime.availableProcessors=8]
09-03-2018 02:31:12 1520591472028 Metric[runtime.freeMemory=133129504]
09-03-2018 02:31:12 1520591472028 Metric[runtime.maxMemory=3817865216]
09-03-2018 02:31:12 1520591472028 Metric[runtime.totalMemory=623902720]
09-03-2018 02:31:12 1520591472028 Metric[runtime.uptime=12856]
09-03-2018 02:31:12 1520591472028 Metric[runtime.usedMemory=490773216]
09-03-2018 02:31:12 1520591472028 Metric[thread.daemonThreadCount=17]
09-03-2018 02:31:12 1520591472028 Metric[thread.peakThreadCount=25]
09-03-2018 02:31:12 1520591472028 Metric[thread.threadCount=25]
09-03-2018 02:31:12 1520591472028 Metric[thread.totalStartedThreadCount=27]
09-03-2018 02:31:14 1520591474030 ConnectionAdded[
                          ClientConnection{alive=true, connectionId=2, channel=NioChannel{/192.168.0.210:56989->/192.168.0.210:5702}, remoteEndpoint=[192.168.0.210]:5702, lastReadTime=2018-03-09 02:31:13.062, lastWriteTime=2018-03-09 02:31:13.060, closedTime=never, lastHeartbeatRequested=never, lastHeartbeatReceived=never, connected server version=3.9.3}
                          type=JAVA_CLIENT
                          isAlive=true]
09-03-2018 02:32:12 1520591532030 Metric[classloading.loadedClassesCount=11346]
09-03-2018 02:32:12 1520591532030 Metric[classloading.totalLoadedClassesCount=11346]
09-03-2018 02:32:12 1520591532030 Metric[classloading.unloadedClassCount=0]
09-03-2018 02:32:12 1520591532030 Metric[executionService.userExecutorQueueSize=0]
09-03-2018 02:32:12 1520591532030 Metric[file.partition[user.home].freeSpace=157586141184]
09-03-2018 02:32:12 1520591532030 Metric[file.partition[user.home].totalSpace=249664372736]
09-03-2018 02:32:12 1520591532030 Metric[file.partition[user.home].usableSpace=157323997184]
09-03-2018 02:32:12 1520591532030 Metric[gc.majorCount=2]
09-03-2018 02:32:12 1520591532030 Metric[gc.majorTime=79]
09-03-2018 02:32:12 1520591532030 Metric[gc.minorCount=7]
09-03-2018 02:32:12 1520591532030 Metric[gc.minorTime=50]
09-03-2018 02:32:12 1520591532030 Metric[gc.unknownCount=0]
09-03-2018 02:32:12 1520591532030 Metric[gc.unknownTime=0]
09-03-2018 02:32:12 1520591532030 Metric[invocations.pendingCalls=0]
09-03-2018 02:32:12 1520591532030 Metric[listeners.eventHandlerCount=2]
09-03-2018 02:32:12 1520591532030 Metric[listeners.eventQueueSize=0]
09-03-2018 02:32:12 1520591532030 Metric[listeners.eventsProcessed=7]
09-03-2018 02:32:12 1520591532030 Metric[os.committedVirtualMemorySize=8660037632]
09-03-2018 02:32:12 1520591532030 Metric[os.freePhysicalMemorySize=111960064]
09-03-2018 02:32:12 1520591532030 Metric[os.freeSwapSpaceSize=970457088]
09-03-2018 02:32:12 1520591532030 Metric[os.maxFileDescriptorCount=10240]
09-03-2018 02:32:12 1520591532030 Metric[os.openFileDescriptorCount=141]
09-03-2018 02:32:12 1520591532030 Metric[os.processCpuLoad=0.28886586764510275]
09-03-2018 02:32:12 1520591532030 Metric[os.processCpuTime=21211187000]
09-03-2018 02:32:12 1520591532030 Metric[os.systemCpuLoad=4.6562228024369015]
09-03-2018 02:32:12 1520591532030 Metric[os.systemLoadAverage=2.36767578125]
09-03-2018 02:32:12 1520591532030 Metric[os.totalPhysicalMemorySize=17179869184]
09-03-2018 02:32:12 1520591532030 Metric[os.totalSwapSpaceSize=1073741824]
09-03-2018 02:32:12 1520591532030 Metric[runtime.availableProcessors=8]
09-03-2018 02:32:12 1520591532030 Metric[runtime.freeMemory=130466456]
09-03-2018 02:32:12 1520591532030 Metric[runtime.maxMemory=3817865216]
09-03-2018 02:32:12 1520591532030 Metric[runtime.totalMemory=656408576]
09-03-2018 02:32:12 1520591532030 Metric[runtime.uptime=72851]
09-03-2018 02:32:12 1520591532030 Metric[runtime.usedMemory=525942120]
09-03-2018 02:32:12 1520591532030 Metric[thread.daemonThreadCount=70]
09-03-2018 02:32:12 1520591532030 Metric[thread.peakThreadCount=88]
09-03-2018 02:32:12 1520591532030 Metric[thread.threadCount=83]
09-03-2018 02:32:12 1520591532030 Metric[thread.totalStartedThreadCount=92]
09-03-2018 02:33:12 1520591592028 Metric[classloading.loadedClassesCount=11348]
09-03-2018 02:33:12 1520591592028 Metric[classloading.totalLoadedClassesCount=11348]
09-03-2018 02:33:12 1520591592028 Metric[classloading.unloadedClassCount=0]
09-03-2018 02:33:12 1520591592028 Metric[executionService.userExecutorQueueSize=0]
09-03-2018 02:33:12 1520591592028 Metric[file.partition[user.home].freeSpace=157585858560]
09-03-2018 02:33:12 1520591592028 Metric[file.partition[user.home].totalSpace=249664372736]
09-03-2018 02:33:12 1520591592028 Metric[file.partition[user.home].usableSpace=157323714560]
09-03-2018 02:33:12 1520591592028 Metric[gc.majorCount=2]
09-03-2018 02:33:12 1520591592028 Metric[gc.majorTime=79]
09-03-2018 02:33:12 1520591592028 Metric[gc.minorCount=7]
09-03-2018 02:33:12 1520591592028 Metric[gc.minorTime=50]
09-03-2018 02:33:12 1520591592028 Metric[gc.unknownCount=0]
09-03-2018 02:33:12 1520591592028 Metric[gc.unknownTime=0]
09-03-2018 02:33:12 1520591592028 Metric[invocations.pendingCalls=0]
09-03-2018 02:33:12 1520591592028 Metric[listeners.eventHandlerCount=2]
09-03-2018 02:33:12 1520591592028 Metric[listeners.eventQueueSize=0]
09-03-2018 02:33:12 1520591592028 Metric[listeners.eventsProcessed=12]
09-03-2018 02:33:12 1520591592028 Metric[os.committedVirtualMemorySize=8663220224]
09-03-2018 02:33:12 1520591592028 Metric[os.freePhysicalMemorySize=113553408]
09-03-2018 02:33:12 1520591592028 Metric[os.freeSwapSpaceSize=970457088]
09-03-2018 02:33:12 1520591592028 Metric[os.maxFileDescriptorCount=10240]
09-03-2018 02:33:12 1520591592028 Metric[os.openFileDescriptorCount=141]
09-03-2018 02:33:12 1520591592028 Metric[os.processCpuLoad=0.14350306937947097]
09-03-2018 02:33:12 1520591592028 Metric[os.processCpuTime=22143108000]
09-03-2018 02:33:12 1520591592028 Metric[os.systemCpuLoad=9.123239947742778]
09-03-2018 02:33:12 1520591592028 Metric[os.systemLoadAverage=2.3466796875]
09-03-2018 02:33:12 1520591592028 Metric[os.totalPhysicalMemorySize=17179869184]
09-03-2018 02:33:12 1520591592028 Metric[os.totalSwapSpaceSize=1073741824]
09-03-2018 02:33:12 1520591592028 Metric[runtime.availableProcessors=8]
09-03-2018 02:33:12 1520591592028 Metric[runtime.freeMemory=116870400]
09-03-2018 02:33:12 1520591592028 Metric[runtime.maxMemory=3817865216]
09-03-2018 02:33:12 1520591592028 Metric[runtime.totalMemory=656408576]
09-03-2018 02:33:12 1520591592028 Metric[runtime.uptime=132848]
09-03-2018 02:33:12 1520591592028 Metric[runtime.usedMemory=539538176]
09-03-2018 02:33:12 1520591592028 Metric[thread.daemonThreadCount=70]
09-03-2018 02:33:12 1520591592028 Metric[thread.peakThreadCount=88]
09-03-2018 02:33:12 1520591592028 Metric[thread.threadCount=86]
09-03-2018 02:33:12 1520591592028 Metric[thread.totalStartedThreadCount=95]
09-03-2018 02:34:12 1520591652032 Metric[classloading.loadedClassesCount=11348]
09-03-2018 02:34:12 1520591652032 Metric[classloading.totalLoadedClassesCount=11348]
09-03-2018 02:34:12 1520591652032 Metric[classloading.unloadedClassCount=0]
09-03-2018 02:34:12 1520591652032 Metric[executionService.userExecutorQueueSize=0]
09-03-2018 02:34:12 1520591652032 Metric[file.partition[user.home].freeSpace=157585756160]
09-03-2018 02:34:12 1520591652032 Metric[file.partition[user.home].totalSpace=249664372736]
09-03-2018 02:34:12 1520591652032 Metric[file.partition[user.home].usableSpace=157323612160]
09-03-2018 02:34:12 1520591652032 Metric[gc.majorCount=2]
09-03-2018 02:34:12 1520591652032 Metric[gc.majorTime=79]
09-03-2018 02:34:12 1520591652032 Metric[gc.minorCount=8]
09-03-2018 02:34:12 1520591652032 Metric[gc.minorTime=78]
09-03-2018 02:34:12 1520591652032 Metric[gc.unknownCount=0]
09-03-2018 02:34:12 1520591652032 Metric[gc.unknownTime=0]
09-03-2018 02:34:12 1520591652032 Metric[invocations.pendingCalls=0]
09-03-2018 02:34:12 1520591652032 Metric[listeners.eventHandlerCount=2]
09-03-2018 02:34:12 1520591652032 Metric[listeners.eventQueueSize=0]
09-03-2018 02:34:12 1520591652032 Metric[listeners.eventsProcessed=17]
09-03-2018 02:34:12 1520591652032 Metric[os.committedVirtualMemorySize=8662999040]
09-03-2018 02:34:12 1520591652032 Metric[os.freePhysicalMemorySize=82407424]
09-03-2018 02:34:12 1520591652032 Metric[os.freeSwapSpaceSize=970457088]
09-03-2018 02:34:12 1520591652032 Metric[os.maxFileDescriptorCount=10240]
09-03-2018 02:34:12 1520591652032 Metric[os.openFileDescriptorCount=138]
09-03-2018 02:34:12 1520591652032 Metric[os.processCpuLoad=0.3689191809719623]
09-03-2018 02:34:12 1520591652032 Metric[os.processCpuTime=23130053000]
09-03-2018 02:34:12 1520591652032 Metric[os.systemCpuLoad=4.166969147005445]
09-03-2018 02:34:12 1520591652032 Metric[os.systemLoadAverage=2.7939453125]
09-03-2018 02:34:12 1520591652032 Metric[os.totalPhysicalMemorySize=17179869184]
09-03-2018 02:34:12 1520591652032 Metric[os.totalSwapSpaceSize=1073741824]
09-03-2018 02:34:12 1520591652032 Metric[runtime.availableProcessors=8]
09-03-2018 02:34:12 1520591652032 Metric[runtime.freeMemory=861102208]
09-03-2018 02:34:12 1520591652032 Metric[runtime.maxMemory=3817865216]
09-03-2018 02:34:12 1520591652032 Metric[runtime.totalMemory=966262784]
09-03-2018 02:34:12 1520591652032 Metric[runtime.uptime=192853]
09-03-2018 02:34:12 1520591652032 Metric[runtime.usedMemory=105160576]
09-03-2018 02:34:12 1520591652032 Metric[thread.daemonThreadCount=70]
09-03-2018 02:34:12 1520591652032 Metric[thread.peakThreadCount=88]
09-03-2018 02:34:12 1520591652032 Metric[thread.threadCount=86]
09-03-2018 02:34:12 1520591652032 Metric[thread.totalStartedThreadCount=95]
09-03-2018 02:35:12 1520591712031 Metric[classloading.loadedClassesCount=11350]
09-03-2018 02:35:12 1520591712031 Metric[classloading.totalLoadedClassesCount=11350]
09-03-2018 02:35:12 1520591712031 Metric[classloading.unloadedClassCount=0]
09-03-2018 02:35:12 1520591712031 Metric[executionService.userExecutorQueueSize=0]
09-03-2018 02:35:12 1520591712031 Metric[file.partition[user.home].freeSpace=157587156992]
09-03-2018 02:35:12 1520591712031 Metric[file.partition[user.home].totalSpace=249664372736]
09-03-2018 02:35:12 1520591712031 Metric[file.partition[user.home].usableSpace=157325012992]
09-03-2018 02:35:12 1520591712031 Metric[gc.majorCount=2]
09-03-2018 02:35:12 1520591712031 Metric[gc.majorTime=79]
09-03-2018 02:35:12 1520591712031 Metric[gc.minorCount=8]
09-03-2018 02:35:12 1520591712031 Metric[gc.minorTime=78]
09-03-2018 02:35:12 1520591712031 Metric[gc.unknownCount=0]
09-03-2018 02:35:12 1520591712031 Metric[gc.unknownTime=0]
09-03-2018 02:35:12 1520591712031 Metric[invocations.pendingCalls=0]
09-03-2018 02:35:12 1520591712031 Metric[listeners.eventHandlerCount=2]
09-03-2018 02:35:12 1520591712031 Metric[listeners.eventQueueSize=0]
09-03-2018 02:35:12 1520591712031 Metric[listeners.eventsProcessed=22]
09-03-2018 02:35:12 1520591712031 Metric[os.committedVirtualMemorySize=8660877312]
09-03-2018 02:35:12 1520591712031 Metric[os.freePhysicalMemorySize=84332544]
09-03-2018 02:35:12 1520591712031 Metric[os.freeSwapSpaceSize=970457088]
09-03-2018 02:35:12 1520591712031 Metric[os.maxFileDescriptorCount=10240]
09-03-2018 02:35:12 1520591712031 Metric[os.openFileDescriptorCount=138]
09-03-2018 02:35:12 1520591712031 Metric[os.processCpuLoad=0.13586870471587897]
09-03-2018 02:35:12 1520591712031 Metric[os.processCpuTime=23761545000]
09-03-2018 02:35:12 1520591712031 Metric[os.systemCpuLoad=5.345729227193492]
09-03-2018 02:35:12 1520591712031 Metric[os.systemLoadAverage=2.5283203125]
09-03-2018 02:35:12 1520591712031 Metric[os.totalPhysicalMemorySize=17179869184]
09-03-2018 02:35:12 1520591712031 Metric[os.totalSwapSpaceSize=1073741824]
09-03-2018 02:35:12 1520591712031 Metric[runtime.availableProcessors=8]
09-03-2018 02:35:12 1520591712031 Metric[runtime.freeMemory=846552888]
09-03-2018 02:35:12 1520591712031 Metric[runtime.maxMemory=3817865216]
09-03-2018 02:35:12 1520591712031 Metric[runtime.totalMemory=966262784]
09-03-2018 02:35:12 1520591712031 Metric[runtime.uptime=252852]
09-03-2018 02:35:12 1520591712031 Metric[runtime.usedMemory=119709896]
09-03-2018 02:35:12 1520591712031 Metric[thread.daemonThreadCount=70]
09-03-2018 02:35:12 1520591712031 Metric[thread.peakThreadCount=88]
09-03-2018 02:35:12 1520591712031 Metric[thread.threadCount=84]
09-03-2018 02:35:12 1520591712031 Metric[thread.totalStartedThreadCount=95]
09-03-2018 02:36:12 1520591772030 Metric[classloading.loadedClassesCount=11350]
09-03-2018 02:36:12 1520591772030 Metric[classloading.totalLoadedClassesCount=11350]
09-03-2018 02:36:12 1520591772030 Metric[classloading.unloadedClassCount=0]
09-03-2018 02:36:12 1520591772030 Metric[executionService.userExecutorQueueSize=0]
09-03-2018 02:36:12 1520591772030 Metric[file.partition[user.home].freeSpace=157587124224]
09-03-2018 02:36:12 1520591772030 Metric[file.partition[user.home].totalSpace=249664372736]
09-03-2018 02:36:12 1520591772030 Metric[file.partition[user.home].usableSpace=157324980224]
09-03-2018 02:36:12 1520591772030 Metric[gc.majorCount=2]
09-03-2018 02:36:12 1520591772030 Metric[gc.majorTime=79]
09-03-2018 02:36:12 1520591772030 Metric[gc.minorCount=8]
09-03-2018 02:36:12 1520591772030 Metric[gc.minorTime=78]
09-03-2018 02:36:12 1520591772030 Metric[gc.unknownCount=0]
09-03-2018 02:36:12 1520591772030 Metric[gc.unknownTime=0]
09-03-2018 02:36:12 1520591772030 Metric[invocations.pendingCalls=0]
09-03-2018 02:36:12 1520591772030 Metric[listeners.eventHandlerCount=2]
09-03-2018 02:36:12 1520591772030 Metric[listeners.eventQueueSize=0]
09-03-2018 02:36:12 1520591772030 Metric[listeners.eventsProcessed=27]
09-03-2018 02:36:12 1520591772030 Metric[os.committedVirtualMemorySize=8660877312]
09-03-2018 02:36:12 1520591772030 Metric[os.freePhysicalMemorySize=82911232]
09-03-2018 02:36:12 1520591772030 Metric[os.freeSwapSpaceSize=970457088]
09-03-2018 02:36:12 1520591772030 Metric[os.maxFileDescriptorCount=10240]
09-03-2018 02:36:12 1520591772030 Metric[os.openFileDescriptorCount=138]
09-03-2018 02:36:12 1520591772030 Metric[os.processCpuLoad=0.10457141591377359]
09-03-2018 02:36:12 1520591772030 Metric[os.processCpuTime=24363595000]
09-03-2018 02:36:12 1520591772030 Metric[os.systemCpuLoad=7.470387326502434]
09-03-2018 02:36:12 1520591772030 Metric[os.systemLoadAverage=3.05908203125]
09-03-2018 02:36:12 1520591772030 Metric[os.totalPhysicalMemorySize=17179869184]
09-03-2018 02:36:12 1520591772030 Metric[os.totalSwapSpaceSize=1073741824]
09-03-2018 02:36:12 1520591772030 Metric[runtime.availableProcessors=8]
09-03-2018 02:36:12 1520591772030 Metric[runtime.freeMemory=842464536]
09-03-2018 02:36:12 1520591772030 Metric[runtime.maxMemory=3817865216]
09-03-2018 02:36:12 1520591772030 Metric[runtime.totalMemory=966262784]
09-03-2018 02:36:12 1520591772030 Metric[runtime.uptime=312850]
09-03-2018 02:36:12 1520591772030 Metric[runtime.usedMemory=123798248]
09-03-2018 02:36:12 1520591772030 Metric[thread.daemonThreadCount=70]
09-03-2018 02:36:12 1520591772030 Metric[thread.peakThreadCount=88]
09-03-2018 02:36:12 1520591772030 Metric[thread.threadCount=84]
09-03-2018 02:36:12 1520591772030 Metric[thread.totalStartedThreadCount=95]
09-03-2018 02:37:12 1520591832028 Metric[classloading.loadedClassesCount=11350]
09-03-2018 02:37:12 1520591832028 Metric[classloading.totalLoadedClassesCount=11350]
09-03-2018 02:37:12 1520591832028 Metric[classloading.unloadedClassCount=0]
09-03-2018 02:37:12 1520591832028 Metric[executionService.userExecutorQueueSize=0]
09-03-2018 02:37:12 1520591832028 Metric[file.partition[user.home].freeSpace=157587095552]
09-03-2018 02:37:12 1520591832028 Metric[file.partition[user.home].totalSpace=249664372736]
09-03-2018 02:37:12 1520591832028 Metric[file.partition[user.home].usableSpace=157324951552]
09-03-2018 02:37:12 1520591832028 Metric[gc.majorCount=2]
09-03-2018 02:37:12 1520591832028 Metric[gc.majorTime=79]
09-03-2018 02:37:12 1520591832028 Metric[gc.minorCount=8]
09-03-2018 02:37:12 1520591832028 Metric[gc.minorTime=78]
09-03-2018 02:37:12 1520591832028 Metric[gc.unknownCount=0]
09-03-2018 02:37:12 1520591832028 Metric[gc.unknownTime=0]
09-03-2018 02:37:12 1520591832028 Metric[invocations.pendingCalls=0]
09-03-2018 02:37:12 1520591832028 Metric[listeners.eventHandlerCount=2]
09-03-2018 02:37:12 1520591832028 Metric[listeners.eventQueueSize=0]
09-03-2018 02:37:12 1520591832028 Metric[listeners.eventsProcessed=32]
09-03-2018 02:37:12 1520591832028 Metric[os.committedVirtualMemorySize=8663330816]
09-03-2018 02:37:12 1520591832028 Metric[os.freePhysicalMemorySize=48594944]
09-03-2018 02:37:12 1520591832028 Metric[os.freeSwapSpaceSize=970457088]
09-03-2018 02:37:12 1520591832028 Metric[os.maxFileDescriptorCount=10240]
09-03-2018 02:37:12 1520591832028 Metric[os.openFileDescriptorCount=138]
09-03-2018 02:37:12 1520591832028 Metric[os.processCpuLoad=0.11057357984535669]
09-03-2018 02:37:12 1520591832028 Metric[os.processCpuTime=24996187000]
09-03-2018 02:37:12 1520591832028 Metric[os.systemCpuLoad=4.558342420937841]
09-03-2018 02:37:12 1520591832028 Metric[os.systemLoadAverage=3.1123046875]
09-03-2018 02:37:12 1520591832028 Metric[os.totalPhysicalMemorySize=17179869184]
09-03-2018 02:37:12 1520591832028 Metric[os.totalSwapSpaceSize=1073741824]
09-03-2018 02:37:12 1520591832028 Metric[runtime.availableProcessors=8]
09-03-2018 02:37:12 1520591832028 Metric[runtime.freeMemory=834577808]
09-03-2018 02:37:12 1520591832028 Metric[runtime.maxMemory=3817865216]
09-03-2018 02:37:12 1520591832028 Metric[runtime.totalMemory=966262784]
09-03-2018 02:37:12 1520591832028 Metric[runtime.uptime=372848]
09-03-2018 02:37:12 1520591832028 Metric[runtime.usedMemory=131684976]
09-03-2018 02:37:12 1520591832028 Metric[thread.daemonThreadCount=70]
09-03-2018 02:37:12 1520591832028 Metric[thread.peakThreadCount=88]
09-03-2018 02:37:12 1520591832028 Metric[thread.threadCount=86]
09-03-2018 02:37:12 1520591832028 Metric[thread.totalStartedThreadCount=97]
