09-03-2018 01:33:02 1520587982491 BuildInfo[
                          Build=20180216
                          BuildNumber=20180216
                          Revision=539b124
                          Version=3.9.3
                          SerialVersion=1
                          Enterprise=false]
09-03-2018 01:33:02 1520587982491 SystemProperties[
                          hazelcast.diagnostics.enabled=true
                          java.class.path=/Library/Java/JavaVirtualMachines/jdk1.8.0_161.jdk/Contents/Home/jre/lib/charsets.jar:/Library/Java/JavaVirtualMachines/jdk1.8.0_161.jdk/Contents/Home/jre/lib/deploy.jar:/Library/Java/JavaVirtualMachines/jdk1.8.0_161.jdk/Contents/Home/jre/lib/ext/cldrdata.jar:/Library/Java/JavaVirtualMachines/jdk1.8.0_161.jdk/Contents/Home/jre/lib/ext/dnsns.jar:/Library/Java/JavaVirtualMachines/jdk1.8.0_161.jdk/Contents/Home/jre/lib/ext/jaccess.jar:/Library/Java/JavaVirtualMachines/jdk1.8.0_161.jdk/Contents/Home/jre/lib/ext/jfxrt.jar:/Library/Java/JavaVirtualMachines/jdk1.8.0_161.jdk/Contents/Home/jre/lib/ext/localedata.jar:/Library/Java/JavaVirtualMachines/jdk1.8.0_161.jdk/Contents/Home/jre/lib/ext/nashorn.jar:/Library/Java/JavaVirtualMachines/jdk1.8.0_161.jdk/Contents/Home/jre/lib/ext/sunec.jar:/Library/Java/JavaVirtualMachines/jdk1.8.0_161.jdk/Contents/Home/jre/lib/ext/sunjce_provider.jar:/Library/Java/JavaVirtualMachines/jdk1.8.0_161.jdk/Contents/Home/jre/lib/ext/sunpkcs11.jar:/Library/Java/JavaVirtualMachines/jdk1.8.0_161.jdk/Contents/Home/jre/lib/ext/zipfs.jar:/Library/Java/JavaVirtualMachines/jdk1.8.0_161.jdk/Contents/Home/jre/lib/javaws.jar:/Library/Java/JavaVirtualMachines/jdk1.8.0_161.jdk/Contents/Home/jre/lib/jce.jar:/Library/Java/JavaVirtualMachines/jdk1.8.0_161.jdk/Contents/Home/jre/lib/jfr.jar:/Library/Java/JavaVirtualMachines/jdk1.8.0_161.jdk/Contents/Home/jre/lib/jfxswt.jar:/Library/Java/JavaVirtualMachines/jdk1.8.0_161.jdk/Contents/Home/jre/lib/jsse.jar:/Library/Java/JavaVirtualMachines/jdk1.8.0_161.jdk/Contents/Home/jre/lib/management-agent.jar:/Library/Java/JavaVirtualMachines/jdk1.8.0_161.jdk/Contents/Home/jre/lib/plugin.jar:/Library/Java/JavaVirtualMachines/jdk1.8.0_161.jdk/Contents/Home/jre/lib/resources.jar:/Library/Java/JavaVirtualMachines/jdk1.8.0_161.jdk/Contents/Home/jre/lib/rt.jar:/Library/Java/JavaVirtualMachines/jdk1.8.0_161.jdk/Contents/Home/lib/ant-javafx.jar:/Library/Java/JavaVirtualMachines/jdk1.8.0_161.jdk/Contents/Home/lib/dt.jar:/Library/Java/JavaVirtualMachines/jdk1.8.0_161.jdk/Contents/Home/lib/javafx-mx.jar:/Library/Java/JavaVirtualMachines/jdk1.8.0_161.jdk/Contents/Home/lib/jconsole.jar:/Library/Java/JavaVirtualMachines/jdk1.8.0_161.jdk/Contents/Home/lib/packager.jar:/Library/Java/JavaVirtualMachines/jdk1.8.0_161.jdk/Contents/Home/lib/sa-jdi.jar:/Library/Java/JavaVirtualMachines/jdk1.8.0_161.jdk/Contents/Home/lib/tools.jar:/Users/kpsoi/Downloads/ShinyProxyHA/target/classes:/Users/kpsoi/.m2/repository/org/springframework/boot/spring-boot-starter-thymeleaf/1.5.3.RELEASE/spring-boot-starter-thymeleaf-1.5.3.RELEASE.jar:/Users/kpsoi/.m2/repository/org/springframework/boot/spring-boot-starter/1.5.3.RELEASE/spring-boot-starter-1.5.3.RELEASE.jar:/Users/kpsoi/.m2/repository/org/springframework/boot/spring-boot-starter-logging/1.5.3.RELEASE/spring-boot-starter-logging-1.5.3.RELEASE.jar:/Users/kpsoi/.m2/repository/ch/qos/logback/logback-classic/1.1.11/logback-classic-1.1.11.jar:/Users/kpsoi/.m2/repository/ch/qos/logback/logback-core/1.1.11/logback-core-1.1.11.jar:/Users/kpsoi/.m2/repository/org/slf4j/jcl-over-slf4j/1.7.25/jcl-over-slf4j-1.7.25.jar:/Users/kpsoi/.m2/repository/org/slf4j/jul-to-slf4j/1.7.25/jul-to-slf4j-1.7.25.jar:/Users/kpsoi/.m2/repository/org/slf4j/log4j-over-slf4j/1.7.25/log4j-over-slf4j-1.7.25.jar:/Users/kpsoi/.m2/repository/org/yaml/snakeyaml/1.17/snakeyaml-1.17.jar:/Users/kpsoi/.m2/repository/org/springframework/boot/spring-boot-starter-web/1.5.3.RELEASE/spring-boot-starter-web-1.5.3.RELEASE.jar:/Users/kpsoi/.m2/repository/org/springframework/boot/spring-boot-starter-tomcat/1.5.3.RELEASE/spring-boot-starter-tomcat-1.5.3.RELEASE.jar:/Users/kpsoi/.m2/repository/org/apache/tomcat/embed/tomcat-embed-core/8.5.14/tomcat-embed-core-8.5.14.jar:/Users/kpsoi/.m2/repository/org/apache/tomcat/embed/tomcat-embed-el/8.5.14/tomcat-embed-el-8.5.14.jar:/Users/kpsoi/.m2/repository/org/apache/tomcat/embed/tomcat-embed-websocket/8.5.14/tomcat-embed-websocket-8.5.14.jar:/Users/kpsoi/.m2/repository/org/hibernate/hibernate-validator/5.3.5.Final/hibernate-validator-5.3.5.Final.jar:/Users/kpsoi/.m2/repository/javax/validation/validation-api/1.1.0.Final/validation-api-1.1.0.Final.jar:/Users/kpsoi/.m2/repository/org/jboss/logging/jboss-logging/3.3.1.Final/jboss-logging-3.3.1.Final.jar:/Users/kpsoi/.m2/repository/com/fasterxml/classmate/1.3.3/classmate-1.3.3.jar:/Users/kpsoi/.m2/repository/com/fasterxml/jackson/core/jackson-databind/2.8.8/jackson-databind-2.8.8.jar:/Users/kpsoi/.m2/repository/com/fasterxml/jackson/core/jackson-annotations/2.8.0/jackson-annotations-2.8.0.jar:/Users/kpsoi/.m2/repository/com/fasterxml/jackson/core/jackson-core/2.8.8/jackson-core-2.8.8.jar:/Users/kpsoi/.m2/repository/org/springframework/spring-web/4.3.8.RELEASE/spring-web-4.3.8.RELEASE.jar:/Users/kpsoi/.m2/repository/org/springframework/spring-webmvc/4.3.8.RELEASE/spring-webmvc-4.3.8.RELEASE.jar:/Users/kpsoi/.m2/repository/org/thymeleaf/thymeleaf-spring4/2.1.5.RELEASE/thymeleaf-spring4-2.1.5.RELEASE.jar:/Users/kpsoi/.m2/repository/org/thymeleaf/thymeleaf/2.1.5.RELEASE/thymeleaf-2.1.5.RELEASE.jar:/Users/kpsoi/.m2/repository/ognl/ognl/3.0.8/ognl-3.0.8.jar:/Users/kpsoi/.m2/repository/org/javassist/javassist/3.21.0-GA/javassist-3.21.0-GA.jar:/Users/kpsoi/.m2/repository/org/unbescape/unbescape/1.1.0.RELEASE/unbescape-1.1.0.RELEASE.jar:/Users/kpsoi/.m2/repository/nz/net/ultraq/thymeleaf/thymeleaf-layout-dialect/1.4.0/thymeleaf-layout-dialect-1.4.0.jar:/Users/kpsoi/.m2/repository/org/codehaus/groovy/groovy/2.4.10/groovy-2.4.10.jar:/Users/kpsoi/.m2/repository/org/springframework/boot/spring-boot-starter-security/1.5.3.RELEASE/spring-boot-starter-security-1.5.3.RELEASE.jar:/Users/kpsoi/.m2/repository/org/springframework/spring-aop/4.3.8.RELEASE/spring-aop-4.3.8.RELEASE.jar:/Users/kpsoi/.m2/repository/org/springframework/spring-beans/4.3.8.RELEASE/spring-beans-4.3.8.RELEASE.jar:/Users/kpsoi/.m2/repository/org/springframework/security/spring-security-config/4.2.2.RELEASE/spring-security-config-4.2.2.RELEASE.jar:/Users/kpsoi/.m2/repository/org/springframework/spring-context/4.3.8.RELEASE/spring-context-4.3.8.RELEASE.jar:/Users/kpsoi/.m2/repository/org/springframework/security/spring-security-web/4.2.2.RELEASE/spring-security-web-4.2.2.RELEASE.jar:/Users/kpsoi/.m2/repository/org/springframework/spring-expression/4.3.8.RELEASE/spring-expression-4.3.8.RELEASE.jar:/Users/kpsoi/.m2/repository/org/thymeleaf/extras/thymeleaf-extras-springsecurity4/2.1.3.RELEASE/thymeleaf-extras-springsecurity4-2.1.3.RELEASE.jar:/Users/kpsoi/.m2/repository/org/slf4j/slf4j-api/1.7.25/slf4j-api-1.7.25.jar:/Users/kpsoi/.m2/repository/org/springframework/boot/spring-boot-devtools/1.5.3.RELEASE/spring-boot-devtools-1.5.3.RELEASE.jar:/Users/kpsoi/.m2/repository/org/springframework/boot/spring-boot/1.5.3.RELEASE/spring-boot-1.5.3.RELEASE.jar:/Users/kpsoi/.m2/repository/org/springframework/boot/spring-boot-autoconfigure/1.5.3.RELEASE/spring-boot-autoconfigure-1.5.3.RELEASE.jar:/Users/kpsoi/.m2/repository/org/webjars/bootstrap/3.3.7/bootstrap-3.3.7.jar:/Users/kpsoi/.m2/repository/org/webjars/jquery/1.11.1/jquery-1.11.1.jar:/Users/kpsoi/.m2/repository/org/springframework/security/spring-security-test/4.2.2.RELEASE/spring-security-test-4.2.2.RELEASE.jar:/Users/kpsoi/.m2/repository/org/springframework/security/spring-security-core/4.2.2.RELEASE/spring-security-core-4.2.2.RELEASE.jar:/Users/kpsoi/.m2/repository/aopalliance/aopalliance/1.0/aopalliance-1.0.jar:/Users/kpsoi/.m2/repository/org/springframework/spring-core/4.3.8.RELEASE/spring-core-4.3.8.RELEASE.jar:/Users/kpsoi/.m2/repository/org/springframework/spring-test/4.3.8.RELEASE/spring-test-4.3.8.RELEASE.jar:/Users/kpsoi/.m2/repository/com/hazelcast/hazelcast/3.9.3/hazelcast-3.9.3.jar:/Users/kpsoi/.m2/repository/com/hazelcast/hazelcast-client/3.9.3/hazelcast-client-3.9.3.jar:/Users/kpsoi/.m2/repository/com/hazelcast/hazelcast-all/3.9.3/hazelcast-all-3.9.3.jar:/Applications/IntelliJ IDEA CE.app/Contents/lib/idea_rt.jar
                          java.class.version=52.0
                          java.endorsed.dirs=/Library/Java/JavaVirtualMachines/jdk1.8.0_161.jdk/Contents/Home/jre/lib/endorsed
                          java.ext.dirs=/Users/kpsoi/Library/Java/Extensions:/Library/Java/JavaVirtualMachines/jdk1.8.0_161.jdk/Contents/Home/jre/lib/ext:/Library/Java/Extensions:/Network/Library/Java/Extensions:/System/Library/Java/Extensions:/usr/lib/java
                          java.home=/Library/Java/JavaVirtualMachines/jdk1.8.0_161.jdk/Contents/Home/jre
                          java.io.tmpdir=/var/folders/d6/kjpx4pcd7mvc4ttwc5n6d0n80000gn/T/
                          java.library.path=/Users/kpsoi/Library/Java/Extensions:/Library/Java/Extensions:/Network/Library/Java/Extensions:/System/Library/Java/Extensions:/usr/lib/java:.
                          java.runtime.name=Java(TM) SE Runtime Environment
                          java.runtime.version=1.8.0_161-b12
                          java.specification.name=Java Platform API Specification
                          java.specification.vendor=Oracle Corporation
                          java.specification.version=1.8
                          java.vendor=Oracle Corporation
                          java.vendor.url=http://java.oracle.com/
                          java.vendor.url.bug=http://bugreport.sun.com/bugreport/
                          java.version=1.8.0_161
                          java.vm.args=-Dserver.port=9994 -Dhazelcast.diagnostics.enabled=true -javaagent:/Applications/IntelliJ IDEA CE.app/Contents/lib/idea_rt.jar=59872:/Applications/IntelliJ IDEA CE.app/Contents/bin -Dfile.encoding=UTF-8 
                          java.vm.info=mixed mode
                          java.vm.name=Java HotSpot(TM) 64-Bit Server VM
                          java.vm.specification.name=Java Virtual Machine Specification
                          java.vm.specification.vendor=Oracle Corporation
                          java.vm.specification.version=1.8
                          java.vm.vendor=Oracle Corporation
                          java.vm.version=25.161-b12
                          os.arch=x86_64
                          os.name=Mac OS X
                          os.version=10.12.6
                          sun.arch.data.model=64
                          sun.boot.class.path=/Library/Java/JavaVirtualMachines/jdk1.8.0_161.jdk/Contents/Home/jre/lib/resources.jar:/Library/Java/JavaVirtualMachines/jdk1.8.0_161.jdk/Contents/Home/jre/lib/rt.jar:/Library/Java/JavaVirtualMachines/jdk1.8.0_161.jdk/Contents/Home/jre/lib/sunrsasign.jar:/Library/Java/JavaVirtualMachines/jdk1.8.0_161.jdk/Contents/Home/jre/lib/jsse.jar:/Library/Java/JavaVirtualMachines/jdk1.8.0_161.jdk/Contents/Home/jre/lib/jce.jar:/Library/Java/JavaVirtualMachines/jdk1.8.0_161.jdk/Contents/Home/jre/lib/charsets.jar:/Library/Java/JavaVirtualMachines/jdk1.8.0_161.jdk/Contents/Home/jre/lib/jfr.jar:/Library/Java/JavaVirtualMachines/jdk1.8.0_161.jdk/Contents/Home/jre/classes
                          sun.boot.library.path=/Library/Java/JavaVirtualMachines/jdk1.8.0_161.jdk/Contents/Home/jre/lib
                          sun.cpu.endian=little
                          sun.cpu.isalist=
                          sun.io.unicode.encoding=UnicodeBig
                          sun.java.command=org.kp.shiny.hazelcast.ShinyProxyHA.SpringBootWebApplication
                          sun.java.launcher=SUN_STANDARD
                          sun.jnu.encoding=UTF-8
                          sun.management.compiler=HotSpot 64-Bit Tiered Compilers
                          sun.os.patch.level=unknown]
09-03-2018 01:33:02 1520587982491 ConfigProperties[]
09-03-2018 01:33:02 1520587982491 Metric[classloading.loadedClassesCount=9608]
09-03-2018 01:33:02 1520587982491 Metric[classloading.totalLoadedClassesCount=9608]
09-03-2018 01:33:02 1520587982491 Metric[classloading.unloadedClassCount=0]
09-03-2018 01:33:02 1520587982491 Metric[client.endpoint.count=0]
09-03-2018 01:33:02 1520587982491 Metric[client.endpoint.totalRegistrations=0]
09-03-2018 01:33:02 1520587982491 Metric[cluster.clock.clusterTimeDiff=0]
09-03-2018 01:33:02 1520587982491 Metric[cluster.clock.maxClusterTimeDiff=0]
09-03-2018 01:33:02 1520587982491 Metric[event.eventQueueSize=0]
09-03-2018 01:33:02 1520587982491 Metric[event.eventsProcessed=5]
09-03-2018 01:33:02 1520587982491 Metric[executor.[hz:async].queueSize=0]
09-03-2018 01:33:02 1520587982491 Metric[executor.[hz:client-query].queueSize=0]
09-03-2018 01:33:02 1520587982491 Metric[executor.[hz:client].queueSize=0]
09-03-2018 01:33:02 1520587982491 Metric[executor.[hz:cluster:event].queueSize=0]
09-03-2018 01:33:02 1520587982491 Metric[executor.[hz:cluster].queueSize=0]
09-03-2018 01:33:02 1520587982491 Metric[executor.[hz:offloadable].queueSize=0]
09-03-2018 01:33:02 1520587982491 Metric[executor.[hz:scheduled:cqc:fb0cbfe5-a4e8-4026-b781-8dc694a32c9b].queueSize=0]
09-03-2018 01:33:02 1520587982491 Metric[executor.[hz:scheduled].queueSize=0]
09-03-2018 01:33:02 1520587982491 Metric[executor.[hz:system].queueSize=0]
09-03-2018 01:33:02 1520587982491 Metric[file.partition[user.home].freeSpace=157600317440]
09-03-2018 01:33:02 1520587982491 Metric[file.partition[user.home].totalSpace=249664372736]
09-03-2018 01:33:02 1520587982491 Metric[file.partition[user.home].usableSpace=157338173440]
09-03-2018 01:33:02 1520587982491 Metric[gc.majorCount=2]
09-03-2018 01:33:02 1520587982491 Metric[gc.majorTime=79]
09-03-2018 01:33:02 1520587982491 Metric[gc.minorCount=7]
09-03-2018 01:33:02 1520587982491 Metric[gc.minorTime=49]
09-03-2018 01:33:02 1520587982491 Metric[gc.unknownCount=0]
09-03-2018 01:33:02 1520587982491 Metric[gc.unknownTime=0]
09-03-2018 01:33:02 1520587982491 Metric[operation.callTimeoutCount=0]
09-03-2018 01:33:02 1520587982491 Metric[operation.completedCount=0]
09-03-2018 01:33:02 1520587982491 Metric[operation.failedBackups=0]
09-03-2018 01:33:02 1520587982491 Metric[operation.invocations.backupTimeouts=0]
09-03-2018 01:33:02 1520587982491 Metric[operation.invocations.normalTimeouts=0]
09-03-2018 01:33:02 1520587982491 Metric[operation.invocations.pending=0]
09-03-2018 01:33:02 1520587982491 Metric[operation.invocations.responses[backup]=0]
09-03-2018 01:33:02 1520587982491 Metric[operation.invocations.responses[error]=0]
09-03-2018 01:33:02 1520587982491 Metric[operation.invocations.responses[missing]=0]
09-03-2018 01:33:02 1520587982491 Metric[operation.invocations.responses[normal]=0]
09-03-2018 01:33:02 1520587982491 Metric[operation.invocations.responses[timeout]=0]
09-03-2018 01:33:02 1520587982491 Metric[operation.operationTimeoutCount=0]
09-03-2018 01:33:02 1520587982491 Metric[operation.priorityQueueSize=0]
09-03-2018 01:33:02 1520587982491 Metric[operation.queueSize=0]
09-03-2018 01:33:02 1520587982491 Metric[operation.responseQueueSize=0]
09-03-2018 01:33:02 1520587982491 Metric[operation.retryCount=0]
09-03-2018 01:33:02 1520587982491 Metric[os.committedVirtualMemorySize=8607727616]
09-03-2018 01:33:02 1520587982491 Metric[os.freePhysicalMemorySize=276799488]
09-03-2018 01:33:02 1520587982491 Metric[os.freeSwapSpaceSize=970457088]
09-03-2018 01:33:02 1520587982491 Metric[os.maxFileDescriptorCount=10240]
09-03-2018 01:33:02 1520587982491 Metric[os.openFileDescriptorCount=101]
09-03-2018 01:33:02 1520587982491 Metric[os.processCpuLoad=25.69812471059475]
09-03-2018 01:33:02 1520587982491 Metric[os.processCpuTime=10973802000]
09-03-2018 01:33:02 1520587982491 Metric[os.systemCpuLoad=32.95774647887324]
09-03-2018 01:33:02 1520587982491 Metric[os.systemLoadAverage=2.76123046875]
09-03-2018 01:33:02 1520587982491 Metric[os.totalPhysicalMemorySize=17179869184]
09-03-2018 01:33:02 1520587982491 Metric[os.totalSwapSpaceSize=1073741824]
09-03-2018 01:33:02 1520587982491 Metric[proxy.createdCount=0]
09-03-2018 01:33:02 1520587982491 Metric[proxy.destroyedCount=0]
09-03-2018 01:33:02 1520587982491 Metric[runtime.availableProcessors=8]
09-03-2018 01:33:02 1520587982491 Metric[runtime.freeMemory=482801408]
09-03-2018 01:33:02 1520587982491 Metric[runtime.maxMemory=3817865216]
09-03-2018 01:33:02 1520587982491 Metric[runtime.totalMemory=656932864]
09-03-2018 01:33:02 1520587982491 Metric[runtime.uptime=13779]
09-03-2018 01:33:02 1520587982491 Metric[runtime.usedMemory=174131456]
09-03-2018 01:33:02 1520587982491 Metric[tcp.connection.acceptedSocketCount=0]
09-03-2018 01:33:02 1520587982491 Metric[tcp.connection.activeCount=0]
09-03-2018 01:33:02 1520587982491 Metric[tcp.connection.clientCount=0]
09-03-2018 01:33:02 1520587982491 Metric[tcp.connection.count=0]
09-03-2018 01:33:02 1520587982491 Metric[tcp.connection.textCount=0]
09-03-2018 01:33:02 1520587982491 Metric[thread.daemonThreadCount=43]
09-03-2018 01:33:02 1520587982491 Metric[thread.peakThreadCount=55]
09-03-2018 01:33:02 1520587982491 Metric[thread.threadCount=55]
09-03-2018 01:33:02 1520587982491 Metric[thread.totalStartedThreadCount=57]
09-03-2018 01:33:02 1520587982491 Metric[transactions.commitCount=0]
09-03-2018 01:33:02 1520587982491 Metric[transactions.rollbackCount=0]
09-03-2018 01:33:02 1520587982491 Metric[transactions.startCount=0]
09-03-2018 01:33:02 1520587982493 SlowOperations[]
09-03-2018 01:33:02 1520587982494 HazelcastInstance[
                          thisAddress=[192.168.0.210]:5701
                          isRunning=true
                          isLite=false
                          joined=false
                          nodeState=null
                          clusterId=null
                          clusterSize=1
                          isMaster=false
                          masterAddress=null
                          Members[
                                  [192.168.0.210]:5701]]
09-03-2018 01:33:02 1520587982494 ClusterVersionChanged[
                          3.9]
09-03-2018 01:33:03 1520587983496 Lifecycle[
                          STARTING]
09-03-2018 01:33:03 1520587983496 MemberAdded[
                          member=[192.168.0.210]:5701
                          Members[
                                  [192.168.0.210]:5701:this:master]]
09-03-2018 01:33:04 1520587984497 ClusterVersionChanged[
                          3.9]
09-03-2018 01:33:05 1520587985497 Lifecycle[
                          STARTED]
09-03-2018 01:34:02 1520588042491 Metric[classloading.loadedClassesCount=11329]
09-03-2018 01:34:02 1520588042491 Metric[classloading.totalLoadedClassesCount=11329]
09-03-2018 01:34:02 1520588042491 Metric[classloading.unloadedClassCount=0]
09-03-2018 01:34:02 1520588042491 Metric[client.endpoint.count=0]
09-03-2018 01:34:02 1520588042491 Metric[client.endpoint.totalRegistrations=0]
09-03-2018 01:34:02 1520588042491 Metric[cluster.clock.clusterTimeDiff=0]
09-03-2018 01:34:02 1520588042491 Metric[cluster.clock.maxClusterTimeDiff=0]
09-03-2018 01:34:02 1520588042491 Metric[event.eventQueueSize=0]
09-03-2018 01:34:02 1520588042491 Metric[event.eventsProcessed=14]
09-03-2018 01:34:02 1520588042491 Metric[executor.[hz:async].queueSize=0]
09-03-2018 01:34:02 1520588042491 Metric[executor.[hz:client-query].queueSize=0]
09-03-2018 01:34:02 1520588042491 Metric[executor.[hz:client].queueSize=0]
09-03-2018 01:34:02 1520588042491 Metric[executor.[hz:cluster:event].queueSize=0]
09-03-2018 01:34:02 1520588042491 Metric[executor.[hz:cluster].queueSize=0]
09-03-2018 01:34:02 1520588042491 Metric[executor.[hz:offloadable].queueSize=0]
09-03-2018 01:34:02 1520588042491 Metric[executor.[hz:scheduled:cqc:fb0cbfe5-a4e8-4026-b781-8dc694a32c9b].queueSize=0]
09-03-2018 01:34:02 1520588042491 Metric[executor.[hz:scheduled].queueSize=0]
09-03-2018 01:34:02 1520588042491 Metric[executor.[hz:system].queueSize=0]
09-03-2018 01:34:02 1520588042491 Metric[file.partition[user.home].freeSpace=157598298112]
09-03-2018 01:34:02 1520588042491 Metric[file.partition[user.home].totalSpace=249664372736]
09-03-2018 01:34:02 1520588042491 Metric[file.partition[user.home].usableSpace=157336154112]
09-03-2018 01:34:02 1520588042491 Metric[gc.majorCount=2]
09-03-2018 01:34:02 1520588042491 Metric[gc.majorTime=79]
09-03-2018 01:34:02 1520588042491 Metric[gc.minorCount=7]
09-03-2018 01:34:02 1520588042491 Metric[gc.minorTime=49]
09-03-2018 01:34:02 1520588042491 Metric[gc.unknownCount=0]
09-03-2018 01:34:02 1520588042491 Metric[gc.unknownTime=0]
09-03-2018 01:34:02 1520588042491 Metric[operation.callTimeoutCount=0]
09-03-2018 01:34:02 1520588042491 Metric[operation.completedCount=1]
09-03-2018 01:34:02 1520588042491 Metric[operation.failedBackups=0]
09-03-2018 01:34:02 1520588042491 Metric[operation.invocations.backupTimeouts=0]
09-03-2018 01:34:02 1520588042491 Metric[operation.invocations.normalTimeouts=0]
09-03-2018 01:34:02 1520588042491 Metric[operation.invocations.pending=0]
09-03-2018 01:34:02 1520588042491 Metric[operation.invocations.responses[backup]=0]
09-03-2018 01:34:02 1520588042491 Metric[operation.invocations.responses[error]=0]
09-03-2018 01:34:02 1520588042491 Metric[operation.invocations.responses[missing]=0]
09-03-2018 01:34:02 1520588042491 Metric[operation.invocations.responses[normal]=0]
09-03-2018 01:34:02 1520588042491 Metric[operation.invocations.responses[timeout]=0]
09-03-2018 01:34:02 1520588042491 Metric[operation.operationTimeoutCount=0]
09-03-2018 01:34:02 1520588042491 Metric[operation.priorityQueueSize=0]
09-03-2018 01:34:02 1520588042491 Metric[operation.queueSize=0]
09-03-2018 01:34:02 1520588042491 Metric[operation.responseQueueSize=0]
09-03-2018 01:34:02 1520588042491 Metric[operation.retryCount=0]
09-03-2018 01:34:02 1520588042491 Metric[os.committedVirtualMemorySize=8660684800]
09-03-2018 01:34:02 1520588042491 Metric[os.freePhysicalMemorySize=96772096]
09-03-2018 01:34:02 1520588042491 Metric[os.freeSwapSpaceSize=970457088]
09-03-2018 01:34:02 1520588042491 Metric[os.maxFileDescriptorCount=10240]
09-03-2018 01:34:02 1520588042491 Metric[os.openFileDescriptorCount=141]
09-03-2018 01:34:02 1520588042491 Metric[os.processCpuLoad=0.34257157324113136]
09-03-2018 01:34:02 1520588042491 Metric[os.processCpuTime=22169868000]
09-03-2018 01:34:02 1520588042491 Metric[os.systemCpuLoad=4.53257790368272]
09-03-2018 01:34:02 1520588042491 Metric[os.systemLoadAverage=2.751953125]
09-03-2018 01:34:02 1520588042491 Metric[os.totalPhysicalMemorySize=17179869184]
09-03-2018 01:34:02 1520588042491 Metric[os.totalSwapSpaceSize=1073741824]
09-03-2018 01:34:02 1520588042491 Metric[proxy.createdCount=0]
09-03-2018 01:34:02 1520588042491 Metric[proxy.destroyedCount=0]
09-03-2018 01:34:02 1520588042491 Metric[runtime.availableProcessors=8]
09-03-2018 01:34:02 1520588042491 Metric[runtime.freeMemory=169548456]
09-03-2018 01:34:02 1520588042491 Metric[runtime.maxMemory=3817865216]
09-03-2018 01:34:02 1520588042491 Metric[runtime.totalMemory=656932864]
09-03-2018 01:34:02 1520588042491 Metric[runtime.uptime=73780]
09-03-2018 01:34:02 1520588042491 Metric[runtime.usedMemory=487384408]
09-03-2018 01:34:02 1520588042491 Metric[tcp.connection.acceptedSocketCount=0]
09-03-2018 01:34:02 1520588042491 Metric[tcp.connection.activeCount=0]
09-03-2018 01:34:02 1520588042491 Metric[tcp.connection.clientCount=0]
09-03-2018 01:34:02 1520588042491 Metric[tcp.connection.count=0]
09-03-2018 01:34:02 1520588042491 Metric[tcp.connection.textCount=0]
09-03-2018 01:34:02 1520588042491 Metric[thread.daemonThreadCount=70]
09-03-2018 01:34:02 1520588042491 Metric[thread.peakThreadCount=88]
09-03-2018 01:34:02 1520588042491 Metric[thread.threadCount=84]
09-03-2018 01:34:02 1520588042491 Metric[thread.totalStartedThreadCount=93]
09-03-2018 01:34:02 1520588042491 Metric[transactions.commitCount=0]
09-03-2018 01:34:02 1520588042491 Metric[transactions.rollbackCount=0]
09-03-2018 01:34:02 1520588042491 Metric[transactions.startCount=0]
09-03-2018 01:34:02 1520588042494 SlowOperations[]
09-03-2018 01:34:02 1520588042494 HazelcastInstance[
                          thisAddress=[192.168.0.210]:5701
                          isRunning=true
                          isLite=false
                          joined=true
                          nodeState=ACTIVE
                          clusterId=75fec812-84ba-4a38-998e-dba84ad1b6ea
                          clusterSize=1
                          isMaster=true
                          masterAddress=[192.168.0.210]:5701
                          Members[
                                  [192.168.0.210]:5701]]
09-03-2018 01:35:02 1520588102495 Metric[classloading.loadedClassesCount=11346]
09-03-2018 01:35:02 1520588102495 Metric[classloading.totalLoadedClassesCount=11346]
09-03-2018 01:35:02 1520588102495 Metric[classloading.unloadedClassCount=0]
09-03-2018 01:35:02 1520588102495 Metric[client.endpoint.count=0]
09-03-2018 01:35:02 1520588102495 Metric[client.endpoint.totalRegistrations=0]
09-03-2018 01:35:02 1520588102495 Metric[cluster.clock.clusterTimeDiff=0]
09-03-2018 01:35:02 1520588102495 Metric[cluster.clock.maxClusterTimeDiff=0]
09-03-2018 01:35:02 1520588102495 Metric[event.eventQueueSize=0]
09-03-2018 01:35:02 1520588102495 Metric[event.eventsProcessed=19]
09-03-2018 01:35:02 1520588102495 Metric[executor.[hz:async].queueSize=0]
09-03-2018 01:35:02 1520588102495 Metric[executor.[hz:client-query].queueSize=0]
09-03-2018 01:35:02 1520588102495 Metric[executor.[hz:client].queueSize=0]
09-03-2018 01:35:02 1520588102495 Metric[executor.[hz:cluster:event].queueSize=0]
09-03-2018 01:35:02 1520588102495 Metric[executor.[hz:cluster].queueSize=0]
09-03-2018 01:35:02 1520588102495 Metric[executor.[hz:offloadable].queueSize=0]
09-03-2018 01:35:02 1520588102495 Metric[executor.[hz:scheduled:cqc:fb0cbfe5-a4e8-4026-b781-8dc694a32c9b].queueSize=0]
09-03-2018 01:35:02 1520588102495 Metric[executor.[hz:scheduled].queueSize=0]
09-03-2018 01:35:02 1520588102495 Metric[executor.[hz:system].queueSize=0]
09-03-2018 01:35:02 1520588102495 Metric[file.partition[user.home].freeSpace=157597388800]
09-03-2018 01:35:02 1520588102495 Metric[file.partition[user.home].totalSpace=249664372736]
09-03-2018 01:35:02 1520588102495 Metric[file.partition[user.home].usableSpace=157335244800]
09-03-2018 01:35:02 1520588102495 Metric[gc.majorCount=2]
09-03-2018 01:35:02 1520588102495 Metric[gc.majorTime=79]
09-03-2018 01:35:02 1520588102495 Metric[gc.minorCount=7]
09-03-2018 01:35:02 1520588102495 Metric[gc.minorTime=49]
09-03-2018 01:35:02 1520588102495 Metric[gc.unknownCount=0]
09-03-2018 01:35:02 1520588102495 Metric[gc.unknownTime=0]
09-03-2018 01:35:02 1520588102495 Metric[operation.callTimeoutCount=0]
09-03-2018 01:35:02 1520588102495 Metric[operation.completedCount=1]
09-03-2018 01:35:02 1520588102495 Metric[operation.failedBackups=0]
09-03-2018 01:35:02 1520588102495 Metric[operation.invocations.backupTimeouts=0]
09-03-2018 01:35:02 1520588102495 Metric[operation.invocations.normalTimeouts=0]
09-03-2018 01:35:02 1520588102495 Metric[operation.invocations.pending=0]
09-03-2018 01:35:02 1520588102495 Metric[operation.invocations.responses[backup]=0]
09-03-2018 01:35:02 1520588102495 Metric[operation.invocations.responses[error]=0]
09-03-2018 01:35:02 1520588102495 Metric[operation.invocations.responses[missing]=0]
09-03-2018 01:35:02 1520588102495 Metric[operation.invocations.responses[normal]=0]
09-03-2018 01:35:02 1520588102495 Metric[operation.invocations.responses[timeout]=0]
09-03-2018 01:35:02 1520588102495 Metric[operation.operationTimeoutCount=0]
09-03-2018 01:35:02 1520588102495 Metric[operation.priorityQueueSize=0]
09-03-2018 01:35:02 1520588102495 Metric[operation.queueSize=0]
09-03-2018 01:35:02 1520588102495 Metric[operation.responseQueueSize=0]
09-03-2018 01:35:02 1520588102495 Metric[operation.retryCount=0]
09-03-2018 01:35:02 1520588102495 Metric[os.committedVirtualMemorySize=8662806528]
09-03-2018 01:35:02 1520588102495 Metric[os.freePhysicalMemorySize=47169536]
09-03-2018 01:35:02 1520588102495 Metric[os.freeSwapSpaceSize=970457088]
09-03-2018 01:35:02 1520588102495 Metric[os.maxFileDescriptorCount=10240]
09-03-2018 01:35:02 1520588102495 Metric[os.openFileDescriptorCount=141]
09-03-2018 01:35:02 1520588102495 Metric[os.processCpuLoad=0.3068327094827906]
09-03-2018 01:35:02 1520588102495 Metric[os.processCpuTime=23419730000]
09-03-2018 01:35:02 1520588102495 Metric[os.systemCpuLoad=4.634831460674158]
09-03-2018 01:35:02 1520588102495 Metric[os.systemLoadAverage=3.318359375]
09-03-2018 01:35:02 1520588102495 Metric[os.totalPhysicalMemorySize=17179869184]
09-03-2018 01:35:02 1520588102495 Metric[os.totalSwapSpaceSize=1073741824]
09-03-2018 01:35:02 1520588102495 Metric[proxy.createdCount=0]
09-03-2018 01:35:02 1520588102495 Metric[proxy.destroyedCount=0]
09-03-2018 01:35:02 1520588102495 Metric[runtime.availableProcessors=8]
09-03-2018 01:35:02 1520588102495 Metric[runtime.freeMemory=150246424]
09-03-2018 01:35:02 1520588102495 Metric[runtime.maxMemory=3817865216]
09-03-2018 01:35:02 1520588102495 Metric[runtime.totalMemory=656932864]
09-03-2018 01:35:02 1520588102495 Metric[runtime.uptime=133783]
09-03-2018 01:35:02 1520588102495 Metric[runtime.usedMemory=506686440]
09-03-2018 01:35:02 1520588102495 Metric[tcp.connection.acceptedSocketCount=0]
09-03-2018 01:35:02 1520588102495 Metric[tcp.connection.activeCount=0]
09-03-2018 01:35:02 1520588102495 Metric[tcp.connection.clientCount=0]
09-03-2018 01:35:02 1520588102495 Metric[tcp.connection.count=0]
09-03-2018 01:35:02 1520588102495 Metric[tcp.connection.textCount=0]
09-03-2018 01:35:02 1520588102495 Metric[thread.daemonThreadCount=70]
09-03-2018 01:35:02 1520588102495 Metric[thread.peakThreadCount=88]
09-03-2018 01:35:02 1520588102495 Metric[thread.threadCount=86]
09-03-2018 01:35:02 1520588102495 Metric[thread.totalStartedThreadCount=95]
09-03-2018 01:35:02 1520588102495 Metric[transactions.commitCount=0]
09-03-2018 01:35:02 1520588102495 Metric[transactions.rollbackCount=0]
09-03-2018 01:35:02 1520588102495 Metric[transactions.startCount=0]
09-03-2018 01:35:02 1520588102497 SlowOperations[]
09-03-2018 01:35:02 1520588102497 HazelcastInstance[
                          thisAddress=[192.168.0.210]:5701
                          isRunning=true
                          isLite=false
                          joined=true
                          nodeState=ACTIVE
                          clusterId=75fec812-84ba-4a38-998e-dba84ad1b6ea
                          clusterSize=1
                          isMaster=true
                          masterAddress=[192.168.0.210]:5701
                          Members[
                                  [192.168.0.210]:5701]]
09-03-2018 01:36:02 1520588162495 Metric[classloading.loadedClassesCount=11348]
09-03-2018 01:36:02 1520588162495 Metric[classloading.totalLoadedClassesCount=11348]
09-03-2018 01:36:02 1520588162495 Metric[classloading.unloadedClassCount=0]
09-03-2018 01:36:02 1520588162495 Metric[client.endpoint.count=0]
09-03-2018 01:36:02 1520588162495 Metric[client.endpoint.totalRegistrations=0]
09-03-2018 01:36:02 1520588162495 Metric[cluster.clock.clusterTimeDiff=0]
09-03-2018 01:36:02 1520588162495 Metric[cluster.clock.maxClusterTimeDiff=0]
09-03-2018 01:36:02 1520588162495 Metric[event.eventQueueSize=0]
09-03-2018 01:36:02 1520588162495 Metric[event.eventsProcessed=24]
09-03-2018 01:36:02 1520588162495 Metric[executor.[hz:async].queueSize=0]
09-03-2018 01:36:02 1520588162495 Metric[executor.[hz:client-query].queueSize=0]
09-03-2018 01:36:02 1520588162495 Metric[executor.[hz:client].queueSize=0]
09-03-2018 01:36:02 1520588162495 Metric[executor.[hz:cluster:event].queueSize=0]
09-03-2018 01:36:02 1520588162495 Metric[executor.[hz:cluster].queueSize=0]
09-03-2018 01:36:02 1520588162495 Metric[executor.[hz:offloadable].queueSize=0]
09-03-2018 01:36:02 1520588162495 Metric[executor.[hz:scheduled:cqc:fb0cbfe5-a4e8-4026-b781-8dc694a32c9b].queueSize=0]
09-03-2018 01:36:02 1520588162495 Metric[executor.[hz:scheduled].queueSize=0]
09-03-2018 01:36:02 1520588162495 Metric[executor.[hz:system].queueSize=0]
09-03-2018 01:36:02 1520588162495 Metric[file.partition[user.home].freeSpace=157596672000]
09-03-2018 01:36:02 1520588162495 Metric[file.partition[user.home].totalSpace=249664372736]
09-03-2018 01:36:02 1520588162495 Metric[file.partition[user.home].usableSpace=157334528000]
09-03-2018 01:36:02 1520588162495 Metric[gc.majorCount=2]
09-03-2018 01:36:02 1520588162495 Metric[gc.majorTime=79]
09-03-2018 01:36:02 1520588162495 Metric[gc.minorCount=7]
09-03-2018 01:36:02 1520588162495 Metric[gc.minorTime=49]
09-03-2018 01:36:02 1520588162495 Metric[gc.unknownCount=0]
09-03-2018 01:36:02 1520588162495 Metric[gc.unknownTime=0]
09-03-2018 01:36:02 1520588162495 Metric[operation.callTimeoutCount=0]
09-03-2018 01:36:02 1520588162495 Metric[operation.completedCount=1]
09-03-2018 01:36:02 1520588162495 Metric[operation.failedBackups=0]
09-03-2018 01:36:02 1520588162495 Metric[operation.invocations.backupTimeouts=0]
09-03-2018 01:36:02 1520588162495 Metric[operation.invocations.normalTimeouts=0]
09-03-2018 01:36:02 1520588162495 Metric[operation.invocations.pending=0]
09-03-2018 01:36:02 1520588162495 Metric[operation.invocations.responses[backup]=0]
09-03-2018 01:36:02 1520588162495 Metric[operation.invocations.responses[error]=0]
09-03-2018 01:36:02 1520588162495 Metric[operation.invocations.responses[missing]=0]
09-03-2018 01:36:02 1520588162495 Metric[operation.invocations.responses[normal]=0]
09-03-2018 01:36:02 1520588162495 Metric[operation.invocations.responses[timeout]=0]
09-03-2018 01:36:02 1520588162495 Metric[operation.operationTimeoutCount=0]
09-03-2018 01:36:02 1520588162495 Metric[operation.priorityQueueSize=0]
09-03-2018 01:36:02 1520588162495 Metric[operation.queueSize=0]
09-03-2018 01:36:02 1520588162495 Metric[operation.responseQueueSize=0]
09-03-2018 01:36:02 1520588162495 Metric[operation.retryCount=0]
09-03-2018 01:36:02 1520588162495 Metric[os.committedVirtualMemorySize=8663019520]
09-03-2018 01:36:02 1520588162495 Metric[os.freePhysicalMemorySize=196784128]
09-03-2018 01:36:02 1520588162495 Metric[os.freeSwapSpaceSize=970457088]
09-03-2018 01:36:02 1520588162495 Metric[os.maxFileDescriptorCount=10240]
09-03-2018 01:36:02 1520588162495 Metric[os.openFileDescriptorCount=141]
09-03-2018 01:36:02 1520588162495 Metric[os.processCpuLoad=0.2698052555527753]
09-03-2018 01:36:02 1520588162495 Metric[os.processCpuTime=24609104000]
09-03-2018 01:36:02 1520588162495 Metric[os.systemCpuLoad=7.7355836849507735]
09-03-2018 01:36:02 1520588162495 Metric[os.systemLoadAverage=3.2119140625]
09-03-2018 01:36:02 1520588162495 Metric[os.totalPhysicalMemorySize=17179869184]
09-03-2018 01:36:02 1520588162495 Metric[os.totalSwapSpaceSize=1073741824]
09-03-2018 01:36:02 1520588162495 Metric[proxy.createdCount=0]
09-03-2018 01:36:02 1520588162495 Metric[proxy.destroyedCount=0]
09-03-2018 01:36:02 1520588162495 Metric[runtime.availableProcessors=8]
09-03-2018 01:36:02 1520588162495 Metric[runtime.freeMemory=130962816]
09-03-2018 01:36:02 1520588162495 Metric[runtime.maxMemory=3817865216]
09-03-2018 01:36:02 1520588162495 Metric[runtime.totalMemory=656932864]
09-03-2018 01:36:02 1520588162495 Metric[runtime.uptime=193782]
09-03-2018 01:36:02 1520588162495 Metric[runtime.usedMemory=525970048]
09-03-2018 01:36:02 1520588162495 Metric[tcp.connection.acceptedSocketCount=0]
09-03-2018 01:36:02 1520588162495 Metric[tcp.connection.activeCount=0]
09-03-2018 01:36:02 1520588162495 Metric[tcp.connection.clientCount=0]
09-03-2018 01:36:02 1520588162495 Metric[tcp.connection.count=0]
09-03-2018 01:36:02 1520588162495 Metric[tcp.connection.textCount=0]
09-03-2018 01:36:02 1520588162495 Metric[thread.daemonThreadCount=70]
09-03-2018 01:36:02 1520588162495 Metric[thread.peakThreadCount=88]
09-03-2018 01:36:02 1520588162495 Metric[thread.threadCount=86]
09-03-2018 01:36:02 1520588162495 Metric[thread.totalStartedThreadCount=95]
09-03-2018 01:36:02 1520588162495 Metric[transactions.commitCount=0]
09-03-2018 01:36:02 1520588162495 Metric[transactions.rollbackCount=0]
09-03-2018 01:36:02 1520588162495 Metric[transactions.startCount=0]
09-03-2018 01:36:02 1520588162502 SlowOperations[]
09-03-2018 01:36:02 1520588162502 HazelcastInstance[
                          thisAddress=[192.168.0.210]:5701
                          isRunning=true
                          isLite=false
                          joined=true
                          nodeState=ACTIVE
                          clusterId=75fec812-84ba-4a38-998e-dba84ad1b6ea
                          clusterSize=1
                          isMaster=true
                          masterAddress=[192.168.0.210]:5701
                          Members[
                                  [192.168.0.210]:5701]]
09-03-2018 01:37:02 1520588222494 Metric[classloading.loadedClassesCount=11348]
09-03-2018 01:37:02 1520588222494 Metric[classloading.totalLoadedClassesCount=11348]
09-03-2018 01:37:02 1520588222494 Metric[classloading.unloadedClassCount=0]
09-03-2018 01:37:02 1520588222494 Metric[client.endpoint.count=0]
09-03-2018 01:37:02 1520588222494 Metric[client.endpoint.totalRegistrations=0]
09-03-2018 01:37:02 1520588222494 Metric[cluster.clock.clusterTimeDiff=0]
09-03-2018 01:37:02 1520588222494 Metric[cluster.clock.maxClusterTimeDiff=0]
09-03-2018 01:37:02 1520588222494 Metric[event.eventQueueSize=0]
09-03-2018 01:37:02 1520588222494 Metric[event.eventsProcessed=29]
09-03-2018 01:37:02 1520588222494 Metric[executor.[hz:async].queueSize=0]
09-03-2018 01:37:02 1520588222494 Metric[executor.[hz:client-query].queueSize=0]
09-03-2018 01:37:02 1520588222494 Metric[executor.[hz:client].queueSize=0]
09-03-2018 01:37:02 1520588222494 Metric[executor.[hz:cluster:event].queueSize=0]
09-03-2018 01:37:02 1520588222494 Metric[executor.[hz:cluster].queueSize=0]
09-03-2018 01:37:02 1520588222494 Metric[executor.[hz:offloadable].queueSize=0]
09-03-2018 01:37:02 1520588222494 Metric[executor.[hz:scheduled:cqc:fb0cbfe5-a4e8-4026-b781-8dc694a32c9b].queueSize=0]
09-03-2018 01:37:02 1520588222494 Metric[executor.[hz:scheduled].queueSize=0]
09-03-2018 01:37:02 1520588222494 Metric[executor.[hz:system].queueSize=0]
09-03-2018 01:37:02 1520588222494 Metric[file.partition[user.home].freeSpace=157596614656]
09-03-2018 01:37:02 1520588222494 Metric[file.partition[user.home].totalSpace=249664372736]
09-03-2018 01:37:02 1520588222494 Metric[file.partition[user.home].usableSpace=157334470656]
09-03-2018 01:37:02 1520588222494 Metric[gc.majorCount=2]
09-03-2018 01:37:02 1520588222494 Metric[gc.majorTime=79]
09-03-2018 01:37:02 1520588222494 Metric[gc.minorCount=7]
09-03-2018 01:37:02 1520588222494 Metric[gc.minorTime=49]
09-03-2018 01:37:02 1520588222494 Metric[gc.unknownCount=0]
09-03-2018 01:37:02 1520588222494 Metric[gc.unknownTime=0]
09-03-2018 01:37:02 1520588222494 Metric[operation.callTimeoutCount=0]
09-03-2018 01:37:02 1520588222494 Metric[operation.completedCount=1]
09-03-2018 01:37:02 1520588222494 Metric[operation.failedBackups=0]
09-03-2018 01:37:02 1520588222494 Metric[operation.invocations.backupTimeouts=0]
09-03-2018 01:37:02 1520588222494 Metric[operation.invocations.normalTimeouts=0]
09-03-2018 01:37:02 1520588222494 Metric[operation.invocations.pending=0]
09-03-2018 01:37:02 1520588222494 Metric[operation.invocations.responses[backup]=0]
09-03-2018 01:37:02 1520588222494 Metric[operation.invocations.responses[error]=0]
09-03-2018 01:37:02 1520588222494 Metric[operation.invocations.responses[missing]=0]
09-03-2018 01:37:02 1520588222494 Metric[operation.invocations.responses[normal]=0]
09-03-2018 01:37:02 1520588222494 Metric[operation.invocations.responses[timeout]=0]
09-03-2018 01:37:02 1520588222494 Metric[operation.operationTimeoutCount=0]
09-03-2018 01:37:02 1520588222494 Metric[operation.priorityQueueSize=0]
09-03-2018 01:37:02 1520588222494 Metric[operation.queueSize=0]
09-03-2018 01:37:02 1520588222494 Metric[operation.responseQueueSize=0]
09-03-2018 01:37:02 1520588222494 Metric[operation.retryCount=0]
09-03-2018 01:37:02 1520588222494 Metric[os.committedVirtualMemorySize=8663019520]
09-03-2018 01:37:02 1520588222494 Metric[os.freePhysicalMemorySize=197332992]
09-03-2018 01:37:02 1520588222494 Metric[os.freeSwapSpaceSize=970457088]
09-03-2018 01:37:02 1520588222494 Metric[os.maxFileDescriptorCount=10240]
09-03-2018 01:37:02 1520588222494 Metric[os.openFileDescriptorCount=138]
09-03-2018 01:37:02 1520588222494 Metric[os.processCpuLoad=0.23903897541200694]
09-03-2018 01:37:02 1520588222494 Metric[os.processCpuTime=25216649000]
09-03-2018 01:37:02 1520588222494 Metric[os.systemCpuLoad=3.6619718309859155]
09-03-2018 01:37:02 1520588222494 Metric[os.systemLoadAverage=2.81201171875]
09-03-2018 01:37:02 1520588222494 Metric[os.totalPhysicalMemorySize=17179869184]
09-03-2018 01:37:02 1520588222494 Metric[os.totalSwapSpaceSize=1073741824]
09-03-2018 01:37:02 1520588222494 Metric[proxy.createdCount=0]
09-03-2018 01:37:02 1520588222494 Metric[proxy.destroyedCount=0]
09-03-2018 01:37:02 1520588222494 Metric[runtime.availableProcessors=8]
09-03-2018 01:37:02 1520588222494 Metric[runtime.freeMemory=126263904]
09-03-2018 01:37:02 1520588222494 Metric[runtime.maxMemory=3817865216]
09-03-2018 01:37:02 1520588222494 Metric[runtime.totalMemory=656932864]
09-03-2018 01:37:02 1520588222494 Metric[runtime.uptime=253781]
09-03-2018 01:37:02 1520588222494 Metric[runtime.usedMemory=530668960]
09-03-2018 01:37:02 1520588222494 Metric[tcp.connection.acceptedSocketCount=0]
09-03-2018 01:37:02 1520588222494 Metric[tcp.connection.activeCount=0]
09-03-2018 01:37:02 1520588222494 Metric[tcp.connection.clientCount=0]
09-03-2018 01:37:02 1520588222494 Metric[tcp.connection.count=0]
09-03-2018 01:37:02 1520588222494 Metric[tcp.connection.textCount=0]
09-03-2018 01:37:02 1520588222494 Metric[thread.daemonThreadCount=70]
09-03-2018 01:37:02 1520588222494 Metric[thread.peakThreadCount=88]
09-03-2018 01:37:02 1520588222494 Metric[thread.threadCount=86]
09-03-2018 01:37:02 1520588222494 Metric[thread.totalStartedThreadCount=95]
09-03-2018 01:37:02 1520588222494 Metric[transactions.commitCount=0]
09-03-2018 01:37:02 1520588222494 Metric[transactions.rollbackCount=0]
09-03-2018 01:37:02 1520588222494 Metric[transactions.startCount=0]
09-03-2018 01:37:02 1520588222495 SlowOperations[]
09-03-2018 01:37:02 1520588222495 HazelcastInstance[
                          thisAddress=[192.168.0.210]:5701
                          isRunning=true
                          isLite=false
                          joined=true
                          nodeState=ACTIVE
                          clusterId=75fec812-84ba-4a38-998e-dba84ad1b6ea
                          clusterSize=1
                          isMaster=true
                          masterAddress=[192.168.0.210]:5701
                          Members[
                                  [192.168.0.210]:5701]]
