09-03-2018 01:55:12 1520589312685 BuildInfo[
                          Build=20180216
                          BuildNumber=20180216
                          Revision=539b124
                          Version=3.9.3
                          SerialVersion=1
                          Enterprise=false]
09-03-2018 01:55:12 1520589312686 ConfigProperties[]
09-03-2018 01:55:12 1520589312686 SystemProperties[
                          hazelcast.diagnostics.enabled=true
                          java.class.path=/Library/Java/JavaVirtualMachines/jdk1.8.0_161.jdk/Contents/Home/jre/lib/charsets.jar:/Library/Java/JavaVirtualMachines/jdk1.8.0_161.jdk/Contents/Home/jre/lib/deploy.jar:/Library/Java/JavaVirtualMachines/jdk1.8.0_161.jdk/Contents/Home/jre/lib/ext/cldrdata.jar:/Library/Java/JavaVirtualMachines/jdk1.8.0_161.jdk/Contents/Home/jre/lib/ext/dnsns.jar:/Library/Java/JavaVirtualMachines/jdk1.8.0_161.jdk/Contents/Home/jre/lib/ext/jaccess.jar:/Library/Java/JavaVirtualMachines/jdk1.8.0_161.jdk/Contents/Home/jre/lib/ext/jfxrt.jar:/Library/Java/JavaVirtualMachines/jdk1.8.0_161.jdk/Contents/Home/jre/lib/ext/localedata.jar:/Library/Java/JavaVirtualMachines/jdk1.8.0_161.jdk/Contents/Home/jre/lib/ext/nashorn.jar:/Library/Java/JavaVirtualMachines/jdk1.8.0_161.jdk/Contents/Home/jre/lib/ext/sunec.jar:/Library/Java/JavaVirtualMachines/jdk1.8.0_161.jdk/Contents/Home/jre/lib/ext/sunjce_provider.jar:/Library/Java/JavaVirtualMachines/jdk1.8.0_161.jdk/Contents/Home/jre/lib/ext/sunpkcs11.jar:/Library/Java/JavaVirtualMachines/jdk1.8.0_161.jdk/Contents/Home/jre/lib/ext/zipfs.jar:/Library/Java/JavaVirtualMachines/jdk1.8.0_161.jdk/Contents/Home/jre/lib/javaws.jar:/Library/Java/JavaVirtualMachines/jdk1.8.0_161.jdk/Contents/Home/jre/lib/jce.jar:/Library/Java/JavaVirtualMachines/jdk1.8.0_161.jdk/Contents/Home/jre/lib/jfr.jar:/Library/Java/JavaVirtualMachines/jdk1.8.0_161.jdk/Contents/Home/jre/lib/jfxswt.jar:/Library/Java/JavaVirtualMachines/jdk1.8.0_161.jdk/Contents/Home/jre/lib/jsse.jar:/Library/Java/JavaVirtualMachines/jdk1.8.0_161.jdk/Contents/Home/jre/lib/management-agent.jar:/Library/Java/JavaVirtualMachines/jdk1.8.0_161.jdk/Contents/Home/jre/lib/plugin.jar:/Library/Java/JavaVirtualMachines/jdk1.8.0_161.jdk/Contents/Home/jre/lib/resources.jar:/Library/Java/JavaVirtualMachines/jdk1.8.0_161.jdk/Contents/Home/jre/lib/rt.jar:/Library/Java/JavaVirtualMachines/jdk1.8.0_161.jdk/Contents/Home/lib/ant-javafx.jar:/Library/Java/JavaVirtualMachines/jdk1.8.0_161.jdk/Contents/Home/lib/dt.jar:/Library/Java/JavaVirtualMachines/jdk1.8.0_161.jdk/Contents/Home/lib/javafx-mx.jar:/Library/Java/JavaVirtualMachines/jdk1.8.0_161.jdk/Contents/Home/lib/jconsole.jar:/Library/Java/JavaVirtualMachines/jdk1.8.0_161.jdk/Contents/Home/lib/packager.jar:/Library/Java/JavaVirtualMachines/jdk1.8.0_161.jdk/Contents/Home/lib/sa-jdi.jar:/Library/Java/JavaVirtualMachines/jdk1.8.0_161.jdk/Contents/Home/lib/tools.jar:/Users/kpsoi/Downloads/ShinyProxyHA/target/classes:/Users/kpsoi/.m2/repository/org/springframework/boot/spring-boot-starter-thymeleaf/1.5.3.RELEASE/spring-boot-starter-thymeleaf-1.5.3.RELEASE.jar:/Users/kpsoi/.m2/repository/org/springframework/boot/spring-boot-starter/1.5.3.RELEASE/spring-boot-starter-1.5.3.RELEASE.jar:/Users/kpsoi/.m2/repository/org/springframework/boot/spring-boot-starter-logging/1.5.3.RELEASE/spring-boot-starter-logging-1.5.3.RELEASE.jar:/Users/kpsoi/.m2/repository/ch/qos/logback/logback-classic/1.1.11/logback-classic-1.1.11.jar:/Users/kpsoi/.m2/repository/ch/qos/logback/logback-core/1.1.11/logback-core-1.1.11.jar:/Users/kpsoi/.m2/repository/org/slf4j/jcl-over-slf4j/1.7.25/jcl-over-slf4j-1.7.25.jar:/Users/kpsoi/.m2/repository/org/slf4j/jul-to-slf4j/1.7.25/jul-to-slf4j-1.7.25.jar:/Users/kpsoi/.m2/repository/org/slf4j/log4j-over-slf4j/1.7.25/log4j-over-slf4j-1.7.25.jar:/Users/kpsoi/.m2/repository/org/yaml/snakeyaml/1.17/snakeyaml-1.17.jar:/Users/kpsoi/.m2/repository/org/springframework/boot/spring-boot-starter-web/1.5.3.RELEASE/spring-boot-starter-web-1.5.3.RELEASE.jar:/Users/kpsoi/.m2/repository/org/springframework/boot/spring-boot-starter-tomcat/1.5.3.RELEASE/spring-boot-starter-tomcat-1.5.3.RELEASE.jar:/Users/kpsoi/.m2/repository/org/apache/tomcat/embed/tomcat-embed-core/8.5.14/tomcat-embed-core-8.5.14.jar:/Users/kpsoi/.m2/repository/org/apache/tomcat/embed/tomcat-embed-el/8.5.14/tomcat-embed-el-8.5.14.jar:/Users/kpsoi/.m2/repository/org/apache/tomcat/embed/tomcat-embed-websocket/8.5.14/tomcat-embed-websocket-8.5.14.jar:/Users/kpsoi/.m2/repository/org/hibernate/hibernate-validator/5.3.5.Final/hibernate-validator-5.3.5.Final.jar:/Users/kpsoi/.m2/repository/javax/validation/validation-api/1.1.0.Final/validation-api-1.1.0.Final.jar:/Users/kpsoi/.m2/repository/org/jboss/logging/jboss-logging/3.3.1.Final/jboss-logging-3.3.1.Final.jar:/Users/kpsoi/.m2/repository/com/fasterxml/classmate/1.3.3/classmate-1.3.3.jar:/Users/kpsoi/.m2/repository/com/fasterxml/jackson/core/jackson-databind/2.8.8/jackson-databind-2.8.8.jar:/Users/kpsoi/.m2/repository/com/fasterxml/jackson/core/jackson-annotations/2.8.0/jackson-annotations-2.8.0.jar:/Users/kpsoi/.m2/repository/com/fasterxml/jackson/core/jackson-core/2.8.8/jackson-core-2.8.8.jar:/Users/kpsoi/.m2/repository/org/springframework/spring-web/4.3.8.RELEASE/spring-web-4.3.8.RELEASE.jar:/Users/kpsoi/.m2/repository/org/springframework/spring-webmvc/4.3.8.RELEASE/spring-webmvc-4.3.8.RELEASE.jar:/Users/kpsoi/.m2/repository/org/thymeleaf/thymeleaf-spring4/2.1.5.RELEASE/thymeleaf-spring4-2.1.5.RELEASE.jar:/Users/kpsoi/.m2/repository/org/thymeleaf/thymeleaf/2.1.5.RELEASE/thymeleaf-2.1.5.RELEASE.jar:/Users/kpsoi/.m2/repository/ognl/ognl/3.0.8/ognl-3.0.8.jar:/Users/kpsoi/.m2/repository/org/javassist/javassist/3.21.0-GA/javassist-3.21.0-GA.jar:/Users/kpsoi/.m2/repository/org/unbescape/unbescape/1.1.0.RELEASE/unbescape-1.1.0.RELEASE.jar:/Users/kpsoi/.m2/repository/nz/net/ultraq/thymeleaf/thymeleaf-layout-dialect/1.4.0/thymeleaf-layout-dialect-1.4.0.jar:/Users/kpsoi/.m2/repository/org/codehaus/groovy/groovy/2.4.10/groovy-2.4.10.jar:/Users/kpsoi/.m2/repository/org/springframework/boot/spring-boot-starter-security/1.5.3.RELEASE/spring-boot-starter-security-1.5.3.RELEASE.jar:/Users/kpsoi/.m2/repository/org/springframework/spring-aop/4.3.8.RELEASE/spring-aop-4.3.8.RELEASE.jar:/Users/kpsoi/.m2/repository/org/springframework/spring-beans/4.3.8.RELEASE/spring-beans-4.3.8.RELEASE.jar:/Users/kpsoi/.m2/repository/org/springframework/security/spring-security-config/4.2.2.RELEASE/spring-security-config-4.2.2.RELEASE.jar:/Users/kpsoi/.m2/repository/org/springframework/spring-context/4.3.8.RELEASE/spring-context-4.3.8.RELEASE.jar:/Users/kpsoi/.m2/repository/org/springframework/security/spring-security-web/4.2.2.RELEASE/spring-security-web-4.2.2.RELEASE.jar:/Users/kpsoi/.m2/repository/org/springframework/spring-expression/4.3.8.RELEASE/spring-expression-4.3.8.RELEASE.jar:/Users/kpsoi/.m2/repository/org/thymeleaf/extras/thymeleaf-extras-springsecurity4/2.1.3.RELEASE/thymeleaf-extras-springsecurity4-2.1.3.RELEASE.jar:/Users/kpsoi/.m2/repository/org/slf4j/slf4j-api/1.7.25/slf4j-api-1.7.25.jar:/Users/kpsoi/.m2/repository/org/springframework/boot/spring-boot-devtools/1.5.3.RELEASE/spring-boot-devtools-1.5.3.RELEASE.jar:/Users/kpsoi/.m2/repository/org/springframework/boot/spring-boot/1.5.3.RELEASE/spring-boot-1.5.3.RELEASE.jar:/Users/kpsoi/.m2/repository/org/springframework/boot/spring-boot-autoconfigure/1.5.3.RELEASE/spring-boot-autoconfigure-1.5.3.RELEASE.jar:/Users/kpsoi/.m2/repository/org/webjars/bootstrap/3.3.7/bootstrap-3.3.7.jar:/Users/kpsoi/.m2/repository/org/webjars/jquery/1.11.1/jquery-1.11.1.jar:/Users/kpsoi/.m2/repository/org/springframework/security/spring-security-test/4.2.2.RELEASE/spring-security-test-4.2.2.RELEASE.jar:/Users/kpsoi/.m2/repository/org/springframework/security/spring-security-core/4.2.2.RELEASE/spring-security-core-4.2.2.RELEASE.jar:/Users/kpsoi/.m2/repository/aopalliance/aopalliance/1.0/aopalliance-1.0.jar:/Users/kpsoi/.m2/repository/org/springframework/spring-core/4.3.8.RELEASE/spring-core-4.3.8.RELEASE.jar:/Users/kpsoi/.m2/repository/org/springframework/spring-test/4.3.8.RELEASE/spring-test-4.3.8.RELEASE.jar:/Users/kpsoi/.m2/repository/com/hazelcast/hazelcast/3.9.3/hazelcast-3.9.3.jar:/Users/kpsoi/.m2/repository/com/hazelcast/hazelcast-client/3.9.3/hazelcast-client-3.9.3.jar:/Users/kpsoi/.m2/repository/com/hazelcast/hazelcast-all/3.9.3/hazelcast-all-3.9.3.jar:/Applications/IntelliJ IDEA CE.app/Contents/lib/idea_rt.jar:/Users/kpsoi/Library/Caches/IdeaIC2017.3/captureAgent/debugger-agent.jar
                          java.class.version=52.0
                          java.endorsed.dirs=/Library/Java/JavaVirtualMachines/jdk1.8.0_161.jdk/Contents/Home/jre/lib/endorsed
                          java.ext.dirs=/Users/kpsoi/Library/Java/Extensions:/Library/Java/JavaVirtualMachines/jdk1.8.0_161.jdk/Contents/Home/jre/lib/ext:/Library/Java/Extensions:/Network/Library/Java/Extensions:/System/Library/Java/Extensions:/usr/lib/java
                          java.home=/Library/Java/JavaVirtualMachines/jdk1.8.0_161.jdk/Contents/Home/jre
                          java.io.tmpdir=/var/folders/d6/kjpx4pcd7mvc4ttwc5n6d0n80000gn/T/
                          java.library.path=/Users/kpsoi/Library/Java/Extensions:/Library/Java/Extensions:/Network/Library/Java/Extensions:/System/Library/Java/Extensions:/usr/lib/java:.
                          java.runtime.name=Java(TM) SE Runtime Environment
                          java.runtime.version=1.8.0_161-b12
                          java.specification.name=Java Platform API Specification
                          java.specification.vendor=Oracle Corporation
                          java.specification.version=1.8
                          java.vendor=Oracle Corporation
                          java.vendor.url=http://java.oracle.com/
                          java.vendor.url.bug=http://bugreport.sun.com/bugreport/
                          java.version=1.8.0_161
                          java.vm.args=-agentlib:jdwp=transport=dt_socket,address=127.0.0.1:64695,suspend=y,server=n -Dserver.port=9994 -Dhazelcast.diagnostics.enabled=true -javaagent:/Users/kpsoi/Library/Caches/IdeaIC2017.3/captureAgent/debugger-agent.jar=/private/var/folders/d6/kjpx4pcd7mvc4ttwc5n6d0n80000gn/T/capture.props -Dfile.encoding=UTF-8 
                          java.vm.info=mixed mode
                          java.vm.name=Java HotSpot(TM) 64-Bit Server VM
                          java.vm.specification.name=Java Virtual Machine Specification
                          java.vm.specification.vendor=Oracle Corporation
                          java.vm.specification.version=1.8
                          java.vm.vendor=Oracle Corporation
                          java.vm.version=25.161-b12
                          os.arch=x86_64
                          os.name=Mac OS X
                          os.version=10.12.6
                          sun.arch.data.model=64
                          sun.boot.class.path=/Library/Java/JavaVirtualMachines/jdk1.8.0_161.jdk/Contents/Home/jre/lib/resources.jar:/Library/Java/JavaVirtualMachines/jdk1.8.0_161.jdk/Contents/Home/jre/lib/rt.jar:/Library/Java/JavaVirtualMachines/jdk1.8.0_161.jdk/Contents/Home/jre/lib/sunrsasign.jar:/Library/Java/JavaVirtualMachines/jdk1.8.0_161.jdk/Contents/Home/jre/lib/jsse.jar:/Library/Java/JavaVirtualMachines/jdk1.8.0_161.jdk/Contents/Home/jre/lib/jce.jar:/Library/Java/JavaVirtualMachines/jdk1.8.0_161.jdk/Contents/Home/jre/lib/charsets.jar:/Library/Java/JavaVirtualMachines/jdk1.8.0_161.jdk/Contents/Home/jre/lib/jfr.jar:/Library/Java/JavaVirtualMachines/jdk1.8.0_161.jdk/Contents/Home/jre/classes:/Users/kpsoi/Library/Caches/IdeaIC2017.3/captureAgent/debugger-agent-storage.jar
                          sun.boot.library.path=/Library/Java/JavaVirtualMachines/jdk1.8.0_161.jdk/Contents/Home/jre/lib
                          sun.cpu.endian=little
                          sun.cpu.isalist=
                          sun.io.unicode.encoding=UnicodeBig
                          sun.java.command=org.kp.shiny.hazelcast.ShinyProxyHA.SpringBootWebApplication
                          sun.java.launcher=SUN_STANDARD
                          sun.jnu.encoding=UTF-8
                          sun.management.compiler=HotSpot 64-Bit Tiered Compilers
                          sun.os.patch.level=unknown]
09-03-2018 01:55:12 1520589312686 Metric[classloading.loadedClassesCount=6961]
09-03-2018 01:55:12 1520589312686 Metric[classloading.totalLoadedClassesCount=6961]
09-03-2018 01:55:12 1520589312686 Metric[classloading.unloadedClassCount=0]
09-03-2018 01:55:12 1520589312686 Metric[executionService.userExecutorQueueSize=0]
09-03-2018 01:55:12 1520589312686 Metric[file.partition[user.home].freeSpace=157596803072]
09-03-2018 01:55:12 1520589312686 Metric[file.partition[user.home].totalSpace=249664372736]
09-03-2018 01:55:12 1520589312686 Metric[file.partition[user.home].usableSpace=157334659072]
09-03-2018 01:55:12 1520589312686 Metric[gc.majorCount=1]
09-03-2018 01:55:12 1520589312686 Metric[gc.majorTime=26]
09-03-2018 01:55:12 1520589312686 Metric[gc.minorCount=6]
09-03-2018 01:55:12 1520589312686 Metric[gc.minorTime=41]
09-03-2018 01:55:12 1520589312686 Metric[gc.unknownCount=0]
09-03-2018 01:55:12 1520589312686 Metric[gc.unknownTime=0]
09-03-2018 01:55:12 1520589312686 Metric[invocations.pendingCalls=0]
09-03-2018 01:55:12 1520589312686 Metric[os.committedVirtualMemorySize=8620572672]
09-03-2018 01:55:12 1520589312686 Metric[os.freePhysicalMemorySize=329711616]
09-03-2018 01:55:12 1520589312686 Metric[os.freeSwapSpaceSize=970457088]
09-03-2018 01:55:12 1520589312686 Metric[os.maxFileDescriptorCount=10240]
09-03-2018 01:55:12 1520589312686 Metric[os.openFileDescriptorCount=100]
09-03-2018 01:55:12 1520589312686 Metric[os.processCpuLoad=0.0]
09-03-2018 01:55:12 1520589312686 Metric[os.processCpuTime=11935873000]
09-03-2018 01:55:12 1520589312686 Metric[os.systemCpuLoad=0.0]
09-03-2018 01:55:12 1520589312686 Metric[os.systemLoadAverage=3.37060546875]
09-03-2018 01:55:12 1520589312686 Metric[os.totalPhysicalMemorySize=17179869184]
09-03-2018 01:55:12 1520589312686 Metric[os.totalSwapSpaceSize=1073741824]
09-03-2018 01:55:12 1520589312686 Metric[runtime.availableProcessors=8]
09-03-2018 01:55:12 1520589312686 Metric[runtime.freeMemory=113755952]
09-03-2018 01:55:12 1520589312686 Metric[runtime.maxMemory=3817865216]
09-03-2018 01:55:12 1520589312686 Metric[runtime.totalMemory=622329856]
09-03-2018 01:55:12 1520589312686 Metric[runtime.uptime=13563]
09-03-2018 01:55:12 1520589312686 Metric[runtime.usedMemory=508573904]
09-03-2018 01:55:12 1520589312686 Metric[thread.daemonThreadCount=16]
09-03-2018 01:55:12 1520589312686 Metric[thread.peakThreadCount=24]
09-03-2018 01:55:12 1520589312686 Metric[thread.threadCount=24]
09-03-2018 01:55:12 1520589312686 Metric[thread.totalStartedThreadCount=26]
09-03-2018 01:55:49 1520589349112 ConnectionAdded[
                          ClientConnection{alive=true, connectionId=2, channel=NioChannel{/192.168.0.210:64808->/192.168.0.210:5702}, remoteEndpoint=[192.168.0.210]:5702, lastReadTime=2018-03-09 01:55:49.111, lastWriteTime=2018-03-09 01:55:47.871, closedTime=never, lastHeartbeatRequested=2018-03-09 01:55:47.871, lastHeartbeatReceived=2018-03-09 01:55:50.546, connected server version=3.9.3}
                          type=JAVA_CLIENT
                          isAlive=true]
09-03-2018 01:56:15 1520589375858 Metric[classloading.loadedClassesCount=9733]
09-03-2018 01:56:15 1520589375858 Metric[classloading.totalLoadedClassesCount=9733]
09-03-2018 01:56:15 1520589375858 Metric[classloading.unloadedClassCount=0]
09-03-2018 01:56:15 1520589375858 Metric[executionService.userExecutorQueueSize=0]
09-03-2018 01:56:15 1520589375858 Metric[file.partition[user.home].freeSpace=157595283456]
09-03-2018 01:56:15 1520589375858 Metric[file.partition[user.home].totalSpace=249664372736]
09-03-2018 01:56:15 1520589375858 Metric[file.partition[user.home].usableSpace=157333139456]
09-03-2018 01:56:15 1520589375858 Metric[gc.majorCount=2]
09-03-2018 01:56:15 1520589375858 Metric[gc.majorTime=81]
09-03-2018 01:56:15 1520589375858 Metric[gc.minorCount=7]
09-03-2018 01:56:15 1520589375858 Metric[gc.minorTime=54]
09-03-2018 01:56:15 1520589375858 Metric[gc.unknownCount=0]
09-03-2018 01:56:15 1520589375858 Metric[gc.unknownTime=0]
09-03-2018 01:56:15 1520589375858 Metric[invocations.pendingCalls=3]
09-03-2018 01:56:15 1520589375858 Metric[listeners.eventHandlerCount=2]
09-03-2018 01:56:15 1520589375858 Metric[listeners.eventQueueSize=0]
09-03-2018 01:56:15 1520589375858 Metric[listeners.eventsProcessed=7]
09-03-2018 01:56:15 1520589375858 Metric[os.committedVirtualMemorySize=8692625408]
09-03-2018 01:56:15 1520589375858 Metric[os.freePhysicalMemorySize=252157952]
09-03-2018 01:56:15 1520589375858 Metric[os.freeSwapSpaceSize=970457088]
09-03-2018 01:56:15 1520589375858 Metric[os.maxFileDescriptorCount=10240]
09-03-2018 01:56:15 1520589375858 Metric[os.openFileDescriptorCount=126]
09-03-2018 01:56:15 1520589375858 Metric[os.processCpuLoad=0.7957132609252288]
09-03-2018 01:56:15 1520589375858 Metric[os.processCpuTime=18116113000]
09-03-2018 01:56:15 1520589375858 Metric[os.systemCpuLoad=8.35978835978836]
09-03-2018 01:56:15 1520589375858 Metric[os.systemLoadAverage=2.47900390625]
09-03-2018 01:56:15 1520589375858 Metric[os.totalPhysicalMemorySize=17179869184]
09-03-2018 01:56:15 1520589375858 Metric[os.totalSwapSpaceSize=1073741824]
09-03-2018 01:56:15 1520589375858 Metric[runtime.availableProcessors=8]
09-03-2018 01:56:15 1520589375858 Metric[runtime.freeMemory=402493856]
09-03-2018 01:56:15 1520589375858 Metric[runtime.maxMemory=3817865216]
09-03-2018 01:56:15 1520589375858 Metric[runtime.totalMemory=653262848]
09-03-2018 01:56:15 1520589375858 Metric[runtime.uptime=76731]
09-03-2018 01:56:15 1520589375858 Metric[runtime.usedMemory=250768992]
09-03-2018 01:56:15 1520589375858 Metric[thread.daemonThreadCount=52]
09-03-2018 01:56:15 1520589375858 Metric[thread.peakThreadCount=68]
09-03-2018 01:56:15 1520589375858 Metric[thread.threadCount=68]
09-03-2018 01:56:15 1520589375858 Metric[thread.totalStartedThreadCount=70]
09-03-2018 01:57:20 1520589440564 Metric[classloading.loadedClassesCount=10090]
09-03-2018 01:57:20 1520589440564 Metric[classloading.totalLoadedClassesCount=10090]
09-03-2018 01:57:20 1520589440564 Metric[classloading.unloadedClassCount=0]
09-03-2018 01:57:20 1520589440564 Metric[executionService.userExecutorQueueSize=0]
09-03-2018 01:57:20 1520589440564 Metric[file.partition[user.home].freeSpace=157596708864]
09-03-2018 01:57:20 1520589440564 Metric[file.partition[user.home].totalSpace=249664372736]
09-03-2018 01:57:20 1520589440564 Metric[file.partition[user.home].usableSpace=157334564864]
09-03-2018 01:57:20 1520589440564 Metric[gc.majorCount=2]
09-03-2018 01:57:20 1520589440564 Metric[gc.majorTime=81]
09-03-2018 01:57:20 1520589440564 Metric[gc.minorCount=7]
09-03-2018 01:57:20 1520589440564 Metric[gc.minorTime=54]
09-03-2018 01:57:20 1520589440564 Metric[gc.unknownCount=0]
09-03-2018 01:57:20 1520589440564 Metric[gc.unknownTime=0]
09-03-2018 01:57:20 1520589440564 Metric[invocations.pendingCalls=2]
09-03-2018 01:57:20 1520589440564 Metric[listeners.eventHandlerCount=2]
09-03-2018 01:57:20 1520589440564 Metric[listeners.eventQueueSize=0]
09-03-2018 01:57:20 1520589440564 Metric[listeners.eventsProcessed=12]
09-03-2018 01:57:20 1520589440564 Metric[os.committedVirtualMemorySize=8713986048]
09-03-2018 01:57:20 1520589440564 Metric[os.freePhysicalMemorySize=212328448]
09-03-2018 01:57:20 1520589440564 Metric[os.freeSwapSpaceSize=970457088]
09-03-2018 01:57:20 1520589440564 Metric[os.maxFileDescriptorCount=10240]
09-03-2018 01:57:20 1520589440564 Metric[os.openFileDescriptorCount=129]
09-03-2018 01:57:20 1520589440564 Metric[os.processCpuLoad=91.73791821561338]
09-03-2018 01:57:20 1520589440564 Metric[os.processCpuTime=22827782000]
09-03-2018 01:57:20 1520589440564 Metric[os.systemCpuLoad=56.44599303135889]
09-03-2018 01:57:20 1520589440564 Metric[os.systemLoadAverage=2.9736328125]
09-03-2018 01:57:20 1520589440564 Metric[os.totalPhysicalMemorySize=17179869184]
09-03-2018 01:57:20 1520589440564 Metric[os.totalSwapSpaceSize=1073741824]
09-03-2018 01:57:20 1520589440564 Metric[runtime.availableProcessors=8]
09-03-2018 01:57:20 1520589440564 Metric[runtime.freeMemory=314450584]
09-03-2018 01:57:20 1520589440564 Metric[runtime.maxMemory=3817865216]
09-03-2018 01:57:20 1520589440564 Metric[runtime.totalMemory=653262848]
09-03-2018 01:57:20 1520589440564 Metric[runtime.uptime=141790]
09-03-2018 01:57:20 1520589440564 Metric[runtime.usedMemory=338812264]
09-03-2018 01:57:20 1520589440564 Metric[thread.daemonThreadCount=52]
09-03-2018 01:57:20 1520589440564 Metric[thread.peakThreadCount=85]
09-03-2018 01:57:20 1520589440564 Metric[thread.threadCount=82]
09-03-2018 01:57:20 1520589440564 Metric[thread.totalStartedThreadCount=87]
09-03-2018 01:58:12 1520589492684 Metric[classloading.loadedClassesCount=10923]
09-03-2018 01:58:12 1520589492684 Metric[classloading.totalLoadedClassesCount=10923]
09-03-2018 01:58:12 1520589492684 Metric[classloading.unloadedClassCount=0]
09-03-2018 01:58:12 1520589492684 Metric[executionService.userExecutorQueueSize=0]
09-03-2018 01:58:12 1520589492684 Metric[file.partition[user.home].freeSpace=157596168192]
09-03-2018 01:58:12 1520589492684 Metric[file.partition[user.home].totalSpace=249664372736]
09-03-2018 01:58:12 1520589492684 Metric[file.partition[user.home].usableSpace=157334024192]
09-03-2018 01:58:12 1520589492684 Metric[gc.majorCount=2]
09-03-2018 01:58:12 1520589492684 Metric[gc.majorTime=81]
09-03-2018 01:58:12 1520589492684 Metric[gc.minorCount=7]
09-03-2018 01:58:12 1520589492684 Metric[gc.minorTime=54]
09-03-2018 01:58:12 1520589492684 Metric[gc.unknownCount=0]
09-03-2018 01:58:12 1520589492684 Metric[gc.unknownTime=0]
09-03-2018 01:58:12 1520589492684 Metric[invocations.pendingCalls=0]
09-03-2018 01:58:12 1520589492684 Metric[listeners.eventHandlerCount=2]
09-03-2018 01:58:12 1520589492684 Metric[listeners.eventQueueSize=0]
09-03-2018 01:58:12 1520589492684 Metric[listeners.eventsProcessed=17]
09-03-2018 01:58:12 1520589492684 Metric[os.committedVirtualMemorySize=8728018944]
09-03-2018 01:58:12 1520589492684 Metric[os.freePhysicalMemorySize=138665984]
09-03-2018 01:58:12 1520589492684 Metric[os.freeSwapSpaceSize=970457088]
09-03-2018 01:58:12 1520589492684 Metric[os.maxFileDescriptorCount=10240]
09-03-2018 01:58:12 1520589492684 Metric[os.openFileDescriptorCount=140]
09-03-2018 01:58:12 1520589492684 Metric[os.processCpuLoad=0.19055215648604182]
09-03-2018 01:58:12 1520589492684 Metric[os.processCpuTime=30312698000]
09-03-2018 01:58:12 1520589492684 Metric[os.systemCpuLoad=6.76810073452256]
09-03-2018 01:58:12 1520589492684 Metric[os.systemLoadAverage=3.05908203125]
09-03-2018 01:58:12 1520589492684 Metric[os.totalPhysicalMemorySize=17179869184]
09-03-2018 01:58:12 1520589492684 Metric[os.totalSwapSpaceSize=1073741824]
09-03-2018 01:58:12 1520589492684 Metric[runtime.availableProcessors=8]
09-03-2018 01:58:12 1520589492684 Metric[runtime.freeMemory=116020096]
09-03-2018 01:58:12 1520589492684 Metric[runtime.maxMemory=3817865216]
09-03-2018 01:58:12 1520589492684 Metric[runtime.totalMemory=653262848]
09-03-2018 01:58:12 1520589492684 Metric[runtime.uptime=193555]
09-03-2018 01:58:12 1520589492684 Metric[runtime.usedMemory=537242752]
09-03-2018 01:58:12 1520589492684 Metric[thread.daemonThreadCount=69]
09-03-2018 01:58:12 1520589492684 Metric[thread.peakThreadCount=99]
09-03-2018 01:58:12 1520589492684 Metric[thread.threadCount=86]
09-03-2018 01:58:12 1520589492684 Metric[thread.totalStartedThreadCount=106]
09-03-2018 01:59:12 1520589552688 Metric[classloading.loadedClassesCount=11493]
09-03-2018 01:59:12 1520589552688 Metric[classloading.totalLoadedClassesCount=11493]
09-03-2018 01:59:12 1520589552688 Metric[classloading.unloadedClassCount=0]
09-03-2018 01:59:12 1520589552688 Metric[executionService.userExecutorQueueSize=0]
09-03-2018 01:59:12 1520589552688 Metric[file.partition[user.home].freeSpace=157595709440]
09-03-2018 01:59:12 1520589552688 Metric[file.partition[user.home].totalSpace=249664372736]
09-03-2018 01:59:12 1520589552688 Metric[file.partition[user.home].usableSpace=157333565440]
09-03-2018 01:59:12 1520589552688 Metric[gc.majorCount=2]
09-03-2018 01:59:12 1520589552688 Metric[gc.majorTime=81]
09-03-2018 01:59:12 1520589552688 Metric[gc.minorCount=8]
09-03-2018 01:59:12 1520589552688 Metric[gc.minorTime=83]
09-03-2018 01:59:12 1520589552688 Metric[gc.unknownCount=0]
09-03-2018 01:59:12 1520589552688 Metric[gc.unknownTime=0]
09-03-2018 01:59:12 1520589552688 Metric[invocations.pendingCalls=0]
09-03-2018 01:59:12 1520589552688 Metric[listeners.eventHandlerCount=2]
09-03-2018 01:59:12 1520589552688 Metric[listeners.eventQueueSize=0]
09-03-2018 01:59:12 1520589552688 Metric[listeners.eventsProcessed=22]
09-03-2018 01:59:12 1520589552688 Metric[os.committedVirtualMemorySize=8726618112]
09-03-2018 01:59:12 1520589552688 Metric[os.freePhysicalMemorySize=532725760]
09-03-2018 01:59:12 1520589552688 Metric[os.freeSwapSpaceSize=970457088]
09-03-2018 01:59:12 1520589552688 Metric[os.maxFileDescriptorCount=10240]
09-03-2018 01:59:12 1520589552688 Metric[os.openFileDescriptorCount=144]
09-03-2018 01:59:12 1520589552688 Metric[os.processCpuLoad=0.1726511224368215]
09-03-2018 01:59:12 1520589552688 Metric[os.processCpuTime=34490465000]
09-03-2018 01:59:12 1520589552688 Metric[os.systemCpuLoad=2.9396325459317585]
09-03-2018 01:59:12 1520589552688 Metric[os.systemLoadAverage=2.6142578125]
09-03-2018 01:59:12 1520589552688 Metric[os.totalPhysicalMemorySize=17179869184]
09-03-2018 01:59:12 1520589552688 Metric[os.totalSwapSpaceSize=1073741824]
09-03-2018 01:59:12 1520589552688 Metric[runtime.availableProcessors=8]
09-03-2018 01:59:12 1520589552688 Metric[runtime.freeMemory=787596272]
09-03-2018 01:59:12 1520589552688 Metric[runtime.maxMemory=3817865216]
09-03-2018 01:59:12 1520589552688 Metric[runtime.totalMemory=967311360]
09-03-2018 01:59:12 1520589552688 Metric[runtime.uptime=253559]
09-03-2018 01:59:12 1520589552688 Metric[runtime.usedMemory=179715088]
09-03-2018 01:59:12 1520589552688 Metric[thread.daemonThreadCount=69]
09-03-2018 01:59:12 1520589552688 Metric[thread.peakThreadCount=99]
09-03-2018 01:59:12 1520589552688 Metric[thread.threadCount=82]
09-03-2018 01:59:12 1520589552688 Metric[thread.totalStartedThreadCount=106]
09-03-2018 02:00:12 1520589612686 Metric[classloading.loadedClassesCount=11493]
09-03-2018 02:00:12 1520589612686 Metric[classloading.totalLoadedClassesCount=11493]
09-03-2018 02:00:12 1520589612686 Metric[classloading.unloadedClassCount=0]
09-03-2018 02:00:12 1520589612686 Metric[executionService.userExecutorQueueSize=0]
09-03-2018 02:00:12 1520589612686 Metric[file.partition[user.home].freeSpace=157595176960]
09-03-2018 02:00:12 1520589612686 Metric[file.partition[user.home].totalSpace=249664372736]
09-03-2018 02:00:12 1520589612686 Metric[file.partition[user.home].usableSpace=157333032960]
09-03-2018 02:00:12 1520589612686 Metric[gc.majorCount=2]
09-03-2018 02:00:12 1520589612686 Metric[gc.majorTime=81]
09-03-2018 02:00:12 1520589612686 Metric[gc.minorCount=8]
09-03-2018 02:00:12 1520589612686 Metric[gc.minorTime=83]
09-03-2018 02:00:12 1520589612686 Metric[gc.unknownCount=0]
09-03-2018 02:00:12 1520589612686 Metric[gc.unknownTime=0]
09-03-2018 02:00:12 1520589612686 Metric[invocations.pendingCalls=0]
09-03-2018 02:00:12 1520589612686 Metric[listeners.eventHandlerCount=2]
09-03-2018 02:00:12 1520589612686 Metric[listeners.eventQueueSize=0]
09-03-2018 02:00:12 1520589612686 Metric[listeners.eventsProcessed=27]
09-03-2018 02:00:12 1520589612686 Metric[os.committedVirtualMemorySize=8727678976]
09-03-2018 02:00:12 1520589612686 Metric[os.freePhysicalMemorySize=534999040]
09-03-2018 02:00:12 1520589612686 Metric[os.freeSwapSpaceSize=970457088]
09-03-2018 02:00:12 1520589612686 Metric[os.maxFileDescriptorCount=10240]
09-03-2018 02:00:12 1520589612686 Metric[os.openFileDescriptorCount=141]
09-03-2018 02:00:12 1520589612686 Metric[os.processCpuLoad=0.15180379366228475]
09-03-2018 02:00:12 1520589612686 Metric[os.processCpuTime=35238430000]
09-03-2018 02:00:12 1520589612686 Metric[os.systemCpuLoad=10.167714884696016]
09-03-2018 02:00:12 1520589612686 Metric[os.systemLoadAverage=2.34912109375]
09-03-2018 02:00:12 1520589612686 Metric[os.totalPhysicalMemorySize=17179869184]
09-03-2018 02:00:12 1520589612686 Metric[os.totalSwapSpaceSize=1073741824]
09-03-2018 02:00:12 1520589612686 Metric[runtime.availableProcessors=8]
09-03-2018 02:00:12 1520589612686 Metric[runtime.freeMemory=780639080]
09-03-2018 02:00:12 1520589612686 Metric[runtime.maxMemory=3817865216]
09-03-2018 02:00:12 1520589612686 Metric[runtime.totalMemory=967311360]
09-03-2018 02:00:12 1520589612686 Metric[runtime.uptime=313557]
09-03-2018 02:00:12 1520589612686 Metric[runtime.usedMemory=186672280]
09-03-2018 02:00:12 1520589612686 Metric[thread.daemonThreadCount=69]
09-03-2018 02:00:12 1520589612686 Metric[thread.peakThreadCount=99]
09-03-2018 02:00:12 1520589612686 Metric[thread.threadCount=83]
09-03-2018 02:00:12 1520589612686 Metric[thread.totalStartedThreadCount=107]
09-03-2018 02:01:12 1520589672687 Metric[classloading.loadedClassesCount=11493]
09-03-2018 02:01:12 1520589672687 Metric[classloading.totalLoadedClassesCount=11493]
09-03-2018 02:01:12 1520589672687 Metric[classloading.unloadedClassCount=0]
09-03-2018 02:01:12 1520589672687 Metric[executionService.userExecutorQueueSize=0]
09-03-2018 02:01:12 1520589672687 Metric[file.partition[user.home].freeSpace=157594255360]
09-03-2018 02:01:12 1520589672687 Metric[file.partition[user.home].totalSpace=249664372736]
09-03-2018 02:01:12 1520589672687 Metric[file.partition[user.home].usableSpace=157332111360]
09-03-2018 02:01:12 1520589672687 Metric[gc.majorCount=2]
09-03-2018 02:01:12 1520589672687 Metric[gc.majorTime=81]
09-03-2018 02:01:12 1520589672687 Metric[gc.minorCount=8]
09-03-2018 02:01:12 1520589672687 Metric[gc.minorTime=83]
09-03-2018 02:01:12 1520589672687 Metric[gc.unknownCount=0]
09-03-2018 02:01:12 1520589672687 Metric[gc.unknownTime=0]
09-03-2018 02:01:12 1520589672687 Metric[invocations.pendingCalls=0]
09-03-2018 02:01:12 1520589672687 Metric[listeners.eventHandlerCount=2]
09-03-2018 02:01:12 1520589672687 Metric[listeners.eventQueueSize=0]
09-03-2018 02:01:12 1520589672687 Metric[listeners.eventsProcessed=32]
09-03-2018 02:01:12 1520589672687 Metric[os.committedVirtualMemorySize=8727678976]
09-03-2018 02:01:12 1520589672687 Metric[os.freePhysicalMemorySize=614899712]
09-03-2018 02:01:12 1520589672687 Metric[os.freeSwapSpaceSize=970457088]
09-03-2018 02:01:12 1520589672687 Metric[os.maxFileDescriptorCount=10240]
09-03-2018 02:01:12 1520589672687 Metric[os.openFileDescriptorCount=141]
09-03-2018 02:01:12 1520589672687 Metric[os.processCpuLoad=0.25009788936675964]
09-03-2018 02:01:12 1520589672687 Metric[os.processCpuTime=35963410000]
09-03-2018 02:01:12 1520589672687 Metric[os.systemCpuLoad=3.5704909425045943]
09-03-2018 02:01:12 1520589672687 Metric[os.systemLoadAverage=3.109375]
09-03-2018 02:01:12 1520589672687 Metric[os.totalPhysicalMemorySize=17179869184]
09-03-2018 02:01:12 1520589672687 Metric[os.totalSwapSpaceSize=1073741824]
09-03-2018 02:01:12 1520589672687 Metric[runtime.availableProcessors=8]
09-03-2018 02:01:12 1520589672687 Metric[runtime.freeMemory=772165000]
09-03-2018 02:01:12 1520589672687 Metric[runtime.maxMemory=3817865216]
09-03-2018 02:01:12 1520589672687 Metric[runtime.totalMemory=967311360]
09-03-2018 02:01:12 1520589672687 Metric[runtime.uptime=373558]
09-03-2018 02:01:12 1520589672687 Metric[runtime.usedMemory=195146360]
09-03-2018 02:01:12 1520589672687 Metric[thread.daemonThreadCount=69]
09-03-2018 02:01:12 1520589672687 Metric[thread.peakThreadCount=99]
09-03-2018 02:01:12 1520589672687 Metric[thread.threadCount=83]
09-03-2018 02:01:12 1520589672687 Metric[thread.totalStartedThreadCount=107]
09-03-2018 02:02:12 1520589732684 Metric[classloading.loadedClassesCount=11493]
09-03-2018 02:02:12 1520589732684 Metric[classloading.totalLoadedClassesCount=11493]
09-03-2018 02:02:12 1520589732684 Metric[classloading.unloadedClassCount=0]
09-03-2018 02:02:12 1520589732684 Metric[executionService.userExecutorQueueSize=0]
09-03-2018 02:02:12 1520589732684 Metric[file.partition[user.home].freeSpace=157593985024]
09-03-2018 02:02:12 1520589732684 Metric[file.partition[user.home].totalSpace=249664372736]
09-03-2018 02:02:12 1520589732684 Metric[file.partition[user.home].usableSpace=157331841024]
09-03-2018 02:02:12 1520589732684 Metric[gc.majorCount=2]
09-03-2018 02:02:12 1520589732684 Metric[gc.majorTime=81]
09-03-2018 02:02:12 1520589732684 Metric[gc.minorCount=8]
09-03-2018 02:02:12 1520589732684 Metric[gc.minorTime=83]
09-03-2018 02:02:12 1520589732684 Metric[gc.unknownCount=0]
09-03-2018 02:02:12 1520589732684 Metric[gc.unknownTime=0]
09-03-2018 02:02:12 1520589732684 Metric[invocations.pendingCalls=0]
09-03-2018 02:02:12 1520589732684 Metric[listeners.eventHandlerCount=2]
09-03-2018 02:02:12 1520589732684 Metric[listeners.eventQueueSize=0]
09-03-2018 02:02:12 1520589732684 Metric[listeners.eventsProcessed=37]
09-03-2018 02:02:12 1520589732684 Metric[os.committedVirtualMemorySize=8727678976]
09-03-2018 02:02:12 1520589732684 Metric[os.freePhysicalMemorySize=595046400]
09-03-2018 02:02:12 1520589732684 Metric[os.freeSwapSpaceSize=970457088]
09-03-2018 02:02:12 1520589732684 Metric[os.maxFileDescriptorCount=10240]
09-03-2018 02:02:12 1520589732684 Metric[os.openFileDescriptorCount=141]
09-03-2018 02:02:12 1520589732684 Metric[os.processCpuLoad=0.1302760336214106]
09-03-2018 02:02:12 1520589732684 Metric[os.processCpuTime=36639642000]
09-03-2018 02:02:12 1520589732684 Metric[os.systemCpuLoad=4.539490947257938]
09-03-2018 02:02:12 1520589732684 Metric[os.systemLoadAverage=2.4599609375]
09-03-2018 02:02:12 1520589732684 Metric[os.totalPhysicalMemorySize=17179869184]
09-03-2018 02:02:12 1520589732684 Metric[os.totalSwapSpaceSize=1073741824]
09-03-2018 02:02:12 1520589732684 Metric[runtime.availableProcessors=8]
09-03-2018 02:02:12 1520589732684 Metric[runtime.freeMemory=768472528]
09-03-2018 02:02:12 1520589732684 Metric[runtime.maxMemory=3817865216]
09-03-2018 02:02:12 1520589732684 Metric[runtime.totalMemory=967311360]
09-03-2018 02:02:12 1520589732684 Metric[runtime.uptime=433555]
09-03-2018 02:02:12 1520589732684 Metric[runtime.usedMemory=198838832]
09-03-2018 02:02:12 1520589732684 Metric[thread.daemonThreadCount=69]
09-03-2018 02:02:12 1520589732684 Metric[thread.peakThreadCount=99]
09-03-2018 02:02:12 1520589732684 Metric[thread.threadCount=83]
09-03-2018 02:02:12 1520589732684 Metric[thread.totalStartedThreadCount=107]
09-03-2018 02:03:12 1520589792684 Metric[classloading.loadedClassesCount=11501]
09-03-2018 02:03:12 1520589792684 Metric[classloading.totalLoadedClassesCount=11501]
09-03-2018 02:03:12 1520589792684 Metric[classloading.unloadedClassCount=0]
09-03-2018 02:03:12 1520589792684 Metric[executionService.userExecutorQueueSize=0]
09-03-2018 02:03:12 1520589792684 Metric[file.partition[user.home].freeSpace=157593546752]
09-03-2018 02:03:12 1520589792684 Metric[file.partition[user.home].totalSpace=249664372736]
09-03-2018 02:03:12 1520589792684 Metric[file.partition[user.home].usableSpace=157331402752]
09-03-2018 02:03:12 1520589792684 Metric[gc.majorCount=2]
09-03-2018 02:03:12 1520589792684 Metric[gc.majorTime=81]
09-03-2018 02:03:12 1520589792684 Metric[gc.minorCount=8]
09-03-2018 02:03:12 1520589792684 Metric[gc.minorTime=83]
09-03-2018 02:03:12 1520589792684 Metric[gc.unknownCount=0]
09-03-2018 02:03:12 1520589792684 Metric[gc.unknownTime=0]
09-03-2018 02:03:12 1520589792684 Metric[invocations.pendingCalls=0]
09-03-2018 02:03:12 1520589792684 Metric[listeners.eventHandlerCount=2]
09-03-2018 02:03:12 1520589792684 Metric[listeners.eventQueueSize=0]
09-03-2018 02:03:12 1520589792684 Metric[listeners.eventsProcessed=42]
09-03-2018 02:03:12 1520589792684 Metric[os.committedVirtualMemorySize=8725069824]
09-03-2018 02:03:12 1520589792684 Metric[os.freePhysicalMemorySize=360411136]
09-03-2018 02:03:12 1520589792684 Metric[os.freeSwapSpaceSize=970457088]
09-03-2018 02:03:12 1520589792684 Metric[os.maxFileDescriptorCount=10240]
09-03-2018 02:03:12 1520589792684 Metric[os.openFileDescriptorCount=141]
09-03-2018 02:03:12 1520589792684 Metric[os.processCpuLoad=0.12512810622132975]
09-03-2018 02:03:12 1520589792684 Metric[os.processCpuTime=37363921000]
09-03-2018 02:03:12 1520589792684 Metric[os.systemCpuLoad=7.03781512605042]
09-03-2018 02:03:12 1520589792684 Metric[os.systemLoadAverage=2.57470703125]
09-03-2018 02:03:12 1520589792684 Metric[os.totalPhysicalMemorySize=17179869184]
09-03-2018 02:03:12 1520589792684 Metric[os.totalSwapSpaceSize=1073741824]
09-03-2018 02:03:12 1520589792684 Metric[runtime.availableProcessors=8]
09-03-2018 02:03:12 1520589792684 Metric[runtime.freeMemory=763596056]
09-03-2018 02:03:12 1520589792684 Metric[runtime.maxMemory=3817865216]
09-03-2018 02:03:12 1520589792684 Metric[runtime.totalMemory=967311360]
09-03-2018 02:03:12 1520589792684 Metric[runtime.uptime=493555]
09-03-2018 02:03:12 1520589792684 Metric[runtime.usedMemory=203715304]
09-03-2018 02:03:12 1520589792684 Metric[thread.daemonThreadCount=69]
09-03-2018 02:03:12 1520589792684 Metric[thread.peakThreadCount=99]
09-03-2018 02:03:12 1520589792684 Metric[thread.threadCount=82]
09-03-2018 02:03:12 1520589792684 Metric[thread.totalStartedThreadCount=107]
09-03-2018 02:04:12 1520589852688 Metric[classloading.loadedClassesCount=11501]
09-03-2018 02:04:12 1520589852688 Metric[classloading.totalLoadedClassesCount=11501]
09-03-2018 02:04:12 1520589852688 Metric[classloading.unloadedClassCount=0]
09-03-2018 02:04:12 1520589852688 Metric[executionService.userExecutorQueueSize=0]
09-03-2018 02:04:12 1520589852688 Metric[file.partition[user.home].freeSpace=157593214976]
09-03-2018 02:04:12 1520589852688 Metric[file.partition[user.home].totalSpace=249664372736]
09-03-2018 02:04:12 1520589852688 Metric[file.partition[user.home].usableSpace=157331070976]
09-03-2018 02:04:12 1520589852688 Metric[gc.majorCount=2]
09-03-2018 02:04:12 1520589852688 Metric[gc.majorTime=81]
09-03-2018 02:04:12 1520589852688 Metric[gc.minorCount=8]
09-03-2018 02:04:12 1520589852688 Metric[gc.minorTime=83]
09-03-2018 02:04:12 1520589852688 Metric[gc.unknownCount=0]
09-03-2018 02:04:12 1520589852688 Metric[gc.unknownTime=0]
09-03-2018 02:04:12 1520589852688 Metric[invocations.pendingCalls=0]
09-03-2018 02:04:12 1520589852688 Metric[listeners.eventHandlerCount=2]
09-03-2018 02:04:12 1520589852688 Metric[listeners.eventQueueSize=0]
09-03-2018 02:04:12 1520589852688 Metric[listeners.eventsProcessed=47]
09-03-2018 02:04:12 1520589852688 Metric[os.committedVirtualMemorySize=8729378816]
09-03-2018 02:04:12 1520589852688 Metric[os.freePhysicalMemorySize=406646784]
09-03-2018 02:04:12 1520589852688 Metric[os.freeSwapSpaceSize=970457088]
09-03-2018 02:04:12 1520589852688 Metric[os.maxFileDescriptorCount=10240]
09-03-2018 02:04:12 1520589852688 Metric[os.openFileDescriptorCount=141]
09-03-2018 02:04:12 1520589852688 Metric[os.processCpuLoad=0.22067933424295677]
09-03-2018 02:04:12 1520589852688 Metric[os.processCpuTime=38589110000]
09-03-2018 02:04:12 1520589852688 Metric[os.systemCpuLoad=6.064583880283539]
09-03-2018 02:04:12 1520589852688 Metric[os.systemLoadAverage=1.837890625]
09-03-2018 02:04:12 1520589852688 Metric[os.totalPhysicalMemorySize=17179869184]
09-03-2018 02:04:12 1520589852688 Metric[os.totalSwapSpaceSize=1073741824]
09-03-2018 02:04:12 1520589852688 Metric[runtime.availableProcessors=8]
09-03-2018 02:04:12 1520589852688 Metric[runtime.freeMemory=756305608]
09-03-2018 02:04:12 1520589852688 Metric[runtime.maxMemory=3817865216]
09-03-2018 02:04:12 1520589852688 Metric[runtime.totalMemory=967311360]
09-03-2018 02:04:12 1520589852688 Metric[runtime.uptime=553560]
09-03-2018 02:04:12 1520589852688 Metric[runtime.usedMemory=211005752]
09-03-2018 02:04:12 1520589852688 Metric[thread.daemonThreadCount=69]
09-03-2018 02:04:12 1520589852688 Metric[thread.peakThreadCount=99]
09-03-2018 02:04:12 1520589852688 Metric[thread.threadCount=82]
09-03-2018 02:04:12 1520589852688 Metric[thread.totalStartedThreadCount=107]
09-03-2018 02:05:12 1520589912688 Metric[classloading.loadedClassesCount=11501]
09-03-2018 02:05:12 1520589912688 Metric[classloading.totalLoadedClassesCount=11501]
09-03-2018 02:05:12 1520589912688 Metric[classloading.unloadedClassCount=0]
09-03-2018 02:05:12 1520589912688 Metric[executionService.userExecutorQueueSize=0]
09-03-2018 02:05:12 1520589912688 Metric[file.partition[user.home].freeSpace=157591969792]
09-03-2018 02:05:12 1520589912688 Metric[file.partition[user.home].totalSpace=249664372736]
09-03-2018 02:05:12 1520589912688 Metric[file.partition[user.home].usableSpace=157329825792]
09-03-2018 02:05:12 1520589912688 Metric[gc.majorCount=2]
09-03-2018 02:05:12 1520589912688 Metric[gc.majorTime=81]
09-03-2018 02:05:12 1520589912688 Metric[gc.minorCount=8]
09-03-2018 02:05:12 1520589912688 Metric[gc.minorTime=83]
09-03-2018 02:05:12 1520589912688 Metric[gc.unknownCount=0]
09-03-2018 02:05:12 1520589912688 Metric[gc.unknownTime=0]
09-03-2018 02:05:12 1520589912688 Metric[invocations.pendingCalls=0]
09-03-2018 02:05:12 1520589912688 Metric[listeners.eventHandlerCount=2]
09-03-2018 02:05:12 1520589912688 Metric[listeners.eventQueueSize=0]
09-03-2018 02:05:12 1520589912688 Metric[listeners.eventsProcessed=52]
09-03-2018 02:05:12 1520589912688 Metric[os.committedVirtualMemorySize=8730009600]
09-03-2018 02:05:12 1520589912688 Metric[os.freePhysicalMemorySize=380993536]
09-03-2018 02:05:12 1520589912688 Metric[os.freeSwapSpaceSize=970457088]
09-03-2018 02:05:12 1520589912688 Metric[os.maxFileDescriptorCount=10240]
09-03-2018 02:05:12 1520589912688 Metric[os.openFileDescriptorCount=141]
09-03-2018 02:05:12 1520589912688 Metric[os.processCpuLoad=0.15989751873665883]
09-03-2018 02:05:12 1520589912688 Metric[os.processCpuTime=39322641000]
09-03-2018 02:05:12 1520589912688 Metric[os.systemCpuLoad=5.217619297325642]
09-03-2018 02:05:12 1520589912688 Metric[os.systemLoadAverage=1.8935546875]
09-03-2018 02:05:12 1520589912688 Metric[os.totalPhysicalMemorySize=17179869184]
09-03-2018 02:05:12 1520589912688 Metric[os.totalSwapSpaceSize=1073741824]
09-03-2018 02:05:12 1520589912688 Metric[runtime.availableProcessors=8]
09-03-2018 02:05:12 1520589912688 Metric[runtime.freeMemory=750286696]
09-03-2018 02:05:12 1520589912688 Metric[runtime.maxMemory=3817865216]
09-03-2018 02:05:12 1520589912688 Metric[runtime.totalMemory=967311360]
09-03-2018 02:05:12 1520589912688 Metric[runtime.uptime=613561]
09-03-2018 02:05:12 1520589912688 Metric[runtime.usedMemory=217024664]
09-03-2018 02:05:12 1520589912688 Metric[thread.daemonThreadCount=69]
09-03-2018 02:05:12 1520589912688 Metric[thread.peakThreadCount=99]
09-03-2018 02:05:12 1520589912688 Metric[thread.threadCount=84]
09-03-2018 02:05:12 1520589912688 Metric[thread.totalStartedThreadCount=109]
09-03-2018 02:06:12 1520589972685 Metric[classloading.loadedClassesCount=11503]
09-03-2018 02:06:12 1520589972685 Metric[classloading.totalLoadedClassesCount=11503]
09-03-2018 02:06:12 1520589972685 Metric[classloading.unloadedClassCount=0]
09-03-2018 02:06:12 1520589972685 Metric[executionService.userExecutorQueueSize=0]
09-03-2018 02:06:12 1520589972685 Metric[file.partition[user.home].freeSpace=157591801856]
09-03-2018 02:06:12 1520589972685 Metric[file.partition[user.home].totalSpace=249664372736]
09-03-2018 02:06:12 1520589972685 Metric[file.partition[user.home].usableSpace=157329657856]
09-03-2018 02:06:12 1520589972685 Metric[gc.majorCount=2]
09-03-2018 02:06:12 1520589972685 Metric[gc.majorTime=81]
09-03-2018 02:06:12 1520589972685 Metric[gc.minorCount=8]
09-03-2018 02:06:12 1520589972685 Metric[gc.minorTime=83]
09-03-2018 02:06:12 1520589972685 Metric[gc.unknownCount=0]
09-03-2018 02:06:12 1520589972685 Metric[gc.unknownTime=0]
09-03-2018 02:06:12 1520589972685 Metric[invocations.pendingCalls=0]
09-03-2018 02:06:12 1520589972685 Metric[listeners.eventHandlerCount=2]
09-03-2018 02:06:12 1520589972685 Metric[listeners.eventQueueSize=0]
09-03-2018 02:06:12 1520589972685 Metric[listeners.eventsProcessed=57]
09-03-2018 02:06:12 1520589972685 Metric[os.committedVirtualMemorySize=8730009600]
09-03-2018 02:06:12 1520589972685 Metric[os.freePhysicalMemorySize=409718784]
09-03-2018 02:06:12 1520589972685 Metric[os.freeSwapSpaceSize=970457088]
09-03-2018 02:06:12 1520589972685 Metric[os.maxFileDescriptorCount=10240]
09-03-2018 02:06:12 1520589972685 Metric[os.openFileDescriptorCount=141]
09-03-2018 02:06:12 1520589972685 Metric[os.processCpuLoad=0.13053000336838075]
09-03-2018 02:06:12 1520589972685 Metric[os.processCpuTime=39993647000]
09-03-2018 02:06:12 1520589972685 Metric[os.systemCpuLoad=1.7585301837270342]
09-03-2018 02:06:12 1520589972685 Metric[os.systemLoadAverage=1.44970703125]
09-03-2018 02:06:12 1520589972685 Metric[os.totalPhysicalMemorySize=17179869184]
09-03-2018 02:06:12 1520589972685 Metric[os.totalSwapSpaceSize=1073741824]
09-03-2018 02:06:12 1520589972685 Metric[runtime.availableProcessors=8]
09-03-2018 02:06:12 1520589972685 Metric[runtime.freeMemory=744839208]
09-03-2018 02:06:12 1520589972685 Metric[runtime.maxMemory=3817865216]
09-03-2018 02:06:12 1520589972685 Metric[runtime.totalMemory=967311360]
09-03-2018 02:06:12 1520589972685 Metric[runtime.uptime=673556]
09-03-2018 02:06:12 1520589972685 Metric[runtime.usedMemory=222472152]
09-03-2018 02:06:12 1520589972685 Metric[thread.daemonThreadCount=69]
09-03-2018 02:06:12 1520589972685 Metric[thread.peakThreadCount=99]
09-03-2018 02:06:12 1520589972685 Metric[thread.threadCount=84]
09-03-2018 02:06:12 1520589972685 Metric[thread.totalStartedThreadCount=110]
09-03-2018 02:07:12 1520590032686 Metric[classloading.loadedClassesCount=11503]
09-03-2018 02:07:12 1520590032686 Metric[classloading.totalLoadedClassesCount=11503]
09-03-2018 02:07:12 1520590032686 Metric[classloading.unloadedClassCount=0]
09-03-2018 02:07:12 1520590032686 Metric[executionService.userExecutorQueueSize=0]
09-03-2018 02:07:12 1520590032686 Metric[file.partition[user.home].freeSpace=157591990272]
09-03-2018 02:07:12 1520590032686 Metric[file.partition[user.home].totalSpace=249664372736]
09-03-2018 02:07:12 1520590032686 Metric[file.partition[user.home].usableSpace=157329846272]
09-03-2018 02:07:12 1520590032686 Metric[gc.majorCount=2]
09-03-2018 02:07:12 1520590032686 Metric[gc.majorTime=81]
09-03-2018 02:07:12 1520590032686 Metric[gc.minorCount=8]
09-03-2018 02:07:12 1520590032686 Metric[gc.minorTime=83]
09-03-2018 02:07:12 1520590032686 Metric[gc.unknownCount=0]
09-03-2018 02:07:12 1520590032686 Metric[gc.unknownTime=0]
09-03-2018 02:07:12 1520590032686 Metric[invocations.pendingCalls=0]
09-03-2018 02:07:12 1520590032686 Metric[listeners.eventHandlerCount=2]
09-03-2018 02:07:12 1520590032686 Metric[listeners.eventQueueSize=0]
09-03-2018 02:07:12 1520590032686 Metric[listeners.eventsProcessed=62]
09-03-2018 02:07:12 1520590032686 Metric[os.committedVirtualMemorySize=8730009600]
09-03-2018 02:07:12 1520590032686 Metric[os.freePhysicalMemorySize=369684480]
09-03-2018 02:07:12 1520590032686 Metric[os.freeSwapSpaceSize=970457088]
09-03-2018 02:07:12 1520590032686 Metric[os.maxFileDescriptorCount=10240]
09-03-2018 02:07:12 1520590032686 Metric[os.openFileDescriptorCount=141]
09-03-2018 02:07:12 1520590032686 Metric[os.processCpuLoad=0.21242192094563278]
09-03-2018 02:07:12 1520590032686 Metric[os.processCpuTime=40680886000]
09-03-2018 02:07:12 1520590032686 Metric[os.systemCpuLoad=1.7571466037241017]
09-03-2018 02:07:12 1520590032686 Metric[os.systemLoadAverage=1.80224609375]
09-03-2018 02:07:12 1520590032686 Metric[os.totalPhysicalMemorySize=17179869184]
09-03-2018 02:07:12 1520590032686 Metric[os.totalSwapSpaceSize=1073741824]
09-03-2018 02:07:12 1520590032686 Metric[runtime.availableProcessors=8]
09-03-2018 02:07:12 1520590032686 Metric[runtime.freeMemory=738160184]
09-03-2018 02:07:12 1520590032686 Metric[runtime.maxMemory=3817865216]
09-03-2018 02:07:12 1520590032686 Metric[runtime.totalMemory=967311360]
09-03-2018 02:07:12 1520590032686 Metric[runtime.uptime=733557]
09-03-2018 02:07:12 1520590032686 Metric[runtime.usedMemory=229151176]
09-03-2018 02:07:12 1520590032686 Metric[thread.daemonThreadCount=69]
09-03-2018 02:07:12 1520590032686 Metric[thread.peakThreadCount=99]
09-03-2018 02:07:12 1520590032686 Metric[thread.threadCount=84]
09-03-2018 02:07:12 1520590032686 Metric[thread.totalStartedThreadCount=110]
09-03-2018 02:08:12 1520590092686 Metric[classloading.loadedClassesCount=11503]
09-03-2018 02:08:12 1520590092686 Metric[classloading.totalLoadedClassesCount=11503]
09-03-2018 02:08:12 1520590092686 Metric[classloading.unloadedClassCount=0]
09-03-2018 02:08:12 1520590092686 Metric[executionService.userExecutorQueueSize=0]
09-03-2018 02:08:12 1520590092686 Metric[file.partition[user.home].freeSpace=157591543808]
09-03-2018 02:08:12 1520590092686 Metric[file.partition[user.home].totalSpace=249664372736]
09-03-2018 02:08:12 1520590092686 Metric[file.partition[user.home].usableSpace=157329399808]
09-03-2018 02:08:12 1520590092686 Metric[gc.majorCount=2]
09-03-2018 02:08:12 1520590092686 Metric[gc.majorTime=81]
09-03-2018 02:08:12 1520590092686 Metric[gc.minorCount=8]
09-03-2018 02:08:12 1520590092686 Metric[gc.minorTime=83]
09-03-2018 02:08:12 1520590092686 Metric[gc.unknownCount=0]
09-03-2018 02:08:12 1520590092686 Metric[gc.unknownTime=0]
09-03-2018 02:08:12 1520590092686 Metric[invocations.pendingCalls=0]
09-03-2018 02:08:12 1520590092686 Metric[listeners.eventHandlerCount=2]
09-03-2018 02:08:12 1520590092686 Metric[listeners.eventQueueSize=0]
09-03-2018 02:08:12 1520590092686 Metric[listeners.eventsProcessed=67]
09-03-2018 02:08:12 1520590092686 Metric[os.committedVirtualMemorySize=8731070464]
09-03-2018 02:08:12 1520590092686 Metric[os.freePhysicalMemorySize=161939456]
09-03-2018 02:08:12 1520590092686 Metric[os.freeSwapSpaceSize=970457088]
09-03-2018 02:08:12 1520590092686 Metric[os.maxFileDescriptorCount=10240]
09-03-2018 02:08:12 1520590092686 Metric[os.openFileDescriptorCount=141]
09-03-2018 02:08:12 1520590092686 Metric[os.processCpuLoad=0.1202311921647185]
09-03-2018 02:08:12 1520590092686 Metric[os.processCpuTime=41289554000]
09-03-2018 02:08:12 1520590092686 Metric[os.systemCpuLoad=7.573375262054507]
09-03-2018 02:08:12 1520590092686 Metric[os.systemLoadAverage=1.63818359375]
09-03-2018 02:08:12 1520590092686 Metric[os.totalPhysicalMemorySize=17179869184]
09-03-2018 02:08:12 1520590092686 Metric[os.totalSwapSpaceSize=1073741824]
09-03-2018 02:08:12 1520590092686 Metric[runtime.availableProcessors=8]
09-03-2018 02:08:12 1520590092686 Metric[runtime.freeMemory=732712816]
09-03-2018 02:08:12 1520590092686 Metric[runtime.maxMemory=3817865216]
09-03-2018 02:08:12 1520590092686 Metric[runtime.totalMemory=967311360]
09-03-2018 02:08:12 1520590092686 Metric[runtime.uptime=793558]
09-03-2018 02:08:12 1520590092686 Metric[runtime.usedMemory=234598544]
09-03-2018 02:08:12 1520590092686 Metric[thread.daemonThreadCount=69]
09-03-2018 02:08:12 1520590092686 Metric[thread.peakThreadCount=99]
09-03-2018 02:08:12 1520590092686 Metric[thread.threadCount=85]
09-03-2018 02:08:12 1520590092686 Metric[thread.totalStartedThreadCount=111]
09-03-2018 02:09:12 1520590152686 Metric[classloading.loadedClassesCount=11503]
09-03-2018 02:09:12 1520590152686 Metric[classloading.totalLoadedClassesCount=11503]
09-03-2018 02:09:12 1520590152686 Metric[classloading.unloadedClassCount=0]
09-03-2018 02:09:12 1520590152686 Metric[executionService.userExecutorQueueSize=0]
09-03-2018 02:09:12 1520590152686 Metric[file.partition[user.home].freeSpace=157591486464]
09-03-2018 02:09:12 1520590152686 Metric[file.partition[user.home].totalSpace=249664372736]
09-03-2018 02:09:12 1520590152686 Metric[file.partition[user.home].usableSpace=157329342464]
09-03-2018 02:09:12 1520590152686 Metric[gc.majorCount=2]
09-03-2018 02:09:12 1520590152686 Metric[gc.majorTime=81]
09-03-2018 02:09:12 1520590152686 Metric[gc.minorCount=8]
09-03-2018 02:09:12 1520590152686 Metric[gc.minorTime=83]
09-03-2018 02:09:12 1520590152686 Metric[gc.unknownCount=0]
09-03-2018 02:09:12 1520590152686 Metric[gc.unknownTime=0]
09-03-2018 02:09:12 1520590152686 Metric[invocations.pendingCalls=0]
09-03-2018 02:09:12 1520590152686 Metric[listeners.eventHandlerCount=2]
09-03-2018 02:09:12 1520590152686 Metric[listeners.eventQueueSize=0]
09-03-2018 02:09:12 1520590152686 Metric[listeners.eventsProcessed=72]
09-03-2018 02:09:12 1520590152686 Metric[os.committedVirtualMemorySize=8731070464]
09-03-2018 02:09:12 1520590152686 Metric[os.freePhysicalMemorySize=179937280]
09-03-2018 02:09:12 1520590152686 Metric[os.freeSwapSpaceSize=970457088]
09-03-2018 02:09:12 1520590152686 Metric[os.maxFileDescriptorCount=10240]
09-03-2018 02:09:12 1520590152686 Metric[os.openFileDescriptorCount=141]
09-03-2018 02:09:12 1520590152686 Metric[os.processCpuLoad=0.16353591635624654]
09-03-2018 02:09:12 1520590152686 Metric[os.processCpuTime=42033334000]
09-03-2018 02:09:12 1520590152686 Metric[os.systemCpuLoad=4.248623131392605]
09-03-2018 02:09:12 1520590152686 Metric[os.systemLoadAverage=2.4990234375]
09-03-2018 02:09:12 1520590152686 Metric[os.totalPhysicalMemorySize=17179869184]
09-03-2018 02:09:12 1520590152686 Metric[os.totalSwapSpaceSize=1073741824]
09-03-2018 02:09:12 1520590152686 Metric[runtime.availableProcessors=8]
09-03-2018 02:09:12 1520590152686 Metric[runtime.freeMemory=727836672]
09-03-2018 02:09:12 1520590152686 Metric[runtime.maxMemory=3817865216]
09-03-2018 02:09:12 1520590152686 Metric[runtime.totalMemory=967311360]
09-03-2018 02:09:12 1520590152686 Metric[runtime.uptime=853557]
09-03-2018 02:09:12 1520590152686 Metric[runtime.usedMemory=239474688]
09-03-2018 02:09:12 1520590152686 Metric[thread.daemonThreadCount=69]
09-03-2018 02:09:12 1520590152686 Metric[thread.peakThreadCount=99]
09-03-2018 02:09:12 1520590152686 Metric[thread.threadCount=85]
09-03-2018 02:09:12 1520590152686 Metric[thread.totalStartedThreadCount=111]
